[0.035s] Invoking command in '/home/marvin/marvin/build/marvin_base': CMAKE_PREFIX_PATH=/opt/ros/foxy /usr/bin/cmake --build /home/marvin/marvin/build/marvin_base -- -j2 -l2
[0.158s] Invoked command in '/home/marvin/marvin/build/marvin_base' returned '0': CMAKE_PREFIX_PATH=/opt/ros/foxy /usr/bin/cmake --build /home/marvin/marvin/build/marvin_base -- -j2 -l2
[0.254s] Invoking command in '/home/marvin/marvin/build/marvin_base': CMAKE_PREFIX_PATH=/opt/ros/foxy /usr/bin/cmake --install /home/marvin/marvin/build/marvin_base
[0.272s] -- Install configuration: ""
[0.272s] -- Up-to-date: /home/marvin/marvin/install/marvin_base/share/marvin_base/config
[0.273s] -- Up-to-date: /home/marvin/marvin/install/marvin_base/share/marvin_base/config/ekf.yaml
[0.273s] -- Up-to-date: /home/marvin/marvin/install/marvin_base/share/ament_index/resource_index/package_run_dependencies/marvin_base
[0.273s] -- Up-to-date: /home/marvin/marvin/install/marvin_base/share/ament_index/resource_index/parent_prefix_path/marvin_base
[0.273s] -- Up-to-date: /home/marvin/marvin/install/marvin_base/share/marvin_base/environment/ament_prefix_path.sh
[0.273s] -- Up-to-date: /home/marvin/marvin/install/marvin_base/share/marvin_base/environment/ament_prefix_path.dsv
[0.274s] -- Up-to-date: /home/marvin/marvin/install/marvin_base/share/marvin_base/environment/path.sh
[0.277s] -- Up-to-date: /home/marvin/marvin/install/marvin_base/share/marvin_base/environment/path.dsv
[0.281s] -- Up-to-date: /home/marvin/marvin/install/marvin_base/share/marvin_base/local_setup.bash
[0.282s] -- Up-to-date: /home/marvin/marvin/install/marvin_base/share/marvin_base/local_setup.sh
[0.282s] -- Up-to-date: /home/marvin/marvin/install/marvin_base/share/marvin_base/local_setup.zsh
[0.282s] -- Up-to-date: /home/marvin/marvin/install/marvin_base/share/marvin_base/local_setup.dsv
[0.283s] -- Installing: /home/marvin/marvin/install/marvin_base/share/marvin_base/package.dsv
[0.284s] -- Up-to-date: /home/marvin/marvin/install/marvin_base/share/ament_index/resource_index/packages/marvin_base
[0.285s] -- Up-to-date: /home/marvin/marvin/install/marvin_base/share/marvin_base/cmake/marvin_baseConfig.cmake
[0.285s] -- Up-to-date: /home/marvin/marvin/install/marvin_base/share/marvin_base/cmake/marvin_baseConfig-version.cmake
[0.285s] -- Up-to-date: /home/marvin/marvin/install/marvin_base/share/marvin_base/package.xml
[0.297s] Invoked command in '/home/marvin/marvin/build/marvin_base' returned '0': CMAKE_PREFIX_PATH=/opt/ros/foxy /usr/bin/cmake --install /home/marvin/marvin/build/marvin_base
