/home/marvin/marvin/marvin_ws/install/marvin_car_bringup/lib/python3.8/site-packages/marvin_car_bringup/calibrate_linear_R2.py
/home/marvin/marvin/marvin_ws/install/marvin_car_bringup/lib/python3.8/site-packages/marvin_car_bringup/test.py
/home/marvin/marvin/marvin_ws/install/marvin_car_bringup/lib/python3.8/site-packages/marvin_car_bringup/patrol_a1_R2.py
/home/marvin/marvin/marvin_ws/install/marvin_car_bringup/lib/python3.8/site-packages/marvin_car_bringup/Ackman_driver_R2.py
/home/marvin/marvin/marvin_ws/install/marvin_car_bringup/lib/python3.8/site-packages/marvin_car_bringup/patrol_4ROS_R2.py
/home/marvin/marvin/marvin_ws/install/marvin_car_bringup/lib/python3.8/site-packages/marvin_car_bringup/__init__.py
/home/marvin/marvin/marvin_ws/install/marvin_car_bringup/lib/python3.8/site-packages/marvin_car_bringup/transform_utils.py
/home/marvin/marvin/marvin_ws/install/marvin_car_bringup/lib/python3.8/site-packages/marvin_car_bringup/patrol_4ROS.py
/home/marvin/marvin/marvin_ws/install/marvin_car_bringup/lib/python3.8/site-packages/marvin_car_bringup/calibrate_angular_R2.py
/home/marvin/marvin/marvin_ws/install/marvin_car_bringup/lib/python3.8/site-packages/marvin_car_bringup/__pycache__/calibrate_linear_R2.cpython-38.pyc
/home/marvin/marvin/marvin_ws/install/marvin_car_bringup/lib/python3.8/site-packages/marvin_car_bringup/__pycache__/test.cpython-38.pyc
/home/marvin/marvin/marvin_ws/install/marvin_car_bringup/lib/python3.8/site-packages/marvin_car_bringup/__pycache__/patrol_a1_R2.cpython-38.pyc
/home/marvin/marvin/marvin_ws/install/marvin_car_bringup/lib/python3.8/site-packages/marvin_car_bringup/__pycache__/Ackman_driver_R2.cpython-38.pyc
/home/marvin/marvin/marvin_ws/install/marvin_car_bringup/lib/python3.8/site-packages/marvin_car_bringup/__pycache__/patrol_4ROS_R2.cpython-38.pyc
/home/marvin/marvin/marvin_ws/install/marvin_car_bringup/lib/python3.8/site-packages/marvin_car_bringup/__pycache__/__init__.cpython-38.pyc
/home/marvin/marvin/marvin_ws/install/marvin_car_bringup/lib/python3.8/site-packages/marvin_car_bringup/__pycache__/transform_utils.cpython-38.pyc
/home/marvin/marvin/marvin_ws/install/marvin_car_bringup/lib/python3.8/site-packages/marvin_car_bringup/__pycache__/patrol_4ROS.cpython-38.pyc
/home/marvin/marvin/marvin_ws/install/marvin_car_bringup/lib/python3.8/site-packages/marvin_car_bringup/__pycache__/calibrate_angular_R2.cpython-38.pyc
/home/marvin/marvin/marvin_ws/install/marvin_car_bringup/share/ament_index/resource_index/packages/marvin_car_bringup
/home/marvin/marvin/marvin_ws/install/marvin_car_bringup/share/marvin_car_bringup/package.xml
/home/marvin/marvin/marvin_ws/install/marvin_car_bringup/share/marvin_car_bringup/launch/marvin_car_bringup.launch.py
/home/marvin/marvin/marvin_ws/install/marvin_car_bringup/share/marvin_car_bringup/param/imu_filter_param.yaml
/home/marvin/marvin/marvin_ws/install/marvin_car_bringup/lib/python3.8/site-packages/marvin_car_bringup-0.0.0-py3.8.egg-info/PKG-INFO
/home/marvin/marvin/marvin_ws/install/marvin_car_bringup/lib/python3.8/site-packages/marvin_car_bringup-0.0.0-py3.8.egg-info/SOURCES.txt
/home/marvin/marvin/marvin_ws/install/marvin_car_bringup/lib/python3.8/site-packages/marvin_car_bringup-0.0.0-py3.8.egg-info/zip-safe
/home/marvin/marvin/marvin_ws/install/marvin_car_bringup/lib/python3.8/site-packages/marvin_car_bringup-0.0.0-py3.8.egg-info/entry_points.txt
/home/marvin/marvin/marvin_ws/install/marvin_car_bringup/lib/python3.8/site-packages/marvin_car_bringup-0.0.0-py3.8.egg-info/dependency_links.txt
/home/marvin/marvin/marvin_ws/install/marvin_car_bringup/lib/python3.8/site-packages/marvin_car_bringup-0.0.0-py3.8.egg-info/requires.txt
/home/marvin/marvin/marvin_ws/install/marvin_car_bringup/lib/python3.8/site-packages/marvin_car_bringup-0.0.0-py3.8.egg-info/top_level.txt
/home/marvin/marvin/marvin_ws/install/marvin_car_bringup/lib/marvin_car_bringup/Ackman_driver_R2
/home/marvin/marvin/marvin_ws/install/marvin_car_bringup/lib/marvin_car_bringup/calibrate_angular_R2
/home/marvin/marvin/marvin_ws/install/marvin_car_bringup/lib/marvin_car_bringup/calibrate_linear_R2
/home/marvin/marvin/marvin_ws/install/marvin_car_bringup/lib/marvin_car_bringup/patrol_4ROS
/home/marvin/marvin/marvin_ws/install/marvin_car_bringup/lib/marvin_car_bringup/patrol_4ROS_R2
/home/marvin/marvin/marvin_ws/install/marvin_car_bringup/lib/marvin_car_bringup/patrol_a1_R2
