/home/marvin/marvin/marvin_ws/install/marvin_car_nav/lib/python3.8/site-packages/marvin_car_nav/scan_filter.py
/home/marvin/marvin/marvin_ws/install/marvin_car_nav/lib/python3.8/site-packages/marvin_car_nav/__init__.py
/home/marvin/marvin/marvin_ws/install/marvin_car_nav/lib/python3.8/site-packages/marvin_car_nav/__pycache__/scan_filter.cpython-38.pyc
/home/marvin/marvin/marvin_ws/install/marvin_car_nav/lib/python3.8/site-packages/marvin_car_nav/__pycache__/__init__.cpython-38.pyc
/home/marvin/marvin/marvin_ws/install/marvin_car_nav/share/ament_index/resource_index/packages/marvin_car_nav
/home/marvin/marvin/marvin_ws/install/marvin_car_nav/share/marvin_car_nav/package.xml
/home/marvin/marvin/marvin_ws/install/marvin_car_nav/share/marvin_car_nav/launch/rtabmap_sync_launch.py
/home/marvin/marvin/marvin_ws/install/marvin_car_nav/share/marvin_car_nav/launch/display_rtabmap_nav_launch.py
/home/marvin/marvin/marvin_ws/install/marvin_car_nav/share/marvin_car_nav/launch/cartographer_launch.py
/home/marvin/marvin/marvin_ws/install/marvin_car_nav/share/marvin_car_nav/launch/map_gmapping_4ros_s2_launch.py
/home/marvin/marvin/marvin_ws/install/marvin_car_nav/share/marvin_car_nav/launch/display_map_launch.py
/home/marvin/marvin/marvin_ws/install/marvin_car_nav/share/marvin_car_nav/launch/laser_bringup_launch.py
/home/marvin/marvin/marvin_ws/install/marvin_car_nav/share/marvin_car_nav/launch/save_map_launch.py
/home/marvin/marvin/marvin_ws/install/marvin_car_nav/share/marvin_car_nav/launch/rtabmap_viz_launch.py
/home/marvin/marvin/marvin_ws/install/marvin_car_nav/share/marvin_car_nav/launch/rtabmap_nav_launch.py
/home/marvin/marvin/marvin_ws/install/marvin_car_nav/share/marvin_car_nav/launch/occupancy_grid_launch.py
/home/marvin/marvin/marvin_ws/install/marvin_car_nav/share/marvin_car_nav/launch/display_rtabmap_map_launch.py
/home/marvin/marvin/marvin_ws/install/marvin_car_nav/share/marvin_car_nav/launch/navigation_teb_launch.py
/home/marvin/marvin/marvin_ws/install/marvin_car_nav/share/marvin_car_nav/launch/navigation_dwa_launch.py
/home/marvin/marvin/marvin_ws/install/marvin_car_nav/share/marvin_car_nav/launch/map_gmapping_a1_launch.py
/home/marvin/marvin/marvin_ws/install/marvin_car_nav/share/marvin_car_nav/launch/navigation_rtabmap_launch.py
/home/marvin/marvin/marvin_ws/install/marvin_car_nav/share/marvin_car_nav/launch/map_cartographer_launch.py
/home/marvin/marvin/marvin_ws/install/marvin_car_nav/share/marvin_car_nav/launch/display_nav_launch.py
/home/marvin/marvin/marvin_ws/install/marvin_car_nav/share/marvin_car_nav/launch/map_rtabmap_launch.py
/home/marvin/marvin/marvin_ws/install/marvin_car_nav/share/marvin_car_nav/launch/map_gmapping_launch.py
/home/marvin/marvin/marvin_ws/install/marvin_car_nav/share/marvin_car_nav/launch/rtabmap_localization_launch.py
/home/marvin/marvin/marvin_ws/install/marvin_car_nav/share/marvin_car_nav/rviz/rtabmap_nav.rviz
/home/marvin/marvin/marvin_ws/install/marvin_car_nav/share/marvin_car_nav/rviz/nav.rviz
/home/marvin/marvin/marvin_ws/install/marvin_car_nav/share/marvin_car_nav/rviz/map.rviz
/home/marvin/marvin/marvin_ws/install/marvin_car_nav/share/marvin_car_nav/rviz/rtabmap_map.rviz
/home/marvin/marvin/marvin_ws/install/marvin_car_nav/share/marvin_car_nav/params/lds_2d.lua
/home/marvin/marvin/marvin_ws/install/marvin_car_nav/share/marvin_car_nav/params/teb_nav_params.yaml
/home/marvin/marvin/marvin_ws/install/marvin_car_nav/share/marvin_car_nav/params/rtabmap_nav_params.yaml
/home/marvin/marvin/marvin_ws/install/marvin_car_nav/share/marvin_car_nav/params/dwa_nav_params.yaml
/home/marvin/marvin/marvin_ws/install/marvin_car_nav/share/marvin_car_nav/maps/marvin_car.yaml
/home/marvin/marvin/marvin_ws/install/marvin_car_nav/share/marvin_car_nav/maps/marvin_car2.pgm
/home/marvin/marvin/marvin_ws/install/marvin_car_nav/share/marvin_car_nav/maps/marvin_car.pgm
/home/marvin/marvin/marvin_ws/install/marvin_car_nav/share/marvin_car_nav/maps/marvin_car2.yaml
/home/marvin/marvin/marvin_ws/install/marvin_car_nav/lib/python3.8/site-packages/marvin_car_nav-0.0.0-py3.8.egg-info/PKG-INFO
/home/marvin/marvin/marvin_ws/install/marvin_car_nav/lib/python3.8/site-packages/marvin_car_nav-0.0.0-py3.8.egg-info/SOURCES.txt
/home/marvin/marvin/marvin_ws/install/marvin_car_nav/lib/python3.8/site-packages/marvin_car_nav-0.0.0-py3.8.egg-info/zip-safe
/home/marvin/marvin/marvin_ws/install/marvin_car_nav/lib/python3.8/site-packages/marvin_car_nav-0.0.0-py3.8.egg-info/entry_points.txt
/home/marvin/marvin/marvin_ws/install/marvin_car_nav/lib/python3.8/site-packages/marvin_car_nav-0.0.0-py3.8.egg-info/dependency_links.txt
/home/marvin/marvin/marvin_ws/install/marvin_car_nav/lib/python3.8/site-packages/marvin_car_nav-0.0.0-py3.8.egg-info/requires.txt
/home/marvin/marvin/marvin_ws/install/marvin_car_nav/lib/python3.8/site-packages/marvin_car_nav-0.0.0-py3.8.egg-info/top_level.txt
/home/marvin/marvin/marvin_ws/install/marvin_car_nav/lib/marvin_car_nav/scan_filter
