[ 50%] Built target transform
[ 66%] Built target scan_dilute
[100%] Built target marvin_slam_gmapping
-- Install configuration: ""
-- Up-to-date: /home/marvin/marvin/install/marvin_slam_gmapping/lib/marvin_slam_gmapping/marvin_slam_gmapping
-- Up-to-date: /home/marvin/marvin/install/marvin_slam_gmapping/lib/marvin_slam_gmapping/transform
-- Up-to-date: /home/marvin/marvin/install/marvin_slam_gmapping/lib/marvin_slam_gmapping/scan_dilute
-- Up-to-date: /home/marvin/marvin/install/marvin_slam_gmapping/share/marvin_slam_gmapping/launch
-- Up-to-date: /home/marvin/marvin/install/marvin_slam_gmapping/share/marvin_slam_gmapping/launch/marvin_slam_gmapping.launch.py
-- Up-to-date: /home/marvin/marvin/install/marvin_slam_gmapping/share/ament_index/resource_index/package_run_dependencies/marvin_slam_gmapping
-- Up-to-date: /home/marvin/marvin/install/marvin_slam_gmapping/share/ament_index/resource_index/parent_prefix_path/marvin_slam_gmapping
-- Up-to-date: /home/marvin/marvin/install/marvin_slam_gmapping/share/marvin_slam_gmapping/environment/ament_prefix_path.sh
-- Up-to-date: /home/marvin/marvin/install/marvin_slam_gmapping/share/marvin_slam_gmapping/environment/ament_prefix_path.dsv
-- Up-to-date: /home/marvin/marvin/install/marvin_slam_gmapping/share/marvin_slam_gmapping/environment/path.sh
-- Up-to-date: /home/marvin/marvin/install/marvin_slam_gmapping/share/marvin_slam_gmapping/environment/path.dsv
-- Up-to-date: /home/marvin/marvin/install/marvin_slam_gmapping/share/marvin_slam_gmapping/local_setup.bash
-- Up-to-date: /home/marvin/marvin/install/marvin_slam_gmapping/share/marvin_slam_gmapping/local_setup.sh
-- Up-to-date: /home/marvin/marvin/install/marvin_slam_gmapping/share/marvin_slam_gmapping/local_setup.zsh
-- Up-to-date: /home/marvin/marvin/install/marvin_slam_gmapping/share/marvin_slam_gmapping/local_setup.dsv
-- Installing: /home/marvin/marvin/install/marvin_slam_gmapping/share/marvin_slam_gmapping/package.dsv
-- Up-to-date: /home/marvin/marvin/install/marvin_slam_gmapping/share/ament_index/resource_index/packages/marvin_slam_gmapping
-- Up-to-date: /home/marvin/marvin/install/marvin_slam_gmapping/share/marvin_slam_gmapping/cmake/marvin_slam_gmappingConfig.cmake
-- Up-to-date: /home/marvin/marvin/install/marvin_slam_gmapping/share/marvin_slam_gmapping/cmake/marvin_slam_gmappingConfig-version.cmake
-- Up-to-date: /home/marvin/marvin/install/marvin_slam_gmapping/share/marvin_slam_gmapping/package.xml
