[0.036s] Invoking command in '/home/marvin/marvin/build/marvin_slam_gmapping': AMENT_PREFIX_PATH=/home/marvin/marvin/install/openslam_gmapping:${AMENT_PREFIX_PATH} CMAKE_PREFIX_PATH=/home/marvin/marvin/install/openslam_gmapping:/opt/ros/foxy LD_LIBRARY_PATH=/home/marvin/marvin/install/openslam_gmapping/lib:${LD_LIBRARY_PATH} /usr/bin/cmake --build /home/marvin/marvin/build/marvin_slam_gmapping -- -j2 -l2
[0.246s] [ 50%] Built target transform
[0.255s] [ 66%] Built target scan_dilute
[0.353s] [100%] Built target marvin_slam_gmapping
[0.386s] Invoked command in '/home/marvin/marvin/build/marvin_slam_gmapping' returned '0': AMENT_PREFIX_PATH=/home/marvin/marvin/install/openslam_gmapping:${AMENT_PREFIX_PATH} CMAKE_PREFIX_PATH=/home/marvin/marvin/install/openslam_gmapping:/opt/ros/foxy LD_LIBRARY_PATH=/home/marvin/marvin/install/openslam_gmapping/lib:${LD_LIBRARY_PATH} /usr/bin/cmake --build /home/marvin/marvin/build/marvin_slam_gmapping -- -j2 -l2
[0.458s] Invoking command in '/home/marvin/marvin/build/marvin_slam_gmapping': AMENT_PREFIX_PATH=/home/marvin/marvin/install/openslam_gmapping:${AMENT_PREFIX_PATH} CMAKE_PREFIX_PATH=/home/marvin/marvin/install/openslam_gmapping:/opt/ros/foxy LD_LIBRARY_PATH=/home/marvin/marvin/install/openslam_gmapping/lib:${LD_LIBRARY_PATH} /usr/bin/cmake --install /home/marvin/marvin/build/marvin_slam_gmapping
[0.483s] -- Install configuration: ""
[0.488s] -- Up-to-date: /home/marvin/marvin/install/marvin_slam_gmapping/lib/marvin_slam_gmapping/marvin_slam_gmapping
[0.495s] -- Up-to-date: /home/marvin/marvin/install/marvin_slam_gmapping/lib/marvin_slam_gmapping/transform
[0.500s] -- Up-to-date: /home/marvin/marvin/install/marvin_slam_gmapping/lib/marvin_slam_gmapping/scan_dilute
[0.502s] -- Up-to-date: /home/marvin/marvin/install/marvin_slam_gmapping/share/marvin_slam_gmapping/launch
[0.503s] -- Up-to-date: /home/marvin/marvin/install/marvin_slam_gmapping/share/marvin_slam_gmapping/launch/marvin_slam_gmapping.launch.py
[0.504s] -- Up-to-date: /home/marvin/marvin/install/marvin_slam_gmapping/share/ament_index/resource_index/package_run_dependencies/marvin_slam_gmapping
[0.505s] -- Up-to-date: /home/marvin/marvin/install/marvin_slam_gmapping/share/ament_index/resource_index/parent_prefix_path/marvin_slam_gmapping
[0.505s] -- Up-to-date: /home/marvin/marvin/install/marvin_slam_gmapping/share/marvin_slam_gmapping/environment/ament_prefix_path.sh
[0.506s] -- Up-to-date: /home/marvin/marvin/install/marvin_slam_gmapping/share/marvin_slam_gmapping/environment/ament_prefix_path.dsv
[0.506s] -- Up-to-date: /home/marvin/marvin/install/marvin_slam_gmapping/share/marvin_slam_gmapping/environment/path.sh
[0.507s] -- Up-to-date: /home/marvin/marvin/install/marvin_slam_gmapping/share/marvin_slam_gmapping/environment/path.dsv
[0.508s] -- Up-to-date: /home/marvin/marvin/install/marvin_slam_gmapping/share/marvin_slam_gmapping/local_setup.bash
[0.510s] -- Up-to-date: /home/marvin/marvin/install/marvin_slam_gmapping/share/marvin_slam_gmapping/local_setup.sh
[0.510s] -- Up-to-date: /home/marvin/marvin/install/marvin_slam_gmapping/share/marvin_slam_gmapping/local_setup.zsh
[0.510s] -- Up-to-date: /home/marvin/marvin/install/marvin_slam_gmapping/share/marvin_slam_gmapping/local_setup.dsv
[0.511s] -- Installing: /home/marvin/marvin/install/marvin_slam_gmapping/share/marvin_slam_gmapping/package.dsv
[0.513s] -- Up-to-date: /home/marvin/marvin/install/marvin_slam_gmapping/share/ament_index/resource_index/packages/marvin_slam_gmapping
[0.513s] -- Up-to-date: /home/marvin/marvin/install/marvin_slam_gmapping/share/marvin_slam_gmapping/cmake/marvin_slam_gmappingConfig.cmake
[0.513s] -- Up-to-date: /home/marvin/marvin/install/marvin_slam_gmapping/share/marvin_slam_gmapping/cmake/marvin_slam_gmappingConfig-version.cmake
[0.514s] -- Up-to-date: /home/marvin/marvin/install/marvin_slam_gmapping/share/marvin_slam_gmapping/package.xml
[0.521s] Invoked command in '/home/marvin/marvin/build/marvin_slam_gmapping' returned '0': AMENT_PREFIX_PATH=/home/marvin/marvin/install/openslam_gmapping:${AMENT_PREFIX_PATH} CMAKE_PREFIX_PATH=/home/marvin/marvin/install/openslam_gmapping:/opt/ros/foxy LD_LIBRARY_PATH=/home/marvin/marvin/install/openslam_gmapping/lib:${LD_LIBRARY_PATH} /usr/bin/cmake --install /home/marvin/marvin/build/marvin_slam_gmapping
