[0.034s] Invoking command in '/home/marvin/marvin/marvin_ws/build/marvin': CMAKE_PREFIX_PATH=/opt/ros/foxy /usr/bin/cmake /home/marvin/marvin/marvin_ws/src/marvin -DCMAKE_INSTALL_PREFIX=/home/marvin/marvin/marvin_ws/install/marvin
[0.107s] -- The C compiler identification is GNU 9.4.0
[0.167s] -- The CXX compiler identification is GNU 9.4.0
[0.172s] -- Check for working C compiler: /usr/bin/cc
[0.260s] -- Check for working C compiler: /usr/bin/cc -- works
[0.261s] -- Detecting C compiler ABI info
[0.349s] -- Detecting C compiler ABI info - done
[0.360s] -- Detecting C compile features
[0.360s] -- Detecting C compile features - done
[0.362s] -- Check for working CXX compiler: /usr/bin/c++
[0.449s] -- Check for working CXX compiler: /usr/bin/c++ -- works
[0.450s] -- Detecting CXX compiler ABI info
[0.540s] -- Detecting CXX compiler ABI info - done
[0.551s] -- Detecting CXX compile features
[0.552s] -- Detecting CXX compile features - done
[0.554s] -- Found ament_cmake: 0.9.12 (/opt/ros/foxy/share/ament_cmake/cmake)
[0.578s] -- Found PythonInterp: /usr/bin/python3 (found suitable version "3.8.10", minimum required is "3") 
[0.578s] -- Using PYTHON_EXECUTABLE: /usr/bin/python3
[0.805s] -- Found ament_lint_auto: 0.9.8 (/opt/ros/foxy/share/ament_lint_auto/cmake)
[0.891s] -- Added test 'lint_cmake' to check CMake code style
[0.894s] -- Added test 'xmllint' to check XML markup files
[0.897s] -- Configuring done
[0.899s] -- Generating done
[0.900s] -- Build files have been written to: /home/marvin/marvin/marvin_ws/build/marvin
[0.908s] Invoked command in '/home/marvin/marvin/marvin_ws/build/marvin' returned '0': CMAKE_PREFIX_PATH=/opt/ros/foxy /usr/bin/cmake /home/marvin/marvin/marvin_ws/src/marvin -DCMAKE_INSTALL_PREFIX=/home/marvin/marvin/marvin_ws/install/marvin
[0.910s] Invoking command in '/home/marvin/marvin/marvin_ws/build/marvin': CMAKE_PREFIX_PATH=/opt/ros/foxy /usr/bin/cmake --build /home/marvin/marvin/marvin_ws/build/marvin -- -j2 -l2
[0.974s] Invoked command in '/home/marvin/marvin/marvin_ws/build/marvin' returned '0': CMAKE_PREFIX_PATH=/opt/ros/foxy /usr/bin/cmake --build /home/marvin/marvin/marvin_ws/build/marvin -- -j2 -l2
[1.112s] Invoking command in '/home/marvin/marvin/marvin_ws/build/marvin': CMAKE_PREFIX_PATH=/opt/ros/foxy /usr/bin/cmake --install /home/marvin/marvin/marvin_ws/build/marvin
[1.138s] -- Install configuration: ""
[1.139s] -- Installing: /home/marvin/marvin/marvin_ws/install/marvin/share/ament_index/resource_index/package_run_dependencies/marvin
[1.139s] -- Installing: /home/marvin/marvin/marvin_ws/install/marvin/share/ament_index/resource_index/parent_prefix_path/marvin
[1.139s] -- Installing: /home/marvin/marvin/marvin_ws/install/marvin/share/marvin/environment/ament_prefix_path.sh
[1.139s] -- Installing: /home/marvin/marvin/marvin_ws/install/marvin/share/marvin/environment/ament_prefix_path.dsv
[1.140s] -- Installing: /home/marvin/marvin/marvin_ws/install/marvin/share/marvin/environment/path.sh
[1.140s] -- Installing: /home/marvin/marvin/marvin_ws/install/marvin/share/marvin/environment/path.dsv
[1.140s] -- Installing: /home/marvin/marvin/marvin_ws/install/marvin/share/marvin/local_setup.bash
[1.140s] -- Installing: /home/marvin/marvin/marvin_ws/install/marvin/share/marvin/local_setup.sh
[1.141s] -- Installing: /home/marvin/marvin/marvin_ws/install/marvin/share/marvin/local_setup.zsh
[1.141s] -- Installing: /home/marvin/marvin/marvin_ws/install/marvin/share/marvin/local_setup.dsv
[1.149s] -- Installing: /home/marvin/marvin/marvin_ws/install/marvin/share/marvin/package.dsv
[1.149s] -- Installing: /home/marvin/marvin/marvin_ws/install/marvin/share/ament_index/resource_index/packages/marvin
[1.150s] -- Installing: /home/marvin/marvin/marvin_ws/install/marvin/share/marvin/cmake/marvinConfig.cmake
[1.150s] -- Installing: /home/marvin/marvin/marvin_ws/install/marvin/share/marvin/cmake/marvinConfig-version.cmake
[1.150s] -- Installing: /home/marvin/marvin/marvin_ws/install/marvin/share/marvin/package.xml
[1.157s] Invoked command in '/home/marvin/marvin/marvin_ws/build/marvin' returned '0': CMAKE_PREFIX_PATH=/opt/ros/foxy /usr/bin/cmake --install /home/marvin/marvin/marvin_ws/build/marvin
