[1.495s] Invoking command in '/home/marvin/marvin/src/yahboomcar_bringup': PYTHONPATH=/home/marvin/marvin/build/yahboomcar_bringup/prefix_override:/home/marvin/marvin/install/yahboomcar_bringup/lib/python3.8/site-packages:${PYTHONPATH} /usr/bin/python3 setup.py egg_info --egg-base ../../build/yahboomcar_bringup build --build-base /home/marvin/marvin/build/yahboomcar_bringup/build install --record /home/marvin/marvin/build/yahboomcar_bringup/install.log --single-version-externally-managed
[1.788s] running egg_info
[1.788s] writing ../../build/yahboomcar_bringup/yahboomcar_bringup.egg-info/PKG-INFO
[1.789s] writing dependency_links to ../../build/yahboomcar_bringup/yahboomcar_bringup.egg-info/dependency_links.txt
[1.789s] writing entry points to ../../build/yahboomcar_bringup/yahboomcar_bringup.egg-info/entry_points.txt
[1.789s] writing requirements to ../../build/yahboomcar_bringup/yahboomcar_bringup.egg-info/requires.txt
[1.792s] writing top-level names to ../../build/yahboomcar_bringup/yahboomcar_bringup.egg-info/top_level.txt
[1.835s] reading manifest file '../../build/yahboomcar_bringup/yahboomcar_bringup.egg-info/SOURCES.txt'
[1.839s] writing manifest file '../../build/yahboomcar_bringup/yahboomcar_bringup.egg-info/SOURCES.txt'
[1.840s] running build
[1.840s] running build_py
[1.841s] running install
[1.844s] running install_lib
[1.844s] running install_data
[1.846s] running install_egg_info
[1.848s] removing '/home/marvin/marvin/install/yahboomcar_bringup/lib/python3.8/site-packages/yahboomcar_bringup-0.0.0-py3.8.egg-info' (and everything under it)
[1.855s] Copying ../../build/yahboomcar_bringup/yahboomcar_bringup.egg-info to /home/marvin/marvin/install/yahboomcar_bringup/lib/python3.8/site-packages/yahboomcar_bringup-0.0.0-py3.8.egg-info
[1.857s] running install_scripts
[1.880s] Installing Ackman_driver_R2 script to /home/marvin/marvin/install/yahboomcar_bringup/lib/yahboomcar_bringup
[1.880s] Installing Mcnamu_driver_X3 script to /home/marvin/marvin/install/yahboomcar_bringup/lib/yahboomcar_bringup
[1.880s] Installing Mcnamu_driver_x1 script to /home/marvin/marvin/install/yahboomcar_bringup/lib/yahboomcar_bringup
[1.883s] Installing calibrate_angular_R2 script to /home/marvin/marvin/install/yahboomcar_bringup/lib/yahboomcar_bringup
[1.883s] Installing calibrate_angular_X3 script to /home/marvin/marvin/install/yahboomcar_bringup/lib/yahboomcar_bringup
[1.883s] Installing calibrate_linear_R2 script to /home/marvin/marvin/install/yahboomcar_bringup/lib/yahboomcar_bringup
[1.883s] Installing calibrate_linear_X3 script to /home/marvin/marvin/install/yahboomcar_bringup/lib/yahboomcar_bringup
[1.883s] Installing patrol_4ROS script to /home/marvin/marvin/install/yahboomcar_bringup/lib/yahboomcar_bringup
[1.883s] Installing patrol_4ROS_R2 script to /home/marvin/marvin/install/yahboomcar_bringup/lib/yahboomcar_bringup
[1.883s] Installing patrol_a1_R2 script to /home/marvin/marvin/install/yahboomcar_bringup/lib/yahboomcar_bringup
[1.883s] Installing patrol_a1_X3 script to /home/marvin/marvin/install/yahboomcar_bringup/lib/yahboomcar_bringup
[1.891s] writing list of installed files to '/home/marvin/marvin/build/yahboomcar_bringup/install.log'
[1.922s] Invoked command in '/home/marvin/marvin/src/yahboomcar_bringup' returned '0': PYTHONPATH=/home/marvin/marvin/build/yahboomcar_bringup/prefix_override:/home/marvin/marvin/install/yahboomcar_bringup/lib/python3.8/site-packages:${PYTHONPATH} /usr/bin/python3 setup.py egg_info --egg-base ../../build/yahboomcar_bringup build --build-base /home/marvin/marvin/build/yahboomcar_bringup/build install --record /home/marvin/marvin/build/yahboomcar_bringup/install.log --single-version-externally-managed
