[0.014s] Invoking command in '/root/marvin/software/library_ws/build/robot_localization': CMAKE_PREFIX_PATH=${CMAKE_PREFIX_PATH}:/root/marvin/marvin_ws/install/marvincar_nav:/root/marvin/marvin_ws/install/marvincar_laser:/root/marvin/marvin_ws/install/marvincar_description:/root/marvin/marvin_ws/install/marvincar_ctrl:/root/marvin/marvin_ws/install/marvincar_bringup:/opt/ros/foxy /usr/bin/cmake /root/marvin/software/library_ws/src/robot_localization -DCMAKE_INSTALL_PREFIX=/root/marvin/software/library_ws/install/robot_localization
[0.210s] -- The C compiler identification is GNU 9.4.0
[0.343s] -- The CXX compiler identification is GNU 9.4.0
[0.362s] -- Check for working C compiler: /usr/bin/cc
[0.439s] -- Check for working C compiler: /usr/bin/cc -- works
[0.442s] -- Detecting C compiler ABI info
[0.520s] -- Detecting C compiler ABI info - done
[0.532s] -- Detecting C compile features
[0.533s] -- Detecting C compile features - done
[0.539s] -- Check for working CXX compiler: /usr/bin/c++
[0.625s] -- Check for working CXX compiler: /usr/bin/c++ -- works
[0.625s] -- Detecting CXX compiler ABI info
[0.713s] -- Detecting CXX compiler ABI info - done
[0.724s] -- Detecting CXX compile features
[0.724s] -- Detecting CXX compile features - done
[0.725s] -- robot_localization: You did not request a specific build type: selecting 'RelWithDebInfo'.
[0.730s] -- Found ament_cmake: 0.9.12 (/opt/ros/foxy/share/ament_cmake/cmake)
[0.768s] -- Found PythonInterp: /usr/bin/python3 (found suitable version "3.8.10", minimum required is "3") 
[0.768s] -- Using PYTHON_EXECUTABLE: /usr/bin/python3
[1.018s] -- Found rclcpp: 2.4.3 (/opt/ros/foxy/share/rclcpp/cmake)
[1.122s] -- Using all available rosidl_typesupport_c: rosidl_typesupport_fastrtps_c;rosidl_typesupport_introspection_c
[1.140s] -- Found rosidl_adapter: 1.3.1 (/opt/ros/foxy/share/rosidl_adapter/cmake)
[1.273s] -- Found OpenSSL: /usr/lib/x86_64-linux-gnu/libcrypto.so (found version "1.1.1f")  
[1.306s] -- Found FastRTPS: /opt/ros/foxy/include  
[1.422s] -- Using all available rosidl_typesupport_cpp: rosidl_typesupport_fastrtps_cpp;rosidl_typesupport_introspection_cpp
[1.525s] -- Found rmw_implementation_cmake: 1.0.4 (/opt/ros/foxy/share/rmw_implementation_cmake/cmake)
[1.529s] -- Using RMW implementation 'rmw_fastrtps_cpp' as default
[1.532s] -- Looking for pthread.h
[1.613s] -- Looking for pthread.h - found
[1.613s] -- Performing Test CMAKE_HAVE_LIBC_PTHREAD
[1.698s] -- Performing Test CMAKE_HAVE_LIBC_PTHREAD - Failed
[1.698s] -- Looking for pthread_create in pthreads
[1.772s] -- Looking for pthread_create in pthreads - not found
[1.773s] -- Looking for pthread_create in pthread
[1.848s] -- Looking for pthread_create in pthread - found
[1.849s] -- Found Threads: TRUE  
[2.062s] -- Found diagnostic_msgs: 2.0.5 (/opt/ros/foxy/share/diagnostic_msgs/cmake)
[2.108s] -- Found diagnostic_updater: 3.1.2 (/opt/ros/foxy/share/diagnostic_updater/cmake)
[2.134s] -- Found geographic_msgs: 1.0.4 (/opt/ros/foxy/share/geographic_msgs/cmake)
[2.312s] -- Found nav_msgs: 2.0.5 (/opt/ros/foxy/share/nav_msgs/cmake)
[2.398s] -- Found rosidl_default_generators: 1.0.1 (/opt/ros/foxy/share/rosidl_default_generators/cmake)
[2.422s] -- Found sensor_msgs: 2.0.5 (/opt/ros/foxy/share/sensor_msgs/cmake)
[2.504s] -- Found std_srvs: 2.0.5 (/opt/ros/foxy/share/std_srvs/cmake)
[2.528s] -- Found tf2: 0.13.14 (/opt/ros/foxy/share/tf2/cmake)
[2.549s] -- Found tf2_eigen: 0.13.14 (/opt/ros/foxy/share/tf2_eigen/cmake)
[2.954s] -- Found tf2_geometry_msgs: 0.13.14 (/opt/ros/foxy/share/tf2_geometry_msgs/cmake)
[2.965s] -- Found Eigen3: TRUE (found version "3.3.7") 
[3.015s] -- Found Boost: /usr/lib/x86_64-linux-gnu/cmake/Boost-1.71.0/BoostConfig.cmake (found version "1.71.0")  
[3.021s] -- Found yaml_cpp_vendor: 7.0.3 (/opt/ros/foxy/share/yaml_cpp_vendor/cmake)
[3.021s] -- Setting yaml-cpp_DIR to: '/opt/ros/foxy/share/yaml_cpp_vendor/cmake/../../../opt/yaml_cpp_vendor/lib/cmake/yaml-cpp'
[3.029s] -- Found GeographicLib: /usr/lib/x86_64-linux-gnu  
[3.056s] -- Found PythonInterp: /usr/bin/python3 (found version "3.8.10") 
[3.309s] -- Found ament_cmake_cppcheck: 0.9.8 (/opt/ros/foxy/share/ament_cmake_cppcheck/cmake)
[3.315s] -- Found ament_cmake_cpplint: 0.9.8 (/opt/ros/foxy/share/ament_cmake_cpplint/cmake)
[3.321s] -- Found ament_cmake_uncrustify: 0.9.8 (/opt/ros/foxy/share/ament_cmake_uncrustify/cmake)
[3.328s] -- Found ament_cmake_ros: 0.9.2 (/opt/ros/foxy/share/ament_cmake_ros/cmake)
[3.673s] -- Using all available rosidl_typesupport_c: rosidl_typesupport_fastrtps_c;rosidl_typesupport_introspection_c
[3.841s] -- Using all available rosidl_typesupport_cpp: rosidl_typesupport_fastrtps_cpp;rosidl_typesupport_introspection_cpp
[3.873s] -- Found PythonInterp: /usr/bin/python3 (found suitable version "3.8.10", minimum required is "3.5") 
[3.878s] -- Found python_cmake_module: 0.8.1 (/opt/ros/foxy/share/python_cmake_module/cmake)
[3.912s] -- Found PythonLibs: /usr/lib/x86_64-linux-gnu/libpython3.8.so (found suitable version "3.8.10", minimum required is "3.5") 
[3.912s] -- Using PYTHON_EXECUTABLE: /usr/bin/python3
[3.912s] -- Using PYTHON_INCLUDE_DIRS: /usr/include/python3.8
[3.913s] -- Using PYTHON_LIBRARIES: /usr/lib/x86_64-linux-gnu/libpython3.8.so
[3.935s] -- Found PythonExtra: .so  
[4.047s] -- Found ament_cmake_flake8: 0.9.8 (/opt/ros/foxy/share/ament_cmake_flake8/cmake)
[4.052s] -- Found ament_cmake_pep257: 0.9.8 (/opt/ros/foxy/share/ament_cmake_pep257/cmake)
[4.073s] -- Found ament_cmake_lint_cmake: 0.9.8 (/opt/ros/foxy/share/ament_cmake_lint_cmake/cmake)
[4.079s] -- Found launch_testing_ament_cmake: 0.10.10 (/opt/ros/foxy/share/launch_testing_ament_cmake/cmake)
[4.104s] -- Using PYTHON_EXECUTABLE: /usr/bin/python3
[4.104s] -- Using PYTHON_INCLUDE_DIRS: /usr/include/python3.8
[4.104s] -- Using PYTHON_LIBRARIES: /usr/lib/x86_64-linux-gnu/libpython3.8.so
[4.113s] -- Found gtest sources under '/opt/ros/foxy/src/gtest_vendor': C++ tests using 'Google Test' will be built
[4.118s] -- Check if compiler accepts -pthread
[4.203s] -- Check if compiler accepts -pthread - yes
[4.251s] -- Configuring done
[4.707s] -- Generating done
[4.713s] -- Build files have been written to: /root/marvin/software/library_ws/build/robot_localization
[4.728s] Invoked command in '/root/marvin/software/library_ws/build/robot_localization' returned '0': CMAKE_PREFIX_PATH=${CMAKE_PREFIX_PATH}:/root/marvin/marvin_ws/install/marvincar_nav:/root/marvin/marvin_ws/install/marvincar_laser:/root/marvin/marvin_ws/install/marvincar_description:/root/marvin/marvin_ws/install/marvincar_ctrl:/root/marvin/marvin_ws/install/marvincar_bringup:/opt/ros/foxy /usr/bin/cmake /root/marvin/software/library_ws/src/robot_localization -DCMAKE_INSTALL_PREFIX=/root/marvin/software/library_ws/install/robot_localization
[4.732s] Invoking command in '/root/marvin/software/library_ws/build/robot_localization': CMAKE_PREFIX_PATH=${CMAKE_PREFIX_PATH}:/root/marvin/marvin_ws/install/marvincar_nav:/root/marvin/marvin_ws/install/marvincar_laser:/root/marvin/marvin_ws/install/marvincar_description:/root/marvin/marvin_ws/install/marvincar_ctrl:/root/marvin/marvin_ws/install/marvincar_bringup:/opt/ros/foxy /usr/bin/cmake --build /root/marvin/software/library_ws/build/robot_localization -- -j6 -l6
[4.784s] [35m[1mScanning dependencies of target gtest[0m
[4.784s] [35m[1mScanning dependencies of target gtest_main[0m
[4.784s] [35m[1mScanning dependencies of target robot_localization__cpp[0m
[4.786s] [  1%] [34m[1mGenerating C code for ROS interfaces[0m
[4.801s] [  2%] [34m[1mGenerating C++ code for ROS interfaces[0m
[4.824s] [  3%] [32mBuilding CXX object gtest/CMakeFiles/gtest.dir/src/gtest-all.cc.o[0m
[4.827s] [  4%] [32mBuilding CXX object gtest/CMakeFiles/gtest_main.dir/src/gtest_main.cc.o[0m
[5.602s] [  4%] Built target robot_localization__cpp
[5.623s] [  5%] [34m[1mGenerating C++ type support dispatch for ROS interfaces[0m
[5.645s] [  6%] [34m[1mGenerating C++ type support for eProsima Fast-RTPS[0m
[5.763s] [  7%] [34m[1mGenerating C++ introspection for ROS interfaces[0m
[5.777s] [35m[1mScanning dependencies of target robot_localization__rosidl_generator_c[0m
[5.908s] [  7%] [32mBuilding C object CMakeFiles/robot_localization__rosidl_generator_c.dir/rosidl_generator_c/robot_localization/srv/detail/from_ll__functions.c.o[0m
[6.347s] [  7%] [32m[1mLinking CXX static library libgtest_main.a[0m
[6.361s] [35m[1mScanning dependencies of target robot_localization__rosidl_typesupport_cpp[0m
[6.420s] [  7%] Built target gtest_main
[6.435s] [  8%] [32mBuilding C object CMakeFiles/robot_localization__rosidl_generator_c.dir/rosidl_generator_c/robot_localization/srv/detail/set_datum__functions.c.o[0m
[6.446s] [  9%] [32mBuilding C object CMakeFiles/robot_localization__rosidl_generator_c.dir/rosidl_generator_c/robot_localization/srv/detail/get_state__functions.c.o[0m
[6.449s] [ 10%] [32mBuilding CXX object CMakeFiles/robot_localization__rosidl_typesupport_cpp.dir/rosidl_typesupport_cpp/robot_localization/srv/from_ll__type_support.cpp.o[0m
[6.682s] [ 11%] [32mBuilding C object CMakeFiles/robot_localization__rosidl_generator_c.dir/rosidl_generator_c/robot_localization/srv/detail/set_pose__functions.c.o[0m
[6.715s] [ 12%] [32mBuilding C object CMakeFiles/robot_localization__rosidl_generator_c.dir/rosidl_generator_c/robot_localization/srv/detail/toggle_filter_processing__functions.c.o[0m
[6.716s] [35m[1mScanning dependencies of target robot_localization__rosidl_typesupport_fastrtps_cpp[0m
[6.834s] [ 13%] [32mBuilding CXX object CMakeFiles/robot_localization__rosidl_typesupport_fastrtps_cpp.dir/rosidl_typesupport_fastrtps_cpp/robot_localization/srv/detail/dds_fastrtps/from_ll__type_support.cpp.o[0m
[6.880s] [35m[1mScanning dependencies of target robot_localization__rosidl_typesupport_introspection_cpp[0m
[6.927s] [ 14%] [32mBuilding CXX object CMakeFiles/robot_localization__rosidl_typesupport_fastrtps_cpp.dir/rosidl_typesupport_fastrtps_cpp/robot_localization/srv/detail/dds_fastrtps/get_state__type_support.cpp.o[0m
[6.935s] [ 14%] [32mBuilding CXX object CMakeFiles/robot_localization__rosidl_typesupport_introspection_cpp.dir/rosidl_typesupport_introspection_cpp/robot_localization/srv/detail/from_ll__type_support.cpp.o[0m
[6.957s] [ 15%] [32mBuilding CXX object CMakeFiles/robot_localization__rosidl_typesupport_cpp.dir/rosidl_typesupport_cpp/robot_localization/srv/get_state__type_support.cpp.o[0m
[7.029s] [ 16%] [32mBuilding C object CMakeFiles/robot_localization__rosidl_generator_c.dir/rosidl_generator_c/robot_localization/srv/detail/to_ll__functions.c.o[0m
[7.356s] [ 17%] [32m[1mLinking C shared library librobot_localization__rosidl_generator_c.so[0m
[7.492s] [ 17%] Built target robot_localization__rosidl_generator_c
[7.512s] [ 18%] [34m[1mGenerating C type support dispatch for ROS interfaces[0m
[7.817s] [ 19%] [32mBuilding CXX object CMakeFiles/robot_localization__rosidl_typesupport_introspection_cpp.dir/rosidl_typesupport_introspection_cpp/robot_localization/srv/detail/get_state__type_support.cpp.o[0m
[7.913s] [ 20%] [32mBuilding CXX object CMakeFiles/robot_localization__rosidl_typesupport_cpp.dir/rosidl_typesupport_cpp/robot_localization/srv/set_datum__type_support.cpp.o[0m
[8.046s] [ 21%] [32mBuilding CXX object CMakeFiles/robot_localization__rosidl_typesupport_fastrtps_cpp.dir/rosidl_typesupport_fastrtps_cpp/robot_localization/srv/detail/dds_fastrtps/set_datum__type_support.cpp.o[0m
[8.226s] [ 21%] [32mBuilding CXX object CMakeFiles/robot_localization__rosidl_typesupport_fastrtps_cpp.dir/rosidl_typesupport_fastrtps_cpp/robot_localization/srv/detail/dds_fastrtps/set_pose__type_support.cpp.o[0m
[8.331s] [ 22%] [32mBuilding CXX object CMakeFiles/robot_localization__rosidl_typesupport_introspection_cpp.dir/rosidl_typesupport_introspection_cpp/robot_localization/srv/detail/set_datum__type_support.cpp.o[0m
[8.350s] [35m[1mScanning dependencies of target robot_localization__rosidl_typesupport_c[0m
[8.405s] [ 23%] [32mBuilding CXX object CMakeFiles/robot_localization__rosidl_typesupport_cpp.dir/rosidl_typesupport_cpp/robot_localization/srv/set_pose__type_support.cpp.o[0m
[8.452s] [ 23%] [32mBuilding CXX object CMakeFiles/robot_localization__rosidl_typesupport_c.dir/rosidl_typesupport_c/robot_localization/srv/from_ll__type_support.cpp.o[0m
[8.584s] [ 24%] [32mBuilding CXX object CMakeFiles/robot_localization__rosidl_typesupport_c.dir/rosidl_typesupport_c/robot_localization/srv/get_state__type_support.cpp.o[0m
[8.816s] [ 25%] [32mBuilding CXX object CMakeFiles/robot_localization__rosidl_typesupport_c.dir/rosidl_typesupport_c/robot_localization/srv/set_datum__type_support.cpp.o[0m
[9.033s] [ 26%] [32mBuilding CXX object CMakeFiles/robot_localization__rosidl_typesupport_c.dir/rosidl_typesupport_c/robot_localization/srv/set_pose__type_support.cpp.o[0m
[9.042s] [ 27%] [32mBuilding CXX object CMakeFiles/robot_localization__rosidl_typesupport_introspection_cpp.dir/rosidl_typesupport_introspection_cpp/robot_localization/srv/detail/set_pose__type_support.cpp.o[0m
[9.070s] [ 28%] [32mBuilding CXX object CMakeFiles/robot_localization__rosidl_typesupport_cpp.dir/rosidl_typesupport_cpp/robot_localization/srv/toggle_filter_processing__type_support.cpp.o[0m
[9.077s] [ 29%] [32mBuilding CXX object CMakeFiles/robot_localization__rosidl_typesupport_introspection_cpp.dir/rosidl_typesupport_introspection_cpp/robot_localization/srv/detail/toggle_filter_processing__type_support.cpp.o[0m
[9.092s] [ 30%] [32mBuilding CXX object CMakeFiles/robot_localization__rosidl_typesupport_c.dir/rosidl_typesupport_c/robot_localization/srv/toggle_filter_processing__type_support.cpp.o[0m
[9.156s] [ 31%] [32mBuilding CXX object CMakeFiles/robot_localization__rosidl_typesupport_fastrtps_cpp.dir/rosidl_typesupport_fastrtps_cpp/robot_localization/srv/detail/dds_fastrtps/toggle_filter_processing__type_support.cpp.o[0m
[9.194s] [ 32%] [32mBuilding CXX object CMakeFiles/robot_localization__rosidl_typesupport_c.dir/rosidl_typesupport_c/robot_localization/srv/to_ll__type_support.cpp.o[0m
[9.316s] [ 33%] [32m[1mLinking CXX shared library librobot_localization__rosidl_typesupport_c.so[0m
[9.522s] [ 33%] Built target robot_localization__rosidl_typesupport_c
[9.539s] [ 34%] [34m[1mGenerating C introspection for ROS interfaces[0m
[9.576s] [ 34%] [32mBuilding CXX object CMakeFiles/robot_localization__rosidl_typesupport_cpp.dir/rosidl_typesupport_cpp/robot_localization/srv/to_ll__type_support.cpp.o[0m
[9.609s] [ 35%] [32mBuilding CXX object CMakeFiles/robot_localization__rosidl_typesupport_introspection_cpp.dir/rosidl_typesupport_introspection_cpp/robot_localization/srv/detail/to_ll__type_support.cpp.o[0m
[9.627s] [ 36%] [32mBuilding CXX object CMakeFiles/robot_localization__rosidl_typesupport_fastrtps_cpp.dir/rosidl_typesupport_fastrtps_cpp/robot_localization/srv/detail/dds_fastrtps/to_ll__type_support.cpp.o[0m
[10.047s] [ 37%] [32m[1mLinking CXX shared library librobot_localization__rosidl_typesupport_cpp.so[0m
[10.119s] [ 37%] Built target robot_localization__rosidl_typesupport_cpp
[10.157s] [ 38%] [32m[1mLinking CXX shared library librobot_localization__rosidl_typesupport_introspection_cpp.so[0m
[10.214s] [35m[1mScanning dependencies of target robot_localization__rosidl_typesupport_introspection_c[0m
[10.259s] [ 38%] [32mBuilding C object CMakeFiles/robot_localization__rosidl_typesupport_introspection_c.dir/rosidl_typesupport_introspection_c/robot_localization/srv/detail/set_datum__type_support.c.o[0m
[10.260s] [ 39%] [32mBuilding C object CMakeFiles/robot_localization__rosidl_typesupport_introspection_c.dir/rosidl_typesupport_introspection_c/robot_localization/srv/detail/from_ll__type_support.c.o[0m
[10.271s] [ 40%] [32mBuilding C object CMakeFiles/robot_localization__rosidl_typesupport_introspection_c.dir/rosidl_typesupport_introspection_c/robot_localization/srv/detail/get_state__type_support.c.o[0m
[10.272s] [ 40%] Built target robot_localization__rosidl_typesupport_introspection_cpp
[10.290s] [ 41%] [32mBuilding C object CMakeFiles/robot_localization__rosidl_typesupport_introspection_c.dir/rosidl_typesupport_introspection_c/robot_localization/srv/detail/set_pose__type_support.c.o[0m
[10.344s] [ 42%] [32mBuilding C object CMakeFiles/robot_localization__rosidl_typesupport_introspection_c.dir/rosidl_typesupport_introspection_c/robot_localization/srv/detail/toggle_filter_processing__type_support.c.o[0m
[10.355s] [ 43%] [32mBuilding C object CMakeFiles/robot_localization__rosidl_typesupport_introspection_c.dir/rosidl_typesupport_introspection_c/robot_localization/srv/detail/to_ll__type_support.c.o[0m
[10.418s] [ 44%] [32m[1mLinking C shared library librobot_localization__rosidl_typesupport_introspection_c.so[0m
[10.435s] [ 45%] [32m[1mLinking CXX shared library librobot_localization__rosidl_typesupport_fastrtps_cpp.so[0m
[10.469s] [ 45%] Built target robot_localization__rosidl_typesupport_introspection_c
[10.575s] [ 45%] Built target robot_localization__rosidl_typesupport_fastrtps_cpp
[10.589s] [ 46%] [34m[1mGenerating C type support for eProsima Fast-RTPS[0m
[11.173s] [35m[1mScanning dependencies of target robot_localization__rosidl_typesupport_fastrtps_c[0m
[11.220s] [ 48%] [32mBuilding CXX object CMakeFiles/robot_localization__rosidl_typesupport_fastrtps_c.dir/rosidl_typesupport_fastrtps_c/robot_localization/srv/detail/get_state__type_support_c.cpp.o[0m
[11.220s] [ 47%] [32mBuilding CXX object CMakeFiles/robot_localization__rosidl_typesupport_fastrtps_c.dir/rosidl_typesupport_fastrtps_c/robot_localization/srv/detail/from_ll__type_support_c.cpp.o[0m
[11.224s] [ 49%] [32mBuilding CXX object CMakeFiles/robot_localization__rosidl_typesupport_fastrtps_c.dir/rosidl_typesupport_fastrtps_c/robot_localization/srv/detail/set_datum__type_support_c.cpp.o[0m
[11.235s] [ 50%] [32mBuilding CXX object CMakeFiles/robot_localization__rosidl_typesupport_fastrtps_c.dir/rosidl_typesupport_fastrtps_c/robot_localization/srv/detail/set_pose__type_support_c.cpp.o[0m
[11.249s] [ 51%] [32mBuilding CXX object CMakeFiles/robot_localization__rosidl_typesupport_fastrtps_c.dir/rosidl_typesupport_fastrtps_c/robot_localization/srv/detail/toggle_filter_processing__type_support_c.cpp.o[0m
[12.035s] [ 51%] [32mBuilding CXX object CMakeFiles/robot_localization__rosidl_typesupport_fastrtps_c.dir/rosidl_typesupport_fastrtps_c/robot_localization/srv/detail/to_ll__type_support_c.cpp.o[0m
[12.519s] [ 52%] [32m[1mLinking CXX shared library librobot_localization__rosidl_typesupport_fastrtps_c.so[0m
[12.634s] [ 52%] Built target robot_localization__rosidl_typesupport_fastrtps_c
[12.647s] [35m[1mScanning dependencies of target robot_localization[0m
[12.662s] [ 52%] Built target robot_localization
[12.675s] [35m[1mScanning dependencies of target robot_localization__py[0m
[12.675s] [35m[1mScanning dependencies of target rl_lib[0m
[12.691s] [ 53%] [34m[1mGenerating Python code for ROS interfaces[0m
[13.254s] [ 54%] [32mBuilding CXX object CMakeFiles/rl_lib.dir/src/filter_utilities.cpp.o[0m
[13.259s] [ 55%] [32mBuilding CXX object CMakeFiles/rl_lib.dir/src/ekf.cpp.o[0m
[13.260s] [ 56%] [32mBuilding CXX object CMakeFiles/rl_lib.dir/src/ukf.cpp.o[0m
[13.265s] [ 57%] [32mBuilding CXX object CMakeFiles/rl_lib.dir/src/filter_base.cpp.o[0m
[15.504s] [ 57%] Built target robot_localization__py
[15.598s] [35m[1mScanning dependencies of target robot_localization__python[0m
[15.775s] [ 58%] [32mBuilding C object CMakeFiles/robot_localization__python.dir/rosidl_generator_py/robot_localization/srv/_from_ll_s.c.o[0m
[16.361s] [ 58%] [32mBuilding C object CMakeFiles/robot_localization__python.dir/rosidl_generator_py/robot_localization/srv/_get_state_s.c.o[0m
[16.662s] [ 59%] [32mBuilding CXX object CMakeFiles/rl_lib.dir/src/navsat_transform.cpp.o[0m
[16.757s] [ 60%] [32mBuilding C object CMakeFiles/robot_localization__python.dir/rosidl_generator_py/robot_localization/srv/_set_datum_s.c.o[0m
[16.996s] [ 61%] [32mBuilding C object CMakeFiles/robot_localization__python.dir/rosidl_generator_py/robot_localization/srv/_set_pose_s.c.o[0m
[17.588s] [ 62%] [32mBuilding C object CMakeFiles/robot_localization__python.dir/rosidl_generator_py/robot_localization/srv/_toggle_filter_processing_s.c.o[0m
[18.317s] [ 63%] [32mBuilding C object CMakeFiles/robot_localization__python.dir/rosidl_generator_py/robot_localization/srv/_to_ll_s.c.o[0m
[18.889s] [ 64%] [32m[1mLinking C shared library rosidl_generator_py/robot_localization/librobot_localization__python.so[0m
[19.222s] [ 64%] Built target robot_localization__python
[19.289s] [ 64%] [32mBuilding CXX object CMakeFiles/rl_lib.dir/src/robot_localization_estimator.cpp.o[0m
[22.912s] [ 65%] [32mBuilding CXX object CMakeFiles/rl_lib.dir/src/ros_filter.cpp.o[0m
[23.124s] [ 66%] [32m[1mLinking CXX static library libgtest.a[0m
[23.265s] [ 66%] Built target gtest
[23.288s] [35m[1mScanning dependencies of target robot_localization__rosidl_typesupport_fastrtps_c__pyext[0m
[23.361s] [ 67%] [32mBuilding C object CMakeFiles/robot_localization__rosidl_typesupport_fastrtps_c__pyext.dir/rosidl_generator_py/robot_localization/_robot_localization_s.ep.rosidl_typesupport_fastrtps_c.c.o[0m
[23.751s] [ 68%] [32m[1mLinking CXX shared library rosidl_generator_py/robot_localization/robot_localization_s__rosidl_typesupport_fastrtps_c.cpython-38-x86_64-linux-gnu.so[0m
[23.867s] [ 68%] Built target robot_localization__rosidl_typesupport_fastrtps_c__pyext
[23.883s] [35m[1mScanning dependencies of target robot_localization__rosidl_typesupport_introspection_c__pyext[0m
[23.976s] [ 69%] [32mBuilding C object CMakeFiles/robot_localization__rosidl_typesupport_introspection_c__pyext.dir/rosidl_generator_py/robot_localization/_robot_localization_s.ep.rosidl_typesupport_introspection_c.c.o[0m
[24.185s] [ 70%] [32mBuilding CXX object CMakeFiles/rl_lib.dir/src/ros_filter_utilities.cpp.o[0m
[24.446s] [ 71%] [32m[1mLinking C shared library rosidl_generator_py/robot_localization/robot_localization_s__rosidl_typesupport_introspection_c.cpython-38-x86_64-linux-gnu.so[0m
[24.519s] [ 71%] Built target robot_localization__rosidl_typesupport_introspection_c__pyext
[24.536s] [35m[1mScanning dependencies of target robot_localization__rosidl_typesupport_c__pyext[0m
[24.621s] [ 72%] [32mBuilding C object CMakeFiles/robot_localization__rosidl_typesupport_c__pyext.dir/rosidl_generator_py/robot_localization/_robot_localization_s.ep.rosidl_typesupport_c.c.o[0m
[24.992s] [ 72%] [32m[1mLinking C shared library rosidl_generator_py/robot_localization/robot_localization_s__rosidl_typesupport_c.cpython-38-x86_64-linux-gnu.so[0m
[25.060s] [ 72%] Built target robot_localization__rosidl_typesupport_c__pyext
[25.079s] [ 73%] [32mBuilding CXX object CMakeFiles/rl_lib.dir/src/ros_robot_localization_listener.cpp.o[0m
[92.209s] [ 74%] [32m[1mLinking CXX shared library librl_lib.so[0m
[93.566s] [ 74%] Built target rl_lib
[93.581s] [35m[1mScanning dependencies of target test_ros_robot_localization_listener[0m
[93.581s] [35m[1mScanning dependencies of target test_ros_robot_localization_listener_publisher[0m
[93.581s] [35m[1mScanning dependencies of target test_ekf[0m
[93.581s] [35m[1mScanning dependencies of target test_navsat_conversions[0m
[93.582s] [35m[1mScanning dependencies of target test_robot_localization_estimator[0m
[93.582s] [35m[1mScanning dependencies of target ukf_node[0m
[93.612s] [ 74%] [32mBuilding CXX object CMakeFiles/test_navsat_conversions.dir/test/test_navsat_conversions.cpp.o[0m
[93.704s] [ 75%] [32mBuilding CXX object CMakeFiles/test_robot_localization_estimator.dir/test/test_robot_localization_estimator.cpp.o[0m
[93.713s] [ 75%] [32mBuilding CXX object CMakeFiles/test_ros_robot_localization_listener_publisher.dir/test/test_ros_robot_localization_listener_publisher.cpp.o[0m
[93.717s] [ 76%] [32mBuilding CXX object CMakeFiles/ukf_node.dir/src/ukf_node.cpp.o[0m
[93.719s] [ 77%] [32mBuilding CXX object CMakeFiles/test_ros_robot_localization_listener.dir/test/test_ros_robot_localization_listener.cpp.o[0m
[93.749s] [ 78%] [32mBuilding CXX object CMakeFiles/test_ekf.dir/test/test_ekf.cpp.o[0m
[95.729s] [ 79%] [32m[1mLinking CXX executable test_navsat_conversions[0m
[96.205s] [ 79%] Built target test_navsat_conversions
[96.288s] [35m[1mScanning dependencies of target ekf_node[0m
[96.556s] [ 79%] [32mBuilding CXX object CMakeFiles/ekf_node.dir/src/ekf_node.cpp.o[0m
[100.930s] [ 80%] [32m[1mLinking CXX executable test_robot_localization_estimator[0m
[101.462s] [ 80%] Built target test_robot_localization_estimator
[101.479s] [35m[1mScanning dependencies of target test_ukf[0m
[101.685s] [ 81%] [32mBuilding CXX object CMakeFiles/test_ukf.dir/test/test_ukf.cpp.o[0m
[101.825s] [ 82%] [32m[1mLinking CXX executable test_ros_robot_localization_listener[0m
[102.110s] [ 83%] [32m[1mLinking CXX executable ukf_node[0m
[102.330s] [ 83%] Built target test_ros_robot_localization_listener
[102.348s] [35m[1mScanning dependencies of target test_navsat_transform[0m
[102.459s] [ 84%] [32mBuilding CXX object CMakeFiles/test_navsat_transform.dir/test/test_navsat_transform.cpp.o[0m
[102.476s] [ 84%] Built target ukf_node
[102.538s] [35m[1mScanning dependencies of target filter_base-test[0m
[102.679s] [ 85%] [32mBuilding CXX object CMakeFiles/filter_base-test.dir/test/test_filter_base.cpp.o[0m
[103.575s] [ 86%] [32m[1mLinking CXX executable ekf_node[0m
[103.578s] [ 87%] [32m[1mLinking CXX executable test_ekf[0m
[103.917s] [ 87%] Built target ekf_node
[103.933s] [35m[1mScanning dependencies of target navsat_transform_node[0m
[104.060s] [ 88%] [32mBuilding CXX object CMakeFiles/navsat_transform_node.dir/src/navsat_transform_node.cpp.o[0m
[104.213s] [ 88%] Built target test_ekf
[104.255s] [35m[1mScanning dependencies of target robot_localization_listener_node[0m
[104.433s] [ 89%] [32mBuilding CXX object CMakeFiles/robot_localization_listener_node.dir/src/robot_localization_listener_node.cpp.o[0m
[105.656s] [ 90%] [32m[1mLinking CXX executable test_ros_robot_localization_listener_publisher[0m
[105.993s] [ 90%] Built target test_ros_robot_localization_listener_publisher
[106.010s] [35m[1mScanning dependencies of target test_ukf_localization_node_interfaces[0m
[106.190s] [ 91%] [32mBuilding CXX object CMakeFiles/test_ukf_localization_node_interfaces.dir/test/test_ukf_localization_node_interfaces.cpp.o[0m
[106.810s] [ 92%] [32m[1mLinking CXX executable filter_base-test[0m
[107.292s] [ 92%] Built target filter_base-test
[107.309s] [35m[1mScanning dependencies of target test_ekf_localization_node_interfaces[0m
[107.500s] [ 93%] [32mBuilding CXX object CMakeFiles/test_ekf_localization_node_interfaces.dir/test/test_ekf_localization_node_interfaces.cpp.o[0m
[108.971s] [ 94%] [32m[1mLinking CXX executable navsat_transform_node[0m
[109.192s] [ 95%] [32m[1mLinking CXX executable test_navsat_transform[0m
[109.324s] [ 95%] Built target navsat_transform_node
[109.343s] [35m[1mScanning dependencies of target test_filter_base_diagnostics_timestamps[0m
[109.566s] [ 95%] Built target test_navsat_transform
[109.568s] [ 96%] [32mBuilding CXX object CMakeFiles/test_filter_base_diagnostics_timestamps.dir/test/test_filter_base_diagnostics_timestamps.cpp.o[0m
[111.228s] [ 97%] [32m[1mLinking CXX executable test_ukf[0m
[111.629s] [ 97%] Built target test_ukf
[111.704s] [ 97%] [32m[1mLinking CXX executable robot_localization_listener_node[0m
[111.987s] [ 97%] Built target robot_localization_listener_node
[128.806s] [ 98%] [32m[1mLinking CXX executable test_filter_base_diagnostics_timestamps[0m
[129.211s] [ 98%] Built target test_filter_base_diagnostics_timestamps
[129.338s] [ 99%] [32m[1mLinking CXX executable test_ukf_localization_node_interfaces[0m
[129.711s] [ 99%] Built target test_ukf_localization_node_interfaces
[130.311s] [100%] [32m[1mLinking CXX executable test_ekf_localization_node_interfaces[0m
[130.675s] [100%] Built target test_ekf_localization_node_interfaces
[130.690s] Invoked command in '/root/marvin/software/library_ws/build/robot_localization' returned '0': CMAKE_PREFIX_PATH=${CMAKE_PREFIX_PATH}:/root/marvin/marvin_ws/install/marvincar_nav:/root/marvin/marvin_ws/install/marvincar_laser:/root/marvin/marvin_ws/install/marvincar_description:/root/marvin/marvin_ws/install/marvincar_ctrl:/root/marvin/marvin_ws/install/marvincar_bringup:/opt/ros/foxy /usr/bin/cmake --build /root/marvin/software/library_ws/build/robot_localization -- -j6 -l6
[130.936s] Invoking command in '/root/marvin/software/library_ws/build/robot_localization': CMAKE_PREFIX_PATH=${CMAKE_PREFIX_PATH}:/root/marvin/marvin_ws/install/marvincar_nav:/root/marvin/marvin_ws/install/marvincar_laser:/root/marvin/marvin_ws/install/marvincar_description:/root/marvin/marvin_ws/install/marvincar_ctrl:/root/marvin/marvin_ws/install/marvincar_bringup:/opt/ros/foxy /usr/bin/cmake --install /root/marvin/software/library_ws/build/robot_localization
[130.946s] -- Install configuration: "RelWithDebInfo"
[130.946s] -- Installing: /root/marvin/software/library_ws/install/robot_localization/share/ament_index/resource_index/rosidl_interfaces/robot_localization
[130.946s] -- Installing: /root/marvin/software/library_ws/install/robot_localization/include/robot_localization
[130.947s] -- Installing: /root/marvin/software/library_ws/install/robot_localization/include/robot_localization/srv
[130.947s] -- Installing: /root/marvin/software/library_ws/install/robot_localization/include/robot_localization/srv/toggle_filter_processing.h
[130.947s] -- Installing: /root/marvin/software/library_ws/install/robot_localization/include/robot_localization/srv/set_pose.h
[130.947s] -- Installing: /root/marvin/software/library_ws/install/robot_localization/include/robot_localization/srv/set_datum.h
[130.947s] -- Installing: /root/marvin/software/library_ws/install/robot_localization/include/robot_localization/srv/from_ll.h
[130.947s] -- Installing: /root/marvin/software/library_ws/install/robot_localization/include/robot_localization/srv/get_state.h
[130.948s] -- Installing: /root/marvin/software/library_ws/install/robot_localization/include/robot_localization/srv/to_ll.h
[130.948s] -- Installing: /root/marvin/software/library_ws/install/robot_localization/include/robot_localization/srv/detail
[130.948s] -- Installing: /root/marvin/software/library_ws/install/robot_localization/include/robot_localization/srv/detail/from_ll__struct.h
[130.948s] -- Installing: /root/marvin/software/library_ws/install/robot_localization/include/robot_localization/srv/detail/set_datum__functions.h
[130.948s] -- Installing: /root/marvin/software/library_ws/install/robot_localization/include/robot_localization/srv/detail/get_state__type_support.h
[130.949s] -- Installing: /root/marvin/software/library_ws/install/robot_localization/include/robot_localization/srv/detail/from_ll__type_support.h
[130.949s] -- Installing: /root/marvin/software/library_ws/install/robot_localization/include/robot_localization/srv/detail/toggle_filter_processing__type_support.h
[130.949s] -- Installing: /root/marvin/software/library_ws/install/robot_localization/include/robot_localization/srv/detail/get_state__functions.c
[130.949s] -- Installing: /root/marvin/software/library_ws/install/robot_localization/include/robot_localization/srv/detail/set_pose__functions.c
[130.949s] -- Installing: /root/marvin/software/library_ws/install/robot_localization/include/robot_localization/srv/detail/to_ll__functions.c
[130.949s] -- Installing: /root/marvin/software/library_ws/install/robot_localization/include/robot_localization/srv/detail/to_ll__functions.h
[130.950s] -- Installing: /root/marvin/software/library_ws/install/robot_localization/include/robot_localization/srv/detail/toggle_filter_processing__struct.h
[130.950s] -- Installing: /root/marvin/software/library_ws/install/robot_localization/include/robot_localization/srv/detail/to_ll__struct.h
[130.950s] -- Installing: /root/marvin/software/library_ws/install/robot_localization/include/robot_localization/srv/detail/toggle_filter_processing__functions.h
[130.950s] -- Installing: /root/marvin/software/library_ws/install/robot_localization/include/robot_localization/srv/detail/set_datum__type_support.h
[130.950s] -- Installing: /root/marvin/software/library_ws/install/robot_localization/include/robot_localization/srv/detail/from_ll__functions.c
[130.950s] -- Installing: /root/marvin/software/library_ws/install/robot_localization/include/robot_localization/srv/detail/get_state__struct.h
[130.951s] -- Installing: /root/marvin/software/library_ws/install/robot_localization/include/robot_localization/srv/detail/toggle_filter_processing__functions.c
[130.951s] -- Installing: /root/marvin/software/library_ws/install/robot_localization/include/robot_localization/srv/detail/set_pose__functions.h
[130.951s] -- Installing: /root/marvin/software/library_ws/install/robot_localization/include/robot_localization/srv/detail/set_datum__functions.c
[130.951s] -- Installing: /root/marvin/software/library_ws/install/robot_localization/include/robot_localization/srv/detail/set_pose__type_support.h
[130.951s] -- Installing: /root/marvin/software/library_ws/install/robot_localization/include/robot_localization/srv/detail/set_pose__struct.h
[130.951s] -- Installing: /root/marvin/software/library_ws/install/robot_localization/include/robot_localization/srv/detail/from_ll__functions.h
[130.951s] -- Installing: /root/marvin/software/library_ws/install/robot_localization/include/robot_localization/srv/detail/get_state__functions.h
[130.951s] -- Installing: /root/marvin/software/library_ws/install/robot_localization/include/robot_localization/srv/detail/set_datum__struct.h
[130.952s] -- Installing: /root/marvin/software/library_ws/install/robot_localization/include/robot_localization/srv/detail/to_ll__type_support.h
[130.952s] -- Installing: /root/marvin/software/library_ws/install/robot_localization/include/robot_localization/msg
[130.952s] -- Installing: /root/marvin/software/library_ws/install/robot_localization/include/robot_localization/msg/rosidl_generator_c__visibility_control.h
[130.952s] -- Installing: /root/marvin/software/library_ws/install/robot_localization/share/robot_localization/environment/library_path.sh
[130.952s] -- Installing: /root/marvin/software/library_ws/install/robot_localization/share/robot_localization/environment/library_path.dsv
[130.952s] -- Installing: /root/marvin/software/library_ws/install/robot_localization/lib/librobot_localization__rosidl_generator_c.so
[130.952s] -- Set runtime path of "/root/marvin/software/library_ws/install/robot_localization/lib/librobot_localization__rosidl_generator_c.so" to ""
[130.953s] -- Up-to-date: /root/marvin/software/library_ws/install/robot_localization/include/robot_localization
[130.953s] -- Up-to-date: /root/marvin/software/library_ws/install/robot_localization/include/robot_localization/srv
[130.953s] -- Up-to-date: /root/marvin/software/library_ws/install/robot_localization/include/robot_localization/srv/detail
[130.953s] -- Installing: /root/marvin/software/library_ws/install/robot_localization/include/robot_localization/srv/detail/set_datum__rosidl_typesupport_fastrtps_c.h
[130.953s] -- Installing: /root/marvin/software/library_ws/install/robot_localization/include/robot_localization/srv/detail/get_state__rosidl_typesupport_fastrtps_c.h
[130.953s] -- Installing: /root/marvin/software/library_ws/install/robot_localization/include/robot_localization/srv/detail/set_pose__rosidl_typesupport_fastrtps_c.h
[130.954s] -- Installing: /root/marvin/software/library_ws/install/robot_localization/include/robot_localization/srv/detail/toggle_filter_processing__rosidl_typesupport_fastrtps_c.h
[130.954s] -- Installing: /root/marvin/software/library_ws/install/robot_localization/include/robot_localization/srv/detail/to_ll__rosidl_typesupport_fastrtps_c.h
[130.954s] -- Installing: /root/marvin/software/library_ws/install/robot_localization/include/robot_localization/srv/detail/from_ll__rosidl_typesupport_fastrtps_c.h
[130.954s] -- Up-to-date: /root/marvin/software/library_ws/install/robot_localization/include/robot_localization/msg
[130.954s] -- Installing: /root/marvin/software/library_ws/install/robot_localization/include/robot_localization/msg/rosidl_typesupport_fastrtps_c__visibility_control.h
[130.954s] -- Installing: /root/marvin/software/library_ws/install/robot_localization/lib/librobot_localization__rosidl_typesupport_fastrtps_c.so
[130.955s] -- Set runtime path of "/root/marvin/software/library_ws/install/robot_localization/lib/librobot_localization__rosidl_typesupport_fastrtps_c.so" to ""
[130.955s] -- Up-to-date: /root/marvin/software/library_ws/install/robot_localization/include/robot_localization
[130.956s] -- Up-to-date: /root/marvin/software/library_ws/install/robot_localization/include/robot_localization/srv
[130.956s] -- Up-to-date: /root/marvin/software/library_ws/install/robot_localization/include/robot_localization/srv/detail
[130.956s] -- Installing: /root/marvin/software/library_ws/install/robot_localization/include/robot_localization/srv/detail/get_state__rosidl_typesupport_fastrtps_cpp.hpp
[130.956s] -- Installing: /root/marvin/software/library_ws/install/robot_localization/include/robot_localization/srv/detail/to_ll__rosidl_typesupport_fastrtps_cpp.hpp
[130.956s] -- Installing: /root/marvin/software/library_ws/install/robot_localization/include/robot_localization/srv/detail/set_pose__rosidl_typesupport_fastrtps_cpp.hpp
[130.957s] -- Installing: /root/marvin/software/library_ws/install/robot_localization/include/robot_localization/srv/detail/toggle_filter_processing__rosidl_typesupport_fastrtps_cpp.hpp
[130.957s] -- Installing: /root/marvin/software/library_ws/install/robot_localization/include/robot_localization/srv/detail/from_ll__rosidl_typesupport_fastrtps_cpp.hpp
[130.957s] -- Installing: /root/marvin/software/library_ws/install/robot_localization/include/robot_localization/srv/detail/set_datum__rosidl_typesupport_fastrtps_cpp.hpp
[130.957s] -- Installing: /root/marvin/software/library_ws/install/robot_localization/include/robot_localization/srv/detail/dds_fastrtps
[130.957s] -- Up-to-date: /root/marvin/software/library_ws/install/robot_localization/include/robot_localization/msg
[130.957s] -- Installing: /root/marvin/software/library_ws/install/robot_localization/include/robot_localization/msg/rosidl_typesupport_fastrtps_cpp__visibility_control.h
[130.957s] -- Installing: /root/marvin/software/library_ws/install/robot_localization/lib/librobot_localization__rosidl_typesupport_fastrtps_cpp.so
[130.958s] -- Set runtime path of "/root/marvin/software/library_ws/install/robot_localization/lib/librobot_localization__rosidl_typesupport_fastrtps_cpp.so" to ""
[130.959s] -- Up-to-date: /root/marvin/software/library_ws/install/robot_localization/include/robot_localization
[130.959s] -- Up-to-date: /root/marvin/software/library_ws/install/robot_localization/include/robot_localization/srv
[130.959s] -- Up-to-date: /root/marvin/software/library_ws/install/robot_localization/include/robot_localization/srv/detail
[130.959s] -- Installing: /root/marvin/software/library_ws/install/robot_localization/include/robot_localization/srv/detail/set_pose__rosidl_typesupport_introspection_c.h
[130.959s] -- Installing: /root/marvin/software/library_ws/install/robot_localization/include/robot_localization/srv/detail/set_datum__type_support.c
[130.960s] -- Installing: /root/marvin/software/library_ws/install/robot_localization/include/robot_localization/srv/detail/from_ll__type_support.c
[130.960s] -- Installing: /root/marvin/software/library_ws/install/robot_localization/include/robot_localization/srv/detail/toggle_filter_processing__type_support.c
[130.960s] -- Installing: /root/marvin/software/library_ws/install/robot_localization/include/robot_localization/srv/detail/set_datum__rosidl_typesupport_introspection_c.h
[130.960s] -- Installing: /root/marvin/software/library_ws/install/robot_localization/include/robot_localization/srv/detail/set_pose__type_support.c
[130.960s] -- Installing: /root/marvin/software/library_ws/install/robot_localization/include/robot_localization/srv/detail/to_ll__rosidl_typesupport_introspection_c.h
[130.960s] -- Installing: /root/marvin/software/library_ws/install/robot_localization/include/robot_localization/srv/detail/get_state__type_support.c
[130.960s] -- Installing: /root/marvin/software/library_ws/install/robot_localization/include/robot_localization/srv/detail/to_ll__type_support.c
[130.961s] -- Installing: /root/marvin/software/library_ws/install/robot_localization/include/robot_localization/srv/detail/toggle_filter_processing__rosidl_typesupport_introspection_c.h
[130.961s] -- Installing: /root/marvin/software/library_ws/install/robot_localization/include/robot_localization/srv/detail/from_ll__rosidl_typesupport_introspection_c.h
[130.961s] -- Installing: /root/marvin/software/library_ws/install/robot_localization/include/robot_localization/srv/detail/get_state__rosidl_typesupport_introspection_c.h
[130.961s] -- Up-to-date: /root/marvin/software/library_ws/install/robot_localization/include/robot_localization/msg
[130.961s] -- Installing: /root/marvin/software/library_ws/install/robot_localization/include/robot_localization/msg/rosidl_typesupport_introspection_c__visibility_control.h
[130.961s] -- Installing: /root/marvin/software/library_ws/install/robot_localization/lib/librobot_localization__rosidl_typesupport_introspection_c.so
[130.961s] -- Set runtime path of "/root/marvin/software/library_ws/install/robot_localization/lib/librobot_localization__rosidl_typesupport_introspection_c.so" to ""
[130.962s] -- Installing: /root/marvin/software/library_ws/install/robot_localization/lib/librobot_localization__rosidl_typesupport_c.so
[130.962s] -- Set runtime path of "/root/marvin/software/library_ws/install/robot_localization/lib/librobot_localization__rosidl_typesupport_c.so" to ""
[130.962s] -- Up-to-date: /root/marvin/software/library_ws/install/robot_localization/include/robot_localization
[130.962s] -- Up-to-date: /root/marvin/software/library_ws/install/robot_localization/include/robot_localization/srv
[130.963s] -- Installing: /root/marvin/software/library_ws/install/robot_localization/include/robot_localization/srv/toggle_filter_processing.hpp
[130.963s] -- Installing: /root/marvin/software/library_ws/install/robot_localization/include/robot_localization/srv/to_ll.hpp
[130.963s] -- Installing: /root/marvin/software/library_ws/install/robot_localization/include/robot_localization/srv/from_ll.hpp
[130.963s] -- Installing: /root/marvin/software/library_ws/install/robot_localization/include/robot_localization/srv/get_state.hpp
[130.963s] -- Installing: /root/marvin/software/library_ws/install/robot_localization/include/robot_localization/srv/set_pose.hpp
[130.963s] -- Installing: /root/marvin/software/library_ws/install/robot_localization/include/robot_localization/srv/set_datum.hpp
[130.963s] -- Up-to-date: /root/marvin/software/library_ws/install/robot_localization/include/robot_localization/srv/detail
[130.964s] -- Installing: /root/marvin/software/library_ws/install/robot_localization/include/robot_localization/srv/detail/set_datum__type_support.hpp
[130.964s] -- Installing: /root/marvin/software/library_ws/install/robot_localization/include/robot_localization/srv/detail/get_state__type_support.hpp
[130.964s] -- Installing: /root/marvin/software/library_ws/install/robot_localization/include/robot_localization/srv/detail/from_ll__type_support.hpp
[130.964s] -- Installing: /root/marvin/software/library_ws/install/robot_localization/include/robot_localization/srv/detail/set_datum__builder.hpp
[130.964s] -- Installing: /root/marvin/software/library_ws/install/robot_localization/include/robot_localization/srv/detail/toggle_filter_processing__type_support.hpp
[130.965s] -- Installing: /root/marvin/software/library_ws/install/robot_localization/include/robot_localization/srv/detail/to_ll__traits.hpp
[130.965s] -- Installing: /root/marvin/software/library_ws/install/robot_localization/include/robot_localization/srv/detail/get_state__builder.hpp
[130.965s] -- Installing: /root/marvin/software/library_ws/install/robot_localization/include/robot_localization/srv/detail/set_datum__struct.hpp
[130.966s] -- Installing: /root/marvin/software/library_ws/install/robot_localization/include/robot_localization/srv/detail/from_ll__builder.hpp
[130.966s] -- Installing: /root/marvin/software/library_ws/install/robot_localization/include/robot_localization/srv/detail/to_ll__struct.hpp
[130.966s] -- Installing: /root/marvin/software/library_ws/install/robot_localization/include/robot_localization/srv/detail/from_ll__traits.hpp
[130.966s] -- Installing: /root/marvin/software/library_ws/install/robot_localization/include/robot_localization/srv/detail/toggle_filter_processing__traits.hpp
[130.966s] -- Installing: /root/marvin/software/library_ws/install/robot_localization/include/robot_localization/srv/detail/set_pose__type_support.hpp
[130.967s] -- Installing: /root/marvin/software/library_ws/install/robot_localization/include/robot_localization/srv/detail/to_ll__builder.hpp
[130.967s] -- Installing: /root/marvin/software/library_ws/install/robot_localization/include/robot_localization/srv/detail/toggle_filter_processing__builder.hpp
[130.967s] -- Installing: /root/marvin/software/library_ws/install/robot_localization/include/robot_localization/srv/detail/get_state__struct.hpp
[130.967s] -- Installing: /root/marvin/software/library_ws/install/robot_localization/include/robot_localization/srv/detail/set_pose__builder.hpp
[130.967s] -- Installing: /root/marvin/software/library_ws/install/robot_localization/include/robot_localization/srv/detail/to_ll__type_support.hpp
[130.968s] -- Installing: /root/marvin/software/library_ws/install/robot_localization/include/robot_localization/srv/detail/get_state__traits.hpp
[130.968s] -- Installing: /root/marvin/software/library_ws/install/robot_localization/include/robot_localization/srv/detail/from_ll__struct.hpp
[130.968s] -- Installing: /root/marvin/software/library_ws/install/robot_localization/include/robot_localization/srv/detail/set_pose__struct.hpp
[130.968s] -- Installing: /root/marvin/software/library_ws/install/robot_localization/include/robot_localization/srv/detail/toggle_filter_processing__struct.hpp
[130.968s] -- Installing: /root/marvin/software/library_ws/install/robot_localization/include/robot_localization/srv/detail/set_pose__traits.hpp
[130.968s] -- Installing: /root/marvin/software/library_ws/install/robot_localization/include/robot_localization/srv/detail/set_datum__traits.hpp
[130.968s] -- Up-to-date: /root/marvin/software/library_ws/install/robot_localization/include/robot_localization/msg
[130.968s] -- Installing: /root/marvin/software/library_ws/install/robot_localization/include/robot_localization/msg/rosidl_generator_cpp__visibility_control.hpp
[130.969s] -- Up-to-date: /root/marvin/software/library_ws/install/robot_localization/include/robot_localization
[130.969s] -- Up-to-date: /root/marvin/software/library_ws/install/robot_localization/include/robot_localization/srv
[130.969s] -- Up-to-date: /root/marvin/software/library_ws/install/robot_localization/include/robot_localization/srv/detail
[130.969s] -- Installing: /root/marvin/software/library_ws/install/robot_localization/include/robot_localization/srv/detail/to_ll__type_support.cpp
[130.969s] -- Installing: /root/marvin/software/library_ws/install/robot_localization/include/robot_localization/srv/detail/set_datum__type_support.cpp
[130.969s] -- Installing: /root/marvin/software/library_ws/install/robot_localization/include/robot_localization/srv/detail/to_ll__rosidl_typesupport_introspection_cpp.hpp
[130.969s] -- Installing: /root/marvin/software/library_ws/install/robot_localization/include/robot_localization/srv/detail/toggle_filter_processing__type_support.cpp
[130.969s] -- Installing: /root/marvin/software/library_ws/install/robot_localization/include/robot_localization/srv/detail/get_state__type_support.cpp
[130.969s] -- Installing: /root/marvin/software/library_ws/install/robot_localization/include/robot_localization/srv/detail/from_ll__type_support.cpp
[130.969s] -- Installing: /root/marvin/software/library_ws/install/robot_localization/include/robot_localization/srv/detail/set_datum__rosidl_typesupport_introspection_cpp.hpp
[130.969s] -- Installing: /root/marvin/software/library_ws/install/robot_localization/include/robot_localization/srv/detail/get_state__rosidl_typesupport_introspection_cpp.hpp
[130.969s] -- Installing: /root/marvin/software/library_ws/install/robot_localization/include/robot_localization/srv/detail/from_ll__rosidl_typesupport_introspection_cpp.hpp
[130.969s] -- Installing: /root/marvin/software/library_ws/install/robot_localization/include/robot_localization/srv/detail/toggle_filter_processing__rosidl_typesupport_introspection_cpp.hpp
[130.970s] -- Installing: /root/marvin/software/library_ws/install/robot_localization/include/robot_localization/srv/detail/set_pose__type_support.cpp
[130.970s] -- Installing: /root/marvin/software/library_ws/install/robot_localization/include/robot_localization/srv/detail/set_pose__rosidl_typesupport_introspection_cpp.hpp
[130.970s] -- Installing: /root/marvin/software/library_ws/install/robot_localization/lib/librobot_localization__rosidl_typesupport_introspection_cpp.so
[130.970s] -- Set runtime path of "/root/marvin/software/library_ws/install/robot_localization/lib/librobot_localization__rosidl_typesupport_introspection_cpp.so" to ""
[130.970s] -- Installing: /root/marvin/software/library_ws/install/robot_localization/lib/librobot_localization__rosidl_typesupport_cpp.so
[130.971s] -- Set runtime path of "/root/marvin/software/library_ws/install/robot_localization/lib/librobot_localization__rosidl_typesupport_cpp.so" to ""
[130.971s] -- Installing: /root/marvin/software/library_ws/install/robot_localization/share/robot_localization/environment/pythonpath.sh
[130.971s] -- Installing: /root/marvin/software/library_ws/install/robot_localization/share/robot_localization/environment/pythonpath.dsv
[130.971s] -- Installing: /root/marvin/software/library_ws/install/robot_localization/lib/python3.8/site-packages/robot_localization/__init__.py
[131.004s] Compiling '/root/marvin/software/library_ws/install/robot_localization/lib/python3.8/site-packages/robot_localization/__init__.py'...
[131.007s] -- Installing: /root/marvin/software/library_ws/install/robot_localization/lib/python3.8/site-packages/robot_localization/srv
[131.007s] -- Installing: /root/marvin/software/library_ws/install/robot_localization/lib/python3.8/site-packages/robot_localization/srv/_set_pose.py
[131.008s] -- Installing: /root/marvin/software/library_ws/install/robot_localization/lib/python3.8/site-packages/robot_localization/srv/_get_state.py
[131.008s] -- Installing: /root/marvin/software/library_ws/install/robot_localization/lib/python3.8/site-packages/robot_localization/srv/_get_state_s.c
[131.008s] -- Installing: /root/marvin/software/library_ws/install/robot_localization/lib/python3.8/site-packages/robot_localization/srv/_to_ll.py
[131.008s] -- Installing: /root/marvin/software/library_ws/install/robot_localization/lib/python3.8/site-packages/robot_localization/srv/_to_ll_s.c
[131.008s] -- Installing: /root/marvin/software/library_ws/install/robot_localization/lib/python3.8/site-packages/robot_localization/srv/__init__.py
[131.008s] -- Installing: /root/marvin/software/library_ws/install/robot_localization/lib/python3.8/site-packages/robot_localization/srv/_set_datum.py
[131.009s] -- Installing: /root/marvin/software/library_ws/install/robot_localization/lib/python3.8/site-packages/robot_localization/srv/_from_ll_s.c
[131.009s] -- Installing: /root/marvin/software/library_ws/install/robot_localization/lib/python3.8/site-packages/robot_localization/srv/_set_datum_s.c
[131.009s] -- Installing: /root/marvin/software/library_ws/install/robot_localization/lib/python3.8/site-packages/robot_localization/srv/_toggle_filter_processing.py
[131.009s] -- Installing: /root/marvin/software/library_ws/install/robot_localization/lib/python3.8/site-packages/robot_localization/srv/_toggle_filter_processing_s.c
[131.009s] -- Installing: /root/marvin/software/library_ws/install/robot_localization/lib/python3.8/site-packages/robot_localization/srv/_from_ll.py
[131.009s] -- Installing: /root/marvin/software/library_ws/install/robot_localization/lib/python3.8/site-packages/robot_localization/srv/_set_pose_s.c
[131.009s] -- Installing: /root/marvin/software/library_ws/install/robot_localization/lib/python3.8/site-packages/robot_localization/robot_localization_s__rosidl_typesupport_fastrtps_c.cpython-38-x86_64-linux-gnu.so
[131.010s] -- Set runtime path of "/root/marvin/software/library_ws/install/robot_localization/lib/python3.8/site-packages/robot_localization/robot_localization_s__rosidl_typesupport_fastrtps_c.cpython-38-x86_64-linux-gnu.so" to ""
[131.010s] -- Installing: /root/marvin/software/library_ws/install/robot_localization/lib/python3.8/site-packages/robot_localization/robot_localization_s__rosidl_typesupport_introspection_c.cpython-38-x86_64-linux-gnu.so
[131.011s] -- Set runtime path of "/root/marvin/software/library_ws/install/robot_localization/lib/python3.8/site-packages/robot_localization/robot_localization_s__rosidl_typesupport_introspection_c.cpython-38-x86_64-linux-gnu.so" to ""
[131.011s] -- Installing: /root/marvin/software/library_ws/install/robot_localization/lib/python3.8/site-packages/robot_localization/robot_localization_s__rosidl_typesupport_c.cpython-38-x86_64-linux-gnu.so
[131.012s] -- Set runtime path of "/root/marvin/software/library_ws/install/robot_localization/lib/python3.8/site-packages/robot_localization/robot_localization_s__rosidl_typesupport_c.cpython-38-x86_64-linux-gnu.so" to ""
[131.012s] -- Installing: /root/marvin/software/library_ws/install/robot_localization/lib/librobot_localization__python.so
[131.013s] -- Set runtime path of "/root/marvin/software/library_ws/install/robot_localization/lib/librobot_localization__python.so" to ""
[131.014s] -- Installing: /root/marvin/software/library_ws/install/robot_localization/share/robot_localization/srv/FromLL.idl
[131.014s] -- Installing: /root/marvin/software/library_ws/install/robot_localization/share/robot_localization/srv/GetState.idl
[131.014s] -- Installing: /root/marvin/software/library_ws/install/robot_localization/share/robot_localization/srv/SetDatum.idl
[131.014s] -- Installing: /root/marvin/software/library_ws/install/robot_localization/share/robot_localization/srv/SetPose.idl
[131.014s] -- Installing: /root/marvin/software/library_ws/install/robot_localization/share/robot_localization/srv/ToggleFilterProcessing.idl
[131.014s] -- Installing: /root/marvin/software/library_ws/install/robot_localization/share/robot_localization/srv/ToLL.idl
[131.015s] -- Installing: /root/marvin/software/library_ws/install/robot_localization/share/robot_localization/srv/FromLL.srv
[131.015s] -- Installing: /root/marvin/software/library_ws/install/robot_localization/share/robot_localization/srv/FromLL_Request.msg
[131.015s] -- Installing: /root/marvin/software/library_ws/install/robot_localization/share/robot_localization/srv/FromLL_Response.msg
[131.015s] -- Installing: /root/marvin/software/library_ws/install/robot_localization/share/robot_localization/srv/GetState.srv
[131.015s] -- Installing: /root/marvin/software/library_ws/install/robot_localization/share/robot_localization/srv/GetState_Request.msg
[131.015s] -- Installing: /root/marvin/software/library_ws/install/robot_localization/share/robot_localization/srv/GetState_Response.msg
[131.016s] -- Installing: /root/marvin/software/library_ws/install/robot_localization/share/robot_localization/srv/SetDatum.srv
[131.016s] -- Installing: /root/marvin/software/library_ws/install/robot_localization/share/robot_localization/srv/SetDatum_Request.msg
[131.016s] -- Installing: /root/marvin/software/library_ws/install/robot_localization/share/robot_localization/srv/SetDatum_Response.msg
[131.016s] -- Installing: /root/marvin/software/library_ws/install/robot_localization/share/robot_localization/srv/SetPose.srv
[131.016s] -- Installing: /root/marvin/software/library_ws/install/robot_localization/share/robot_localization/srv/SetPose_Request.msg
[131.016s] -- Installing: /root/marvin/software/library_ws/install/robot_localization/share/robot_localization/srv/SetPose_Response.msg
[131.017s] -- Installing: /root/marvin/software/library_ws/install/robot_localization/share/robot_localization/srv/ToggleFilterProcessing.srv
[131.017s] -- Installing: /root/marvin/software/library_ws/install/robot_localization/share/robot_localization/srv/ToggleFilterProcessing_Request.msg
[131.017s] -- Installing: /root/marvin/software/library_ws/install/robot_localization/share/robot_localization/srv/ToggleFilterProcessing_Response.msg
[131.017s] -- Installing: /root/marvin/software/library_ws/install/robot_localization/share/robot_localization/srv/ToLL.srv
[131.017s] -- Installing: /root/marvin/software/library_ws/install/robot_localization/share/robot_localization/srv/ToLL_Request.msg
[131.017s] -- Installing: /root/marvin/software/library_ws/install/robot_localization/share/robot_localization/srv/ToLL_Response.msg
[131.018s] -- Installing: /root/marvin/software/library_ws/install/robot_localization/lib/robot_localization/filter_base-test
[131.029s] -- Set runtime path of "/root/marvin/software/library_ws/install/robot_localization/lib/robot_localization/filter_base-test" to ""
[131.029s] -- Installing: /root/marvin/software/library_ws/install/robot_localization/lib/robot_localization/test_filter_base_diagnostics_timestamps
[131.052s] -- Set runtime path of "/root/marvin/software/library_ws/install/robot_localization/lib/robot_localization/test_filter_base_diagnostics_timestamps" to ""
[131.052s] -- Installing: /root/marvin/software/library_ws/install/robot_localization/lib/robot_localization/test_ekf
[131.065s] -- Set runtime path of "/root/marvin/software/library_ws/install/robot_localization/lib/robot_localization/test_ekf" to ""
[131.065s] -- Installing: /root/marvin/software/library_ws/install/robot_localization/lib/robot_localization/test_ekf_localization_node_interfaces
[131.090s] -- Set runtime path of "/root/marvin/software/library_ws/install/robot_localization/lib/robot_localization/test_ekf_localization_node_interfaces" to ""
[131.090s] -- Installing: /root/marvin/software/library_ws/install/robot_localization/lib/robot_localization/test_ukf
[131.103s] -- Set runtime path of "/root/marvin/software/library_ws/install/robot_localization/lib/robot_localization/test_ukf" to ""
[131.103s] -- Installing: /root/marvin/software/library_ws/install/robot_localization/lib/robot_localization/test_ukf_localization_node_interfaces
[131.129s] -- Set runtime path of "/root/marvin/software/library_ws/install/robot_localization/lib/robot_localization/test_ukf_localization_node_interfaces" to ""
[131.129s] -- Installing: /root/marvin/software/library_ws/install/robot_localization/lib/robot_localization/test_robot_localization_estimator
[131.140s] -- Set runtime path of "/root/marvin/software/library_ws/install/robot_localization/lib/robot_localization/test_robot_localization_estimator" to ""
[131.140s] -- Installing: /root/marvin/software/library_ws/install/robot_localization/lib/robot_localization/test_navsat_conversions
[131.149s] -- Set runtime path of "/root/marvin/software/library_ws/install/robot_localization/lib/robot_localization/test_navsat_conversions" to ""
[131.149s] -- Installing: /root/marvin/software/library_ws/install/robot_localization/lib/robot_localization/test_navsat_transform
[131.160s] -- Set runtime path of "/root/marvin/software/library_ws/install/robot_localization/lib/robot_localization/test_navsat_transform" to ""
[131.161s] -- Installing: /root/marvin/software/library_ws/install/robot_localization/lib/robot_localization/test_ros_robot_localization_listener
[131.172s] -- Set runtime path of "/root/marvin/software/library_ws/install/robot_localization/lib/robot_localization/test_ros_robot_localization_listener" to ""
[131.173s] -- Installing: /root/marvin/software/library_ws/install/robot_localization/lib/robot_localization/test_ros_robot_localization_listener_publisher
[131.179s] -- Set runtime path of "/root/marvin/software/library_ws/install/robot_localization/lib/robot_localization/test_ros_robot_localization_listener_publisher" to ""
[131.179s] -- Installing: /root/marvin/software/library_ws/install/robot_localization/share/robot_localization/test
[131.179s] -- Installing: /root/marvin/software/library_ws/install/robot_localization/share/robot_localization/test/test_ekf_localization_node_bag2.sh
[131.180s] -- Installing: /root/marvin/software/library_ws/install/robot_localization/share/robot_localization/test/test_navsat_conversions.cpp
[131.180s] -- Installing: /root/marvin/software/library_ws/install/robot_localization/share/robot_localization/test/test_navsat_transform.launch.py
[131.180s] -- Installing: /root/marvin/software/library_ws/install/robot_localization/share/robot_localization/test/test_ekf_localization_node_interfaces.launch.py
[131.180s] -- Installing: /root/marvin/software/library_ws/install/robot_localization/share/robot_localization/test/test_ukf_localization_node_bag3.sh
[131.181s] -- Installing: /root/marvin/software/library_ws/install/robot_localization/share/robot_localization/test/test_ekf_localization_node_bag2.launch.py
[131.181s] -- Installing: /root/marvin/software/library_ws/install/robot_localization/share/robot_localization/test/test_robot_localization_estimator.launch.py
[131.181s] -- Installing: /root/marvin/software/library_ws/install/robot_localization/share/robot_localization/test/test_localization_node_bag_pose_tester.cpp
[131.182s] -- Installing: /root/marvin/software/library_ws/install/robot_localization/share/robot_localization/test/test_ros_robot_localization_listener.yaml
[131.183s] -- Installing: /root/marvin/software/library_ws/install/robot_localization/share/robot_localization/test/test_ekf_localization_node_bag1.launch.py
[131.183s] -- Installing: /root/marvin/software/library_ws/install/robot_localization/share/robot_localization/test/test_ekf_localization_node_bag2.yaml
[131.184s] -- Installing: /root/marvin/software/library_ws/install/robot_localization/share/robot_localization/test/test_filter_base_diagnostics_timestamps.cpp
[131.184s] -- Installing: /root/marvin/software/library_ws/install/robot_localization/share/robot_localization/test/test_ukf_localization_node_bag2.sh
[131.184s] -- Installing: /root/marvin/software/library_ws/install/robot_localization/share/robot_localization/test/test_ekf_localization_node_bag3.yaml
[131.185s] -- Installing: /root/marvin/software/library_ws/install/robot_localization/share/robot_localization/test/test_ukf_localization_node_interfaces.cpp
[131.185s] -- Installing: /root/marvin/software/library_ws/install/robot_localization/share/robot_localization/test/test_ekf.cpp
[131.185s] -- Installing: /root/marvin/software/library_ws/install/robot_localization/share/robot_localization/test/test_navsat_transform.cpp
[131.186s] -- Installing: /root/marvin/software/library_ws/install/robot_localization/share/robot_localization/test/test_ukf_localization_node_bag1.yaml
[131.186s] -- Installing: /root/marvin/software/library_ws/install/robot_localization/share/robot_localization/test/test_ekf_localization_node_bag1.sh
[131.187s] -- Installing: /root/marvin/software/library_ws/install/robot_localization/share/robot_localization/test/test_ukf_localization_node_bag2.launch.py
[131.187s] -- Installing: /root/marvin/software/library_ws/install/robot_localization/share/robot_localization/test/test_ekf_localization_node_interfaces.yaml
[131.188s] -- Installing: /root/marvin/software/library_ws/install/robot_localization/share/robot_localization/test/test_ukf_localization_node_interfaces.yaml
[131.189s] -- Installing: /root/marvin/software/library_ws/install/robot_localization/share/robot_localization/test/test_ukf.cpp
[131.189s] -- Installing: /root/marvin/software/library_ws/install/robot_localization/share/robot_localization/test/test_ros_robot_localization_listener.cpp
[131.189s] -- Installing: /root/marvin/software/library_ws/install/robot_localization/share/robot_localization/test/test_ukf_localization_node_bag3.yaml
[131.190s] -- Installing: /root/marvin/software/library_ws/install/robot_localization/share/robot_localization/test/test_ukf_localization_node_bag1.sh
[131.190s] -- Installing: /root/marvin/software/library_ws/install/robot_localization/share/robot_localization/test/test_ros_robot_localization_listener_publisher.cpp
[131.191s] -- Installing: /root/marvin/software/library_ws/install/robot_localization/share/robot_localization/test/test_filter_base_diagnostics_timestamps.launch.py
[131.191s] -- Installing: /root/marvin/software/library_ws/install/robot_localization/share/robot_localization/test/test_ekf_localization_node_bag1.yaml
[131.191s] -- Installing: /root/marvin/software/library_ws/install/robot_localization/share/robot_localization/test/test1.bag
[131.201s] -- Installing: /root/marvin/software/library_ws/install/robot_localization/share/robot_localization/test/test_ekf_localization_node_interfaces.cpp
[131.201s] -- Installing: /root/marvin/software/library_ws/install/robot_localization/share/robot_localization/test/test_ukf_localization_node_interfaces.launch.py
[131.201s] -- Installing: /root/marvin/software/library_ws/install/robot_localization/share/robot_localization/test/test_ukf_localization_node_bag2.yaml
[131.202s] -- Installing: /root/marvin/software/library_ws/install/robot_localization/share/robot_localization/test/test_ros_robot_localization_listener.launch.py
[131.202s] -- Installing: /root/marvin/software/library_ws/install/robot_localization/share/robot_localization/test/test_ekf_localization_node_bag3.sh
[131.203s] -- Installing: /root/marvin/software/library_ws/install/robot_localization/share/robot_localization/test/test2.bag
[131.208s] -- Installing: /root/marvin/software/library_ws/install/robot_localization/share/robot_localization/test/test_filter_base_diagnostics_timestamps.yaml
[131.209s] -- Installing: /root/marvin/software/library_ws/install/robot_localization/share/robot_localization/test/test3.bag
[131.338s] -- Installing: /root/marvin/software/library_ws/install/robot_localization/share/robot_localization/test/test_ukf_localization_node_bag1.launch.py
[131.338s] -- Installing: /root/marvin/software/library_ws/install/robot_localization/share/robot_localization/test/test_filter_base.cpp
[131.338s] -- Installing: /root/marvin/software/library_ws/install/robot_localization/share/robot_localization/test/test_ekf_localization_node_bag3.launch.py
[131.338s] -- Installing: /root/marvin/software/library_ws/install/robot_localization/share/robot_localization/test/test_robot_localization_estimator.cpp
[131.339s] -- Installing: /root/marvin/software/library_ws/install/robot_localization/share/robot_localization/test/test_ukf_localization_node_bag3.launch.py
[131.339s] -- Installing: /root/marvin/software/library_ws/install/robot_localization/lib/robot_localization/navsat_transform_node
[131.341s] -- Set runtime path of "/root/marvin/software/library_ws/install/robot_localization/lib/robot_localization/navsat_transform_node" to ""
[131.341s] -- Installing: /root/marvin/software/library_ws/install/robot_localization/lib/robot_localization/ekf_node
[131.343s] -- Set runtime path of "/root/marvin/software/library_ws/install/robot_localization/lib/robot_localization/ekf_node" to ""
[131.343s] -- Installing: /root/marvin/software/library_ws/install/robot_localization/lib/robot_localization/ukf_node
[131.346s] -- Set runtime path of "/root/marvin/software/library_ws/install/robot_localization/lib/robot_localization/ukf_node" to ""
[131.346s] -- Installing: /root/marvin/software/library_ws/install/robot_localization/lib/robot_localization/robot_localization_listener_node
[131.349s] -- Set runtime path of "/root/marvin/software/library_ws/install/robot_localization/lib/robot_localization/robot_localization_listener_node" to ""
[131.350s] -- Installing: /root/marvin/software/library_ws/install/robot_localization/lib/librl_lib.so
[131.455s] -- Set runtime path of "/root/marvin/software/library_ws/install/robot_localization/lib/librl_lib.so" to ""
[131.455s] -- Up-to-date: /root/marvin/software/library_ws/install/robot_localization/include
[131.455s] -- Up-to-date: /root/marvin/software/library_ws/install/robot_localization/include/robot_localization
[131.456s] -- Installing: /root/marvin/software/library_ws/install/robot_localization/include/robot_localization/filter_state.hpp
[131.456s] -- Installing: /root/marvin/software/library_ws/install/robot_localization/include/robot_localization/ros_robot_localization_listener.hpp
[131.456s] -- Installing: /root/marvin/software/library_ws/install/robot_localization/include/robot_localization/navsat_conversions.hpp
[131.456s] -- Installing: /root/marvin/software/library_ws/install/robot_localization/include/robot_localization/ukf.hpp
[131.456s] -- Installing: /root/marvin/software/library_ws/install/robot_localization/include/robot_localization/ros_filter_types.hpp
[131.456s] -- Installing: /root/marvin/software/library_ws/install/robot_localization/include/robot_localization/robot_localization_estimator.hpp
[131.457s] -- Installing: /root/marvin/software/library_ws/install/robot_localization/include/robot_localization/ros_filter_utilities.hpp
[131.457s] -- Installing: /root/marvin/software/library_ws/install/robot_localization/include/robot_localization/navsat_transform.hpp
[131.457s] -- Installing: /root/marvin/software/library_ws/install/robot_localization/include/robot_localization/ekf.hpp
[131.457s] -- Installing: /root/marvin/software/library_ws/install/robot_localization/include/robot_localization/filter_common.hpp
[131.457s] -- Installing: /root/marvin/software/library_ws/install/robot_localization/include/robot_localization/filter_utilities.hpp
[131.457s] -- Installing: /root/marvin/software/library_ws/install/robot_localization/include/robot_localization/measurement.hpp
[131.457s] -- Installing: /root/marvin/software/library_ws/install/robot_localization/include/robot_localization/ros_filter.hpp
[131.457s] -- Installing: /root/marvin/software/library_ws/install/robot_localization/include/robot_localization/filter_base.hpp
[131.457s] -- Installing: /root/marvin/software/library_ws/install/robot_localization/share/robot_localization/params
[131.457s] -- Installing: /root/marvin/software/library_ws/install/robot_localization/share/robot_localization/params/dual_ekf_navsat_example.yaml
[131.458s] -- Installing: /root/marvin/software/library_ws/install/robot_localization/share/robot_localization/params/ekf.yaml
[131.459s] -- Installing: /root/marvin/software/library_ws/install/robot_localization/share/robot_localization/params/navsat_transform.yaml
[131.460s] -- Installing: /root/marvin/software/library_ws/install/robot_localization/share/robot_localization/params/ekf_x1_x3.yaml
[131.461s] -- Installing: /root/marvin/software/library_ws/install/robot_localization/share/robot_localization/params/ukf.yaml
[131.462s] -- Installing: /root/marvin/software/library_ws/install/robot_localization/share/robot_localization/params/ekf_BK.yaml
[131.464s] -- Installing: /root/marvin/software/library_ws/install/robot_localization/share/robot_localization/launch
[131.464s] -- Installing: /root/marvin/software/library_ws/install/robot_localization/share/robot_localization/launch/ukf.launch.py
[131.464s] -- Installing: /root/marvin/software/library_ws/install/robot_localization/share/robot_localization/launch/ekf.launch.py
[131.464s] -- Installing: /root/marvin/software/library_ws/install/robot_localization/share/robot_localization/launch/navsat_transform.launch.py
[131.464s] -- Installing: /root/marvin/software/library_ws/install/robot_localization/share/robot_localization/launch/ekf_launch.py
[131.464s] -- Installing: /root/marvin/software/library_ws/install/robot_localization/share/robot_localization/launch/dual_ekf_navsat_example.launch.py
[131.464s] -- Installing: /root/marvin/software/library_ws/install/robot_localization/share/ament_index/resource_index/package_run_dependencies/robot_localization
[131.465s] -- Installing: /root/marvin/software/library_ws/install/robot_localization/share/ament_index/resource_index/parent_prefix_path/robot_localization
[131.465s] -- Installing: /root/marvin/software/library_ws/install/robot_localization/share/robot_localization/environment/ament_prefix_path.sh
[131.465s] -- Installing: /root/marvin/software/library_ws/install/robot_localization/share/robot_localization/environment/ament_prefix_path.dsv
[131.465s] -- Installing: /root/marvin/software/library_ws/install/robot_localization/share/robot_localization/environment/path.sh
[131.465s] -- Installing: /root/marvin/software/library_ws/install/robot_localization/share/robot_localization/environment/path.dsv
[131.466s] -- Installing: /root/marvin/software/library_ws/install/robot_localization/share/robot_localization/local_setup.bash
[131.466s] -- Installing: /root/marvin/software/library_ws/install/robot_localization/share/robot_localization/local_setup.sh
[131.466s] -- Installing: /root/marvin/software/library_ws/install/robot_localization/share/robot_localization/local_setup.zsh
[131.466s] -- Installing: /root/marvin/software/library_ws/install/robot_localization/share/robot_localization/local_setup.dsv
[131.466s] -- Installing: /root/marvin/software/library_ws/install/robot_localization/share/robot_localization/package.dsv
[131.467s] -- Installing: /root/marvin/software/library_ws/install/robot_localization/share/ament_index/resource_index/packages/robot_localization
[131.467s] -- Installing: /root/marvin/software/library_ws/install/robot_localization/share/robot_localization/cmake/robot_localization__rosidl_generator_cExport.cmake
[131.467s] -- Installing: /root/marvin/software/library_ws/install/robot_localization/share/robot_localization/cmake/robot_localization__rosidl_generator_cExport-relwithdebinfo.cmake
[131.467s] -- Installing: /root/marvin/software/library_ws/install/robot_localization/share/robot_localization/cmake/robot_localization__rosidl_typesupport_introspection_cExport.cmake
[131.467s] -- Installing: /root/marvin/software/library_ws/install/robot_localization/share/robot_localization/cmake/robot_localization__rosidl_typesupport_introspection_cExport-relwithdebinfo.cmake
[131.468s] -- Installing: /root/marvin/software/library_ws/install/robot_localization/share/robot_localization/cmake/robot_localization__rosidl_typesupport_cExport.cmake
[131.468s] -- Installing: /root/marvin/software/library_ws/install/robot_localization/share/robot_localization/cmake/robot_localization__rosidl_typesupport_cExport-relwithdebinfo.cmake
[131.468s] -- Installing: /root/marvin/software/library_ws/install/robot_localization/share/robot_localization/cmake/robot_localization__rosidl_generator_cppExport.cmake
[131.468s] -- Installing: /root/marvin/software/library_ws/install/robot_localization/share/robot_localization/cmake/robot_localization__rosidl_typesupport_introspection_cppExport.cmake
[131.468s] -- Installing: /root/marvin/software/library_ws/install/robot_localization/share/robot_localization/cmake/robot_localization__rosidl_typesupport_introspection_cppExport-relwithdebinfo.cmake
[131.469s] -- Installing: /root/marvin/software/library_ws/install/robot_localization/share/robot_localization/cmake/robot_localization__rosidl_typesupport_cppExport.cmake
[131.469s] -- Installing: /root/marvin/software/library_ws/install/robot_localization/share/robot_localization/cmake/robot_localization__rosidl_typesupport_cppExport-relwithdebinfo.cmake
[131.469s] -- Installing: /root/marvin/software/library_ws/install/robot_localization/share/robot_localization/cmake/rosidl_cmake-extras.cmake
[131.469s] -- Installing: /root/marvin/software/library_ws/install/robot_localization/share/robot_localization/cmake/ament_cmake_export_dependencies-extras.cmake
[131.469s] -- Installing: /root/marvin/software/library_ws/install/robot_localization/share/robot_localization/cmake/ament_cmake_export_libraries-extras.cmake
[131.470s] -- Installing: /root/marvin/software/library_ws/install/robot_localization/share/robot_localization/cmake/ament_cmake_export_targets-extras.cmake
[131.470s] -- Installing: /root/marvin/software/library_ws/install/robot_localization/share/robot_localization/cmake/ament_cmake_export_include_directories-extras.cmake
[131.470s] -- Installing: /root/marvin/software/library_ws/install/robot_localization/share/robot_localization/cmake/rosidl_cmake_export_typesupport_libraries-extras.cmake
[131.470s] -- Installing: /root/marvin/software/library_ws/install/robot_localization/share/robot_localization/cmake/rosidl_cmake_export_typesupport_targets-extras.cmake
[131.470s] -- Installing: /root/marvin/software/library_ws/install/robot_localization/share/robot_localization/cmake/robot_localizationConfig.cmake
[131.471s] -- Installing: /root/marvin/software/library_ws/install/robot_localization/share/robot_localization/cmake/robot_localizationConfig-version.cmake
[131.471s] -- Installing: /root/marvin/software/library_ws/install/robot_localization/share/robot_localization/package.xml
[131.474s] Invoked command in '/root/marvin/software/library_ws/build/robot_localization' returned '0': CMAKE_PREFIX_PATH=${CMAKE_PREFIX_PATH}:/root/marvin/marvin_ws/install/marvincar_nav:/root/marvin/marvin_ws/install/marvincar_laser:/root/marvin/marvin_ws/install/marvincar_description:/root/marvin/marvin_ws/install/marvincar_ctrl:/root/marvin/marvin_ws/install/marvincar_bringup:/opt/ros/foxy /usr/bin/cmake --install /root/marvin/software/library_ws/build/robot_localization
