[0.020s] Invoking command in '/home/marvin/marvin/build/yahboomcar_base_node': CMAKE_PREFIX_PATH=/opt/ros/foxy /usr/bin/cmake --build /home/marvin/marvin/build/yahboomcar_base_node -- -j2 -l2
[0.232s] [100%] Built target base_node_R2
[0.291s] Invoked command in '/home/marvin/marvin/build/yahboomcar_base_node' returned '0': CMAKE_PREFIX_PATH=/opt/ros/foxy /usr/bin/cmake --build /home/marvin/marvin/build/yahboomcar_base_node -- -j2 -l2
[0.390s] Invoking command in '/home/marvin/marvin/build/yahboomcar_base_node': CMAKE_PREFIX_PATH=/opt/ros/foxy /usr/bin/cmake --install /home/marvin/marvin/build/yahboomcar_base_node
[0.413s] -- Install configuration: ""
[0.415s] -- Up-to-date: /home/marvin/marvin/install/yahboomcar_base_node/lib/yahboomcar_base_node/base_node_R2
[0.416s] -- Up-to-date: /home/marvin/marvin/install/yahboomcar_base_node/share/ament_index/resource_index/package_run_dependencies/yahboomcar_base_node
[0.416s] -- Up-to-date: /home/marvin/marvin/install/yahboomcar_base_node/share/ament_index/resource_index/parent_prefix_path/yahboomcar_base_node
[0.419s] -- Up-to-date: /home/marvin/marvin/install/yahboomcar_base_node/share/yahboomcar_base_node/environment/ament_prefix_path.sh
[0.419s] -- Up-to-date: /home/marvin/marvin/install/yahboomcar_base_node/share/yahboomcar_base_node/environment/ament_prefix_path.dsv
[0.419s] -- Up-to-date: /home/marvin/marvin/install/yahboomcar_base_node/share/yahboomcar_base_node/environment/path.sh
[0.420s] -- Up-to-date: /home/marvin/marvin/install/yahboomcar_base_node/share/yahboomcar_base_node/environment/path.dsv
[0.420s] -- Up-to-date: /home/marvin/marvin/install/yahboomcar_base_node/share/yahboomcar_base_node/local_setup.bash
[0.420s] -- Up-to-date: /home/marvin/marvin/install/yahboomcar_base_node/share/yahboomcar_base_node/local_setup.sh
[0.420s] -- Up-to-date: /home/marvin/marvin/install/yahboomcar_base_node/share/yahboomcar_base_node/local_setup.zsh
[0.423s] -- Up-to-date: /home/marvin/marvin/install/yahboomcar_base_node/share/yahboomcar_base_node/local_setup.dsv
[0.423s] -- Installing: /home/marvin/marvin/install/yahboomcar_base_node/share/yahboomcar_base_node/package.dsv
[0.427s] -- Up-to-date: /home/marvin/marvin/install/yahboomcar_base_node/share/ament_index/resource_index/packages/yahboomcar_base_node
[0.427s] -- Up-to-date: /home/marvin/marvin/install/yahboomcar_base_node/share/yahboomcar_base_node/cmake/yahboomcar_base_nodeConfig.cmake
[0.428s] -- Up-to-date: /home/marvin/marvin/install/yahboomcar_base_node/share/yahboomcar_base_node/cmake/yahboomcar_base_nodeConfig-version.cmake
[0.428s] -- Up-to-date: /home/marvin/marvin/install/yahboomcar_base_node/share/yahboomcar_base_node/package.xml
[0.441s] Invoked command in '/home/marvin/marvin/build/yahboomcar_base_node' returned '0': CMAKE_PREFIX_PATH=/opt/ros/foxy /usr/bin/cmake --install /home/marvin/marvin/build/yahboomcar_base_node
