[0.026s] Invoking command in '/root/marvin/software/library_ws/build/robot_localization': CMAKE_PREFIX_PATH=/opt/ros/foxy /usr/bin/cmake /root/marvin/software/library_ws/src/robot_localization -DCMAKE_INSTALL_PREFIX=/root/marvin/software/library_ws/install/robot_localization
[0.279s] -- The C compiler identification is GNU 9.4.0
[0.410s] -- The CXX compiler identification is GNU 9.4.0
[0.428s] -- Check for working C compiler: /usr/bin/cc
[0.519s] -- Check for working C compiler: /usr/bin/cc -- works
[0.522s] -- Detecting C compiler ABI info
[0.601s] -- Detecting C compiler ABI info - done
[0.613s] -- Detecting C compile features
[0.614s] -- Detecting C compile features - done
[0.620s] -- Check for working CXX compiler: /usr/bin/c++
[0.706s] -- Check for working CXX compiler: /usr/bin/c++ -- works
[0.707s] -- Detecting CXX compiler ABI info
[0.791s] -- Detecting CXX compiler ABI info - done
[0.802s] -- Detecting CXX compile features
[0.803s] -- Detecting CXX compile features - done
[0.803s] -- robot_localization: You did not request a specific build type: selecting 'RelWithDebInfo'.
[0.814s] -- Found ament_cmake: 0.9.12 (/opt/ros/foxy/share/ament_cmake/cmake)
[0.850s] -- Found PythonInterp: /usr/bin/python3 (found suitable version "3.8.10", minimum required is "3") 
[0.850s] -- Using PYTHON_EXECUTABLE: /usr/bin/python3
[1.095s] -- Found rclcpp: 2.4.3 (/opt/ros/foxy/share/rclcpp/cmake)
[1.191s] -- Using all available rosidl_typesupport_c: rosidl_typesupport_fastrtps_c;rosidl_typesupport_introspection_c
[1.208s] -- Found rosidl_adapter: 1.3.1 (/opt/ros/foxy/share/rosidl_adapter/cmake)
[1.345s] -- Found OpenSSL: /usr/lib/x86_64-linux-gnu/libcrypto.so (found version "1.1.1f")  
[1.378s] -- Found FastRTPS: /opt/ros/foxy/include  
[1.497s] -- Using all available rosidl_typesupport_cpp: rosidl_typesupport_fastrtps_cpp;rosidl_typesupport_introspection_cpp
[1.600s] -- Found rmw_implementation_cmake: 1.0.4 (/opt/ros/foxy/share/rmw_implementation_cmake/cmake)
[1.605s] -- Using RMW implementation 'rmw_fastrtps_cpp' as default
[1.608s] -- Looking for pthread.h
[1.716s] -- Looking for pthread.h - found
[1.716s] -- Performing Test CMAKE_HAVE_LIBC_PTHREAD
[1.801s] -- Performing Test CMAKE_HAVE_LIBC_PTHREAD - Failed
[1.801s] -- Looking for pthread_create in pthreads
[1.873s] -- Looking for pthread_create in pthreads - not found
[1.873s] -- Looking for pthread_create in pthread
[1.951s] -- Looking for pthread_create in pthread - found
[1.952s] -- Found Threads: TRUE  
[2.161s] -- Found diagnostic_msgs: 2.0.5 (/opt/ros/foxy/share/diagnostic_msgs/cmake)
[2.272s] -- Found diagnostic_updater: 3.1.2 (/opt/ros/foxy/share/diagnostic_updater/cmake)
[2.353s] -- Found geographic_msgs: 1.0.4 (/opt/ros/foxy/share/geographic_msgs/cmake)
[2.567s] -- Found nav_msgs: 2.0.5 (/opt/ros/foxy/share/nav_msgs/cmake)
[2.667s] -- Found rosidl_default_generators: 1.0.1 (/opt/ros/foxy/share/rosidl_default_generators/cmake)
[2.695s] -- Found sensor_msgs: 2.0.5 (/opt/ros/foxy/share/sensor_msgs/cmake)
[2.802s] -- Found std_srvs: 2.0.5 (/opt/ros/foxy/share/std_srvs/cmake)
[2.832s] -- Found tf2: 0.13.14 (/opt/ros/foxy/share/tf2/cmake)
[2.855s] -- Found tf2_eigen: 0.13.14 (/opt/ros/foxy/share/tf2_eigen/cmake)
[3.363s] -- Found tf2_geometry_msgs: 0.13.14 (/opt/ros/foxy/share/tf2_geometry_msgs/cmake)
[3.377s] -- Found Eigen3: TRUE (found version "3.3.7") 
[3.433s] -- Found Boost: /usr/lib/x86_64-linux-gnu/cmake/Boost-1.71.0/BoostConfig.cmake (found version "1.71.0")  
[3.439s] -- Found yaml_cpp_vendor: 7.0.3 (/opt/ros/foxy/share/yaml_cpp_vendor/cmake)
[3.439s] -- Setting yaml-cpp_DIR to: '/opt/ros/foxy/share/yaml_cpp_vendor/cmake/../../../opt/yaml_cpp_vendor/lib/cmake/yaml-cpp'
[3.447s] -- Found GeographicLib: /usr/lib/x86_64-linux-gnu  
[3.475s] -- Found PythonInterp: /usr/bin/python3 (found version "3.8.10") 
[3.759s] -- Found ament_cmake_cppcheck: 0.9.8 (/opt/ros/foxy/share/ament_cmake_cppcheck/cmake)
[3.765s] -- Found ament_cmake_cpplint: 0.9.8 (/opt/ros/foxy/share/ament_cmake_cpplint/cmake)
[3.769s] -- Found ament_cmake_uncrustify: 0.9.8 (/opt/ros/foxy/share/ament_cmake_uncrustify/cmake)
[3.776s] -- Found ament_cmake_ros: 0.9.2 (/opt/ros/foxy/share/ament_cmake_ros/cmake)
[4.159s] -- Using all available rosidl_typesupport_c: rosidl_typesupport_fastrtps_c;rosidl_typesupport_introspection_c
[4.354s] -- Using all available rosidl_typesupport_cpp: rosidl_typesupport_fastrtps_cpp;rosidl_typesupport_introspection_cpp
[4.389s] -- Found PythonInterp: /usr/bin/python3 (found suitable version "3.8.10", minimum required is "3.5") 
[4.393s] -- Found python_cmake_module: 0.8.1 (/opt/ros/foxy/share/python_cmake_module/cmake)
[4.432s] -- Found PythonLibs: /usr/lib/x86_64-linux-gnu/libpython3.8.so (found suitable version "3.8.10", minimum required is "3.5") 
[4.433s] -- Using PYTHON_EXECUTABLE: /usr/bin/python3
[4.433s] -- Using PYTHON_INCLUDE_DIRS: /usr/include/python3.8
[4.433s] -- Using PYTHON_LIBRARIES: /usr/lib/x86_64-linux-gnu/libpython3.8.so
[4.457s] -- Found PythonExtra: .so  
[4.583s] -- Found ament_cmake_flake8: 0.9.8 (/opt/ros/foxy/share/ament_cmake_flake8/cmake)
[4.589s] -- Found ament_cmake_pep257: 0.9.8 (/opt/ros/foxy/share/ament_cmake_pep257/cmake)
[4.612s] -- Found ament_cmake_lint_cmake: 0.9.8 (/opt/ros/foxy/share/ament_cmake_lint_cmake/cmake)
[4.618s] -- Found launch_testing_ament_cmake: 0.10.10 (/opt/ros/foxy/share/launch_testing_ament_cmake/cmake)
[4.648s] -- Using PYTHON_EXECUTABLE: /usr/bin/python3
[4.648s] -- Using PYTHON_INCLUDE_DIRS: /usr/include/python3.8
[4.648s] -- Using PYTHON_LIBRARIES: /usr/lib/x86_64-linux-gnu/libpython3.8.so
[4.657s] -- Found gtest sources under '/opt/ros/foxy/src/gtest_vendor': C++ tests using 'Google Test' will be built
[4.662s] -- Check if compiler accepts -pthread
[4.754s] -- Check if compiler accepts -pthread - yes
[4.813s] -- Configuring done
[5.332s] -- Generating done
[5.338s] -- Build files have been written to: /root/marvin/software/library_ws/build/robot_localization
[5.357s] Invoked command in '/root/marvin/software/library_ws/build/robot_localization' returned '0': CMAKE_PREFIX_PATH=/opt/ros/foxy /usr/bin/cmake /root/marvin/software/library_ws/src/robot_localization -DCMAKE_INSTALL_PREFIX=/root/marvin/software/library_ws/install/robot_localization
[5.361s] Invoking command in '/root/marvin/software/library_ws/build/robot_localization': CMAKE_PREFIX_PATH=/opt/ros/foxy /usr/bin/cmake --build /root/marvin/software/library_ws/build/robot_localization -- -j6 -l6
[5.425s] [35m[1mScanning dependencies of target gtest_main[0m
[5.425s] [35m[1mScanning dependencies of target gtest[0m
[5.425s] [35m[1mScanning dependencies of target robot_localization__cpp[0m
[5.430s] [  1%] [34m[1mGenerating C code for ROS interfaces[0m
[5.447s] [  2%] [34m[1mGenerating C++ code for ROS interfaces[0m
[5.473s] [  4%] [32mBuilding CXX object gtest/CMakeFiles/gtest_main.dir/src/gtest_main.cc.o[0m
[5.473s] [  4%] [32mBuilding CXX object gtest/CMakeFiles/gtest.dir/src/gtest-all.cc.o[0m
[6.485s] [  4%] Built target robot_localization__cpp
[6.506s] [  5%] [34m[1mGenerating C++ type support dispatch for ROS interfaces[0m
[6.642s] [  6%] [34m[1mGenerating C++ type support for eProsima Fast-RTPS[0m
[6.648s] [35m[1mScanning dependencies of target robot_localization__rosidl_generator_c[0m
[6.650s] [  7%] [34m[1mGenerating C++ introspection for ROS interfaces[0m
[6.792s] [  7%] [32mBuilding C object CMakeFiles/robot_localization__rosidl_generator_c.dir/rosidl_generator_c/robot_localization/srv/detail/from_ll__functions.c.o[0m
[7.239s] [  8%] [32mBuilding C object CMakeFiles/robot_localization__rosidl_generator_c.dir/rosidl_generator_c/robot_localization/srv/detail/get_state__functions.c.o[0m
[7.315s] [35m[1mScanning dependencies of target robot_localization__rosidl_typesupport_cpp[0m
[7.428s] [  9%] [32mBuilding CXX object CMakeFiles/robot_localization__rosidl_typesupport_cpp.dir/rosidl_typesupport_cpp/robot_localization/srv/from_ll__type_support.cpp.o[0m
[7.499s] [ 10%] [32mBuilding C object CMakeFiles/robot_localization__rosidl_generator_c.dir/rosidl_generator_c/robot_localization/srv/detail/set_datum__functions.c.o[0m
[7.603s] [ 10%] [32m[1mLinking CXX static library libgtest_main.a[0m
[7.661s] [35m[1mScanning dependencies of target robot_localization__rosidl_typesupport_introspection_cpp[0m
[7.689s] [ 10%] Built target gtest_main
[7.704s] [ 11%] [32mBuilding C object CMakeFiles/robot_localization__rosidl_generator_c.dir/rosidl_generator_c/robot_localization/srv/detail/set_pose__functions.c.o[0m
[7.725s] [ 11%] [32mBuilding CXX object CMakeFiles/robot_localization__rosidl_typesupport_introspection_cpp.dir/rosidl_typesupport_introspection_cpp/robot_localization/srv/detail/from_ll__type_support.cpp.o[0m
[7.744s] [ 12%] [32mBuilding CXX object CMakeFiles/robot_localization__rosidl_typesupport_introspection_cpp.dir/rosidl_typesupport_introspection_cpp/robot_localization/srv/detail/get_state__type_support.cpp.o[0m
[7.894s] [35m[1mScanning dependencies of target robot_localization__rosidl_typesupport_fastrtps_cpp[0m
[7.971s] [ 13%] [32mBuilding CXX object CMakeFiles/robot_localization__rosidl_typesupport_cpp.dir/rosidl_typesupport_cpp/robot_localization/srv/get_state__type_support.cpp.o[0m
[8.033s] [ 14%] [32mBuilding C object CMakeFiles/robot_localization__rosidl_generator_c.dir/rosidl_generator_c/robot_localization/srv/detail/toggle_filter_processing__functions.c.o[0m
[8.033s] [ 15%] [32mBuilding CXX object CMakeFiles/robot_localization__rosidl_typesupport_fastrtps_cpp.dir/rosidl_typesupport_fastrtps_cpp/robot_localization/srv/detail/dds_fastrtps/from_ll__type_support.cpp.o[0m
[8.368s] [ 16%] [32mBuilding CXX object CMakeFiles/robot_localization__rosidl_typesupport_fastrtps_cpp.dir/rosidl_typesupport_fastrtps_cpp/robot_localization/srv/detail/dds_fastrtps/get_state__type_support.cpp.o[0m
[8.386s] [ 17%] [32mBuilding C object CMakeFiles/robot_localization__rosidl_generator_c.dir/rosidl_generator_c/robot_localization/srv/detail/to_ll__functions.c.o[0m
[8.517s] [ 18%] [32mBuilding CXX object CMakeFiles/robot_localization__rosidl_typesupport_introspection_cpp.dir/rosidl_typesupport_introspection_cpp/robot_localization/srv/detail/set_datum__type_support.cpp.o[0m
[8.806s] [ 19%] [32m[1mLinking C shared library librobot_localization__rosidl_generator_c.so[0m
[8.969s] [ 20%] [32mBuilding CXX object CMakeFiles/robot_localization__rosidl_typesupport_cpp.dir/rosidl_typesupport_cpp/robot_localization/srv/set_datum__type_support.cpp.o[0m
[8.970s] [ 20%] Built target robot_localization__rosidl_generator_c
[8.999s] [ 21%] [32mBuilding CXX object CMakeFiles/robot_localization__rosidl_typesupport_cpp.dir/rosidl_typesupport_cpp/robot_localization/srv/set_pose__type_support.cpp.o[0m
[9.596s] [ 22%] [32mBuilding CXX object CMakeFiles/robot_localization__rosidl_typesupport_fastrtps_cpp.dir/rosidl_typesupport_fastrtps_cpp/robot_localization/srv/detail/dds_fastrtps/set_datum__type_support.cpp.o[0m
[9.616s] [ 23%] [32mBuilding CXX object CMakeFiles/robot_localization__rosidl_typesupport_introspection_cpp.dir/rosidl_typesupport_introspection_cpp/robot_localization/srv/detail/set_pose__type_support.cpp.o[0m
[9.806s] [ 24%] [32mBuilding CXX object CMakeFiles/robot_localization__rosidl_typesupport_cpp.dir/rosidl_typesupport_cpp/robot_localization/srv/toggle_filter_processing__type_support.cpp.o[0m
[9.856s] [ 24%] [32mBuilding CXX object CMakeFiles/robot_localization__rosidl_typesupport_fastrtps_cpp.dir/rosidl_typesupport_fastrtps_cpp/robot_localization/srv/detail/dds_fastrtps/set_pose__type_support.cpp.o[0m
[9.859s] [ 24%] [32mBuilding CXX object CMakeFiles/robot_localization__rosidl_typesupport_cpp.dir/rosidl_typesupport_cpp/robot_localization/srv/to_ll__type_support.cpp.o[0m
[10.251s] [ 25%] [32mBuilding CXX object CMakeFiles/robot_localization__rosidl_typesupport_introspection_cpp.dir/rosidl_typesupport_introspection_cpp/robot_localization/srv/detail/toggle_filter_processing__type_support.cpp.o[0m
[10.374s] [ 26%] [32mBuilding CXX object CMakeFiles/robot_localization__rosidl_typesupport_introspection_cpp.dir/rosidl_typesupport_introspection_cpp/robot_localization/srv/detail/to_ll__type_support.cpp.o[0m
[10.495s] [ 27%] [32m[1mLinking CXX shared library librobot_localization__rosidl_typesupport_cpp.so[0m
[10.577s] [ 28%] [32mBuilding CXX object CMakeFiles/robot_localization__rosidl_typesupport_fastrtps_cpp.dir/rosidl_typesupport_fastrtps_cpp/robot_localization/srv/detail/dds_fastrtps/toggle_filter_processing__type_support.cpp.o[0m
[10.595s] [ 28%] Built target robot_localization__rosidl_typesupport_cpp
[10.620s] [ 29%] [34m[1mGenerating C type support dispatch for ROS interfaces[0m
[10.841s] [ 30%] [34m[1mGenerating C introspection for ROS interfaces[0m
[10.879s] [ 31%] [32mBuilding CXX object CMakeFiles/robot_localization__rosidl_typesupport_fastrtps_cpp.dir/rosidl_typesupport_fastrtps_cpp/robot_localization/srv/detail/dds_fastrtps/to_ll__type_support.cpp.o[0m
[10.977s] [ 32%] [32m[1mLinking CXX shared library librobot_localization__rosidl_typesupport_introspection_cpp.so[0m
[11.138s] [ 32%] Built target robot_localization__rosidl_typesupport_introspection_cpp
[11.292s] [35m[1mScanning dependencies of target robot_localization__rosidl_typesupport_c[0m
[11.345s] [ 32%] [32mBuilding CXX object CMakeFiles/robot_localization__rosidl_typesupport_c.dir/rosidl_typesupport_c/robot_localization/srv/from_ll__type_support.cpp.o[0m
[11.346s] [ 33%] [32mBuilding CXX object CMakeFiles/robot_localization__rosidl_typesupport_c.dir/rosidl_typesupport_c/robot_localization/srv/get_state__type_support.cpp.o[0m
[11.399s] [ 34%] [32mBuilding CXX object CMakeFiles/robot_localization__rosidl_typesupport_c.dir/rosidl_typesupport_c/robot_localization/srv/set_datum__type_support.cpp.o[0m
[11.408s] [ 35%] [32mBuilding CXX object CMakeFiles/robot_localization__rosidl_typesupport_c.dir/rosidl_typesupport_c/robot_localization/srv/set_pose__type_support.cpp.o[0m
[11.415s] [ 36%] [32mBuilding CXX object CMakeFiles/robot_localization__rosidl_typesupport_c.dir/rosidl_typesupport_c/robot_localization/srv/toggle_filter_processing__type_support.cpp.o[0m
[11.456s] [ 37%] [32mBuilding CXX object CMakeFiles/robot_localization__rosidl_typesupport_c.dir/rosidl_typesupport_c/robot_localization/srv/to_ll__type_support.cpp.o[0m
[11.514s] [ 38%] [32m[1mLinking CXX shared library librobot_localization__rosidl_typesupport_c.so[0m
[11.589s] [ 38%] Built target robot_localization__rosidl_typesupport_c
[11.620s] [35m[1mScanning dependencies of target robot_localization__rosidl_typesupport_introspection_c[0m
[11.659s] [ 39%] [32mBuilding C object CMakeFiles/robot_localization__rosidl_typesupport_introspection_c.dir/rosidl_typesupport_introspection_c/robot_localization/srv/detail/from_ll__type_support.c.o[0m
[11.660s] [ 40%] [32mBuilding C object CMakeFiles/robot_localization__rosidl_typesupport_introspection_c.dir/rosidl_typesupport_introspection_c/robot_localization/srv/detail/get_state__type_support.c.o[0m
[11.666s] [ 40%] [32mBuilding C object CMakeFiles/robot_localization__rosidl_typesupport_introspection_c.dir/rosidl_typesupport_introspection_c/robot_localization/srv/detail/set_datum__type_support.c.o[0m
[11.674s] [ 41%] [32mBuilding C object CMakeFiles/robot_localization__rosidl_typesupport_introspection_c.dir/rosidl_typesupport_introspection_c/robot_localization/srv/detail/set_pose__type_support.c.o[0m
[11.721s] [ 42%] [32m[1mLinking CXX shared library librobot_localization__rosidl_typesupport_fastrtps_cpp.so[0m
[11.739s] [ 43%] [32mBuilding C object CMakeFiles/robot_localization__rosidl_typesupport_introspection_c.dir/rosidl_typesupport_introspection_c/robot_localization/srv/detail/toggle_filter_processing__type_support.c.o[0m
[11.742s] [ 44%] [32mBuilding C object CMakeFiles/robot_localization__rosidl_typesupport_introspection_c.dir/rosidl_typesupport_introspection_c/robot_localization/srv/detail/to_ll__type_support.c.o[0m
[11.820s] [ 45%] [32m[1mLinking C shared library librobot_localization__rosidl_typesupport_introspection_c.so[0m
[11.877s] [ 45%] Built target robot_localization__rosidl_typesupport_introspection_c
[11.899s] [ 45%] Built target robot_localization__rosidl_typesupport_fastrtps_cpp
[11.916s] [ 46%] [34m[1mGenerating C type support for eProsima Fast-RTPS[0m
[12.542s] [35m[1mScanning dependencies of target robot_localization__rosidl_typesupport_fastrtps_c[0m
[12.595s] [ 47%] [32mBuilding CXX object CMakeFiles/robot_localization__rosidl_typesupport_fastrtps_c.dir/rosidl_typesupport_fastrtps_c/robot_localization/srv/detail/from_ll__type_support_c.cpp.o[0m
[12.596s] [ 48%] [32mBuilding CXX object CMakeFiles/robot_localization__rosidl_typesupport_fastrtps_c.dir/rosidl_typesupport_fastrtps_c/robot_localization/srv/detail/set_datum__type_support_c.cpp.o[0m
[12.596s] [ 49%] [32mBuilding CXX object CMakeFiles/robot_localization__rosidl_typesupport_fastrtps_c.dir/rosidl_typesupport_fastrtps_c/robot_localization/srv/detail/get_state__type_support_c.cpp.o[0m
[12.603s] [ 50%] [32mBuilding CXX object CMakeFiles/robot_localization__rosidl_typesupport_fastrtps_c.dir/rosidl_typesupport_fastrtps_c/robot_localization/srv/detail/set_pose__type_support_c.cpp.o[0m
[12.609s] [ 51%] [32mBuilding CXX object CMakeFiles/robot_localization__rosidl_typesupport_fastrtps_c.dir/rosidl_typesupport_fastrtps_c/robot_localization/srv/detail/toggle_filter_processing__type_support_c.cpp.o[0m
[13.660s] [ 51%] [32mBuilding CXX object CMakeFiles/robot_localization__rosidl_typesupport_fastrtps_c.dir/rosidl_typesupport_fastrtps_c/robot_localization/srv/detail/to_ll__type_support_c.cpp.o[0m
[14.185s] [ 52%] [32m[1mLinking CXX shared library librobot_localization__rosidl_typesupport_fastrtps_c.so[0m
[14.338s] [ 52%] Built target robot_localization__rosidl_typesupport_fastrtps_c
[14.353s] [35m[1mScanning dependencies of target robot_localization[0m
[14.368s] [ 52%] Built target robot_localization
[14.382s] [35m[1mScanning dependencies of target robot_localization__py[0m
[14.382s] [35m[1mScanning dependencies of target rl_lib[0m
[14.399s] [ 53%] [34m[1mGenerating Python code for ROS interfaces[0m
[15.093s] [ 54%] [32mBuilding CXX object CMakeFiles/rl_lib.dir/src/ekf.cpp.o[0m
[15.100s] [ 55%] [32mBuilding CXX object CMakeFiles/rl_lib.dir/src/filter_utilities.cpp.o[0m
[15.103s] [ 56%] [32mBuilding CXX object CMakeFiles/rl_lib.dir/src/ukf.cpp.o[0m
[15.107s] [ 57%] [32mBuilding CXX object CMakeFiles/rl_lib.dir/src/filter_base.cpp.o[0m
[16.869s] [ 57%] Built target robot_localization__py
[16.892s] [35m[1mScanning dependencies of target robot_localization__python[0m
[17.198s] [ 58%] [32mBuilding C object CMakeFiles/robot_localization__python.dir/rosidl_generator_py/robot_localization/srv/_from_ll_s.c.o[0m
[17.601s] [ 58%] [32mBuilding C object CMakeFiles/robot_localization__python.dir/rosidl_generator_py/robot_localization/srv/_get_state_s.c.o[0m
[18.064s] [ 59%] [32mBuilding C object CMakeFiles/robot_localization__python.dir/rosidl_generator_py/robot_localization/srv/_set_datum_s.c.o[0m
[18.416s] [ 60%] [32mBuilding C object CMakeFiles/robot_localization__python.dir/rosidl_generator_py/robot_localization/srv/_set_pose_s.c.o[0m
[18.657s] [ 61%] [32mBuilding C object CMakeFiles/robot_localization__python.dir/rosidl_generator_py/robot_localization/srv/_toggle_filter_processing_s.c.o[0m
[18.747s] [ 62%] [32mBuilding CXX object CMakeFiles/rl_lib.dir/src/navsat_transform.cpp.o[0m
[19.040s] [ 63%] [32mBuilding C object CMakeFiles/robot_localization__python.dir/rosidl_generator_py/robot_localization/srv/_to_ll_s.c.o[0m
[19.329s] [ 64%] [32m[1mLinking C shared library rosidl_generator_py/robot_localization/librobot_localization__python.so[0m
[19.428s] [ 64%] Built target robot_localization__python
[19.456s] [35m[1mScanning dependencies of target robot_localization__rosidl_typesupport_fastrtps_c__pyext[0m
[19.590s] [ 65%] [32mBuilding C object CMakeFiles/robot_localization__rosidl_typesupport_fastrtps_c__pyext.dir/rosidl_generator_py/robot_localization/_robot_localization_s.ep.rosidl_typesupport_fastrtps_c.c.o[0m
[20.543s] [ 66%] [32m[1mLinking CXX shared library rosidl_generator_py/robot_localization/robot_localization_s__rosidl_typesupport_fastrtps_c.cpython-38-x86_64-linux-gnu.so[0m
[21.100s] [ 66%] Built target robot_localization__rosidl_typesupport_fastrtps_c__pyext
[21.200s] [35m[1mScanning dependencies of target robot_localization__rosidl_typesupport_introspection_c__pyext[0m
[21.338s] [ 67%] [32mBuilding C object CMakeFiles/robot_localization__rosidl_typesupport_introspection_c__pyext.dir/rosidl_generator_py/robot_localization/_robot_localization_s.ep.rosidl_typesupport_introspection_c.c.o[0m
[22.346s] [ 68%] [32m[1mLinking C shared library rosidl_generator_py/robot_localization/robot_localization_s__rosidl_typesupport_introspection_c.cpython-38-x86_64-linux-gnu.so[0m
[22.578s] [ 68%] Built target robot_localization__rosidl_typesupport_introspection_c__pyext
[22.599s] [35m[1mScanning dependencies of target robot_localization__rosidl_typesupport_c__pyext[0m
[22.651s] [ 69%] [32mBuilding C object CMakeFiles/robot_localization__rosidl_typesupport_c__pyext.dir/rosidl_generator_py/robot_localization/_robot_localization_s.ep.rosidl_typesupport_c.c.o[0m
[23.473s] [ 69%] [32m[1mLinking C shared library rosidl_generator_py/robot_localization/robot_localization_s__rosidl_typesupport_c.cpython-38-x86_64-linux-gnu.so[0m
[23.570s] [ 69%] Built target robot_localization__rosidl_typesupport_c__pyext
[23.590s] [ 69%] [32mBuilding CXX object CMakeFiles/rl_lib.dir/src/robot_localization_estimator.cpp.o[0m
[27.172s] [ 70%] [32mBuilding CXX object CMakeFiles/rl_lib.dir/src/ros_filter.cpp.o[0m
[29.370s] [ 71%] [32mBuilding CXX object CMakeFiles/rl_lib.dir/src/ros_filter_utilities.cpp.o[0m
[29.488s] [ 72%] [32m[1mLinking CXX static library libgtest.a[0m
[29.764s] [ 72%] Built target gtest
[29.792s] [ 73%] [32mBuilding CXX object CMakeFiles/rl_lib.dir/src/ros_robot_localization_listener.cpp.o[0m
[116.886s] [ 74%] [32m[1mLinking CXX shared library librl_lib.so[0m
[118.573s] [ 74%] Built target rl_lib
[118.596s] [35m[1mScanning dependencies of target test_ekf[0m
[118.596s] [35m[1mScanning dependencies of target test_ros_robot_localization_listener[0m
[118.598s] [35m[1mScanning dependencies of target test_robot_localization_estimator[0m
[118.600s] [35m[1mScanning dependencies of target ukf_node[0m
[118.601s] [35m[1mScanning dependencies of target test_navsat_conversions[0m
[118.602s] [35m[1mScanning dependencies of target test_ros_robot_localization_listener_publisher[0m
[118.680s] [ 74%] [32mBuilding CXX object CMakeFiles/test_navsat_conversions.dir/test/test_navsat_conversions.cpp.o[0m
[118.747s] [ 74%] [32mBuilding CXX object CMakeFiles/test_ros_robot_localization_listener_publisher.dir/test/test_ros_robot_localization_listener_publisher.cpp.o[0m
[118.755s] [ 75%] [32mBuilding CXX object CMakeFiles/test_robot_localization_estimator.dir/test/test_robot_localization_estimator.cpp.o[0m
[118.792s] [ 76%] [32mBuilding CXX object CMakeFiles/test_ekf.dir/test/test_ekf.cpp.o[0m
[118.796s] [ 77%] [32mBuilding CXX object CMakeFiles/ukf_node.dir/src/ukf_node.cpp.o[0m
[118.842s] [ 78%] [32mBuilding CXX object CMakeFiles/test_ros_robot_localization_listener.dir/test/test_ros_robot_localization_listener.cpp.o[0m
[121.518s] [ 79%] [32m[1mLinking CXX executable test_navsat_conversions[0m
[122.202s] [ 79%] Built target test_navsat_conversions
[122.259s] [35m[1mScanning dependencies of target ekf_node[0m
[122.578s] [ 79%] [32mBuilding CXX object CMakeFiles/ekf_node.dir/src/ekf_node.cpp.o[0m
[128.652s] [ 80%] [32m[1mLinking CXX executable test_robot_localization_estimator[0m
[128.686s] [ 81%] [32m[1mLinking CXX executable ukf_node[0m
[129.199s] [ 81%] Built target ukf_node
[129.217s] [35m[1mScanning dependencies of target test_ukf[0m
[129.385s] [ 81%] Built target test_robot_localization_estimator
[129.391s] [ 82%] [32mBuilding CXX object CMakeFiles/test_ukf.dir/test/test_ukf.cpp.o[0m
[129.447s] [35m[1mScanning dependencies of target test_navsat_transform[0m
[129.627s] [ 83%] [32m[1mLinking CXX executable test_ros_robot_localization_listener[0m
[129.644s] [ 84%] [32mBuilding CXX object CMakeFiles/test_navsat_transform.dir/test/test_navsat_transform.cpp.o[0m
[130.320s] [ 84%] Built target test_ros_robot_localization_listener
[130.356s] [35m[1mScanning dependencies of target filter_base-test[0m
[130.529s] [ 85%] [32mBuilding CXX object CMakeFiles/filter_base-test.dir/test/test_filter_base.cpp.o[0m
[130.935s] [ 86%] [32m[1mLinking CXX executable test_ekf[0m
[131.595s] [ 86%] Built target test_ekf
[131.622s] [35m[1mScanning dependencies of target navsat_transform_node[0m
[131.767s] [ 87%] [32m[1mLinking CXX executable ekf_node[0m
[131.822s] [ 88%] [32mBuilding CXX object CMakeFiles/navsat_transform_node.dir/src/navsat_transform_node.cpp.o[0m
[132.233s] [ 88%] Built target ekf_node
[132.257s] [35m[1mScanning dependencies of target robot_localization_listener_node[0m
[132.530s] [ 89%] [32mBuilding CXX object CMakeFiles/robot_localization_listener_node.dir/src/robot_localization_listener_node.cpp.o[0m
[134.387s] [ 90%] [32m[1mLinking CXX executable test_ros_robot_localization_listener_publisher[0m
[134.824s] [ 90%] Built target test_ros_robot_localization_listener_publisher
[134.841s] [35m[1mScanning dependencies of target test_ukf_localization_node_interfaces[0m
[135.119s] [ 91%] [32mBuilding CXX object CMakeFiles/test_ukf_localization_node_interfaces.dir/test/test_ukf_localization_node_interfaces.cpp.o[0m
[136.103s] [ 92%] [32m[1mLinking CXX executable filter_base-test[0m
[136.677s] [ 92%] Built target filter_base-test
[136.699s] [35m[1mScanning dependencies of target test_ekf_localization_node_interfaces[0m
[136.906s] [ 93%] [32mBuilding CXX object CMakeFiles/test_ekf_localization_node_interfaces.dir/test/test_ekf_localization_node_interfaces.cpp.o[0m
[138.198s] [ 94%] [32m[1mLinking CXX executable test_navsat_transform[0m
[138.233s] [ 95%] [32m[1mLinking CXX executable navsat_transform_node[0m
[138.713s] [ 95%] Built target navsat_transform_node
[138.741s] [ 95%] Built target test_navsat_transform
[138.759s] [35m[1mScanning dependencies of target test_filter_base_diagnostics_timestamps[0m
[138.940s] [ 96%] [32mBuilding CXX object CMakeFiles/test_filter_base_diagnostics_timestamps.dir/test/test_filter_base_diagnostics_timestamps.cpp.o[0m
[142.043s] [ 97%] [32m[1mLinking CXX executable test_ukf[0m
[142.082s] [ 97%] [32m[1mLinking CXX executable robot_localization_listener_node[0m
[142.562s] [ 97%] Built target robot_localization_listener_node
[142.630s] [ 97%] Built target test_ukf
[163.340s] [ 98%] [32m[1mLinking CXX executable test_filter_base_diagnostics_timestamps[0m
[163.860s] [ 98%] Built target test_filter_base_diagnostics_timestamps
[164.717s] [ 99%] [32m[1mLinking CXX executable test_ukf_localization_node_interfaces[0m
[165.221s] [ 99%] Built target test_ukf_localization_node_interfaces
[165.753s] [100%] [32m[1mLinking CXX executable test_ekf_localization_node_interfaces[0m
[166.159s] [100%] Built target test_ekf_localization_node_interfaces
[166.175s] Invoked command in '/root/marvin/software/library_ws/build/robot_localization' returned '0': CMAKE_PREFIX_PATH=/opt/ros/foxy /usr/bin/cmake --build /root/marvin/software/library_ws/build/robot_localization -- -j6 -l6
[166.426s] Invoking command in '/root/marvin/software/library_ws/build/robot_localization': CMAKE_PREFIX_PATH=/opt/ros/foxy /usr/bin/cmake --install /root/marvin/software/library_ws/build/robot_localization
[166.436s] -- Install configuration: "RelWithDebInfo"
[166.437s] -- Installing: /root/marvin/software/library_ws/install/robot_localization/share/ament_index/resource_index/rosidl_interfaces/robot_localization
[166.437s] -- Installing: /root/marvin/software/library_ws/install/robot_localization/include/robot_localization
[166.437s] -- Installing: /root/marvin/software/library_ws/install/robot_localization/include/robot_localization/srv
[166.437s] -- Installing: /root/marvin/software/library_ws/install/robot_localization/include/robot_localization/srv/toggle_filter_processing.h
[166.437s] -- Installing: /root/marvin/software/library_ws/install/robot_localization/include/robot_localization/srv/set_pose.h
[166.437s] -- Installing: /root/marvin/software/library_ws/install/robot_localization/include/robot_localization/srv/set_datum.h
[166.438s] -- Installing: /root/marvin/software/library_ws/install/robot_localization/include/robot_localization/srv/from_ll.h
[166.438s] -- Installing: /root/marvin/software/library_ws/install/robot_localization/include/robot_localization/srv/get_state.h
[166.438s] -- Installing: /root/marvin/software/library_ws/install/robot_localization/include/robot_localization/srv/to_ll.h
[166.438s] -- Installing: /root/marvin/software/library_ws/install/robot_localization/include/robot_localization/srv/detail
[166.439s] -- Installing: /root/marvin/software/library_ws/install/robot_localization/include/robot_localization/srv/detail/from_ll__struct.h
[166.439s] -- Installing: /root/marvin/software/library_ws/install/robot_localization/include/robot_localization/srv/detail/set_datum__functions.h
[166.439s] -- Installing: /root/marvin/software/library_ws/install/robot_localization/include/robot_localization/srv/detail/get_state__type_support.h
[166.439s] -- Installing: /root/marvin/software/library_ws/install/robot_localization/include/robot_localization/srv/detail/from_ll__type_support.h
[166.439s] -- Installing: /root/marvin/software/library_ws/install/robot_localization/include/robot_localization/srv/detail/toggle_filter_processing__type_support.h
[166.440s] -- Installing: /root/marvin/software/library_ws/install/robot_localization/include/robot_localization/srv/detail/get_state__functions.c
[166.440s] -- Installing: /root/marvin/software/library_ws/install/robot_localization/include/robot_localization/srv/detail/set_pose__functions.c
[166.440s] -- Installing: /root/marvin/software/library_ws/install/robot_localization/include/robot_localization/srv/detail/to_ll__functions.c
[166.440s] -- Installing: /root/marvin/software/library_ws/install/robot_localization/include/robot_localization/srv/detail/to_ll__functions.h
[166.440s] -- Installing: /root/marvin/software/library_ws/install/robot_localization/include/robot_localization/srv/detail/toggle_filter_processing__struct.h
[166.440s] -- Installing: /root/marvin/software/library_ws/install/robot_localization/include/robot_localization/srv/detail/to_ll__struct.h
[166.440s] -- Installing: /root/marvin/software/library_ws/install/robot_localization/include/robot_localization/srv/detail/toggle_filter_processing__functions.h
[166.440s] -- Installing: /root/marvin/software/library_ws/install/robot_localization/include/robot_localization/srv/detail/set_datum__type_support.h
[166.441s] -- Installing: /root/marvin/software/library_ws/install/robot_localization/include/robot_localization/srv/detail/from_ll__functions.c
[166.441s] -- Installing: /root/marvin/software/library_ws/install/robot_localization/include/robot_localization/srv/detail/get_state__struct.h
[166.441s] -- Installing: /root/marvin/software/library_ws/install/robot_localization/include/robot_localization/srv/detail/toggle_filter_processing__functions.c
[166.441s] -- Installing: /root/marvin/software/library_ws/install/robot_localization/include/robot_localization/srv/detail/set_pose__functions.h
[166.441s] -- Installing: /root/marvin/software/library_ws/install/robot_localization/include/robot_localization/srv/detail/set_datum__functions.c
[166.441s] -- Installing: /root/marvin/software/library_ws/install/robot_localization/include/robot_localization/srv/detail/set_pose__type_support.h
[166.442s] -- Installing: /root/marvin/software/library_ws/install/robot_localization/include/robot_localization/srv/detail/set_pose__struct.h
[166.442s] -- Installing: /root/marvin/software/library_ws/install/robot_localization/include/robot_localization/srv/detail/from_ll__functions.h
[166.442s] -- Installing: /root/marvin/software/library_ws/install/robot_localization/include/robot_localization/srv/detail/get_state__functions.h
[166.442s] -- Installing: /root/marvin/software/library_ws/install/robot_localization/include/robot_localization/srv/detail/set_datum__struct.h
[166.442s] -- Installing: /root/marvin/software/library_ws/install/robot_localization/include/robot_localization/srv/detail/to_ll__type_support.h
[166.442s] -- Installing: /root/marvin/software/library_ws/install/robot_localization/include/robot_localization/msg
[166.442s] -- Installing: /root/marvin/software/library_ws/install/robot_localization/include/robot_localization/msg/rosidl_generator_c__visibility_control.h
[166.442s] -- Installing: /root/marvin/software/library_ws/install/robot_localization/share/robot_localization/environment/library_path.sh
[166.442s] -- Installing: /root/marvin/software/library_ws/install/robot_localization/share/robot_localization/environment/library_path.dsv
[166.443s] -- Installing: /root/marvin/software/library_ws/install/robot_localization/lib/librobot_localization__rosidl_generator_c.so
[166.443s] -- Set runtime path of "/root/marvin/software/library_ws/install/robot_localization/lib/librobot_localization__rosidl_generator_c.so" to ""
[166.444s] -- Up-to-date: /root/marvin/software/library_ws/install/robot_localization/include/robot_localization
[166.444s] -- Up-to-date: /root/marvin/software/library_ws/install/robot_localization/include/robot_localization/srv
[166.444s] -- Up-to-date: /root/marvin/software/library_ws/install/robot_localization/include/robot_localization/srv/detail
[166.444s] -- Installing: /root/marvin/software/library_ws/install/robot_localization/include/robot_localization/srv/detail/set_datum__rosidl_typesupport_fastrtps_c.h
[166.444s] -- Installing: /root/marvin/software/library_ws/install/robot_localization/include/robot_localization/srv/detail/get_state__rosidl_typesupport_fastrtps_c.h
[166.444s] -- Installing: /root/marvin/software/library_ws/install/robot_localization/include/robot_localization/srv/detail/set_pose__rosidl_typesupport_fastrtps_c.h
[166.445s] -- Installing: /root/marvin/software/library_ws/install/robot_localization/include/robot_localization/srv/detail/toggle_filter_processing__rosidl_typesupport_fastrtps_c.h
[166.445s] -- Installing: /root/marvin/software/library_ws/install/robot_localization/include/robot_localization/srv/detail/to_ll__rosidl_typesupport_fastrtps_c.h
[166.445s] -- Installing: /root/marvin/software/library_ws/install/robot_localization/include/robot_localization/srv/detail/from_ll__rosidl_typesupport_fastrtps_c.h
[166.445s] -- Up-to-date: /root/marvin/software/library_ws/install/robot_localization/include/robot_localization/msg
[166.445s] -- Installing: /root/marvin/software/library_ws/install/robot_localization/include/robot_localization/msg/rosidl_typesupport_fastrtps_c__visibility_control.h
[166.445s] -- Installing: /root/marvin/software/library_ws/install/robot_localization/lib/librobot_localization__rosidl_typesupport_fastrtps_c.so
[166.447s] -- Set runtime path of "/root/marvin/software/library_ws/install/robot_localization/lib/librobot_localization__rosidl_typesupport_fastrtps_c.so" to ""
[166.447s] -- Up-to-date: /root/marvin/software/library_ws/install/robot_localization/include/robot_localization
[166.447s] -- Up-to-date: /root/marvin/software/library_ws/install/robot_localization/include/robot_localization/srv
[166.447s] -- Up-to-date: /root/marvin/software/library_ws/install/robot_localization/include/robot_localization/srv/detail
[166.447s] -- Installing: /root/marvin/software/library_ws/install/robot_localization/include/robot_localization/srv/detail/get_state__rosidl_typesupport_fastrtps_cpp.hpp
[166.447s] -- Installing: /root/marvin/software/library_ws/install/robot_localization/include/robot_localization/srv/detail/to_ll__rosidl_typesupport_fastrtps_cpp.hpp
[166.448s] -- Installing: /root/marvin/software/library_ws/install/robot_localization/include/robot_localization/srv/detail/set_pose__rosidl_typesupport_fastrtps_cpp.hpp
[166.448s] -- Installing: /root/marvin/software/library_ws/install/robot_localization/include/robot_localization/srv/detail/toggle_filter_processing__rosidl_typesupport_fastrtps_cpp.hpp
[166.448s] -- Installing: /root/marvin/software/library_ws/install/robot_localization/include/robot_localization/srv/detail/from_ll__rosidl_typesupport_fastrtps_cpp.hpp
[166.448s] -- Installing: /root/marvin/software/library_ws/install/robot_localization/include/robot_localization/srv/detail/set_datum__rosidl_typesupport_fastrtps_cpp.hpp
[166.448s] -- Installing: /root/marvin/software/library_ws/install/robot_localization/include/robot_localization/srv/detail/dds_fastrtps
[166.448s] -- Up-to-date: /root/marvin/software/library_ws/install/robot_localization/include/robot_localization/msg
[166.448s] -- Installing: /root/marvin/software/library_ws/install/robot_localization/include/robot_localization/msg/rosidl_typesupport_fastrtps_cpp__visibility_control.h
[166.448s] -- Installing: /root/marvin/software/library_ws/install/robot_localization/lib/librobot_localization__rosidl_typesupport_fastrtps_cpp.so
[166.450s] -- Set runtime path of "/root/marvin/software/library_ws/install/robot_localization/lib/librobot_localization__rosidl_typesupport_fastrtps_cpp.so" to ""
[166.450s] -- Up-to-date: /root/marvin/software/library_ws/install/robot_localization/include/robot_localization
[166.451s] -- Up-to-date: /root/marvin/software/library_ws/install/robot_localization/include/robot_localization/srv
[166.451s] -- Up-to-date: /root/marvin/software/library_ws/install/robot_localization/include/robot_localization/srv/detail
[166.451s] -- Installing: /root/marvin/software/library_ws/install/robot_localization/include/robot_localization/srv/detail/set_pose__rosidl_typesupport_introspection_c.h
[166.452s] -- Installing: /root/marvin/software/library_ws/install/robot_localization/include/robot_localization/srv/detail/set_datum__type_support.c
[166.452s] -- Installing: /root/marvin/software/library_ws/install/robot_localization/include/robot_localization/srv/detail/from_ll__type_support.c
[166.452s] -- Installing: /root/marvin/software/library_ws/install/robot_localization/include/robot_localization/srv/detail/toggle_filter_processing__type_support.c
[166.452s] -- Installing: /root/marvin/software/library_ws/install/robot_localization/include/robot_localization/srv/detail/set_datum__rosidl_typesupport_introspection_c.h
[166.453s] -- Installing: /root/marvin/software/library_ws/install/robot_localization/include/robot_localization/srv/detail/set_pose__type_support.c
[166.453s] -- Installing: /root/marvin/software/library_ws/install/robot_localization/include/robot_localization/srv/detail/to_ll__rosidl_typesupport_introspection_c.h
[166.453s] -- Installing: /root/marvin/software/library_ws/install/robot_localization/include/robot_localization/srv/detail/get_state__type_support.c
[166.453s] -- Installing: /root/marvin/software/library_ws/install/robot_localization/include/robot_localization/srv/detail/to_ll__type_support.c
[166.453s] -- Installing: /root/marvin/software/library_ws/install/robot_localization/include/robot_localization/srv/detail/toggle_filter_processing__rosidl_typesupport_introspection_c.h
[166.453s] -- Installing: /root/marvin/software/library_ws/install/robot_localization/include/robot_localization/srv/detail/from_ll__rosidl_typesupport_introspection_c.h
[166.454s] -- Installing: /root/marvin/software/library_ws/install/robot_localization/include/robot_localization/srv/detail/get_state__rosidl_typesupport_introspection_c.h
[166.454s] -- Up-to-date: /root/marvin/software/library_ws/install/robot_localization/include/robot_localization/msg
[166.454s] -- Installing: /root/marvin/software/library_ws/install/robot_localization/include/robot_localization/msg/rosidl_typesupport_introspection_c__visibility_control.h
[166.454s] -- Installing: /root/marvin/software/library_ws/install/robot_localization/lib/librobot_localization__rosidl_typesupport_introspection_c.so
[166.454s] -- Set runtime path of "/root/marvin/software/library_ws/install/robot_localization/lib/librobot_localization__rosidl_typesupport_introspection_c.so" to ""
[166.454s] -- Installing: /root/marvin/software/library_ws/install/robot_localization/lib/librobot_localization__rosidl_typesupport_c.so
[166.455s] -- Set runtime path of "/root/marvin/software/library_ws/install/robot_localization/lib/librobot_localization__rosidl_typesupport_c.so" to ""
[166.455s] -- Up-to-date: /root/marvin/software/library_ws/install/robot_localization/include/robot_localization
[166.455s] -- Up-to-date: /root/marvin/software/library_ws/install/robot_localization/include/robot_localization/srv
[166.456s] -- Installing: /root/marvin/software/library_ws/install/robot_localization/include/robot_localization/srv/toggle_filter_processing.hpp
[166.456s] -- Installing: /root/marvin/software/library_ws/install/robot_localization/include/robot_localization/srv/to_ll.hpp
[166.456s] -- Installing: /root/marvin/software/library_ws/install/robot_localization/include/robot_localization/srv/from_ll.hpp
[166.456s] -- Installing: /root/marvin/software/library_ws/install/robot_localization/include/robot_localization/srv/get_state.hpp
[166.456s] -- Installing: /root/marvin/software/library_ws/install/robot_localization/include/robot_localization/srv/set_pose.hpp
[166.456s] -- Installing: /root/marvin/software/library_ws/install/robot_localization/include/robot_localization/srv/set_datum.hpp
[166.457s] -- Up-to-date: /root/marvin/software/library_ws/install/robot_localization/include/robot_localization/srv/detail
[166.457s] -- Installing: /root/marvin/software/library_ws/install/robot_localization/include/robot_localization/srv/detail/set_datum__type_support.hpp
[166.457s] -- Installing: /root/marvin/software/library_ws/install/robot_localization/include/robot_localization/srv/detail/get_state__type_support.hpp
[166.457s] -- Installing: /root/marvin/software/library_ws/install/robot_localization/include/robot_localization/srv/detail/from_ll__type_support.hpp
[166.457s] -- Installing: /root/marvin/software/library_ws/install/robot_localization/include/robot_localization/srv/detail/set_datum__builder.hpp
[166.457s] -- Installing: /root/marvin/software/library_ws/install/robot_localization/include/robot_localization/srv/detail/toggle_filter_processing__type_support.hpp
[166.457s] -- Installing: /root/marvin/software/library_ws/install/robot_localization/include/robot_localization/srv/detail/to_ll__traits.hpp
[166.458s] -- Installing: /root/marvin/software/library_ws/install/robot_localization/include/robot_localization/srv/detail/get_state__builder.hpp
[166.458s] -- Installing: /root/marvin/software/library_ws/install/robot_localization/include/robot_localization/srv/detail/set_datum__struct.hpp
[166.458s] -- Installing: /root/marvin/software/library_ws/install/robot_localization/include/robot_localization/srv/detail/from_ll__builder.hpp
[166.459s] -- Installing: /root/marvin/software/library_ws/install/robot_localization/include/robot_localization/srv/detail/to_ll__struct.hpp
[166.459s] -- Installing: /root/marvin/software/library_ws/install/robot_localization/include/robot_localization/srv/detail/from_ll__traits.hpp
[166.459s] -- Installing: /root/marvin/software/library_ws/install/robot_localization/include/robot_localization/srv/detail/toggle_filter_processing__traits.hpp
[166.459s] -- Installing: /root/marvin/software/library_ws/install/robot_localization/include/robot_localization/srv/detail/set_pose__type_support.hpp
[166.459s] -- Installing: /root/marvin/software/library_ws/install/robot_localization/include/robot_localization/srv/detail/to_ll__builder.hpp
[166.460s] -- Installing: /root/marvin/software/library_ws/install/robot_localization/include/robot_localization/srv/detail/toggle_filter_processing__builder.hpp
[166.460s] -- Installing: /root/marvin/software/library_ws/install/robot_localization/include/robot_localization/srv/detail/get_state__struct.hpp
[166.460s] -- Installing: /root/marvin/software/library_ws/install/robot_localization/include/robot_localization/srv/detail/set_pose__builder.hpp
[166.460s] -- Installing: /root/marvin/software/library_ws/install/robot_localization/include/robot_localization/srv/detail/to_ll__type_support.hpp
[166.460s] -- Installing: /root/marvin/software/library_ws/install/robot_localization/include/robot_localization/srv/detail/get_state__traits.hpp
[166.461s] -- Installing: /root/marvin/software/library_ws/install/robot_localization/include/robot_localization/srv/detail/from_ll__struct.hpp
[166.461s] -- Installing: /root/marvin/software/library_ws/install/robot_localization/include/robot_localization/srv/detail/set_pose__struct.hpp
[166.461s] -- Installing: /root/marvin/software/library_ws/install/robot_localization/include/robot_localization/srv/detail/toggle_filter_processing__struct.hpp
[166.461s] -- Installing: /root/marvin/software/library_ws/install/robot_localization/include/robot_localization/srv/detail/set_pose__traits.hpp
[166.461s] -- Installing: /root/marvin/software/library_ws/install/robot_localization/include/robot_localization/srv/detail/set_datum__traits.hpp
[166.461s] -- Up-to-date: /root/marvin/software/library_ws/install/robot_localization/include/robot_localization/msg
[166.462s] -- Installing: /root/marvin/software/library_ws/install/robot_localization/include/robot_localization/msg/rosidl_generator_cpp__visibility_control.hpp
[166.462s] -- Up-to-date: /root/marvin/software/library_ws/install/robot_localization/include/robot_localization
[166.462s] -- Up-to-date: /root/marvin/software/library_ws/install/robot_localization/include/robot_localization/srv
[166.462s] -- Up-to-date: /root/marvin/software/library_ws/install/robot_localization/include/robot_localization/srv/detail
[166.462s] -- Installing: /root/marvin/software/library_ws/install/robot_localization/include/robot_localization/srv/detail/to_ll__type_support.cpp
[166.462s] -- Installing: /root/marvin/software/library_ws/install/robot_localization/include/robot_localization/srv/detail/set_datum__type_support.cpp
[166.462s] -- Installing: /root/marvin/software/library_ws/install/robot_localization/include/robot_localization/srv/detail/to_ll__rosidl_typesupport_introspection_cpp.hpp
[166.463s] -- Installing: /root/marvin/software/library_ws/install/robot_localization/include/robot_localization/srv/detail/toggle_filter_processing__type_support.cpp
[166.463s] -- Installing: /root/marvin/software/library_ws/install/robot_localization/include/robot_localization/srv/detail/get_state__type_support.cpp
[166.463s] -- Installing: /root/marvin/software/library_ws/install/robot_localization/include/robot_localization/srv/detail/from_ll__type_support.cpp
[166.463s] -- Installing: /root/marvin/software/library_ws/install/robot_localization/include/robot_localization/srv/detail/set_datum__rosidl_typesupport_introspection_cpp.hpp
[166.463s] -- Installing: /root/marvin/software/library_ws/install/robot_localization/include/robot_localization/srv/detail/get_state__rosidl_typesupport_introspection_cpp.hpp
[166.463s] -- Installing: /root/marvin/software/library_ws/install/robot_localization/include/robot_localization/srv/detail/from_ll__rosidl_typesupport_introspection_cpp.hpp
[166.463s] -- Installing: /root/marvin/software/library_ws/install/robot_localization/include/robot_localization/srv/detail/toggle_filter_processing__rosidl_typesupport_introspection_cpp.hpp
[166.463s] -- Installing: /root/marvin/software/library_ws/install/robot_localization/include/robot_localization/srv/detail/set_pose__type_support.cpp
[166.463s] -- Installing: /root/marvin/software/library_ws/install/robot_localization/include/robot_localization/srv/detail/set_pose__rosidl_typesupport_introspection_cpp.hpp
[166.463s] -- Installing: /root/marvin/software/library_ws/install/robot_localization/lib/librobot_localization__rosidl_typesupport_introspection_cpp.so
[166.464s] -- Set runtime path of "/root/marvin/software/library_ws/install/robot_localization/lib/librobot_localization__rosidl_typesupport_introspection_cpp.so" to ""
[166.464s] -- Installing: /root/marvin/software/library_ws/install/robot_localization/lib/librobot_localization__rosidl_typesupport_cpp.so
[166.465s] -- Set runtime path of "/root/marvin/software/library_ws/install/robot_localization/lib/librobot_localization__rosidl_typesupport_cpp.so" to ""
[166.465s] -- Installing: /root/marvin/software/library_ws/install/robot_localization/share/robot_localization/environment/pythonpath.sh
[166.466s] -- Installing: /root/marvin/software/library_ws/install/robot_localization/share/robot_localization/environment/pythonpath.dsv
[166.466s] -- Installing: /root/marvin/software/library_ws/install/robot_localization/lib/python3.8/site-packages/robot_localization/__init__.py
[166.499s] Compiling '/root/marvin/software/library_ws/install/robot_localization/lib/python3.8/site-packages/robot_localization/__init__.py'...
[166.504s] -- Installing: /root/marvin/software/library_ws/install/robot_localization/lib/python3.8/site-packages/robot_localization/srv
[166.504s] -- Installing: /root/marvin/software/library_ws/install/robot_localization/lib/python3.8/site-packages/robot_localization/srv/_set_pose.py
[166.504s] -- Installing: /root/marvin/software/library_ws/install/robot_localization/lib/python3.8/site-packages/robot_localization/srv/_get_state.py
[166.504s] -- Installing: /root/marvin/software/library_ws/install/robot_localization/lib/python3.8/site-packages/robot_localization/srv/_get_state_s.c
[166.505s] -- Installing: /root/marvin/software/library_ws/install/robot_localization/lib/python3.8/site-packages/robot_localization/srv/_to_ll.py
[166.505s] -- Installing: /root/marvin/software/library_ws/install/robot_localization/lib/python3.8/site-packages/robot_localization/srv/_to_ll_s.c
[166.505s] -- Installing: /root/marvin/software/library_ws/install/robot_localization/lib/python3.8/site-packages/robot_localization/srv/__init__.py
[166.505s] -- Installing: /root/marvin/software/library_ws/install/robot_localization/lib/python3.8/site-packages/robot_localization/srv/_set_datum.py
[166.505s] -- Installing: /root/marvin/software/library_ws/install/robot_localization/lib/python3.8/site-packages/robot_localization/srv/_from_ll_s.c
[166.505s] -- Installing: /root/marvin/software/library_ws/install/robot_localization/lib/python3.8/site-packages/robot_localization/srv/_set_datum_s.c
[166.505s] -- Installing: /root/marvin/software/library_ws/install/robot_localization/lib/python3.8/site-packages/robot_localization/srv/_toggle_filter_processing.py
[166.506s] -- Installing: /root/marvin/software/library_ws/install/robot_localization/lib/python3.8/site-packages/robot_localization/srv/_toggle_filter_processing_s.c
[166.506s] -- Installing: /root/marvin/software/library_ws/install/robot_localization/lib/python3.8/site-packages/robot_localization/srv/_from_ll.py
[166.506s] -- Installing: /root/marvin/software/library_ws/install/robot_localization/lib/python3.8/site-packages/robot_localization/srv/_set_pose_s.c
[166.506s] -- Installing: /root/marvin/software/library_ws/install/robot_localization/lib/python3.8/site-packages/robot_localization/robot_localization_s__rosidl_typesupport_fastrtps_c.cpython-38-x86_64-linux-gnu.so
[166.507s] -- Set runtime path of "/root/marvin/software/library_ws/install/robot_localization/lib/python3.8/site-packages/robot_localization/robot_localization_s__rosidl_typesupport_fastrtps_c.cpython-38-x86_64-linux-gnu.so" to ""
[166.507s] -- Installing: /root/marvin/software/library_ws/install/robot_localization/lib/python3.8/site-packages/robot_localization/robot_localization_s__rosidl_typesupport_introspection_c.cpython-38-x86_64-linux-gnu.so
[166.508s] -- Set runtime path of "/root/marvin/software/library_ws/install/robot_localization/lib/python3.8/site-packages/robot_localization/robot_localization_s__rosidl_typesupport_introspection_c.cpython-38-x86_64-linux-gnu.so" to ""
[166.508s] -- Installing: /root/marvin/software/library_ws/install/robot_localization/lib/python3.8/site-packages/robot_localization/robot_localization_s__rosidl_typesupport_c.cpython-38-x86_64-linux-gnu.so
[166.509s] -- Set runtime path of "/root/marvin/software/library_ws/install/robot_localization/lib/python3.8/site-packages/robot_localization/robot_localization_s__rosidl_typesupport_c.cpython-38-x86_64-linux-gnu.so" to ""
[166.509s] -- Installing: /root/marvin/software/library_ws/install/robot_localization/lib/librobot_localization__python.so
[166.510s] -- Set runtime path of "/root/marvin/software/library_ws/install/robot_localization/lib/librobot_localization__python.so" to ""
[166.510s] -- Installing: /root/marvin/software/library_ws/install/robot_localization/share/robot_localization/srv/FromLL.idl
[166.511s] -- Installing: /root/marvin/software/library_ws/install/robot_localization/share/robot_localization/srv/GetState.idl
[166.511s] -- Installing: /root/marvin/software/library_ws/install/robot_localization/share/robot_localization/srv/SetDatum.idl
[166.511s] -- Installing: /root/marvin/software/library_ws/install/robot_localization/share/robot_localization/srv/SetPose.idl
[166.511s] -- Installing: /root/marvin/software/library_ws/install/robot_localization/share/robot_localization/srv/ToggleFilterProcessing.idl
[166.511s] -- Installing: /root/marvin/software/library_ws/install/robot_localization/share/robot_localization/srv/ToLL.idl
[166.511s] -- Installing: /root/marvin/software/library_ws/install/robot_localization/share/robot_localization/srv/FromLL.srv
[166.512s] -- Installing: /root/marvin/software/library_ws/install/robot_localization/share/robot_localization/srv/FromLL_Request.msg
[166.512s] -- Installing: /root/marvin/software/library_ws/install/robot_localization/share/robot_localization/srv/FromLL_Response.msg
[166.512s] -- Installing: /root/marvin/software/library_ws/install/robot_localization/share/robot_localization/srv/GetState.srv
[166.512s] -- Installing: /root/marvin/software/library_ws/install/robot_localization/share/robot_localization/srv/GetState_Request.msg
[166.512s] -- Installing: /root/marvin/software/library_ws/install/robot_localization/share/robot_localization/srv/GetState_Response.msg
[166.513s] -- Installing: /root/marvin/software/library_ws/install/robot_localization/share/robot_localization/srv/SetDatum.srv
[166.513s] -- Installing: /root/marvin/software/library_ws/install/robot_localization/share/robot_localization/srv/SetDatum_Request.msg
[166.513s] -- Installing: /root/marvin/software/library_ws/install/robot_localization/share/robot_localization/srv/SetDatum_Response.msg
[166.513s] -- Installing: /root/marvin/software/library_ws/install/robot_localization/share/robot_localization/srv/SetPose.srv
[166.513s] -- Installing: /root/marvin/software/library_ws/install/robot_localization/share/robot_localization/srv/SetPose_Request.msg
[166.514s] -- Installing: /root/marvin/software/library_ws/install/robot_localization/share/robot_localization/srv/SetPose_Response.msg
[166.514s] -- Installing: /root/marvin/software/library_ws/install/robot_localization/share/robot_localization/srv/ToggleFilterProcessing.srv
[166.514s] -- Installing: /root/marvin/software/library_ws/install/robot_localization/share/robot_localization/srv/ToggleFilterProcessing_Request.msg
[166.514s] -- Installing: /root/marvin/software/library_ws/install/robot_localization/share/robot_localization/srv/ToggleFilterProcessing_Response.msg
[166.514s] -- Installing: /root/marvin/software/library_ws/install/robot_localization/share/robot_localization/srv/ToLL.srv
[166.515s] -- Installing: /root/marvin/software/library_ws/install/robot_localization/share/robot_localization/srv/ToLL_Request.msg
[166.515s] -- Installing: /root/marvin/software/library_ws/install/robot_localization/share/robot_localization/srv/ToLL_Response.msg
[166.515s] -- Installing: /root/marvin/software/library_ws/install/robot_localization/lib/robot_localization/filter_base-test
[166.526s] -- Set runtime path of "/root/marvin/software/library_ws/install/robot_localization/lib/robot_localization/filter_base-test" to ""
[166.526s] -- Installing: /root/marvin/software/library_ws/install/robot_localization/lib/robot_localization/test_filter_base_diagnostics_timestamps
[166.551s] -- Set runtime path of "/root/marvin/software/library_ws/install/robot_localization/lib/robot_localization/test_filter_base_diagnostics_timestamps" to ""
[166.551s] -- Installing: /root/marvin/software/library_ws/install/robot_localization/lib/robot_localization/test_ekf
[166.565s] -- Set runtime path of "/root/marvin/software/library_ws/install/robot_localization/lib/robot_localization/test_ekf" to ""
[166.565s] -- Installing: /root/marvin/software/library_ws/install/robot_localization/lib/robot_localization/test_ekf_localization_node_interfaces
[166.594s] -- Set runtime path of "/root/marvin/software/library_ws/install/robot_localization/lib/robot_localization/test_ekf_localization_node_interfaces" to ""
[166.595s] -- Installing: /root/marvin/software/library_ws/install/robot_localization/lib/robot_localization/test_ukf
[166.608s] -- Set runtime path of "/root/marvin/software/library_ws/install/robot_localization/lib/robot_localization/test_ukf" to ""
[166.608s] -- Installing: /root/marvin/software/library_ws/install/robot_localization/lib/robot_localization/test_ukf_localization_node_interfaces
[166.636s] -- Set runtime path of "/root/marvin/software/library_ws/install/robot_localization/lib/robot_localization/test_ukf_localization_node_interfaces" to ""
[166.636s] -- Installing: /root/marvin/software/library_ws/install/robot_localization/lib/robot_localization/test_robot_localization_estimator
[166.649s] -- Set runtime path of "/root/marvin/software/library_ws/install/robot_localization/lib/robot_localization/test_robot_localization_estimator" to ""
[166.649s] -- Installing: /root/marvin/software/library_ws/install/robot_localization/lib/robot_localization/test_navsat_conversions
[166.658s] -- Set runtime path of "/root/marvin/software/library_ws/install/robot_localization/lib/robot_localization/test_navsat_conversions" to ""
[166.658s] -- Installing: /root/marvin/software/library_ws/install/robot_localization/lib/robot_localization/test_navsat_transform
[166.671s] -- Set runtime path of "/root/marvin/software/library_ws/install/robot_localization/lib/robot_localization/test_navsat_transform" to ""
[166.672s] -- Installing: /root/marvin/software/library_ws/install/robot_localization/lib/robot_localization/test_ros_robot_localization_listener
[166.685s] -- Set runtime path of "/root/marvin/software/library_ws/install/robot_localization/lib/robot_localization/test_ros_robot_localization_listener" to ""
[166.685s] -- Installing: /root/marvin/software/library_ws/install/robot_localization/lib/robot_localization/test_ros_robot_localization_listener_publisher
[166.693s] -- Set runtime path of "/root/marvin/software/library_ws/install/robot_localization/lib/robot_localization/test_ros_robot_localization_listener_publisher" to ""
[166.693s] -- Installing: /root/marvin/software/library_ws/install/robot_localization/share/robot_localization/test
[166.693s] -- Installing: /root/marvin/software/library_ws/install/robot_localization/share/robot_localization/test/test_ekf_localization_node_bag2.sh
[166.694s] -- Installing: /root/marvin/software/library_ws/install/robot_localization/share/robot_localization/test/test_navsat_conversions.cpp
[166.694s] -- Installing: /root/marvin/software/library_ws/install/robot_localization/share/robot_localization/test/test_navsat_transform.launch.py
[166.695s] -- Installing: /root/marvin/software/library_ws/install/robot_localization/share/robot_localization/test/test_ekf_localization_node_interfaces.launch.py
[166.695s] -- Installing: /root/marvin/software/library_ws/install/robot_localization/share/robot_localization/test/test_ukf_localization_node_bag3.sh
[166.696s] -- Installing: /root/marvin/software/library_ws/install/robot_localization/share/robot_localization/test/test_ekf_localization_node_bag2.launch.py
[166.696s] -- Installing: /root/marvin/software/library_ws/install/robot_localization/share/robot_localization/test/test_robot_localization_estimator.launch.py
[166.696s] -- Installing: /root/marvin/software/library_ws/install/robot_localization/share/robot_localization/test/test_localization_node_bag_pose_tester.cpp
[166.697s] -- Installing: /root/marvin/software/library_ws/install/robot_localization/share/robot_localization/test/test_ros_robot_localization_listener.yaml
[166.697s] -- Installing: /root/marvin/software/library_ws/install/robot_localization/share/robot_localization/test/test_ekf_localization_node_bag1.launch.py
[166.697s] -- Installing: /root/marvin/software/library_ws/install/robot_localization/share/robot_localization/test/test_ekf_localization_node_bag2.yaml
[166.698s] -- Installing: /root/marvin/software/library_ws/install/robot_localization/share/robot_localization/test/test_filter_base_diagnostics_timestamps.cpp
[166.698s] -- Installing: /root/marvin/software/library_ws/install/robot_localization/share/robot_localization/test/test_ukf_localization_node_bag2.sh
[166.699s] -- Installing: /root/marvin/software/library_ws/install/robot_localization/share/robot_localization/test/test_ekf_localization_node_bag3.yaml
[166.699s] -- Installing: /root/marvin/software/library_ws/install/robot_localization/share/robot_localization/test/test_ukf_localization_node_interfaces.cpp
[166.699s] -- Installing: /root/marvin/software/library_ws/install/robot_localization/share/robot_localization/test/test_ekf.cpp
[166.699s] -- Installing: /root/marvin/software/library_ws/install/robot_localization/share/robot_localization/test/test_navsat_transform.cpp
[166.699s] -- Installing: /root/marvin/software/library_ws/install/robot_localization/share/robot_localization/test/test_ukf_localization_node_bag1.yaml
[166.700s] -- Installing: /root/marvin/software/library_ws/install/robot_localization/share/robot_localization/test/test_ekf_localization_node_bag1.sh
[166.700s] -- Installing: /root/marvin/software/library_ws/install/robot_localization/share/robot_localization/test/test_ukf_localization_node_bag2.launch.py
[166.700s] -- Installing: /root/marvin/software/library_ws/install/robot_localization/share/robot_localization/test/test_ekf_localization_node_interfaces.yaml
[166.701s] -- Installing: /root/marvin/software/library_ws/install/robot_localization/share/robot_localization/test/test_ukf_localization_node_interfaces.yaml
[166.702s] -- Installing: /root/marvin/software/library_ws/install/robot_localization/share/robot_localization/test/test_ukf.cpp
[166.702s] -- Installing: /root/marvin/software/library_ws/install/robot_localization/share/robot_localization/test/test_ros_robot_localization_listener.cpp
[166.702s] -- Installing: /root/marvin/software/library_ws/install/robot_localization/share/robot_localization/test/test_ukf_localization_node_bag3.yaml
[166.703s] -- Installing: /root/marvin/software/library_ws/install/robot_localization/share/robot_localization/test/test_ukf_localization_node_bag1.sh
[166.703s] -- Installing: /root/marvin/software/library_ws/install/robot_localization/share/robot_localization/test/test_ros_robot_localization_listener_publisher.cpp
[166.703s] -- Installing: /root/marvin/software/library_ws/install/robot_localization/share/robot_localization/test/test_filter_base_diagnostics_timestamps.launch.py
[166.704s] -- Installing: /root/marvin/software/library_ws/install/robot_localization/share/robot_localization/test/test_ekf_localization_node_bag1.yaml
[166.704s] -- Installing: /root/marvin/software/library_ws/install/robot_localization/share/robot_localization/test/test1.bag
[166.714s] -- Installing: /root/marvin/software/library_ws/install/robot_localization/share/robot_localization/test/test_ekf_localization_node_interfaces.cpp
[166.714s] -- Installing: /root/marvin/software/library_ws/install/robot_localization/share/robot_localization/test/test_ukf_localization_node_interfaces.launch.py
[166.714s] -- Installing: /root/marvin/software/library_ws/install/robot_localization/share/robot_localization/test/test_ukf_localization_node_bag2.yaml
[166.714s] -- Installing: /root/marvin/software/library_ws/install/robot_localization/share/robot_localization/test/test_ros_robot_localization_listener.launch.py
[166.715s] -- Installing: /root/marvin/software/library_ws/install/robot_localization/share/robot_localization/test/test_ekf_localization_node_bag3.sh
[166.715s] -- Installing: /root/marvin/software/library_ws/install/robot_localization/share/robot_localization/test/test2.bag
[166.720s] -- Installing: /root/marvin/software/library_ws/install/robot_localization/share/robot_localization/test/test_filter_base_diagnostics_timestamps.yaml
[166.720s] -- Installing: /root/marvin/software/library_ws/install/robot_localization/share/robot_localization/test/test3.bag
[166.822s] -- Installing: /root/marvin/software/library_ws/install/robot_localization/share/robot_localization/test/test_ukf_localization_node_bag1.launch.py
[166.822s] -- Installing: /root/marvin/software/library_ws/install/robot_localization/share/robot_localization/test/test_filter_base.cpp
[166.823s] -- Installing: /root/marvin/software/library_ws/install/robot_localization/share/robot_localization/test/test_ekf_localization_node_bag3.launch.py
[166.823s] -- Installing: /root/marvin/software/library_ws/install/robot_localization/share/robot_localization/test/test_robot_localization_estimator.cpp
[166.823s] -- Installing: /root/marvin/software/library_ws/install/robot_localization/share/robot_localization/test/test_ukf_localization_node_bag3.launch.py
[166.823s] -- Installing: /root/marvin/software/library_ws/install/robot_localization/lib/robot_localization/navsat_transform_node
[166.826s] -- Set runtime path of "/root/marvin/software/library_ws/install/robot_localization/lib/robot_localization/navsat_transform_node" to ""
[166.826s] -- Installing: /root/marvin/software/library_ws/install/robot_localization/lib/robot_localization/ekf_node
[166.829s] -- Set runtime path of "/root/marvin/software/library_ws/install/robot_localization/lib/robot_localization/ekf_node" to ""
[166.830s] -- Installing: /root/marvin/software/library_ws/install/robot_localization/lib/robot_localization/ukf_node
[166.833s] -- Set runtime path of "/root/marvin/software/library_ws/install/robot_localization/lib/robot_localization/ukf_node" to ""
[166.833s] -- Installing: /root/marvin/software/library_ws/install/robot_localization/lib/robot_localization/robot_localization_listener_node
[166.838s] -- Set runtime path of "/root/marvin/software/library_ws/install/robot_localization/lib/robot_localization/robot_localization_listener_node" to ""
[166.838s] -- Installing: /root/marvin/software/library_ws/install/robot_localization/lib/librl_lib.so
[166.962s] -- Set runtime path of "/root/marvin/software/library_ws/install/robot_localization/lib/librl_lib.so" to ""
[166.962s] -- Up-to-date: /root/marvin/software/library_ws/install/robot_localization/include
[166.962s] -- Up-to-date: /root/marvin/software/library_ws/install/robot_localization/include/robot_localization
[166.962s] -- Installing: /root/marvin/software/library_ws/install/robot_localization/include/robot_localization/filter_state.hpp
[166.963s] -- Installing: /root/marvin/software/library_ws/install/robot_localization/include/robot_localization/ros_robot_localization_listener.hpp
[166.963s] -- Installing: /root/marvin/software/library_ws/install/robot_localization/include/robot_localization/navsat_conversions.hpp
[166.963s] -- Installing: /root/marvin/software/library_ws/install/robot_localization/include/robot_localization/ukf.hpp
[166.963s] -- Installing: /root/marvin/software/library_ws/install/robot_localization/include/robot_localization/ros_filter_types.hpp
[166.963s] -- Installing: /root/marvin/software/library_ws/install/robot_localization/include/robot_localization/robot_localization_estimator.hpp
[166.963s] -- Installing: /root/marvin/software/library_ws/install/robot_localization/include/robot_localization/ros_filter_utilities.hpp
[166.963s] -- Installing: /root/marvin/software/library_ws/install/robot_localization/include/robot_localization/navsat_transform.hpp
[166.964s] -- Installing: /root/marvin/software/library_ws/install/robot_localization/include/robot_localization/ekf.hpp
[166.964s] -- Installing: /root/marvin/software/library_ws/install/robot_localization/include/robot_localization/filter_common.hpp
[166.964s] -- Installing: /root/marvin/software/library_ws/install/robot_localization/include/robot_localization/filter_utilities.hpp
[166.964s] -- Installing: /root/marvin/software/library_ws/install/robot_localization/include/robot_localization/measurement.hpp
[166.964s] -- Installing: /root/marvin/software/library_ws/install/robot_localization/include/robot_localization/ros_filter.hpp
[166.964s] -- Installing: /root/marvin/software/library_ws/install/robot_localization/include/robot_localization/filter_base.hpp
[166.964s] -- Installing: /root/marvin/software/library_ws/install/robot_localization/share/robot_localization/params
[166.964s] -- Installing: /root/marvin/software/library_ws/install/robot_localization/share/robot_localization/params/dual_ekf_navsat_example.yaml
[166.965s] -- Installing: /root/marvin/software/library_ws/install/robot_localization/share/robot_localization/params/ekf.yaml
[166.966s] -- Installing: /root/marvin/software/library_ws/install/robot_localization/share/robot_localization/params/navsat_transform.yaml
[166.967s] -- Installing: /root/marvin/software/library_ws/install/robot_localization/share/robot_localization/params/ekf_x1_x3.yaml
[166.968s] -- Installing: /root/marvin/software/library_ws/install/robot_localization/share/robot_localization/params/ukf.yaml
[166.969s] -- Installing: /root/marvin/software/library_ws/install/robot_localization/share/robot_localization/params/ekf_BK.yaml
[166.970s] -- Installing: /root/marvin/software/library_ws/install/robot_localization/share/robot_localization/launch
[166.970s] -- Installing: /root/marvin/software/library_ws/install/robot_localization/share/robot_localization/launch/ukf.launch.py
[166.970s] -- Installing: /root/marvin/software/library_ws/install/robot_localization/share/robot_localization/launch/ekf.launch.py
[166.971s] -- Installing: /root/marvin/software/library_ws/install/robot_localization/share/robot_localization/launch/navsat_transform.launch.py
[166.971s] -- Installing: /root/marvin/software/library_ws/install/robot_localization/share/robot_localization/launch/ekf_x1_x3_launch.py
[166.971s] -- Installing: /root/marvin/software/library_ws/install/robot_localization/share/robot_localization/launch/dual_ekf_navsat_example.launch.py
[166.971s] -- Installing: /root/marvin/software/library_ws/install/robot_localization/share/ament_index/resource_index/package_run_dependencies/robot_localization
[166.971s] -- Installing: /root/marvin/software/library_ws/install/robot_localization/share/ament_index/resource_index/parent_prefix_path/robot_localization
[166.972s] -- Installing: /root/marvin/software/library_ws/install/robot_localization/share/robot_localization/environment/ament_prefix_path.sh
[166.972s] -- Installing: /root/marvin/software/library_ws/install/robot_localization/share/robot_localization/environment/ament_prefix_path.dsv
[166.972s] -- Installing: /root/marvin/software/library_ws/install/robot_localization/share/robot_localization/environment/path.sh
[166.972s] -- Installing: /root/marvin/software/library_ws/install/robot_localization/share/robot_localization/environment/path.dsv
[166.973s] -- Installing: /root/marvin/software/library_ws/install/robot_localization/share/robot_localization/local_setup.bash
[166.973s] -- Installing: /root/marvin/software/library_ws/install/robot_localization/share/robot_localization/local_setup.sh
[166.973s] -- Installing: /root/marvin/software/library_ws/install/robot_localization/share/robot_localization/local_setup.zsh
[166.973s] -- Installing: /root/marvin/software/library_ws/install/robot_localization/share/robot_localization/local_setup.dsv
[166.973s] -- Installing: /root/marvin/software/library_ws/install/robot_localization/share/robot_localization/package.dsv
[166.973s] -- Installing: /root/marvin/software/library_ws/install/robot_localization/share/ament_index/resource_index/packages/robot_localization
[166.974s] -- Installing: /root/marvin/software/library_ws/install/robot_localization/share/robot_localization/cmake/robot_localization__rosidl_generator_cExport.cmake
[166.974s] -- Installing: /root/marvin/software/library_ws/install/robot_localization/share/robot_localization/cmake/robot_localization__rosidl_generator_cExport-relwithdebinfo.cmake
[166.974s] -- Installing: /root/marvin/software/library_ws/install/robot_localization/share/robot_localization/cmake/robot_localization__rosidl_typesupport_introspection_cExport.cmake
[166.975s] -- Installing: /root/marvin/software/library_ws/install/robot_localization/share/robot_localization/cmake/robot_localization__rosidl_typesupport_introspection_cExport-relwithdebinfo.cmake
[166.975s] -- Installing: /root/marvin/software/library_ws/install/robot_localization/share/robot_localization/cmake/robot_localization__rosidl_typesupport_cExport.cmake
[166.975s] -- Installing: /root/marvin/software/library_ws/install/robot_localization/share/robot_localization/cmake/robot_localization__rosidl_typesupport_cExport-relwithdebinfo.cmake
[166.975s] -- Installing: /root/marvin/software/library_ws/install/robot_localization/share/robot_localization/cmake/robot_localization__rosidl_generator_cppExport.cmake
[166.976s] -- Installing: /root/marvin/software/library_ws/install/robot_localization/share/robot_localization/cmake/robot_localization__rosidl_typesupport_introspection_cppExport.cmake
[166.976s] -- Installing: /root/marvin/software/library_ws/install/robot_localization/share/robot_localization/cmake/robot_localization__rosidl_typesupport_introspection_cppExport-relwithdebinfo.cmake
[166.976s] -- Installing: /root/marvin/software/library_ws/install/robot_localization/share/robot_localization/cmake/robot_localization__rosidl_typesupport_cppExport.cmake
[166.976s] -- Installing: /root/marvin/software/library_ws/install/robot_localization/share/robot_localization/cmake/robot_localization__rosidl_typesupport_cppExport-relwithdebinfo.cmake
[166.976s] -- Installing: /root/marvin/software/library_ws/install/robot_localization/share/robot_localization/cmake/rosidl_cmake-extras.cmake
[166.977s] -- Installing: /root/marvin/software/library_ws/install/robot_localization/share/robot_localization/cmake/ament_cmake_export_dependencies-extras.cmake
[166.977s] -- Installing: /root/marvin/software/library_ws/install/robot_localization/share/robot_localization/cmake/ament_cmake_export_libraries-extras.cmake
[166.977s] -- Installing: /root/marvin/software/library_ws/install/robot_localization/share/robot_localization/cmake/ament_cmake_export_targets-extras.cmake
[166.977s] -- Installing: /root/marvin/software/library_ws/install/robot_localization/share/robot_localization/cmake/ament_cmake_export_include_directories-extras.cmake
[166.977s] -- Installing: /root/marvin/software/library_ws/install/robot_localization/share/robot_localization/cmake/rosidl_cmake_export_typesupport_libraries-extras.cmake
[166.977s] -- Installing: /root/marvin/software/library_ws/install/robot_localization/share/robot_localization/cmake/rosidl_cmake_export_typesupport_targets-extras.cmake
[166.978s] -- Installing: /root/marvin/software/library_ws/install/robot_localization/share/robot_localization/cmake/robot_localizationConfig.cmake
[166.978s] -- Installing: /root/marvin/software/library_ws/install/robot_localization/share/robot_localization/cmake/robot_localizationConfig-version.cmake
[166.978s] -- Installing: /root/marvin/software/library_ws/install/robot_localization/share/robot_localization/package.xml
[166.983s] Invoked command in '/root/marvin/software/library_ws/build/robot_localization' returned '0': CMAKE_PREFIX_PATH=/opt/ros/foxy /usr/bin/cmake --install /root/marvin/software/library_ws/build/robot_localization
