[0.035s] Invoking command in '/root/marvin/software/library_ws/build/robot_localization': CMAKE_PREFIX_PATH=${CMAKE_PREFIX_PATH}:/root/marvin/marvin_ws/install/marvincar_nav:/root/marvin/marvin_ws/install/marvincar_laser:/root/marvin/marvin_ws/install/marvincar_description:/root/marvin/marvin_ws/install/marvincar_ctrl:/root/marvin/marvin_ws/install/marvincar_bringup:/opt/ros/foxy /usr/bin/cmake --build /root/marvin/software/library_ws/build/robot_localization -- -j6 -l6
[0.198s] [  1%] Built target gtest_main
[0.199s] [  3%] Built target gtest
[0.208s] [  4%] Built target robot_localization__cpp
[0.210s] [ 11%] Built target robot_localization__rosidl_generator_c
[0.277s] [ 23%] Built target robot_localization__rosidl_typesupport_introspection_cpp
[0.279s] [ 28%] Built target robot_localization__rosidl_typesupport_introspection_c
[0.280s] [ 37%] Built target robot_localization__rosidl_typesupport_c
[0.281s] [ 39%] Built target robot_localization__rosidl_typesupport_cpp
[0.300s] [ 46%] Built target robot_localization__rosidl_typesupport_fastrtps_cpp
[0.382s] [ 53%] Built target robot_localization__rosidl_typesupport_fastrtps_c
[0.439s] [ 53%] Built target robot_localization
[0.508s] [ 54%] Built target robot_localization__py
[0.598s] [ 60%] Built target robot_localization__python
[0.607s] [ 69%] Built target rl_lib
[0.681s] [ 70%] Built target robot_localization__rosidl_typesupport_c__pyext
[0.682s] [ 72%] Built target robot_localization__rosidl_typesupport_introspection_c__pyext
[0.694s] [ 74%] Built target robot_localization__rosidl_typesupport_fastrtps_c__pyext
[0.716s] [ 75%] Built target test_ros_robot_localization_listener_publisher
[0.727s] [ 77%] Built target test_ros_robot_localization_listener
[0.731s] [ 79%] Built target test_ekf
[0.770s] [ 80%] Built target test_navsat_conversions
[0.805s] [ 82%] Built target test_robot_localization_estimator
[0.809s] [ 84%] Built target ukf_node
[0.834s] [ 86%] Built target test_ukf
[0.838s] [ 87%] Built target ekf_node
[0.840s] [ 89%] Built target test_navsat_transform
[0.868s] [ 91%] Built target filter_base-test
[0.914s] [ 92%] Built target robot_localization_listener_node
[0.920s] [ 94%] Built target navsat_transform_node
[0.929s] [ 96%] Built target test_ukf_localization_node_interfaces
[0.933s] [ 98%] Built target test_ekf_localization_node_interfaces
[0.938s] [100%] Built target test_filter_base_diagnostics_timestamps
[0.971s] Invoked command in '/root/marvin/software/library_ws/build/robot_localization' returned '0': CMAKE_PREFIX_PATH=${CMAKE_PREFIX_PATH}:/root/marvin/marvin_ws/install/marvincar_nav:/root/marvin/marvin_ws/install/marvincar_laser:/root/marvin/marvin_ws/install/marvincar_description:/root/marvin/marvin_ws/install/marvincar_ctrl:/root/marvin/marvin_ws/install/marvincar_bringup:/opt/ros/foxy /usr/bin/cmake --build /root/marvin/software/library_ws/build/robot_localization -- -j6 -l6
[1.612s] Invoking command in '/root/marvin/software/library_ws/build/robot_localization': CMAKE_PREFIX_PATH=${CMAKE_PREFIX_PATH}:/root/marvin/marvin_ws/install/marvincar_nav:/root/marvin/marvin_ws/install/marvincar_laser:/root/marvin/marvin_ws/install/marvincar_description:/root/marvin/marvin_ws/install/marvincar_ctrl:/root/marvin/marvin_ws/install/marvincar_bringup:/opt/ros/foxy /usr/bin/cmake --install /root/marvin/software/library_ws/build/robot_localization
[1.632s] -- Install configuration: "RelWithDebInfo"
[1.633s] -- Up-to-date: /root/marvin/software/library_ws/install/robot_localization/share/ament_index/resource_index/rosidl_interfaces/robot_localization
[1.633s] -- Up-to-date: /root/marvin/software/library_ws/install/robot_localization/include/robot_localization
[1.635s] -- Up-to-date: /root/marvin/software/library_ws/install/robot_localization/include/robot_localization/srv
[1.635s] -- Up-to-date: /root/marvin/software/library_ws/install/robot_localization/include/robot_localization/srv/toggle_filter_processing.h
[1.635s] -- Up-to-date: /root/marvin/software/library_ws/install/robot_localization/include/robot_localization/srv/set_pose.h
[1.635s] -- Up-to-date: /root/marvin/software/library_ws/install/robot_localization/include/robot_localization/srv/set_datum.h
[1.635s] -- Up-to-date: /root/marvin/software/library_ws/install/robot_localization/include/robot_localization/srv/from_ll.h
[1.636s] -- Up-to-date: /root/marvin/software/library_ws/install/robot_localization/include/robot_localization/srv/get_state.h
[1.636s] -- Up-to-date: /root/marvin/software/library_ws/install/robot_localization/include/robot_localization/srv/to_ll.h
[1.636s] -- Up-to-date: /root/marvin/software/library_ws/install/robot_localization/include/robot_localization/srv/detail
[1.636s] -- Up-to-date: /root/marvin/software/library_ws/install/robot_localization/include/robot_localization/srv/detail/from_ll__struct.h
[1.636s] -- Up-to-date: /root/marvin/software/library_ws/install/robot_localization/include/robot_localization/srv/detail/set_datum__functions.h
[1.637s] -- Up-to-date: /root/marvin/software/library_ws/install/robot_localization/include/robot_localization/srv/detail/get_state__type_support.h
[1.637s] -- Up-to-date: /root/marvin/software/library_ws/install/robot_localization/include/robot_localization/srv/detail/from_ll__type_support.h
[1.637s] -- Up-to-date: /root/marvin/software/library_ws/install/robot_localization/include/robot_localization/srv/detail/toggle_filter_processing__type_support.h
[1.637s] -- Up-to-date: /root/marvin/software/library_ws/install/robot_localization/include/robot_localization/srv/detail/get_state__functions.c
[1.638s] -- Up-to-date: /root/marvin/software/library_ws/install/robot_localization/include/robot_localization/srv/detail/set_pose__functions.c
[1.639s] -- Up-to-date: /root/marvin/software/library_ws/install/robot_localization/include/robot_localization/srv/detail/to_ll__functions.c
[1.639s] -- Up-to-date: /root/marvin/software/library_ws/install/robot_localization/include/robot_localization/srv/detail/to_ll__functions.h
[1.640s] -- Up-to-date: /root/marvin/software/library_ws/install/robot_localization/include/robot_localization/srv/detail/toggle_filter_processing__struct.h
[1.641s] -- Up-to-date: /root/marvin/software/library_ws/install/robot_localization/include/robot_localization/srv/detail/to_ll__struct.h
[1.641s] -- Up-to-date: /root/marvin/software/library_ws/install/robot_localization/include/robot_localization/srv/detail/toggle_filter_processing__functions.h
[1.641s] -- Up-to-date: /root/marvin/software/library_ws/install/robot_localization/include/robot_localization/srv/detail/set_datum__type_support.h
[1.641s] -- Up-to-date: /root/marvin/software/library_ws/install/robot_localization/include/robot_localization/srv/detail/from_ll__functions.c
[1.641s] -- Up-to-date: /root/marvin/software/library_ws/install/robot_localization/include/robot_localization/srv/detail/get_state__struct.h
[1.641s] -- Up-to-date: /root/marvin/software/library_ws/install/robot_localization/include/robot_localization/srv/detail/toggle_filter_processing__functions.c
[1.641s] -- Up-to-date: /root/marvin/software/library_ws/install/robot_localization/include/robot_localization/srv/detail/set_pose__functions.h
[1.641s] -- Up-to-date: /root/marvin/software/library_ws/install/robot_localization/include/robot_localization/srv/detail/set_datum__functions.c
[1.642s] -- Up-to-date: /root/marvin/software/library_ws/install/robot_localization/include/robot_localization/srv/detail/set_pose__type_support.h
[1.642s] -- Up-to-date: /root/marvin/software/library_ws/install/robot_localization/include/robot_localization/srv/detail/set_pose__struct.h
[1.642s] -- Up-to-date: /root/marvin/software/library_ws/install/robot_localization/include/robot_localization/srv/detail/from_ll__functions.h
[1.642s] -- Up-to-date: /root/marvin/software/library_ws/install/robot_localization/include/robot_localization/srv/detail/get_state__functions.h
[1.642s] -- Up-to-date: /root/marvin/software/library_ws/install/robot_localization/include/robot_localization/srv/detail/set_datum__struct.h
[1.642s] -- Up-to-date: /root/marvin/software/library_ws/install/robot_localization/include/robot_localization/srv/detail/to_ll__type_support.h
[1.642s] -- Up-to-date: /root/marvin/software/library_ws/install/robot_localization/include/robot_localization/msg
[1.642s] -- Up-to-date: /root/marvin/software/library_ws/install/robot_localization/include/robot_localization/msg/rosidl_generator_c__visibility_control.h
[1.643s] -- Up-to-date: /root/marvin/software/library_ws/install/robot_localization/share/robot_localization/environment/library_path.sh
[1.643s] -- Up-to-date: /root/marvin/software/library_ws/install/robot_localization/share/robot_localization/environment/library_path.dsv
[1.643s] -- Up-to-date: /root/marvin/software/library_ws/install/robot_localization/lib/librobot_localization__rosidl_generator_c.so
[1.644s] -- Up-to-date: /root/marvin/software/library_ws/install/robot_localization/include/robot_localization
[1.644s] -- Up-to-date: /root/marvin/software/library_ws/install/robot_localization/include/robot_localization/srv
[1.645s] -- Up-to-date: /root/marvin/software/library_ws/install/robot_localization/include/robot_localization/srv/detail
[1.646s] -- Up-to-date: /root/marvin/software/library_ws/install/robot_localization/include/robot_localization/srv/detail/set_datum__rosidl_typesupport_fastrtps_c.h
[1.646s] -- Up-to-date: /root/marvin/software/library_ws/install/robot_localization/include/robot_localization/srv/detail/get_state__rosidl_typesupport_fastrtps_c.h
[1.647s] -- Up-to-date: /root/marvin/software/library_ws/install/robot_localization/include/robot_localization/srv/detail/set_pose__rosidl_typesupport_fastrtps_c.h
[1.647s] -- Up-to-date: /root/marvin/software/library_ws/install/robot_localization/include/robot_localization/srv/detail/toggle_filter_processing__rosidl_typesupport_fastrtps_c.h
[1.648s] -- Up-to-date: /root/marvin/software/library_ws/install/robot_localization/include/robot_localization/srv/detail/to_ll__rosidl_typesupport_fastrtps_c.h
[1.648s] -- Up-to-date: /root/marvin/software/library_ws/install/robot_localization/include/robot_localization/srv/detail/from_ll__rosidl_typesupport_fastrtps_c.h
[1.648s] -- Up-to-date: /root/marvin/software/library_ws/install/robot_localization/include/robot_localization/msg
[1.648s] -- Up-to-date: /root/marvin/software/library_ws/install/robot_localization/include/robot_localization/msg/rosidl_typesupport_fastrtps_c__visibility_control.h
[1.648s] -- Up-to-date: /root/marvin/software/library_ws/install/robot_localization/lib/librobot_localization__rosidl_typesupport_fastrtps_c.so
[1.648s] -- Up-to-date: /root/marvin/software/library_ws/install/robot_localization/include/robot_localization
[1.649s] -- Up-to-date: /root/marvin/software/library_ws/install/robot_localization/include/robot_localization/srv
[1.649s] -- Up-to-date: /root/marvin/software/library_ws/install/robot_localization/include/robot_localization/srv/detail
[1.649s] -- Up-to-date: /root/marvin/software/library_ws/install/robot_localization/include/robot_localization/srv/detail/get_state__rosidl_typesupport_fastrtps_cpp.hpp
[1.649s] -- Up-to-date: /root/marvin/software/library_ws/install/robot_localization/include/robot_localization/srv/detail/to_ll__rosidl_typesupport_fastrtps_cpp.hpp
[1.650s] -- Up-to-date: /root/marvin/software/library_ws/install/robot_localization/include/robot_localization/srv/detail/set_pose__rosidl_typesupport_fastrtps_cpp.hpp
[1.650s] -- Up-to-date: /root/marvin/software/library_ws/install/robot_localization/include/robot_localization/srv/detail/toggle_filter_processing__rosidl_typesupport_fastrtps_cpp.hpp
[1.651s] -- Up-to-date: /root/marvin/software/library_ws/install/robot_localization/include/robot_localization/srv/detail/from_ll__rosidl_typesupport_fastrtps_cpp.hpp
[1.652s] -- Up-to-date: /root/marvin/software/library_ws/install/robot_localization/include/robot_localization/srv/detail/set_datum__rosidl_typesupport_fastrtps_cpp.hpp
[1.652s] -- Up-to-date: /root/marvin/software/library_ws/install/robot_localization/include/robot_localization/srv/detail/dds_fastrtps
[1.653s] -- Up-to-date: /root/marvin/software/library_ws/install/robot_localization/include/robot_localization/msg
[1.653s] -- Up-to-date: /root/marvin/software/library_ws/install/robot_localization/include/robot_localization/msg/rosidl_typesupport_fastrtps_cpp__visibility_control.h
[1.653s] -- Up-to-date: /root/marvin/software/library_ws/install/robot_localization/lib/librobot_localization__rosidl_typesupport_fastrtps_cpp.so
[1.653s] -- Up-to-date: /root/marvin/software/library_ws/install/robot_localization/include/robot_localization
[1.653s] -- Up-to-date: /root/marvin/software/library_ws/install/robot_localization/include/robot_localization/srv
[1.653s] -- Up-to-date: /root/marvin/software/library_ws/install/robot_localization/include/robot_localization/srv/detail
[1.653s] -- Up-to-date: /root/marvin/software/library_ws/install/robot_localization/include/robot_localization/srv/detail/set_pose__rosidl_typesupport_introspection_c.h
[1.654s] -- Up-to-date: /root/marvin/software/library_ws/install/robot_localization/include/robot_localization/srv/detail/set_datum__type_support.c
[1.654s] -- Up-to-date: /root/marvin/software/library_ws/install/robot_localization/include/robot_localization/srv/detail/from_ll__type_support.c
[1.654s] -- Up-to-date: /root/marvin/software/library_ws/install/robot_localization/include/robot_localization/srv/detail/toggle_filter_processing__type_support.c
[1.654s] -- Up-to-date: /root/marvin/software/library_ws/install/robot_localization/include/robot_localization/srv/detail/set_datum__rosidl_typesupport_introspection_c.h
[1.654s] -- Up-to-date: /root/marvin/software/library_ws/install/robot_localization/include/robot_localization/srv/detail/set_pose__type_support.c
[1.654s] -- Up-to-date: /root/marvin/software/library_ws/install/robot_localization/include/robot_localization/srv/detail/to_ll__rosidl_typesupport_introspection_c.h
[1.654s] -- Up-to-date: /root/marvin/software/library_ws/install/robot_localization/include/robot_localization/srv/detail/get_state__type_support.c
[1.654s] -- Up-to-date: /root/marvin/software/library_ws/install/robot_localization/include/robot_localization/srv/detail/to_ll__type_support.c
[1.655s] -- Up-to-date: /root/marvin/software/library_ws/install/robot_localization/include/robot_localization/srv/detail/toggle_filter_processing__rosidl_typesupport_introspection_c.h
[1.655s] -- Up-to-date: /root/marvin/software/library_ws/install/robot_localization/include/robot_localization/srv/detail/from_ll__rosidl_typesupport_introspection_c.h
[1.655s] -- Up-to-date: /root/marvin/software/library_ws/install/robot_localization/include/robot_localization/srv/detail/get_state__rosidl_typesupport_introspection_c.h
[1.655s] -- Up-to-date: /root/marvin/software/library_ws/install/robot_localization/include/robot_localization/msg
[1.655s] -- Up-to-date: /root/marvin/software/library_ws/install/robot_localization/include/robot_localization/msg/rosidl_typesupport_introspection_c__visibility_control.h
[1.655s] -- Up-to-date: /root/marvin/software/library_ws/install/robot_localization/lib/librobot_localization__rosidl_typesupport_introspection_c.so
[1.655s] -- Up-to-date: /root/marvin/software/library_ws/install/robot_localization/lib/librobot_localization__rosidl_typesupport_c.so
[1.656s] -- Up-to-date: /root/marvin/software/library_ws/install/robot_localization/include/robot_localization
[1.656s] -- Up-to-date: /root/marvin/software/library_ws/install/robot_localization/include/robot_localization/srv
[1.656s] -- Up-to-date: /root/marvin/software/library_ws/install/robot_localization/include/robot_localization/srv/toggle_filter_processing.hpp
[1.657s] -- Up-to-date: /root/marvin/software/library_ws/install/robot_localization/include/robot_localization/srv/to_ll.hpp
[1.657s] -- Up-to-date: /root/marvin/software/library_ws/install/robot_localization/include/robot_localization/srv/from_ll.hpp
[1.658s] -- Up-to-date: /root/marvin/software/library_ws/install/robot_localization/include/robot_localization/srv/get_state.hpp
[1.659s] -- Up-to-date: /root/marvin/software/library_ws/install/robot_localization/include/robot_localization/srv/set_pose.hpp
[1.659s] -- Up-to-date: /root/marvin/software/library_ws/install/robot_localization/include/robot_localization/srv/set_datum.hpp
[1.660s] -- Up-to-date: /root/marvin/software/library_ws/install/robot_localization/include/robot_localization/srv/detail
[1.660s] -- Up-to-date: /root/marvin/software/library_ws/install/robot_localization/include/robot_localization/srv/detail/set_datum__type_support.hpp
[1.661s] -- Up-to-date: /root/marvin/software/library_ws/install/robot_localization/include/robot_localization/srv/detail/get_state__type_support.hpp
[1.661s] -- Up-to-date: /root/marvin/software/library_ws/install/robot_localization/include/robot_localization/srv/detail/from_ll__type_support.hpp
[1.661s] -- Up-to-date: /root/marvin/software/library_ws/install/robot_localization/include/robot_localization/srv/detail/set_datum__builder.hpp
[1.661s] -- Up-to-date: /root/marvin/software/library_ws/install/robot_localization/include/robot_localization/srv/detail/toggle_filter_processing__type_support.hpp
[1.661s] -- Up-to-date: /root/marvin/software/library_ws/install/robot_localization/include/robot_localization/srv/detail/to_ll__traits.hpp
[1.661s] -- Up-to-date: /root/marvin/software/library_ws/install/robot_localization/include/robot_localization/srv/detail/get_state__builder.hpp
[1.662s] -- Up-to-date: /root/marvin/software/library_ws/install/robot_localization/include/robot_localization/srv/detail/set_datum__struct.hpp
[1.662s] -- Up-to-date: /root/marvin/software/library_ws/install/robot_localization/include/robot_localization/srv/detail/from_ll__builder.hpp
[1.662s] -- Up-to-date: /root/marvin/software/library_ws/install/robot_localization/include/robot_localization/srv/detail/to_ll__struct.hpp
[1.662s] -- Up-to-date: /root/marvin/software/library_ws/install/robot_localization/include/robot_localization/srv/detail/from_ll__traits.hpp
[1.662s] -- Up-to-date: /root/marvin/software/library_ws/install/robot_localization/include/robot_localization/srv/detail/toggle_filter_processing__traits.hpp
[1.662s] -- Up-to-date: /root/marvin/software/library_ws/install/robot_localization/include/robot_localization/srv/detail/set_pose__type_support.hpp
[1.663s] -- Up-to-date: /root/marvin/software/library_ws/install/robot_localization/include/robot_localization/srv/detail/to_ll__builder.hpp
[1.663s] -- Up-to-date: /root/marvin/software/library_ws/install/robot_localization/include/robot_localization/srv/detail/toggle_filter_processing__builder.hpp
[1.663s] -- Up-to-date: /root/marvin/software/library_ws/install/robot_localization/include/robot_localization/srv/detail/get_state__struct.hpp
[1.663s] -- Up-to-date: /root/marvin/software/library_ws/install/robot_localization/include/robot_localization/srv/detail/set_pose__builder.hpp
[1.663s] -- Up-to-date: /root/marvin/software/library_ws/install/robot_localization/include/robot_localization/srv/detail/to_ll__type_support.hpp
[1.663s] -- Up-to-date: /root/marvin/software/library_ws/install/robot_localization/include/robot_localization/srv/detail/get_state__traits.hpp
[1.663s] -- Up-to-date: /root/marvin/software/library_ws/install/robot_localization/include/robot_localization/srv/detail/from_ll__struct.hpp
[1.663s] -- Up-to-date: /root/marvin/software/library_ws/install/robot_localization/include/robot_localization/srv/detail/set_pose__struct.hpp
[1.663s] -- Up-to-date: /root/marvin/software/library_ws/install/robot_localization/include/robot_localization/srv/detail/toggle_filter_processing__struct.hpp
[1.664s] -- Up-to-date: /root/marvin/software/library_ws/install/robot_localization/include/robot_localization/srv/detail/set_pose__traits.hpp
[1.664s] -- Up-to-date: /root/marvin/software/library_ws/install/robot_localization/include/robot_localization/srv/detail/set_datum__traits.hpp
[1.664s] -- Up-to-date: /root/marvin/software/library_ws/install/robot_localization/include/robot_localization/msg
[1.664s] -- Up-to-date: /root/marvin/software/library_ws/install/robot_localization/include/robot_localization/msg/rosidl_generator_cpp__visibility_control.hpp
[1.664s] -- Up-to-date: /root/marvin/software/library_ws/install/robot_localization/include/robot_localization
[1.664s] -- Up-to-date: /root/marvin/software/library_ws/install/robot_localization/include/robot_localization/srv
[1.665s] -- Up-to-date: /root/marvin/software/library_ws/install/robot_localization/include/robot_localization/srv/detail
[1.665s] -- Up-to-date: /root/marvin/software/library_ws/install/robot_localization/include/robot_localization/srv/detail/to_ll__type_support.cpp
[1.665s] -- Up-to-date: /root/marvin/software/library_ws/install/robot_localization/include/robot_localization/srv/detail/set_datum__type_support.cpp
[1.666s] -- Up-to-date: /root/marvin/software/library_ws/install/robot_localization/include/robot_localization/srv/detail/to_ll__rosidl_typesupport_introspection_cpp.hpp
[1.666s] -- Up-to-date: /root/marvin/software/library_ws/install/robot_localization/include/robot_localization/srv/detail/toggle_filter_processing__type_support.cpp
[1.666s] -- Up-to-date: /root/marvin/software/library_ws/install/robot_localization/include/robot_localization/srv/detail/get_state__type_support.cpp
[1.666s] -- Up-to-date: /root/marvin/software/library_ws/install/robot_localization/include/robot_localization/srv/detail/from_ll__type_support.cpp
[1.666s] -- Up-to-date: /root/marvin/software/library_ws/install/robot_localization/include/robot_localization/srv/detail/set_datum__rosidl_typesupport_introspection_cpp.hpp
[1.667s] -- Up-to-date: /root/marvin/software/library_ws/install/robot_localization/include/robot_localization/srv/detail/get_state__rosidl_typesupport_introspection_cpp.hpp
[1.667s] -- Up-to-date: /root/marvin/software/library_ws/install/robot_localization/include/robot_localization/srv/detail/from_ll__rosidl_typesupport_introspection_cpp.hpp
[1.667s] -- Up-to-date: /root/marvin/software/library_ws/install/robot_localization/include/robot_localization/srv/detail/toggle_filter_processing__rosidl_typesupport_introspection_cpp.hpp
[1.667s] -- Up-to-date: /root/marvin/software/library_ws/install/robot_localization/include/robot_localization/srv/detail/set_pose__type_support.cpp
[1.667s] -- Up-to-date: /root/marvin/software/library_ws/install/robot_localization/include/robot_localization/srv/detail/set_pose__rosidl_typesupport_introspection_cpp.hpp
[1.667s] -- Up-to-date: /root/marvin/software/library_ws/install/robot_localization/lib/librobot_localization__rosidl_typesupport_introspection_cpp.so
[1.667s] -- Up-to-date: /root/marvin/software/library_ws/install/robot_localization/lib/librobot_localization__rosidl_typesupport_cpp.so
[1.668s] -- Up-to-date: /root/marvin/software/library_ws/install/robot_localization/share/robot_localization/environment/pythonpath.sh
[1.668s] -- Up-to-date: /root/marvin/software/library_ws/install/robot_localization/share/robot_localization/environment/pythonpath.dsv
[1.668s] -- Up-to-date: /root/marvin/software/library_ws/install/robot_localization/lib/python3.8/site-packages/robot_localization/__init__.py
[1.733s] -- Up-to-date: /root/marvin/software/library_ws/install/robot_localization/lib/python3.8/site-packages/robot_localization/srv
[1.733s] -- Up-to-date: /root/marvin/software/library_ws/install/robot_localization/lib/python3.8/site-packages/robot_localization/srv/_set_pose.py
[1.733s] -- Up-to-date: /root/marvin/software/library_ws/install/robot_localization/lib/python3.8/site-packages/robot_localization/srv/_get_state.py
[1.733s] -- Up-to-date: /root/marvin/software/library_ws/install/robot_localization/lib/python3.8/site-packages/robot_localization/srv/_get_state_s.c
[1.734s] -- Up-to-date: /root/marvin/software/library_ws/install/robot_localization/lib/python3.8/site-packages/robot_localization/srv/_to_ll.py
[1.734s] -- Up-to-date: /root/marvin/software/library_ws/install/robot_localization/lib/python3.8/site-packages/robot_localization/srv/_to_ll_s.c
[1.735s] -- Up-to-date: /root/marvin/software/library_ws/install/robot_localization/lib/python3.8/site-packages/robot_localization/srv/__init__.py
[1.736s] -- Up-to-date: /root/marvin/software/library_ws/install/robot_localization/lib/python3.8/site-packages/robot_localization/srv/_set_datum.py
[1.736s] -- Up-to-date: /root/marvin/software/library_ws/install/robot_localization/lib/python3.8/site-packages/robot_localization/srv/_from_ll_s.c
[1.736s] -- Up-to-date: /root/marvin/software/library_ws/install/robot_localization/lib/python3.8/site-packages/robot_localization/srv/_set_datum_s.c
[1.736s] -- Up-to-date: /root/marvin/software/library_ws/install/robot_localization/lib/python3.8/site-packages/robot_localization/srv/_toggle_filter_processing.py
[1.737s] -- Up-to-date: /root/marvin/software/library_ws/install/robot_localization/lib/python3.8/site-packages/robot_localization/srv/_toggle_filter_processing_s.c
[1.737s] -- Up-to-date: /root/marvin/software/library_ws/install/robot_localization/lib/python3.8/site-packages/robot_localization/srv/_from_ll.py
[1.737s] -- Up-to-date: /root/marvin/software/library_ws/install/robot_localization/lib/python3.8/site-packages/robot_localization/srv/_set_pose_s.c
[1.737s] -- Up-to-date: /root/marvin/software/library_ws/install/robot_localization/lib/python3.8/site-packages/robot_localization/robot_localization_s__rosidl_typesupport_fastrtps_c.cpython-38-x86_64-linux-gnu.so
[1.737s] -- Up-to-date: /root/marvin/software/library_ws/install/robot_localization/lib/python3.8/site-packages/robot_localization/robot_localization_s__rosidl_typesupport_introspection_c.cpython-38-x86_64-linux-gnu.so
[1.737s] -- Up-to-date: /root/marvin/software/library_ws/install/robot_localization/lib/python3.8/site-packages/robot_localization/robot_localization_s__rosidl_typesupport_c.cpython-38-x86_64-linux-gnu.so
[1.738s] -- Up-to-date: /root/marvin/software/library_ws/install/robot_localization/lib/librobot_localization__python.so
[1.738s] -- Up-to-date: /root/marvin/software/library_ws/install/robot_localization/share/robot_localization/srv/FromLL.idl
[1.739s] -- Up-to-date: /root/marvin/software/library_ws/install/robot_localization/share/robot_localization/srv/GetState.idl
[1.739s] -- Up-to-date: /root/marvin/software/library_ws/install/robot_localization/share/robot_localization/srv/SetDatum.idl
[1.739s] -- Up-to-date: /root/marvin/software/library_ws/install/robot_localization/share/robot_localization/srv/SetPose.idl
[1.739s] -- Up-to-date: /root/marvin/software/library_ws/install/robot_localization/share/robot_localization/srv/ToggleFilterProcessing.idl
[1.740s] -- Up-to-date: /root/marvin/software/library_ws/install/robot_localization/share/robot_localization/srv/ToLL.idl
[1.740s] -- Up-to-date: /root/marvin/software/library_ws/install/robot_localization/share/robot_localization/srv/FromLL.srv
[1.741s] -- Up-to-date: /root/marvin/software/library_ws/install/robot_localization/share/robot_localization/srv/FromLL_Request.msg
[1.742s] -- Up-to-date: /root/marvin/software/library_ws/install/robot_localization/share/robot_localization/srv/FromLL_Response.msg
[1.742s] -- Up-to-date: /root/marvin/software/library_ws/install/robot_localization/share/robot_localization/srv/GetState.srv
[1.743s] -- Up-to-date: /root/marvin/software/library_ws/install/robot_localization/share/robot_localization/srv/GetState_Request.msg
[1.743s] -- Up-to-date: /root/marvin/software/library_ws/install/robot_localization/share/robot_localization/srv/GetState_Response.msg
[1.743s] -- Up-to-date: /root/marvin/software/library_ws/install/robot_localization/share/robot_localization/srv/SetDatum.srv
[1.743s] -- Up-to-date: /root/marvin/software/library_ws/install/robot_localization/share/robot_localization/srv/SetDatum_Request.msg
[1.743s] -- Up-to-date: /root/marvin/software/library_ws/install/robot_localization/share/robot_localization/srv/SetDatum_Response.msg
[1.743s] -- Up-to-date: /root/marvin/software/library_ws/install/robot_localization/share/robot_localization/srv/SetPose.srv
[1.744s] -- Up-to-date: /root/marvin/software/library_ws/install/robot_localization/share/robot_localization/srv/SetPose_Request.msg
[1.744s] -- Up-to-date: /root/marvin/software/library_ws/install/robot_localization/share/robot_localization/srv/SetPose_Response.msg
[1.744s] -- Up-to-date: /root/marvin/software/library_ws/install/robot_localization/share/robot_localization/srv/ToggleFilterProcessing.srv
[1.744s] -- Up-to-date: /root/marvin/software/library_ws/install/robot_localization/share/robot_localization/srv/ToggleFilterProcessing_Request.msg
[1.744s] -- Up-to-date: /root/marvin/software/library_ws/install/robot_localization/share/robot_localization/srv/ToggleFilterProcessing_Response.msg
[1.744s] -- Up-to-date: /root/marvin/software/library_ws/install/robot_localization/share/robot_localization/srv/ToLL.srv
[1.745s] -- Up-to-date: /root/marvin/software/library_ws/install/robot_localization/share/robot_localization/srv/ToLL_Request.msg
[1.745s] -- Up-to-date: /root/marvin/software/library_ws/install/robot_localization/share/robot_localization/srv/ToLL_Response.msg
[1.745s] -- Up-to-date: /root/marvin/software/library_ws/install/robot_localization/lib/robot_localization/filter_base-test
[1.745s] -- Up-to-date: /root/marvin/software/library_ws/install/robot_localization/lib/robot_localization/test_filter_base_diagnostics_timestamps
[1.745s] -- Up-to-date: /root/marvin/software/library_ws/install/robot_localization/lib/robot_localization/test_ekf
[1.746s] -- Up-to-date: /root/marvin/software/library_ws/install/robot_localization/lib/robot_localization/test_ekf_localization_node_interfaces
[1.747s] -- Up-to-date: /root/marvin/software/library_ws/install/robot_localization/lib/robot_localization/test_ukf
[1.749s] -- Up-to-date: /root/marvin/software/library_ws/install/robot_localization/lib/robot_localization/test_ukf_localization_node_interfaces
[1.751s] -- Up-to-date: /root/marvin/software/library_ws/install/robot_localization/lib/robot_localization/test_robot_localization_estimator
[1.752s] -- Up-to-date: /root/marvin/software/library_ws/install/robot_localization/lib/robot_localization/test_navsat_conversions
[1.753s] -- Up-to-date: /root/marvin/software/library_ws/install/robot_localization/lib/robot_localization/test_navsat_transform
[1.754s] -- Up-to-date: /root/marvin/software/library_ws/install/robot_localization/lib/robot_localization/test_ros_robot_localization_listener
[1.756s] -- Up-to-date: /root/marvin/software/library_ws/install/robot_localization/lib/robot_localization/test_ros_robot_localization_listener_publisher
[1.758s] -- Up-to-date: /root/marvin/software/library_ws/install/robot_localization/share/robot_localization/test
[1.758s] -- Up-to-date: /root/marvin/software/library_ws/install/robot_localization/share/robot_localization/test/test_ekf_localization_node_bag2.sh
[1.759s] -- Up-to-date: /root/marvin/software/library_ws/install/robot_localization/share/robot_localization/test/test_navsat_conversions.cpp
[1.759s] -- Up-to-date: /root/marvin/software/library_ws/install/robot_localization/share/robot_localization/test/test_navsat_transform.launch.py
[1.759s] -- Up-to-date: /root/marvin/software/library_ws/install/robot_localization/share/robot_localization/test/test_ekf_localization_node_interfaces.launch.py
[1.759s] -- Up-to-date: /root/marvin/software/library_ws/install/robot_localization/share/robot_localization/test/test_ukf_localization_node_bag3.sh
[1.760s] -- Up-to-date: /root/marvin/software/library_ws/install/robot_localization/share/robot_localization/test/test_ekf_localization_node_bag2.launch.py
[1.760s] -- Up-to-date: /root/marvin/software/library_ws/install/robot_localization/share/robot_localization/test/test_robot_localization_estimator.launch.py
[1.760s] -- Up-to-date: /root/marvin/software/library_ws/install/robot_localization/share/robot_localization/test/test_localization_node_bag_pose_tester.cpp
[1.760s] -- Up-to-date: /root/marvin/software/library_ws/install/robot_localization/share/robot_localization/test/test_ros_robot_localization_listener.yaml
[1.760s] -- Up-to-date: /root/marvin/software/library_ws/install/robot_localization/share/robot_localization/test/test_ekf_localization_node_bag1.launch.py
[1.761s] -- Up-to-date: /root/marvin/software/library_ws/install/robot_localization/share/robot_localization/test/test_ekf_localization_node_bag2.yaml
[1.761s] -- Up-to-date: /root/marvin/software/library_ws/install/robot_localization/share/robot_localization/test/test_filter_base_diagnostics_timestamps.cpp
[1.761s] -- Up-to-date: /root/marvin/software/library_ws/install/robot_localization/share/robot_localization/test/test_ukf_localization_node_bag2.sh
[1.761s] -- Up-to-date: /root/marvin/software/library_ws/install/robot_localization/share/robot_localization/test/test_ekf_localization_node_bag3.yaml
[1.763s] -- Up-to-date: /root/marvin/software/library_ws/install/robot_localization/share/robot_localization/test/test_ukf_localization_node_interfaces.cpp
[1.765s] -- Up-to-date: /root/marvin/software/library_ws/install/robot_localization/share/robot_localization/test/test_ekf.cpp
[1.765s] -- Up-to-date: /root/marvin/software/library_ws/install/robot_localization/share/robot_localization/test/test_navsat_transform.cpp
[1.766s] -- Up-to-date: /root/marvin/software/library_ws/install/robot_localization/share/robot_localization/test/test_ukf_localization_node_bag1.yaml
[1.766s] -- Up-to-date: /root/marvin/software/library_ws/install/robot_localization/share/robot_localization/test/test_ekf_localization_node_bag1.sh
[1.766s] -- Up-to-date: /root/marvin/software/library_ws/install/robot_localization/share/robot_localization/test/test_ukf_localization_node_bag2.launch.py
[1.766s] -- Up-to-date: /root/marvin/software/library_ws/install/robot_localization/share/robot_localization/test/test_ekf_localization_node_interfaces.yaml
[1.766s] -- Up-to-date: /root/marvin/software/library_ws/install/robot_localization/share/robot_localization/test/test_ukf_localization_node_interfaces.yaml
[1.767s] -- Up-to-date: /root/marvin/software/library_ws/install/robot_localization/share/robot_localization/test/test_ukf.cpp
[1.767s] -- Up-to-date: /root/marvin/software/library_ws/install/robot_localization/share/robot_localization/test/test_ros_robot_localization_listener.cpp
[1.767s] -- Up-to-date: /root/marvin/software/library_ws/install/robot_localization/share/robot_localization/test/test_ukf_localization_node_bag3.yaml
[1.767s] -- Up-to-date: /root/marvin/software/library_ws/install/robot_localization/share/robot_localization/test/test_ukf_localization_node_bag1.sh
[1.768s] -- Up-to-date: /root/marvin/software/library_ws/install/robot_localization/share/robot_localization/test/test_ros_robot_localization_listener_publisher.cpp
[1.768s] -- Up-to-date: /root/marvin/software/library_ws/install/robot_localization/share/robot_localization/test/test_filter_base_diagnostics_timestamps.launch.py
[1.768s] -- Up-to-date: /root/marvin/software/library_ws/install/robot_localization/share/robot_localization/test/test_ekf_localization_node_bag1.yaml
[1.768s] -- Up-to-date: /root/marvin/software/library_ws/install/robot_localization/share/robot_localization/test/test1.bag
[1.770s] -- Up-to-date: /root/marvin/software/library_ws/install/robot_localization/share/robot_localization/test/test_ekf_localization_node_interfaces.cpp
[1.770s] -- Up-to-date: /root/marvin/software/library_ws/install/robot_localization/share/robot_localization/test/test_ukf_localization_node_interfaces.launch.py
[1.771s] -- Up-to-date: /root/marvin/software/library_ws/install/robot_localization/share/robot_localization/test/test_ukf_localization_node_bag2.yaml
[1.771s] -- Up-to-date: /root/marvin/software/library_ws/install/robot_localization/share/robot_localization/test/test_ros_robot_localization_listener.launch.py
[1.773s] -- Up-to-date: /root/marvin/software/library_ws/install/robot_localization/share/robot_localization/test/test_ekf_localization_node_bag3.sh
[1.773s] -- Up-to-date: /root/marvin/software/library_ws/install/robot_localization/share/robot_localization/test/test2.bag
[1.773s] -- Up-to-date: /root/marvin/software/library_ws/install/robot_localization/share/robot_localization/test/test_filter_base_diagnostics_timestamps.yaml
[1.774s] -- Up-to-date: /root/marvin/software/library_ws/install/robot_localization/share/robot_localization/test/test3.bag
[1.774s] -- Up-to-date: /root/marvin/software/library_ws/install/robot_localization/share/robot_localization/test/test_ukf_localization_node_bag1.launch.py
[1.774s] -- Up-to-date: /root/marvin/software/library_ws/install/robot_localization/share/robot_localization/test/test_filter_base.cpp
[1.774s] -- Up-to-date: /root/marvin/software/library_ws/install/robot_localization/share/robot_localization/test/test_ekf_localization_node_bag3.launch.py
[1.774s] -- Up-to-date: /root/marvin/software/library_ws/install/robot_localization/share/robot_localization/test/test_robot_localization_estimator.cpp
[1.774s] -- Up-to-date: /root/marvin/software/library_ws/install/robot_localization/share/robot_localization/test/test_ukf_localization_node_bag3.launch.py
[1.774s] -- Up-to-date: /root/marvin/software/library_ws/install/robot_localization/lib/robot_localization/navsat_transform_node
[1.775s] -- Up-to-date: /root/marvin/software/library_ws/install/robot_localization/lib/robot_localization/ekf_node
[1.775s] -- Up-to-date: /root/marvin/software/library_ws/install/robot_localization/lib/robot_localization/ukf_node
[1.775s] -- Up-to-date: /root/marvin/software/library_ws/install/robot_localization/lib/robot_localization/robot_localization_listener_node
[1.775s] -- Up-to-date: /root/marvin/software/library_ws/install/robot_localization/lib/librl_lib.so
[1.775s] -- Up-to-date: /root/marvin/software/library_ws/install/robot_localization/include
[1.776s] -- Up-to-date: /root/marvin/software/library_ws/install/robot_localization/include/robot_localization
[1.776s] -- Up-to-date: /root/marvin/software/library_ws/install/robot_localization/include/robot_localization/filter_state.hpp
[1.776s] -- Up-to-date: /root/marvin/software/library_ws/install/robot_localization/include/robot_localization/ros_robot_localization_listener.hpp
[1.777s] -- Up-to-date: /root/marvin/software/library_ws/install/robot_localization/include/robot_localization/navsat_conversions.hpp
[1.777s] -- Up-to-date: /root/marvin/software/library_ws/install/robot_localization/include/robot_localization/ukf.hpp
[1.778s] -- Up-to-date: /root/marvin/software/library_ws/install/robot_localization/include/robot_localization/ros_filter_types.hpp
[1.778s] -- Up-to-date: /root/marvin/software/library_ws/install/robot_localization/include/robot_localization/robot_localization_estimator.hpp
[1.779s] -- Up-to-date: /root/marvin/software/library_ws/install/robot_localization/include/robot_localization/ros_filter_utilities.hpp
[1.779s] -- Up-to-date: /root/marvin/software/library_ws/install/robot_localization/include/robot_localization/navsat_transform.hpp
[1.779s] -- Up-to-date: /root/marvin/software/library_ws/install/robot_localization/include/robot_localization/ekf.hpp
[1.779s] -- Up-to-date: /root/marvin/software/library_ws/install/robot_localization/include/robot_localization/filter_common.hpp
[1.779s] -- Up-to-date: /root/marvin/software/library_ws/install/robot_localization/include/robot_localization/filter_utilities.hpp
[1.780s] -- Up-to-date: /root/marvin/software/library_ws/install/robot_localization/include/robot_localization/measurement.hpp
[1.780s] -- Up-to-date: /root/marvin/software/library_ws/install/robot_localization/include/robot_localization/ros_filter.hpp
[1.781s] -- Up-to-date: /root/marvin/software/library_ws/install/robot_localization/include/robot_localization/filter_base.hpp
[1.781s] -- Up-to-date: /root/marvin/software/library_ws/install/robot_localization/share/robot_localization/params
[1.781s] -- Up-to-date: /root/marvin/software/library_ws/install/robot_localization/share/robot_localization/params/dual_ekf_navsat_example.yaml
[1.781s] -- Up-to-date: /root/marvin/software/library_ws/install/robot_localization/share/robot_localization/params/ekf.yaml
[1.781s] -- Up-to-date: /root/marvin/software/library_ws/install/robot_localization/share/robot_localization/params/navsat_transform.yaml
[1.781s] -- Up-to-date: /root/marvin/software/library_ws/install/robot_localization/share/robot_localization/params/ekf_x1_x3.yaml
[1.781s] -- Up-to-date: /root/marvin/software/library_ws/install/robot_localization/share/robot_localization/params/ukf.yaml
[1.782s] -- Up-to-date: /root/marvin/software/library_ws/install/robot_localization/share/robot_localization/params/ekf_BK.yaml
[1.782s] -- Up-to-date: /root/marvin/software/library_ws/install/robot_localization/share/robot_localization/launch
[1.782s] -- Up-to-date: /root/marvin/software/library_ws/install/robot_localization/share/robot_localization/launch/ukf.launch.py
[1.782s] -- Up-to-date: /root/marvin/software/library_ws/install/robot_localization/share/robot_localization/launch/ekf.launch.py
[1.782s] -- Up-to-date: /root/marvin/software/library_ws/install/robot_localization/share/robot_localization/launch/navsat_transform.launch.py
[1.782s] -- Up-to-date: /root/marvin/software/library_ws/install/robot_localization/share/robot_localization/launch/ekf_x1_x3_launch.py
[1.782s] -- Up-to-date: /root/marvin/software/library_ws/install/robot_localization/share/robot_localization/launch/dual_ekf_navsat_example.launch.py
[1.782s] -- Up-to-date: /root/marvin/software/library_ws/install/robot_localization/share/ament_index/resource_index/package_run_dependencies/robot_localization
[1.782s] -- Up-to-date: /root/marvin/software/library_ws/install/robot_localization/share/ament_index/resource_index/parent_prefix_path/robot_localization
[1.782s] -- Up-to-date: /root/marvin/software/library_ws/install/robot_localization/share/robot_localization/environment/ament_prefix_path.sh
[1.783s] -- Up-to-date: /root/marvin/software/library_ws/install/robot_localization/share/robot_localization/environment/ament_prefix_path.dsv
[1.783s] -- Up-to-date: /root/marvin/software/library_ws/install/robot_localization/share/robot_localization/environment/path.sh
[1.783s] -- Up-to-date: /root/marvin/software/library_ws/install/robot_localization/share/robot_localization/environment/path.dsv
[1.783s] -- Up-to-date: /root/marvin/software/library_ws/install/robot_localization/share/robot_localization/local_setup.bash
[1.783s] -- Up-to-date: /root/marvin/software/library_ws/install/robot_localization/share/robot_localization/local_setup.sh
[1.783s] -- Up-to-date: /root/marvin/software/library_ws/install/robot_localization/share/robot_localization/local_setup.zsh
[1.783s] -- Up-to-date: /root/marvin/software/library_ws/install/robot_localization/share/robot_localization/local_setup.dsv
[1.783s] -- Installing: /root/marvin/software/library_ws/install/robot_localization/share/robot_localization/package.dsv
[1.783s] -- Up-to-date: /root/marvin/software/library_ws/install/robot_localization/share/ament_index/resource_index/packages/robot_localization
[1.783s] -- Up-to-date: /root/marvin/software/library_ws/install/robot_localization/share/robot_localization/cmake/robot_localization__rosidl_generator_cExport.cmake
[1.783s] -- Up-to-date: /root/marvin/software/library_ws/install/robot_localization/share/robot_localization/cmake/robot_localization__rosidl_generator_cExport-relwithdebinfo.cmake
[1.784s] -- Up-to-date: /root/marvin/software/library_ws/install/robot_localization/share/robot_localization/cmake/robot_localization__rosidl_typesupport_introspection_cExport.cmake
[1.784s] -- Up-to-date: /root/marvin/software/library_ws/install/robot_localization/share/robot_localization/cmake/robot_localization__rosidl_typesupport_introspection_cExport-relwithdebinfo.cmake
[1.784s] -- Up-to-date: /root/marvin/software/library_ws/install/robot_localization/share/robot_localization/cmake/robot_localization__rosidl_typesupport_cExport.cmake
[1.784s] -- Up-to-date: /root/marvin/software/library_ws/install/robot_localization/share/robot_localization/cmake/robot_localization__rosidl_typesupport_cExport-relwithdebinfo.cmake
[1.784s] -- Up-to-date: /root/marvin/software/library_ws/install/robot_localization/share/robot_localization/cmake/robot_localization__rosidl_generator_cppExport.cmake
[1.784s] -- Up-to-date: /root/marvin/software/library_ws/install/robot_localization/share/robot_localization/cmake/robot_localization__rosidl_typesupport_introspection_cppExport.cmake
[1.784s] -- Up-to-date: /root/marvin/software/library_ws/install/robot_localization/share/robot_localization/cmake/robot_localization__rosidl_typesupport_introspection_cppExport-relwithdebinfo.cmake
[1.785s] -- Up-to-date: /root/marvin/software/library_ws/install/robot_localization/share/robot_localization/cmake/robot_localization__rosidl_typesupport_cppExport.cmake
[1.785s] -- Up-to-date: /root/marvin/software/library_ws/install/robot_localization/share/robot_localization/cmake/robot_localization__rosidl_typesupport_cppExport-relwithdebinfo.cmake
[1.786s] -- Up-to-date: /root/marvin/software/library_ws/install/robot_localization/share/robot_localization/cmake/rosidl_cmake-extras.cmake
[1.786s] -- Up-to-date: /root/marvin/software/library_ws/install/robot_localization/share/robot_localization/cmake/ament_cmake_export_dependencies-extras.cmake
[1.786s] -- Up-to-date: /root/marvin/software/library_ws/install/robot_localization/share/robot_localization/cmake/ament_cmake_export_libraries-extras.cmake
[1.787s] -- Up-to-date: /root/marvin/software/library_ws/install/robot_localization/share/robot_localization/cmake/ament_cmake_export_targets-extras.cmake
[1.787s] -- Up-to-date: /root/marvin/software/library_ws/install/robot_localization/share/robot_localization/cmake/ament_cmake_export_include_directories-extras.cmake
[1.788s] -- Up-to-date: /root/marvin/software/library_ws/install/robot_localization/share/robot_localization/cmake/rosidl_cmake_export_typesupport_libraries-extras.cmake
[1.788s] -- Up-to-date: /root/marvin/software/library_ws/install/robot_localization/share/robot_localization/cmake/rosidl_cmake_export_typesupport_targets-extras.cmake
[1.788s] -- Up-to-date: /root/marvin/software/library_ws/install/robot_localization/share/robot_localization/cmake/robot_localizationConfig.cmake
[1.789s] -- Up-to-date: /root/marvin/software/library_ws/install/robot_localization/share/robot_localization/cmake/robot_localizationConfig-version.cmake
[1.789s] -- Up-to-date: /root/marvin/software/library_ws/install/robot_localization/share/robot_localization/package.xml
[1.792s] Invoked command in '/root/marvin/software/library_ws/build/robot_localization' returned '0': CMAKE_PREFIX_PATH=${CMAKE_PREFIX_PATH}:/root/marvin/marvin_ws/install/marvincar_nav:/root/marvin/marvin_ws/install/marvincar_laser:/root/marvin/marvin_ws/install/marvincar_description:/root/marvin/marvin_ws/install/marvincar_ctrl:/root/marvin/marvin_ws/install/marvincar_bringup:/opt/ros/foxy /usr/bin/cmake --install /root/marvin/software/library_ws/build/robot_localization
