-- Install configuration: ""
-- Up-to-date: /home/marvin/marvin/install/marvin_navigation/share/marvin_navigation/launch
-- Up-to-date: /home/marvin/marvin/install/marvin_navigation/share/marvin_navigation/launch/navigation.launch.py
-- Up-to-date: /home/marvin/marvin/install/marvin_navigation/share/marvin_navigation/launch/slam.launch.py
-- Up-to-date: /home/marvin/marvin/install/marvin_navigation/share/marvin_navigation/launch/localization.launch.py
-- Up-to-date: /home/marvin/marvin/install/marvin_navigation/share/marvin_navigation/rviz
-- Up-to-date: /home/marvin/marvin/install/marvin_navigation/share/marvin_navigation/rviz/marvin_slam.rviz
-- Up-to-date: /home/marvin/marvin/install/marvin_navigation/share/marvin_navigation/rviz/marvin_navigation.rviz
-- Up-to-date: /home/marvin/marvin/install/marvin_navigation/share/marvin_navigation/config
-- Up-to-date: /home/marvin/marvin/install/marvin_navigation/share/marvin_navigation/config/localization.yaml
-- Up-to-date: /home/marvin/marvin/install/marvin_navigation/share/marvin_navigation/config/twist_mux.yaml
-- Up-to-date: /home/marvin/marvin/install/marvin_navigation/share/marvin_navigation/config/navigation.yaml
-- Up-to-date: /home/marvin/marvin/install/marvin_navigation/share/marvin_navigation/config/slam.yaml
-- Up-to-date: /home/marvin/marvin/install/marvin_navigation/share/marvin_navigation/maps
-- Up-to-date: /home/marvin/marvin/install/marvin_navigation/share/marvin_navigation/maps/my_map_serial.data
-- Up-to-date: /home/marvin/marvin/install/marvin_navigation/share/marvin_navigation/maps/map1.yaml
-- Up-to-date: /home/marvin/marvin/install/marvin_navigation/share/marvin_navigation/maps/my_map_save.yaml
-- Up-to-date: /home/marvin/marvin/install/marvin_navigation/share/marvin_navigation/maps/playground.pgm
-- Up-to-date: /home/marvin/marvin/install/marvin_navigation/share/marvin_navigation/maps/my_map_serial.posegraph
-- Up-to-date: /home/marvin/marvin/install/marvin_navigation/share/marvin_navigation/maps/map1.pgm
-- Up-to-date: /home/marvin/marvin/install/marvin_navigation/share/marvin_navigation/maps/playground.yaml
-- Up-to-date: /home/marvin/marvin/install/marvin_navigation/share/marvin_navigation/maps/my_map_save.pgm
-- Up-to-date: /home/marvin/marvin/install/marvin_navigation/share/marvin_navigation/maps/simple.world
-- Up-to-date: /home/marvin/marvin/install/marvin_navigation/share/ament_index/resource_index/package_run_dependencies/marvin_navigation
-- Up-to-date: /home/marvin/marvin/install/marvin_navigation/share/ament_index/resource_index/parent_prefix_path/marvin_navigation
-- Up-to-date: /home/marvin/marvin/install/marvin_navigation/share/marvin_navigation/environment/ament_prefix_path.sh
-- Up-to-date: /home/marvin/marvin/install/marvin_navigation/share/marvin_navigation/environment/ament_prefix_path.dsv
-- Up-to-date: /home/marvin/marvin/install/marvin_navigation/share/marvin_navigation/environment/path.sh
-- Up-to-date: /home/marvin/marvin/install/marvin_navigation/share/marvin_navigation/environment/path.dsv
-- Up-to-date: /home/marvin/marvin/install/marvin_navigation/share/marvin_navigation/local_setup.bash
-- Up-to-date: /home/marvin/marvin/install/marvin_navigation/share/marvin_navigation/local_setup.sh
-- Up-to-date: /home/marvin/marvin/install/marvin_navigation/share/marvin_navigation/local_setup.zsh
-- Up-to-date: /home/marvin/marvin/install/marvin_navigation/share/marvin_navigation/local_setup.dsv
-- Installing: /home/marvin/marvin/install/marvin_navigation/share/marvin_navigation/package.dsv
-- Up-to-date: /home/marvin/marvin/install/marvin_navigation/share/ament_index/resource_index/packages/marvin_navigation
-- Up-to-date: /home/marvin/marvin/install/marvin_navigation/share/marvin_navigation/cmake/marvin_navigationConfig.cmake
-- Up-to-date: /home/marvin/marvin/install/marvin_navigation/share/marvin_navigation/cmake/marvin_navigationConfig-version.cmake
-- Up-to-date: /home/marvin/marvin/install/marvin_navigation/share/marvin_navigation/package.xml
