[0.033s] Invoking command in '/home/marvin/marvin/build/marvin_navigation': CMAKE_PREFIX_PATH=/opt/ros/foxy /usr/bin/cmake --build /home/marvin/marvin/build/marvin_navigation -- -j2 -l2
[0.184s] Invoked command in '/home/marvin/marvin/build/marvin_navigation' returned '0': CMAKE_PREFIX_PATH=/opt/ros/foxy /usr/bin/cmake --build /home/marvin/marvin/build/marvin_navigation -- -j2 -l2
[0.273s] Invoking command in '/home/marvin/marvin/build/marvin_navigation': CMAKE_PREFIX_PATH=/opt/ros/foxy /usr/bin/cmake --install /home/marvin/marvin/build/marvin_navigation
[0.295s] -- Install configuration: ""
[0.295s] -- Up-to-date: /home/marvin/marvin/install/marvin_navigation/share/marvin_navigation/launch
[0.295s] -- Up-to-date: /home/marvin/marvin/install/marvin_navigation/share/marvin_navigation/launch/navigation.launch.py
[0.295s] -- Up-to-date: /home/marvin/marvin/install/marvin_navigation/share/marvin_navigation/launch/slam.launch.py
[0.296s] -- Up-to-date: /home/marvin/marvin/install/marvin_navigation/share/marvin_navigation/launch/localization.launch.py
[0.296s] -- Up-to-date: /home/marvin/marvin/install/marvin_navigation/share/marvin_navigation/rviz
[0.296s] -- Up-to-date: /home/marvin/marvin/install/marvin_navigation/share/marvin_navigation/rviz/marvin_slam.rviz
[0.296s] -- Up-to-date: /home/marvin/marvin/install/marvin_navigation/share/marvin_navigation/rviz/marvin_navigation.rviz
[0.296s] -- Up-to-date: /home/marvin/marvin/install/marvin_navigation/share/marvin_navigation/config
[0.296s] -- Up-to-date: /home/marvin/marvin/install/marvin_navigation/share/marvin_navigation/config/localization.yaml
[0.296s] -- Up-to-date: /home/marvin/marvin/install/marvin_navigation/share/marvin_navigation/config/twist_mux.yaml
[0.296s] -- Up-to-date: /home/marvin/marvin/install/marvin_navigation/share/marvin_navigation/config/navigation.yaml
[0.296s] -- Up-to-date: /home/marvin/marvin/install/marvin_navigation/share/marvin_navigation/config/slam.yaml
[0.296s] -- Up-to-date: /home/marvin/marvin/install/marvin_navigation/share/marvin_navigation/maps
[0.296s] -- Up-to-date: /home/marvin/marvin/install/marvin_navigation/share/marvin_navigation/maps/my_map_serial.data
[0.296s] -- Up-to-date: /home/marvin/marvin/install/marvin_navigation/share/marvin_navigation/maps/map1.yaml
[0.296s] -- Up-to-date: /home/marvin/marvin/install/marvin_navigation/share/marvin_navigation/maps/my_map_save.yaml
[0.297s] -- Up-to-date: /home/marvin/marvin/install/marvin_navigation/share/marvin_navigation/maps/playground.pgm
[0.297s] -- Up-to-date: /home/marvin/marvin/install/marvin_navigation/share/marvin_navigation/maps/my_map_serial.posegraph
[0.297s] -- Up-to-date: /home/marvin/marvin/install/marvin_navigation/share/marvin_navigation/maps/map1.pgm
[0.297s] -- Up-to-date: /home/marvin/marvin/install/marvin_navigation/share/marvin_navigation/maps/playground.yaml
[0.297s] -- Up-to-date: /home/marvin/marvin/install/marvin_navigation/share/marvin_navigation/maps/my_map_save.pgm
[0.297s] -- Up-to-date: /home/marvin/marvin/install/marvin_navigation/share/marvin_navigation/maps/simple.world
[0.297s] -- Up-to-date: /home/marvin/marvin/install/marvin_navigation/share/ament_index/resource_index/package_run_dependencies/marvin_navigation
[0.297s] -- Up-to-date: /home/marvin/marvin/install/marvin_navigation/share/ament_index/resource_index/parent_prefix_path/marvin_navigation
[0.297s] -- Up-to-date: /home/marvin/marvin/install/marvin_navigation/share/marvin_navigation/environment/ament_prefix_path.sh
[0.297s] -- Up-to-date: /home/marvin/marvin/install/marvin_navigation/share/marvin_navigation/environment/ament_prefix_path.dsv
[0.304s] -- Up-to-date: /home/marvin/marvin/install/marvin_navigation/share/marvin_navigation/environment/path.sh
[0.304s] -- Up-to-date: /home/marvin/marvin/install/marvin_navigation/share/marvin_navigation/environment/path.dsv
[0.304s] -- Up-to-date: /home/marvin/marvin/install/marvin_navigation/share/marvin_navigation/local_setup.bash
[0.304s] -- Up-to-date: /home/marvin/marvin/install/marvin_navigation/share/marvin_navigation/local_setup.sh
[0.304s] -- Up-to-date: /home/marvin/marvin/install/marvin_navigation/share/marvin_navigation/local_setup.zsh
[0.304s] -- Up-to-date: /home/marvin/marvin/install/marvin_navigation/share/marvin_navigation/local_setup.dsv
[0.304s] -- Installing: /home/marvin/marvin/install/marvin_navigation/share/marvin_navigation/package.dsv
[0.306s] -- Up-to-date: /home/marvin/marvin/install/marvin_navigation/share/ament_index/resource_index/packages/marvin_navigation
[0.306s] -- Up-to-date: /home/marvin/marvin/install/marvin_navigation/share/marvin_navigation/cmake/marvin_navigationConfig.cmake
[0.306s] -- Up-to-date: /home/marvin/marvin/install/marvin_navigation/share/marvin_navigation/cmake/marvin_navigationConfig-version.cmake
[0.313s] -- Up-to-date: /home/marvin/marvin/install/marvin_navigation/share/marvin_navigation/package.xml
[0.316s] Invoked command in '/home/marvin/marvin/build/marvin_navigation' returned '0': CMAKE_PREFIX_PATH=/opt/ros/foxy /usr/bin/cmake --install /home/marvin/marvin/build/marvin_navigation
