[0.030s] Invoking command in '/home/marvin/marvin/build/robot_localization': CMAKE_PREFIX_PATH=/opt/ros/foxy /usr/bin/cmake --build /home/marvin/marvin/build/robot_localization -- -j2 -l2
[0.223s] [  2%] Built target gtest
[0.230s] [  3%] Built target robot_localization__cpp
[0.334s] [  4%] Built target gtest_main
[0.338s] [ 11%] Built target robot_localization__rosidl_generator_c
[0.430s] [ 18%] Built target robot_localization__rosidl_typesupport_cpp
[0.446s] [ 25%] Built target robot_localization__rosidl_typesupport_fastrtps_cpp
[0.553s] [ 32%] Built target robot_localization__rosidl_typesupport_introspection_cpp
[0.553s] [ 39%] Built target robot_localization__rosidl_typesupport_c
[0.641s] [ 46%] Built target robot_localization__rosidl_typesupport_fastrtps_c
[0.649s] [ 53%] Built target robot_localization__rosidl_typesupport_introspection_c
[0.704s] [ 53%] Built target robot_localization
[0.793s] [ 54%] Built target robot_localization__py
[0.866s] [ 60%] Built target robot_localization__python
[0.887s] [ 69%] Built target rl_lib
[0.999s] [ 71%] Built target robot_localization__rosidl_typesupport_fastrtps_c__pyext
[1.015s] [ 73%] Built target robot_localization__rosidl_typesupport_introspection_c__pyext
[1.070s] [ 75%] Built target filter_base-test
[1.158s] [ 76%] Built target robot_localization__rosidl_typesupport_c__pyext
[1.184s] [ 78%] Built target navsat_transform_node
[1.283s] [ 79%] Built target test_ros_robot_localization_listener_publisher
[1.359s] [ 80%] Built target robot_localization_listener_node
[1.427s] [ 82%] Built target test_ros_robot_localization_listener
[1.504s] [ 84%] Built target test_ekf
[1.529s] [ 85%] Built target test_navsat_conversions
[1.661s] [ 87%] Built target test_robot_localization_estimator
[1.693s] [ 89%] Built target ukf_node
[1.817s] [ 91%] Built target test_ukf
[1.827s] [ 92%] Built target ekf_node
[1.937s] [ 94%] Built target test_filter_base_diagnostics_timestamps
[1.965s] [ 96%] Built target test_navsat_transform
[2.030s] [ 98%] Built target test_ekf_localization_node_interfaces
[2.093s] [100%] Built target test_ukf_localization_node_interfaces
[2.126s] Invoked command in '/home/marvin/marvin/build/robot_localization' returned '0': CMAKE_PREFIX_PATH=/opt/ros/foxy /usr/bin/cmake --build /home/marvin/marvin/build/robot_localization -- -j2 -l2
[3.166s] Invoking command in '/home/marvin/marvin/build/robot_localization': CMAKE_PREFIX_PATH=/opt/ros/foxy /usr/bin/cmake --install /home/marvin/marvin/build/robot_localization
[3.216s] -- Install configuration: "RelWithDebInfo"
[3.216s] -- Up-to-date: /home/marvin/marvin/install/robot_localization/share/ament_index/resource_index/rosidl_interfaces/robot_localization
[3.216s] -- Up-to-date: /home/marvin/marvin/install/robot_localization/include/robot_localization
[3.216s] -- Up-to-date: /home/marvin/marvin/install/robot_localization/include/robot_localization/srv
[3.217s] -- Up-to-date: /home/marvin/marvin/install/robot_localization/include/robot_localization/srv/toggle_filter_processing.h
[3.217s] -- Up-to-date: /home/marvin/marvin/install/robot_localization/include/robot_localization/srv/set_pose.h
[3.217s] -- Up-to-date: /home/marvin/marvin/install/robot_localization/include/robot_localization/srv/set_datum.h
[3.217s] -- Up-to-date: /home/marvin/marvin/install/robot_localization/include/robot_localization/srv/from_ll.h
[3.217s] -- Up-to-date: /home/marvin/marvin/install/robot_localization/include/robot_localization/srv/get_state.h
[3.218s] -- Up-to-date: /home/marvin/marvin/install/robot_localization/include/robot_localization/srv/to_ll.h
[3.218s] -- Up-to-date: /home/marvin/marvin/install/robot_localization/include/robot_localization/srv/detail
[3.218s] -- Up-to-date: /home/marvin/marvin/install/robot_localization/include/robot_localization/srv/detail/from_ll__struct.h
[3.218s] -- Up-to-date: /home/marvin/marvin/install/robot_localization/include/robot_localization/srv/detail/set_datum__functions.h
[3.218s] -- Up-to-date: /home/marvin/marvin/install/robot_localization/include/robot_localization/srv/detail/get_state__type_support.h
[3.218s] -- Up-to-date: /home/marvin/marvin/install/robot_localization/include/robot_localization/srv/detail/from_ll__type_support.h
[3.218s] -- Up-to-date: /home/marvin/marvin/install/robot_localization/include/robot_localization/srv/detail/toggle_filter_processing__type_support.h
[3.219s] -- Up-to-date: /home/marvin/marvin/install/robot_localization/include/robot_localization/srv/detail/get_state__functions.c
[3.225s] -- Up-to-date: /home/marvin/marvin/install/robot_localization/include/robot_localization/srv/detail/set_pose__functions.c
[3.225s] -- Up-to-date: /home/marvin/marvin/install/robot_localization/include/robot_localization/srv/detail/to_ll__functions.c
[3.226s] -- Up-to-date: /home/marvin/marvin/install/robot_localization/include/robot_localization/srv/detail/to_ll__functions.h
[3.226s] -- Up-to-date: /home/marvin/marvin/install/robot_localization/include/robot_localization/srv/detail/toggle_filter_processing__struct.h
[3.226s] -- Up-to-date: /home/marvin/marvin/install/robot_localization/include/robot_localization/srv/detail/to_ll__struct.h
[3.226s] -- Up-to-date: /home/marvin/marvin/install/robot_localization/include/robot_localization/srv/detail/toggle_filter_processing__functions.h
[3.226s] -- Up-to-date: /home/marvin/marvin/install/robot_localization/include/robot_localization/srv/detail/set_datum__type_support.h
[3.226s] -- Up-to-date: /home/marvin/marvin/install/robot_localization/include/robot_localization/srv/detail/from_ll__functions.c
[3.226s] -- Up-to-date: /home/marvin/marvin/install/robot_localization/include/robot_localization/srv/detail/get_state__struct.h
[3.226s] -- Up-to-date: /home/marvin/marvin/install/robot_localization/include/robot_localization/srv/detail/toggle_filter_processing__functions.c
[3.227s] -- Up-to-date: /home/marvin/marvin/install/robot_localization/include/robot_localization/srv/detail/set_pose__functions.h
[3.227s] -- Up-to-date: /home/marvin/marvin/install/robot_localization/include/robot_localization/srv/detail/set_datum__functions.c
[3.227s] -- Up-to-date: /home/marvin/marvin/install/robot_localization/include/robot_localization/srv/detail/set_pose__type_support.h
[3.227s] -- Up-to-date: /home/marvin/marvin/install/robot_localization/include/robot_localization/srv/detail/set_pose__struct.h
[3.227s] -- Up-to-date: /home/marvin/marvin/install/robot_localization/include/robot_localization/srv/detail/from_ll__functions.h
[3.227s] -- Up-to-date: /home/marvin/marvin/install/robot_localization/include/robot_localization/srv/detail/get_state__functions.h
[3.228s] -- Up-to-date: /home/marvin/marvin/install/robot_localization/include/robot_localization/srv/detail/set_datum__struct.h
[3.228s] -- Up-to-date: /home/marvin/marvin/install/robot_localization/include/robot_localization/srv/detail/to_ll__type_support.h
[3.233s] -- Up-to-date: /home/marvin/marvin/install/robot_localization/include/robot_localization/msg
[3.233s] -- Up-to-date: /home/marvin/marvin/install/robot_localization/include/robot_localization/msg/rosidl_generator_c__visibility_control.h
[3.234s] -- Up-to-date: /home/marvin/marvin/install/robot_localization/share/robot_localization/environment/library_path.sh
[3.234s] -- Up-to-date: /home/marvin/marvin/install/robot_localization/share/robot_localization/environment/library_path.dsv
[3.239s] -- Up-to-date: /home/marvin/marvin/install/robot_localization/lib/librobot_localization__rosidl_generator_c.so
[3.239s] -- Up-to-date: /home/marvin/marvin/install/robot_localization/include/robot_localization
[3.241s] -- Up-to-date: /home/marvin/marvin/install/robot_localization/include/robot_localization/srv
[3.242s] -- Up-to-date: /home/marvin/marvin/install/robot_localization/include/robot_localization/srv/detail
[3.242s] -- Up-to-date: /home/marvin/marvin/install/robot_localization/include/robot_localization/srv/detail/set_datum__rosidl_typesupport_fastrtps_c.h
[3.242s] -- Up-to-date: /home/marvin/marvin/install/robot_localization/include/robot_localization/srv/detail/get_state__rosidl_typesupport_fastrtps_c.h
[3.242s] -- Up-to-date: /home/marvin/marvin/install/robot_localization/include/robot_localization/srv/detail/set_pose__rosidl_typesupport_fastrtps_c.h
[3.242s] -- Up-to-date: /home/marvin/marvin/install/robot_localization/include/robot_localization/srv/detail/toggle_filter_processing__rosidl_typesupport_fastrtps_c.h
[3.242s] -- Up-to-date: /home/marvin/marvin/install/robot_localization/include/robot_localization/srv/detail/to_ll__rosidl_typesupport_fastrtps_c.h
[3.242s] -- Up-to-date: /home/marvin/marvin/install/robot_localization/include/robot_localization/srv/detail/from_ll__rosidl_typesupport_fastrtps_c.h
[3.242s] -- Up-to-date: /home/marvin/marvin/install/robot_localization/include/robot_localization/msg
[3.242s] -- Up-to-date: /home/marvin/marvin/install/robot_localization/include/robot_localization/msg/rosidl_typesupport_fastrtps_c__visibility_control.h
[3.244s] -- Up-to-date: /home/marvin/marvin/install/robot_localization/lib/librobot_localization__rosidl_typesupport_fastrtps_c.so
[3.245s] -- Up-to-date: /home/marvin/marvin/install/robot_localization/include/robot_localization
[3.249s] -- Up-to-date: /home/marvin/marvin/install/robot_localization/include/robot_localization/srv
[3.249s] -- Up-to-date: /home/marvin/marvin/install/robot_localization/include/robot_localization/srv/detail
[3.249s] -- Up-to-date: /home/marvin/marvin/install/robot_localization/include/robot_localization/srv/detail/get_state__rosidl_typesupport_fastrtps_cpp.hpp
[3.249s] -- Up-to-date: /home/marvin/marvin/install/robot_localization/include/robot_localization/srv/detail/to_ll__rosidl_typesupport_fastrtps_cpp.hpp
[3.249s] -- Up-to-date: /home/marvin/marvin/install/robot_localization/include/robot_localization/srv/detail/set_pose__rosidl_typesupport_fastrtps_cpp.hpp
[3.249s] -- Up-to-date: /home/marvin/marvin/install/robot_localization/include/robot_localization/srv/detail/toggle_filter_processing__rosidl_typesupport_fastrtps_cpp.hpp
[3.250s] -- Up-to-date: /home/marvin/marvin/install/robot_localization/include/robot_localization/srv/detail/from_ll__rosidl_typesupport_fastrtps_cpp.hpp
[3.250s] -- Up-to-date: /home/marvin/marvin/install/robot_localization/include/robot_localization/srv/detail/set_datum__rosidl_typesupport_fastrtps_cpp.hpp
[3.250s] -- Up-to-date: /home/marvin/marvin/install/robot_localization/include/robot_localization/srv/detail/dds_fastrtps
[3.250s] -- Up-to-date: /home/marvin/marvin/install/robot_localization/include/robot_localization/msg
[3.250s] -- Up-to-date: /home/marvin/marvin/install/robot_localization/include/robot_localization/msg/rosidl_typesupport_fastrtps_cpp__visibility_control.h
[3.250s] -- Up-to-date: /home/marvin/marvin/install/robot_localization/lib/librobot_localization__rosidl_typesupport_fastrtps_cpp.so
[3.250s] -- Up-to-date: /home/marvin/marvin/install/robot_localization/include/robot_localization
[3.250s] -- Up-to-date: /home/marvin/marvin/install/robot_localization/include/robot_localization/srv
[3.250s] -- Up-to-date: /home/marvin/marvin/install/robot_localization/include/robot_localization/srv/detail
[3.250s] -- Up-to-date: /home/marvin/marvin/install/robot_localization/include/robot_localization/srv/detail/set_pose__rosidl_typesupport_introspection_c.h
[3.250s] -- Up-to-date: /home/marvin/marvin/install/robot_localization/include/robot_localization/srv/detail/set_datum__type_support.c
[3.250s] -- Up-to-date: /home/marvin/marvin/install/robot_localization/include/robot_localization/srv/detail/from_ll__type_support.c
[3.250s] -- Up-to-date: /home/marvin/marvin/install/robot_localization/include/robot_localization/srv/detail/toggle_filter_processing__type_support.c
[3.250s] -- Up-to-date: /home/marvin/marvin/install/robot_localization/include/robot_localization/srv/detail/set_datum__rosidl_typesupport_introspection_c.h
[3.250s] -- Up-to-date: /home/marvin/marvin/install/robot_localization/include/robot_localization/srv/detail/set_pose__type_support.c
[3.250s] -- Up-to-date: /home/marvin/marvin/install/robot_localization/include/robot_localization/srv/detail/to_ll__rosidl_typesupport_introspection_c.h
[3.250s] -- Up-to-date: /home/marvin/marvin/install/robot_localization/include/robot_localization/srv/detail/get_state__type_support.c
[3.251s] -- Up-to-date: /home/marvin/marvin/install/robot_localization/include/robot_localization/srv/detail/to_ll__type_support.c
[3.251s] -- Up-to-date: /home/marvin/marvin/install/robot_localization/include/robot_localization/srv/detail/toggle_filter_processing__rosidl_typesupport_introspection_c.h
[3.251s] -- Up-to-date: /home/marvin/marvin/install/robot_localization/include/robot_localization/srv/detail/from_ll__rosidl_typesupport_introspection_c.h
[3.251s] -- Up-to-date: /home/marvin/marvin/install/robot_localization/include/robot_localization/srv/detail/get_state__rosidl_typesupport_introspection_c.h
[3.251s] -- Up-to-date: /home/marvin/marvin/install/robot_localization/include/robot_localization/msg
[3.251s] -- Up-to-date: /home/marvin/marvin/install/robot_localization/include/robot_localization/msg/rosidl_typesupport_introspection_c__visibility_control.h
[3.258s] -- Up-to-date: /home/marvin/marvin/install/robot_localization/lib/librobot_localization__rosidl_typesupport_introspection_c.so
[3.258s] -- Up-to-date: /home/marvin/marvin/install/robot_localization/lib/librobot_localization__rosidl_typesupport_c.so
[3.258s] -- Up-to-date: /home/marvin/marvin/install/robot_localization/include/robot_localization
[3.258s] -- Up-to-date: /home/marvin/marvin/install/robot_localization/include/robot_localization/srv
[3.258s] -- Up-to-date: /home/marvin/marvin/install/robot_localization/include/robot_localization/srv/toggle_filter_processing.hpp
[3.258s] -- Up-to-date: /home/marvin/marvin/install/robot_localization/include/robot_localization/srv/to_ll.hpp
[3.258s] -- Up-to-date: /home/marvin/marvin/install/robot_localization/include/robot_localization/srv/from_ll.hpp
[3.258s] -- Up-to-date: /home/marvin/marvin/install/robot_localization/include/robot_localization/srv/get_state.hpp
[3.258s] -- Up-to-date: /home/marvin/marvin/install/robot_localization/include/robot_localization/srv/set_pose.hpp
[3.258s] -- Up-to-date: /home/marvin/marvin/install/robot_localization/include/robot_localization/srv/set_datum.hpp
[3.258s] -- Up-to-date: /home/marvin/marvin/install/robot_localization/include/robot_localization/srv/detail
[3.258s] -- Up-to-date: /home/marvin/marvin/install/robot_localization/include/robot_localization/srv/detail/set_datum__type_support.hpp
[3.259s] -- Up-to-date: /home/marvin/marvin/install/robot_localization/include/robot_localization/srv/detail/get_state__type_support.hpp
[3.259s] -- Up-to-date: /home/marvin/marvin/install/robot_localization/include/robot_localization/srv/detail/from_ll__type_support.hpp
[3.259s] -- Up-to-date: /home/marvin/marvin/install/robot_localization/include/robot_localization/srv/detail/set_datum__builder.hpp
[3.259s] -- Up-to-date: /home/marvin/marvin/install/robot_localization/include/robot_localization/srv/detail/toggle_filter_processing__type_support.hpp
[3.259s] -- Up-to-date: /home/marvin/marvin/install/robot_localization/include/robot_localization/srv/detail/to_ll__traits.hpp
[3.259s] -- Up-to-date: /home/marvin/marvin/install/robot_localization/include/robot_localization/srv/detail/get_state__builder.hpp
[3.259s] -- Up-to-date: /home/marvin/marvin/install/robot_localization/include/robot_localization/srv/detail/set_datum__struct.hpp
[3.259s] -- Up-to-date: /home/marvin/marvin/install/robot_localization/include/robot_localization/srv/detail/from_ll__builder.hpp
[3.259s] -- Up-to-date: /home/marvin/marvin/install/robot_localization/include/robot_localization/srv/detail/to_ll__struct.hpp
[3.259s] -- Up-to-date: /home/marvin/marvin/install/robot_localization/include/robot_localization/srv/detail/from_ll__traits.hpp
[3.259s] -- Up-to-date: /home/marvin/marvin/install/robot_localization/include/robot_localization/srv/detail/toggle_filter_processing__traits.hpp
[3.259s] -- Up-to-date: /home/marvin/marvin/install/robot_localization/include/robot_localization/srv/detail/set_pose__type_support.hpp
[3.259s] -- Up-to-date: /home/marvin/marvin/install/robot_localization/include/robot_localization/srv/detail/to_ll__builder.hpp
[3.259s] -- Up-to-date: /home/marvin/marvin/install/robot_localization/include/robot_localization/srv/detail/toggle_filter_processing__builder.hpp
[3.259s] -- Up-to-date: /home/marvin/marvin/install/robot_localization/include/robot_localization/srv/detail/get_state__struct.hpp
[3.260s] -- Up-to-date: /home/marvin/marvin/install/robot_localization/include/robot_localization/srv/detail/set_pose__builder.hpp
[3.260s] -- Up-to-date: /home/marvin/marvin/install/robot_localization/include/robot_localization/srv/detail/to_ll__type_support.hpp
[3.260s] -- Up-to-date: /home/marvin/marvin/install/robot_localization/include/robot_localization/srv/detail/get_state__traits.hpp
[3.260s] -- Up-to-date: /home/marvin/marvin/install/robot_localization/include/robot_localization/srv/detail/from_ll__struct.hpp
[3.260s] -- Up-to-date: /home/marvin/marvin/install/robot_localization/include/robot_localization/srv/detail/set_pose__struct.hpp
[3.260s] -- Up-to-date: /home/marvin/marvin/install/robot_localization/include/robot_localization/srv/detail/toggle_filter_processing__struct.hpp
[3.260s] -- Up-to-date: /home/marvin/marvin/install/robot_localization/include/robot_localization/srv/detail/set_pose__traits.hpp
[3.260s] -- Up-to-date: /home/marvin/marvin/install/robot_localization/include/robot_localization/srv/detail/set_datum__traits.hpp
[3.260s] -- Up-to-date: /home/marvin/marvin/install/robot_localization/include/robot_localization/msg
[3.260s] -- Up-to-date: /home/marvin/marvin/install/robot_localization/include/robot_localization/msg/rosidl_generator_cpp__visibility_control.hpp
[3.260s] -- Up-to-date: /home/marvin/marvin/install/robot_localization/include/robot_localization
[3.260s] -- Up-to-date: /home/marvin/marvin/install/robot_localization/include/robot_localization/srv
[3.260s] -- Up-to-date: /home/marvin/marvin/install/robot_localization/include/robot_localization/srv/detail
[3.260s] -- Up-to-date: /home/marvin/marvin/install/robot_localization/include/robot_localization/srv/detail/to_ll__type_support.cpp
[3.260s] -- Up-to-date: /home/marvin/marvin/install/robot_localization/include/robot_localization/srv/detail/set_datum__type_support.cpp
[3.260s] -- Up-to-date: /home/marvin/marvin/install/robot_localization/include/robot_localization/srv/detail/to_ll__rosidl_typesupport_introspection_cpp.hpp
[3.261s] -- Up-to-date: /home/marvin/marvin/install/robot_localization/include/robot_localization/srv/detail/toggle_filter_processing__type_support.cpp
[3.261s] -- Up-to-date: /home/marvin/marvin/install/robot_localization/include/robot_localization/srv/detail/get_state__type_support.cpp
[3.262s] -- Up-to-date: /home/marvin/marvin/install/robot_localization/include/robot_localization/srv/detail/from_ll__type_support.cpp
[3.262s] -- Up-to-date: /home/marvin/marvin/install/robot_localization/include/robot_localization/srv/detail/set_datum__rosidl_typesupport_introspection_cpp.hpp
[3.262s] -- Up-to-date: /home/marvin/marvin/install/robot_localization/include/robot_localization/srv/detail/get_state__rosidl_typesupport_introspection_cpp.hpp
[3.262s] -- Up-to-date: /home/marvin/marvin/install/robot_localization/include/robot_localization/srv/detail/from_ll__rosidl_typesupport_introspection_cpp.hpp
[3.262s] -- Up-to-date: /home/marvin/marvin/install/robot_localization/include/robot_localization/srv/detail/toggle_filter_processing__rosidl_typesupport_introspection_cpp.hpp
[3.262s] -- Up-to-date: /home/marvin/marvin/install/robot_localization/include/robot_localization/srv/detail/set_pose__type_support.cpp
[3.262s] -- Up-to-date: /home/marvin/marvin/install/robot_localization/include/robot_localization/srv/detail/set_pose__rosidl_typesupport_introspection_cpp.hpp
[3.267s] -- Up-to-date: /home/marvin/marvin/install/robot_localization/lib/librobot_localization__rosidl_typesupport_introspection_cpp.so
[3.270s] -- Up-to-date: /home/marvin/marvin/install/robot_localization/lib/librobot_localization__rosidl_typesupport_cpp.so
[3.271s] -- Up-to-date: /home/marvin/marvin/install/robot_localization/share/robot_localization/environment/pythonpath.sh
[3.271s] -- Up-to-date: /home/marvin/marvin/install/robot_localization/share/robot_localization/environment/pythonpath.dsv
[3.271s] -- Up-to-date: /home/marvin/marvin/install/robot_localization/lib/python3.8/site-packages/robot_localization/__init__.py
[3.346s] -- Up-to-date: /home/marvin/marvin/install/robot_localization/lib/python3.8/site-packages/robot_localization/srv
[3.346s] -- Up-to-date: /home/marvin/marvin/install/robot_localization/lib/python3.8/site-packages/robot_localization/srv/_set_pose.py
[3.346s] -- Up-to-date: /home/marvin/marvin/install/robot_localization/lib/python3.8/site-packages/robot_localization/srv/_get_state.py
[3.347s] -- Up-to-date: /home/marvin/marvin/install/robot_localization/lib/python3.8/site-packages/robot_localization/srv/_get_state_s.c
[3.347s] -- Up-to-date: /home/marvin/marvin/install/robot_localization/lib/python3.8/site-packages/robot_localization/srv/_to_ll.py
[3.347s] -- Up-to-date: /home/marvin/marvin/install/robot_localization/lib/python3.8/site-packages/robot_localization/srv/_to_ll_s.c
[3.347s] -- Up-to-date: /home/marvin/marvin/install/robot_localization/lib/python3.8/site-packages/robot_localization/srv/__init__.py
[3.347s] -- Up-to-date: /home/marvin/marvin/install/robot_localization/lib/python3.8/site-packages/robot_localization/srv/_set_datum.py
[3.347s] -- Up-to-date: /home/marvin/marvin/install/robot_localization/lib/python3.8/site-packages/robot_localization/srv/_from_ll_s.c
[3.348s] -- Up-to-date: /home/marvin/marvin/install/robot_localization/lib/python3.8/site-packages/robot_localization/srv/_set_datum_s.c
[3.348s] -- Up-to-date: /home/marvin/marvin/install/robot_localization/lib/python3.8/site-packages/robot_localization/srv/_toggle_filter_processing.py
[3.348s] -- Up-to-date: /home/marvin/marvin/install/robot_localization/lib/python3.8/site-packages/robot_localization/srv/_toggle_filter_processing_s.c
[3.348s] -- Up-to-date: /home/marvin/marvin/install/robot_localization/lib/python3.8/site-packages/robot_localization/srv/_from_ll.py
[3.348s] -- Up-to-date: /home/marvin/marvin/install/robot_localization/lib/python3.8/site-packages/robot_localization/srv/_set_pose_s.c
[3.350s] -- Up-to-date: /home/marvin/marvin/install/robot_localization/lib/python3.8/site-packages/robot_localization/robot_localization_s__rosidl_typesupport_fastrtps_c.cpython-38-x86_64-linux-gnu.so
[3.353s] -- Up-to-date: /home/marvin/marvin/install/robot_localization/lib/python3.8/site-packages/robot_localization/robot_localization_s__rosidl_typesupport_introspection_c.cpython-38-x86_64-linux-gnu.so
[3.356s] -- Up-to-date: /home/marvin/marvin/install/robot_localization/lib/python3.8/site-packages/robot_localization/robot_localization_s__rosidl_typesupport_c.cpython-38-x86_64-linux-gnu.so
[3.360s] -- Up-to-date: /home/marvin/marvin/install/robot_localization/lib/librobot_localization__python.so
[3.360s] -- Up-to-date: /home/marvin/marvin/install/robot_localization/share/robot_localization/srv/FromLL.idl
[3.360s] -- Up-to-date: /home/marvin/marvin/install/robot_localization/share/robot_localization/srv/GetState.idl
[3.361s] -- Up-to-date: /home/marvin/marvin/install/robot_localization/share/robot_localization/srv/SetDatum.idl
[3.361s] -- Up-to-date: /home/marvin/marvin/install/robot_localization/share/robot_localization/srv/SetPose.idl
[3.361s] -- Up-to-date: /home/marvin/marvin/install/robot_localization/share/robot_localization/srv/ToggleFilterProcessing.idl
[3.361s] -- Up-to-date: /home/marvin/marvin/install/robot_localization/share/robot_localization/srv/ToLL.idl
[3.362s] -- Up-to-date: /home/marvin/marvin/install/robot_localization/share/robot_localization/srv/FromLL.srv
[3.362s] -- Up-to-date: /home/marvin/marvin/install/robot_localization/share/robot_localization/srv/FromLL_Request.msg
[3.362s] -- Up-to-date: /home/marvin/marvin/install/robot_localization/share/robot_localization/srv/FromLL_Response.msg
[3.362s] -- Up-to-date: /home/marvin/marvin/install/robot_localization/share/robot_localization/srv/GetState.srv
[3.362s] -- Up-to-date: /home/marvin/marvin/install/robot_localization/share/robot_localization/srv/GetState_Request.msg
[3.363s] -- Up-to-date: /home/marvin/marvin/install/robot_localization/share/robot_localization/srv/GetState_Response.msg
[3.363s] -- Up-to-date: /home/marvin/marvin/install/robot_localization/share/robot_localization/srv/SetDatum.srv
[3.363s] -- Up-to-date: /home/marvin/marvin/install/robot_localization/share/robot_localization/srv/SetDatum_Request.msg
[3.363s] -- Up-to-date: /home/marvin/marvin/install/robot_localization/share/robot_localization/srv/SetDatum_Response.msg
[3.363s] -- Up-to-date: /home/marvin/marvin/install/robot_localization/share/robot_localization/srv/SetPose.srv
[3.364s] -- Up-to-date: /home/marvin/marvin/install/robot_localization/share/robot_localization/srv/SetPose_Request.msg
[3.364s] -- Up-to-date: /home/marvin/marvin/install/robot_localization/share/robot_localization/srv/SetPose_Response.msg
[3.364s] -- Up-to-date: /home/marvin/marvin/install/robot_localization/share/robot_localization/srv/ToggleFilterProcessing.srv
[3.364s] -- Up-to-date: /home/marvin/marvin/install/robot_localization/share/robot_localization/srv/ToggleFilterProcessing_Request.msg
[3.365s] -- Up-to-date: /home/marvin/marvin/install/robot_localization/share/robot_localization/srv/ToggleFilterProcessing_Response.msg
[3.365s] -- Up-to-date: /home/marvin/marvin/install/robot_localization/share/robot_localization/srv/ToLL.srv
[3.365s] -- Up-to-date: /home/marvin/marvin/install/robot_localization/share/robot_localization/srv/ToLL_Request.msg
[3.365s] -- Up-to-date: /home/marvin/marvin/install/robot_localization/share/robot_localization/srv/ToLL_Response.msg
[3.369s] -- Up-to-date: /home/marvin/marvin/install/robot_localization/lib/robot_localization/filter_base-test
[3.373s] -- Up-to-date: /home/marvin/marvin/install/robot_localization/lib/robot_localization/test_filter_base_diagnostics_timestamps
[3.376s] -- Up-to-date: /home/marvin/marvin/install/robot_localization/lib/robot_localization/test_ekf
[3.378s] -- Up-to-date: /home/marvin/marvin/install/robot_localization/lib/robot_localization/test_ekf_localization_node_interfaces
[3.381s] -- Up-to-date: /home/marvin/marvin/install/robot_localization/lib/robot_localization/test_ukf
[3.383s] -- Up-to-date: /home/marvin/marvin/install/robot_localization/lib/robot_localization/test_ukf_localization_node_interfaces
[3.387s] -- Up-to-date: /home/marvin/marvin/install/robot_localization/lib/robot_localization/test_robot_localization_estimator
[3.390s] -- Up-to-date: /home/marvin/marvin/install/robot_localization/lib/robot_localization/test_navsat_conversions
[3.392s] -- Up-to-date: /home/marvin/marvin/install/robot_localization/lib/robot_localization/test_navsat_transform
[3.395s] -- Up-to-date: /home/marvin/marvin/install/robot_localization/lib/robot_localization/test_ros_robot_localization_listener
[3.398s] -- Up-to-date: /home/marvin/marvin/install/robot_localization/lib/robot_localization/test_ros_robot_localization_listener_publisher
[3.399s] -- Up-to-date: /home/marvin/marvin/install/robot_localization/share/robot_localization/test
[3.399s] -- Up-to-date: /home/marvin/marvin/install/robot_localization/share/robot_localization/test/test_ekf_localization_node_bag2.sh
[3.400s] -- Up-to-date: /home/marvin/marvin/install/robot_localization/share/robot_localization/test/test_navsat_conversions.cpp
[3.400s] -- Up-to-date: /home/marvin/marvin/install/robot_localization/share/robot_localization/test/test_navsat_transform.launch.py
[3.400s] -- Up-to-date: /home/marvin/marvin/install/robot_localization/share/robot_localization/test/test_ekf_localization_node_interfaces.launch.py
[3.400s] -- Up-to-date: /home/marvin/marvin/install/robot_localization/share/robot_localization/test/test_ukf_localization_node_bag3.sh
[3.400s] -- Up-to-date: /home/marvin/marvin/install/robot_localization/share/robot_localization/test/test_ekf_localization_node_bag2.launch.py
[3.400s] -- Up-to-date: /home/marvin/marvin/install/robot_localization/share/robot_localization/test/test_robot_localization_estimator.launch.py
[3.401s] -- Up-to-date: /home/marvin/marvin/install/robot_localization/share/robot_localization/test/test_localization_node_bag_pose_tester.cpp
[3.401s] -- Up-to-date: /home/marvin/marvin/install/robot_localization/share/robot_localization/test/test_ros_robot_localization_listener.yaml
[3.401s] -- Up-to-date: /home/marvin/marvin/install/robot_localization/share/robot_localization/test/test_ekf_localization_node_bag1.launch.py
[3.401s] -- Up-to-date: /home/marvin/marvin/install/robot_localization/share/robot_localization/test/test_ekf_localization_node_bag2.yaml
[3.401s] -- Up-to-date: /home/marvin/marvin/install/robot_localization/share/robot_localization/test/test_filter_base_diagnostics_timestamps.cpp
[3.401s] -- Up-to-date: /home/marvin/marvin/install/robot_localization/share/robot_localization/test/test_ukf_localization_node_bag2.sh
[3.401s] -- Up-to-date: /home/marvin/marvin/install/robot_localization/share/robot_localization/test/test_ekf_localization_node_bag3.yaml
[3.401s] -- Up-to-date: /home/marvin/marvin/install/robot_localization/share/robot_localization/test/test_ukf_localization_node_interfaces.cpp
[3.401s] -- Up-to-date: /home/marvin/marvin/install/robot_localization/share/robot_localization/test/test_ekf.cpp
[3.403s] -- Up-to-date: /home/marvin/marvin/install/robot_localization/share/robot_localization/test/test_navsat_transform.cpp
[3.403s] -- Up-to-date: /home/marvin/marvin/install/robot_localization/share/robot_localization/test/test_ukf_localization_node_bag1.yaml
[3.403s] -- Up-to-date: /home/marvin/marvin/install/robot_localization/share/robot_localization/test/test_ekf_localization_node_bag1.sh
[3.403s] -- Up-to-date: /home/marvin/marvin/install/robot_localization/share/robot_localization/test/test_ukf_localization_node_bag2.launch.py
[3.403s] -- Up-to-date: /home/marvin/marvin/install/robot_localization/share/robot_localization/test/test_ekf_localization_node_interfaces.yaml
[3.403s] -- Up-to-date: /home/marvin/marvin/install/robot_localization/share/robot_localization/test/test_ukf_localization_node_interfaces.yaml
[3.403s] -- Up-to-date: /home/marvin/marvin/install/robot_localization/share/robot_localization/test/test_ukf.cpp
[3.403s] -- Up-to-date: /home/marvin/marvin/install/robot_localization/share/robot_localization/test/test_ros_robot_localization_listener.cpp
[3.403s] -- Up-to-date: /home/marvin/marvin/install/robot_localization/share/robot_localization/test/test_ukf_localization_node_bag3.yaml
[3.403s] -- Up-to-date: /home/marvin/marvin/install/robot_localization/share/robot_localization/test/test_ukf_localization_node_bag1.sh
[3.404s] -- Up-to-date: /home/marvin/marvin/install/robot_localization/share/robot_localization/test/test_ros_robot_localization_listener_publisher.cpp
[3.404s] -- Up-to-date: /home/marvin/marvin/install/robot_localization/share/robot_localization/test/test_filter_base_diagnostics_timestamps.launch.py
[3.404s] -- Up-to-date: /home/marvin/marvin/install/robot_localization/share/robot_localization/test/test_ekf_localization_node_bag1.yaml
[3.404s] -- Up-to-date: /home/marvin/marvin/install/robot_localization/share/robot_localization/test/test1.bag
[3.404s] -- Up-to-date: /home/marvin/marvin/install/robot_localization/share/robot_localization/test/test_ekf_localization_node_interfaces.cpp
[3.404s] -- Up-to-date: /home/marvin/marvin/install/robot_localization/share/robot_localization/test/test_ukf_localization_node_interfaces.launch.py
[3.404s] -- Up-to-date: /home/marvin/marvin/install/robot_localization/share/robot_localization/test/test_ukf_localization_node_bag2.yaml
[3.404s] -- Up-to-date: /home/marvin/marvin/install/robot_localization/share/robot_localization/test/test_ros_robot_localization_listener.launch.py
[3.405s] -- Up-to-date: /home/marvin/marvin/install/robot_localization/share/robot_localization/test/test_ekf_localization_node_bag3.sh
[3.405s] -- Up-to-date: /home/marvin/marvin/install/robot_localization/share/robot_localization/test/test2.bag
[3.405s] -- Up-to-date: /home/marvin/marvin/install/robot_localization/share/robot_localization/test/test_filter_base_diagnostics_timestamps.yaml
[3.405s] -- Up-to-date: /home/marvin/marvin/install/robot_localization/share/robot_localization/test/test3.bag
[3.405s] -- Up-to-date: /home/marvin/marvin/install/robot_localization/share/robot_localization/test/test_ukf_localization_node_bag1.launch.py
[3.405s] -- Up-to-date: /home/marvin/marvin/install/robot_localization/share/robot_localization/test/test_filter_base.cpp
[3.405s] -- Up-to-date: /home/marvin/marvin/install/robot_localization/share/robot_localization/test/test_ekf_localization_node_bag3.launch.py
[3.405s] -- Up-to-date: /home/marvin/marvin/install/robot_localization/share/robot_localization/test/test_robot_localization_estimator.cpp
[3.406s] -- Up-to-date: /home/marvin/marvin/install/robot_localization/share/robot_localization/test/test_ukf_localization_node_bag3.launch.py
[3.408s] -- Up-to-date: /home/marvin/marvin/install/robot_localization/lib/robot_localization/navsat_transform_node
[3.411s] -- Up-to-date: /home/marvin/marvin/install/robot_localization/lib/robot_localization/ekf_node
[3.413s] -- Up-to-date: /home/marvin/marvin/install/robot_localization/lib/robot_localization/ukf_node
[3.415s] -- Up-to-date: /home/marvin/marvin/install/robot_localization/lib/robot_localization/robot_localization_listener_node
[3.418s] -- Up-to-date: /home/marvin/marvin/install/robot_localization/lib/librl_lib.so
[3.419s] -- Up-to-date: /home/marvin/marvin/install/robot_localization/include
[3.419s] -- Up-to-date: /home/marvin/marvin/install/robot_localization/include/robot_localization
[3.419s] -- Up-to-date: /home/marvin/marvin/install/robot_localization/include/robot_localization/filter_state.hpp
[3.420s] -- Up-to-date: /home/marvin/marvin/install/robot_localization/include/robot_localization/ros_robot_localization_listener.hpp
[3.420s] -- Up-to-date: /home/marvin/marvin/install/robot_localization/include/robot_localization/navsat_conversions.hpp
[3.420s] -- Up-to-date: /home/marvin/marvin/install/robot_localization/include/robot_localization/ukf.hpp
[3.420s] -- Up-to-date: /home/marvin/marvin/install/robot_localization/include/robot_localization/ros_filter_types.hpp
[3.421s] -- Up-to-date: /home/marvin/marvin/install/robot_localization/include/robot_localization/robot_localization_estimator.hpp
[3.421s] -- Up-to-date: /home/marvin/marvin/install/robot_localization/include/robot_localization/ros_filter_utilities.hpp
[3.421s] -- Up-to-date: /home/marvin/marvin/install/robot_localization/include/robot_localization/navsat_transform.hpp
[3.421s] -- Up-to-date: /home/marvin/marvin/install/robot_localization/include/robot_localization/ekf.hpp
[3.422s] -- Up-to-date: /home/marvin/marvin/install/robot_localization/include/robot_localization/filter_common.hpp
[3.422s] -- Up-to-date: /home/marvin/marvin/install/robot_localization/include/robot_localization/filter_utilities.hpp
[3.422s] -- Up-to-date: /home/marvin/marvin/install/robot_localization/include/robot_localization/measurement.hpp
[3.422s] -- Up-to-date: /home/marvin/marvin/install/robot_localization/include/robot_localization/ros_filter.hpp
[3.422s] -- Up-to-date: /home/marvin/marvin/install/robot_localization/include/robot_localization/filter_base.hpp
[3.422s] -- Up-to-date: /home/marvin/marvin/install/robot_localization/share/robot_localization/params
[3.423s] -- Up-to-date: /home/marvin/marvin/install/robot_localization/share/robot_localization/params/dual_ekf_navsat_example.yaml
[3.423s] -- Up-to-date: /home/marvin/marvin/install/robot_localization/share/robot_localization/params/ekf.yaml
[3.423s] -- Up-to-date: /home/marvin/marvin/install/robot_localization/share/robot_localization/params/navsat_transform.yaml
[3.423s] -- Up-to-date: /home/marvin/marvin/install/robot_localization/share/robot_localization/params/ekf_x1_x3.yaml
[3.423s] -- Up-to-date: /home/marvin/marvin/install/robot_localization/share/robot_localization/params/ukf.yaml
[3.423s] -- Up-to-date: /home/marvin/marvin/install/robot_localization/share/robot_localization/params/ekf_BK.yaml
[3.423s] -- Up-to-date: /home/marvin/marvin/install/robot_localization/share/robot_localization/launch
[3.423s] -- Up-to-date: /home/marvin/marvin/install/robot_localization/share/robot_localization/launch/ukf.launch.py
[3.423s] -- Up-to-date: /home/marvin/marvin/install/robot_localization/share/robot_localization/launch/ekf.launch.py
[3.423s] -- Up-to-date: /home/marvin/marvin/install/robot_localization/share/robot_localization/launch/navsat_transform.launch.py
[3.423s] -- Up-to-date: /home/marvin/marvin/install/robot_localization/share/robot_localization/launch/ekf_x1_x3_launch.py
[3.423s] -- Up-to-date: /home/marvin/marvin/install/robot_localization/share/robot_localization/launch/dual_ekf_navsat_example.launch.py
[3.425s] -- Up-to-date: /home/marvin/marvin/install/robot_localization/share/ament_index/resource_index/package_run_dependencies/robot_localization
[3.425s] -- Up-to-date: /home/marvin/marvin/install/robot_localization/share/ament_index/resource_index/parent_prefix_path/robot_localization
[3.425s] -- Up-to-date: /home/marvin/marvin/install/robot_localization/share/robot_localization/environment/ament_prefix_path.sh
[3.425s] -- Up-to-date: /home/marvin/marvin/install/robot_localization/share/robot_localization/environment/ament_prefix_path.dsv
[3.425s] -- Up-to-date: /home/marvin/marvin/install/robot_localization/share/robot_localization/environment/path.sh
[3.425s] -- Up-to-date: /home/marvin/marvin/install/robot_localization/share/robot_localization/environment/path.dsv
[3.425s] -- Up-to-date: /home/marvin/marvin/install/robot_localization/share/robot_localization/local_setup.bash
[3.425s] -- Up-to-date: /home/marvin/marvin/install/robot_localization/share/robot_localization/local_setup.sh
[3.425s] -- Up-to-date: /home/marvin/marvin/install/robot_localization/share/robot_localization/local_setup.zsh
[3.425s] -- Up-to-date: /home/marvin/marvin/install/robot_localization/share/robot_localization/local_setup.dsv
[3.425s] -- Installing: /home/marvin/marvin/install/robot_localization/share/robot_localization/package.dsv
[3.426s] -- Up-to-date: /home/marvin/marvin/install/robot_localization/share/ament_index/resource_index/packages/robot_localization
[3.428s] -- Up-to-date: /home/marvin/marvin/install/robot_localization/share/robot_localization/cmake/robot_localization__rosidl_generator_cExport.cmake
[3.428s] -- Up-to-date: /home/marvin/marvin/install/robot_localization/share/robot_localization/cmake/robot_localization__rosidl_generator_cExport-relwithdebinfo.cmake
[3.429s] -- Up-to-date: /home/marvin/marvin/install/robot_localization/share/robot_localization/cmake/robot_localization__rosidl_typesupport_introspection_cExport.cmake
[3.430s] -- Up-to-date: /home/marvin/marvin/install/robot_localization/share/robot_localization/cmake/robot_localization__rosidl_typesupport_introspection_cExport-relwithdebinfo.cmake
[3.432s] -- Up-to-date: /home/marvin/marvin/install/robot_localization/share/robot_localization/cmake/robot_localization__rosidl_typesupport_cExport.cmake
[3.432s] -- Up-to-date: /home/marvin/marvin/install/robot_localization/share/robot_localization/cmake/robot_localization__rosidl_typesupport_cExport-relwithdebinfo.cmake
[3.433s] -- Up-to-date: /home/marvin/marvin/install/robot_localization/share/robot_localization/cmake/robot_localization__rosidl_generator_cppExport.cmake
[3.434s] -- Up-to-date: /home/marvin/marvin/install/robot_localization/share/robot_localization/cmake/robot_localization__rosidl_typesupport_introspection_cppExport.cmake
[3.435s] -- Up-to-date: /home/marvin/marvin/install/robot_localization/share/robot_localization/cmake/robot_localization__rosidl_typesupport_introspection_cppExport-relwithdebinfo.cmake
[3.436s] -- Up-to-date: /home/marvin/marvin/install/robot_localization/share/robot_localization/cmake/robot_localization__rosidl_typesupport_cppExport.cmake
[3.436s] -- Up-to-date: /home/marvin/marvin/install/robot_localization/share/robot_localization/cmake/robot_localization__rosidl_typesupport_cppExport-relwithdebinfo.cmake
[3.437s] -- Up-to-date: /home/marvin/marvin/install/robot_localization/share/robot_localization/cmake/rosidl_cmake-extras.cmake
[3.438s] -- Up-to-date: /home/marvin/marvin/install/robot_localization/share/robot_localization/cmake/ament_cmake_export_dependencies-extras.cmake
[3.438s] -- Up-to-date: /home/marvin/marvin/install/robot_localization/share/robot_localization/cmake/ament_cmake_export_libraries-extras.cmake
[3.438s] -- Up-to-date: /home/marvin/marvin/install/robot_localization/share/robot_localization/cmake/ament_cmake_export_targets-extras.cmake
[3.439s] -- Up-to-date: /home/marvin/marvin/install/robot_localization/share/robot_localization/cmake/ament_cmake_export_include_directories-extras.cmake
[3.439s] -- Up-to-date: /home/marvin/marvin/install/robot_localization/share/robot_localization/cmake/rosidl_cmake_export_typesupport_libraries-extras.cmake
[3.439s] -- Up-to-date: /home/marvin/marvin/install/robot_localization/share/robot_localization/cmake/rosidl_cmake_export_typesupport_targets-extras.cmake
[3.439s] -- Up-to-date: /home/marvin/marvin/install/robot_localization/share/robot_localization/cmake/robot_localizationConfig.cmake
[3.440s] -- Up-to-date: /home/marvin/marvin/install/robot_localization/share/robot_localization/cmake/robot_localizationConfig-version.cmake
[3.440s] -- Up-to-date: /home/marvin/marvin/install/robot_localization/share/robot_localization/package.xml
[3.449s] Invoked command in '/home/marvin/marvin/build/robot_localization' returned '0': CMAKE_PREFIX_PATH=/opt/ros/foxy /usr/bin/cmake --install /home/marvin/marvin/build/robot_localization
