[0.026s] Invoking command in '/home/marvin/marvin/marvin_ws/build/marvin_navigation': CMAKE_PREFIX_PATH=/opt/ros/foxy /usr/bin/cmake /home/marvin/marvin/marvin_ws/src/marvin_navigation -DCMAKE_INSTALL_PREFIX=/home/marvin/marvin/marvin_ws/install/marvin_navigation
[0.218s] -- The C compiler identification is GNU 9.4.0
[0.384s] -- The CXX compiler identification is GNU 9.4.0
[0.397s] -- Check for working C compiler: /usr/bin/cc
[0.657s] -- Check for working C compiler: /usr/bin/cc -- works
[0.658s] -- Detecting C compiler ABI info
[0.817s] -- Detecting C compiler ABI info - done
[0.828s] -- Detecting C compile features
[0.828s] -- Detecting C compile features - done
[0.831s] -- Check for working CXX compiler: /usr/bin/c++
[0.922s] -- Check for working CXX compiler: /usr/bin/c++ -- works
[0.923s] -- Detecting CXX compiler ABI info
[1.039s] -- Detecting CXX compiler ABI info - done
[1.055s] -- Detecting CXX compile features
[1.056s] -- Detecting CXX compile features - done
[1.059s] -- Found ament_cmake: 0.9.12 (/opt/ros/foxy/share/ament_cmake/cmake)
[1.096s] -- Found PythonInterp: /usr/bin/python3 (found suitable version "3.8.10", minimum required is "3") 
[1.096s] -- Using PYTHON_EXECUTABLE: /usr/bin/python3
[1.317s] -- Found ament_lint_auto: 0.9.8 (/opt/ros/foxy/share/ament_lint_auto/cmake)
[1.395s] -- Added test 'copyright' to check source files copyright and LICENSE
[1.401s] -- Added test 'flake8' to check Python code syntax and style conventions
[1.402s] -- Added test 'lint_cmake' to check CMake code style
[1.402s] -- Added test 'pep257' to check Python code against some of the style conventions in PEP 257
[1.404s] -- Added test 'xmllint' to check XML markup files
[1.406s] -- Configuring done
[1.408s] -- Generating done
[1.409s] -- Build files have been written to: /home/marvin/marvin/marvin_ws/build/marvin_navigation
[1.416s] Invoked command in '/home/marvin/marvin/marvin_ws/build/marvin_navigation' returned '0': CMAKE_PREFIX_PATH=/opt/ros/foxy /usr/bin/cmake /home/marvin/marvin/marvin_ws/src/marvin_navigation -DCMAKE_INSTALL_PREFIX=/home/marvin/marvin/marvin_ws/install/marvin_navigation
[1.417s] Invoking command in '/home/marvin/marvin/marvin_ws/build/marvin_navigation': CMAKE_PREFIX_PATH=/opt/ros/foxy /usr/bin/cmake --build /home/marvin/marvin/marvin_ws/build/marvin_navigation -- -j2 -l2
[1.475s] Invoked command in '/home/marvin/marvin/marvin_ws/build/marvin_navigation' returned '0': CMAKE_PREFIX_PATH=/opt/ros/foxy /usr/bin/cmake --build /home/marvin/marvin/marvin_ws/build/marvin_navigation -- -j2 -l2
[1.511s] Invoking command in '/home/marvin/marvin/marvin_ws/build/marvin_navigation': CMAKE_PREFIX_PATH=/opt/ros/foxy /usr/bin/cmake --install /home/marvin/marvin/marvin_ws/build/marvin_navigation
[1.528s] -- Install configuration: ""
[1.528s] -- Installing: /home/marvin/marvin/marvin_ws/install/marvin_navigation/share/marvin_navigation/launch
[1.528s] -- Installing: /home/marvin/marvin/marvin_ws/install/marvin_navigation/share/marvin_navigation/launch/navigation.launch.py
[1.530s] -- Installing: /home/marvin/marvin/marvin_ws/install/marvin_navigation/share/marvin_navigation/launch/slam.launch.py
[1.531s] -- Installing: /home/marvin/marvin/marvin_ws/install/marvin_navigation/share/marvin_navigation/launch/localization_car.launch.py
[1.532s] -- Installing: /home/marvin/marvin/marvin_ws/install/marvin_navigation/share/marvin_navigation/launch/localization.launch.py
[1.533s] -- Installing: /home/marvin/marvin/marvin_ws/install/marvin_navigation/share/marvin_navigation/config
[1.533s] -- Installing: /home/marvin/marvin/marvin_ws/install/marvin_navigation/share/marvin_navigation/config/localization.yaml
[1.534s] -- Installing: /home/marvin/marvin/marvin_ws/install/marvin_navigation/share/marvin_navigation/config/localization_car.yaml
[1.535s] -- Installing: /home/marvin/marvin/marvin_ws/install/marvin_navigation/share/marvin_navigation/config/slam.yaml
[1.536s] -- Installing: /home/marvin/marvin/marvin_ws/install/marvin_navigation/share/ament_index/resource_index/package_run_dependencies/marvin_navigation
[1.537s] -- Installing: /home/marvin/marvin/marvin_ws/install/marvin_navigation/share/ament_index/resource_index/parent_prefix_path/marvin_navigation
[1.537s] -- Installing: /home/marvin/marvin/marvin_ws/install/marvin_navigation/share/marvin_navigation/environment/ament_prefix_path.sh
[1.538s] -- Installing: /home/marvin/marvin/marvin_ws/install/marvin_navigation/share/marvin_navigation/environment/ament_prefix_path.dsv
[1.538s] -- Installing: /home/marvin/marvin/marvin_ws/install/marvin_navigation/share/marvin_navigation/environment/path.sh
[1.538s] -- Installing: /home/marvin/marvin/marvin_ws/install/marvin_navigation/share/marvin_navigation/environment/path.dsv
[1.539s] -- Installing: /home/marvin/marvin/marvin_ws/install/marvin_navigation/share/marvin_navigation/local_setup.bash
[1.539s] -- Installing: /home/marvin/marvin/marvin_ws/install/marvin_navigation/share/marvin_navigation/local_setup.sh
[1.539s] -- Installing: /home/marvin/marvin/marvin_ws/install/marvin_navigation/share/marvin_navigation/local_setup.zsh
[1.540s] -- Installing: /home/marvin/marvin/marvin_ws/install/marvin_navigation/share/marvin_navigation/local_setup.dsv
[1.540s] -- Installing: /home/marvin/marvin/marvin_ws/install/marvin_navigation/share/marvin_navigation/package.dsv
[1.541s] -- Installing: /home/marvin/marvin/marvin_ws/install/marvin_navigation/share/ament_index/resource_index/packages/marvin_navigation
[1.541s] -- Installing: /home/marvin/marvin/marvin_ws/install/marvin_navigation/share/marvin_navigation/cmake/marvin_navigationConfig.cmake
[1.541s] -- Installing: /home/marvin/marvin/marvin_ws/install/marvin_navigation/share/marvin_navigation/cmake/marvin_navigationConfig-version.cmake
[1.542s] -- Installing: /home/marvin/marvin/marvin_ws/install/marvin_navigation/share/marvin_navigation/package.xml
[1.555s] Invoked command in '/home/marvin/marvin/marvin_ws/build/marvin_navigation' returned '0': CMAKE_PREFIX_PATH=/opt/ros/foxy /usr/bin/cmake --install /home/marvin/marvin/marvin_ws/build/marvin_navigation
