[0.320s] DEBUG:colcon:Command line arguments: ['/usr/bin/colcon', 'build']
[0.320s] DEBUG:colcon:Parsed command line arguments: Namespace(allow_overriding=[], ament_cmake_args=None, base_paths=['.'], build_base='build', catkin_cmake_args=None, catkin_skip_building_tests=False, cmake_args=None, cmake_clean_cache=False, cmake_clean_first=False, cmake_force_configure=False, cmake_target=None, cmake_target_skip_unavailable=False, continue_on_error=False, event_handlers=None, executor='parallel', ignore_user_meta=False, install_base='install', log_base=None, log_level=None, main=<bound method BuildVerb.main of <colcon_core.verb.build.BuildVerb object at 0x7f86f44f53d0>>, merge_install=False, metas=['./colcon.meta'], packages_above=None, packages_above_and_dependencies=None, packages_above_depth=None, packages_end=None, packages_ignore=None, packages_ignore_regex=None, packages_select=None, packages_select_build_failed=False, packages_select_by_dep=None, packages_select_regex=None, packages_select_test_failures=False, packages_skip=None, packages_skip_build_finished=False, packages_skip_by_dep=None, packages_skip_regex=None, packages_skip_test_passed=False, packages_skip_up_to=None, packages_start=None, packages_up_to=None, packages_up_to_regex=None, parallel_workers=2, paths=None, symlink_install=False, test_result_base=None, verb_extension=<colcon_core.verb.build.BuildVerb object at 0x7f86f44f53d0>, verb_name='build', verb_parser=<colcon_defaults.argument_parser.defaults.DefaultArgumentsDecorator object at 0x7f86f44f5910>)
[0.347s] Level 1:colcon.colcon_core.package_discovery:discover_packages(colcon_meta) check parameters
[0.347s] Level 1:colcon.colcon_core.package_discovery:discover_packages(recursive) check parameters
[0.347s] Level 1:colcon.colcon_core.package_discovery:discover_packages(ignore) check parameters
[0.347s] Level 1:colcon.colcon_core.package_discovery:discover_packages(path) check parameters
[0.347s] Level 1:colcon.colcon_core.package_discovery:discover_packages(colcon_meta) discover
[0.347s] Level 1:colcon.colcon_core.package_discovery:discover_packages(recursive) discover
[0.347s] INFO:colcon.colcon_core.package_discovery:Crawling recursively for packages in '/home/marvin/marvin/software/library'
[0.347s] Level 1:colcon.colcon_core.package_identification:_identify(.) by extensions ['ignore', 'ignore_ament_install']
[0.347s] Level 1:colcon.colcon_core.package_identification:_identify(.) by extension 'ignore'
[0.347s] Level 1:colcon.colcon_core.package_identification:_identify(.) by extension 'ignore_ament_install'
[0.347s] Level 1:colcon.colcon_core.package_identification:_identify(.) by extensions ['colcon_pkg']
[0.347s] Level 1:colcon.colcon_core.package_identification:_identify(.) by extension 'colcon_pkg'
[0.348s] Level 1:colcon.colcon_core.package_identification:_identify(.) by extensions ['colcon_meta']
[0.348s] Level 1:colcon.colcon_core.package_identification:_identify(.) by extension 'colcon_meta'
[0.348s] Level 1:colcon.colcon_core.package_identification:_identify(.) by extensions ['ros']
[0.348s] Level 1:colcon.colcon_core.package_identification:_identify(.) by extension 'ros'
[0.374s] Level 1:colcon.colcon_core.package_identification:_identify(.) by extensions ['cmake', 'python']
[0.374s] Level 1:colcon.colcon_core.package_identification:_identify(.) by extension 'cmake'
[0.374s] Level 1:colcon.colcon_core.package_identification:_identify(.) by extension 'python'
[0.374s] Level 1:colcon.colcon_core.package_identification:_identify(.) by extensions ['python_setup_py']
[0.374s] Level 1:colcon.colcon_core.package_identification:_identify(.) by extension 'python_setup_py'
[0.374s] Level 1:colcon.colcon_core.package_identification:_identify(build) by extensions ['ignore', 'ignore_ament_install']
[0.374s] Level 1:colcon.colcon_core.package_identification:_identify(build) by extension 'ignore'
[0.375s] Level 1:colcon.colcon_core.package_identification:_identify(build) ignored
[0.375s] Level 1:colcon.colcon_core.package_identification:_identify(install) by extensions ['ignore', 'ignore_ament_install']
[0.375s] Level 1:colcon.colcon_core.package_identification:_identify(install) by extension 'ignore'
[0.375s] Level 1:colcon.colcon_core.package_identification:_identify(install) ignored
[0.375s] Level 1:colcon.colcon_core.package_identification:_identify(log) by extensions ['ignore', 'ignore_ament_install']
[0.375s] Level 1:colcon.colcon_core.package_identification:_identify(log) by extension 'ignore'
[0.375s] Level 1:colcon.colcon_core.package_identification:_identify(log) ignored
[0.375s] Level 1:colcon.colcon_core.package_identification:_identify(src) by extensions ['ignore', 'ignore_ament_install']
[0.375s] Level 1:colcon.colcon_core.package_identification:_identify(src) by extension 'ignore'
[0.375s] Level 1:colcon.colcon_core.package_identification:_identify(src) by extension 'ignore_ament_install'
[0.375s] Level 1:colcon.colcon_core.package_identification:_identify(src) by extensions ['colcon_pkg']
[0.375s] Level 1:colcon.colcon_core.package_identification:_identify(src) by extension 'colcon_pkg'
[0.375s] Level 1:colcon.colcon_core.package_identification:_identify(src) by extensions ['colcon_meta']
[0.375s] Level 1:colcon.colcon_core.package_identification:_identify(src) by extension 'colcon_meta'
[0.375s] Level 1:colcon.colcon_core.package_identification:_identify(src) by extensions ['ros']
[0.375s] Level 1:colcon.colcon_core.package_identification:_identify(src) by extension 'ros'
[0.376s] Level 1:colcon.colcon_core.package_identification:_identify(src) by extensions ['cmake', 'python']
[0.376s] Level 1:colcon.colcon_core.package_identification:_identify(src) by extension 'cmake'
[0.376s] Level 1:colcon.colcon_core.package_identification:_identify(src) by extension 'python'
[0.376s] Level 1:colcon.colcon_core.package_identification:_identify(src) by extensions ['python_setup_py']
[0.376s] Level 1:colcon.colcon_core.package_identification:_identify(src) by extension 'python_setup_py'
[0.376s] Level 1:colcon.colcon_core.package_identification:_identify(src/robot_localization) by extensions ['ignore', 'ignore_ament_install']
[0.376s] Level 1:colcon.colcon_core.package_identification:_identify(src/robot_localization) by extension 'ignore'
[0.376s] Level 1:colcon.colcon_core.package_identification:_identify(src/robot_localization) by extension 'ignore_ament_install'
[0.376s] Level 1:colcon.colcon_core.package_identification:_identify(src/robot_localization) by extensions ['colcon_pkg']
[0.376s] Level 1:colcon.colcon_core.package_identification:_identify(src/robot_localization) by extension 'colcon_pkg'
[0.376s] Level 1:colcon.colcon_core.package_identification:_identify(src/robot_localization) by extensions ['colcon_meta']
[0.376s] Level 1:colcon.colcon_core.package_identification:_identify(src/robot_localization) by extension 'colcon_meta'
[0.376s] Level 1:colcon.colcon_core.package_identification:_identify(src/robot_localization) by extensions ['ros']
[0.376s] Level 1:colcon.colcon_core.package_identification:_identify(src/robot_localization) by extension 'ros'
[0.382s] DEBUG:colcon.colcon_core.package_identification:Package 'src/robot_localization' with type 'ros.ament_cmake' and name 'robot_localization'
[0.382s] Level 1:colcon.colcon_core.package_discovery:discover_packages(recursive) using defaults
[0.382s] Level 1:colcon.colcon_core.package_discovery:discover_packages(ignore) discover
[0.382s] Level 1:colcon.colcon_core.package_discovery:discover_packages(ignore) using defaults
[0.382s] Level 1:colcon.colcon_core.package_discovery:discover_packages(path) discover
[0.382s] Level 1:colcon.colcon_core.package_discovery:discover_packages(path) using defaults
[0.402s] Level 1:colcon.colcon_core.package_discovery:discover_packages(prefix_path) check parameters
[0.402s] Level 1:colcon.colcon_core.package_discovery:discover_packages(prefix_path) discover
[0.409s] DEBUG:colcon.colcon_installed_package_information.package_discovery:Found 310 installed packages in /opt/ros/foxy
[0.410s] Level 1:colcon.colcon_core.package_discovery:discover_packages(prefix_path) using defaults
[0.537s] Level 5:colcon.colcon_core.verb:set package 'robot_localization' build argument 'cmake_args' from command line to 'None'
[0.537s] Level 5:colcon.colcon_core.verb:set package 'robot_localization' build argument 'cmake_target' from command line to 'None'
[0.537s] Level 5:colcon.colcon_core.verb:set package 'robot_localization' build argument 'cmake_target_skip_unavailable' from command line to 'False'
[0.537s] Level 5:colcon.colcon_core.verb:set package 'robot_localization' build argument 'cmake_clean_cache' from command line to 'False'
[0.537s] Level 5:colcon.colcon_core.verb:set package 'robot_localization' build argument 'cmake_clean_first' from command line to 'False'
[0.537s] Level 5:colcon.colcon_core.verb:set package 'robot_localization' build argument 'cmake_force_configure' from command line to 'False'
[0.537s] Level 5:colcon.colcon_core.verb:set package 'robot_localization' build argument 'ament_cmake_args' from command line to 'None'
[0.537s] Level 5:colcon.colcon_core.verb:set package 'robot_localization' build argument 'catkin_cmake_args' from command line to 'None'
[0.537s] Level 5:colcon.colcon_core.verb:set package 'robot_localization' build argument 'catkin_skip_building_tests' from command line to 'False'
[0.537s] DEBUG:colcon.colcon_core.verb:Building package 'robot_localization' with the following arguments: {'ament_cmake_args': None, 'build_base': '/home/marvin/marvin/software/library/build/robot_localization', 'catkin_cmake_args': None, 'catkin_skip_building_tests': False, 'cmake_args': None, 'cmake_clean_cache': False, 'cmake_clean_first': False, 'cmake_force_configure': False, 'cmake_target': None, 'cmake_target_skip_unavailable': False, 'install_base': '/home/marvin/marvin/software/library/install/robot_localization', 'merge_install': False, 'path': '/home/marvin/marvin/software/library/src/robot_localization', 'symlink_install': False, 'test_result_base': None}
[0.537s] INFO:colcon.colcon_core.executor:Executing jobs using 'parallel' executor
[0.541s] DEBUG:colcon.colcon_parallel_executor.executor.parallel:run_until_complete
[0.541s] INFO:colcon.colcon_ros.task.ament_cmake.build:Building ROS package in '/home/marvin/marvin/software/library/src/robot_localization' with build type 'ament_cmake'
[0.541s] INFO:colcon.colcon_cmake.task.cmake.build:Building CMake package in '/home/marvin/marvin/software/library/src/robot_localization'
[0.552s] INFO:colcon.colcon_core.plugin_system:Skipping extension 'colcon_core.shell.bat': Not used on non-Windows systems
[0.552s] INFO:colcon.colcon_core.shell:Skip shell extension 'powershell' for command environment: Not usable outside of PowerShell
[0.553s] DEBUG:colcon.colcon_core.shell:Skip shell extension 'dsv' for command environment
[0.563s] DEBUG:colcon.colcon_core.event_handler.log_command:Invoking command in '/home/marvin/marvin/software/library/build/robot_localization': CMAKE_PREFIX_PATH=/opt/ros/foxy /usr/bin/cmake /home/marvin/marvin/software/library/src/robot_localization -DCMAKE_INSTALL_PREFIX=/home/marvin/marvin/software/library/install/robot_localization
[5.188s] DEBUG:colcon.colcon_core.event_handler.log_command:Invoked command in '/home/marvin/marvin/software/library/build/robot_localization' returned '0': CMAKE_PREFIX_PATH=/opt/ros/foxy /usr/bin/cmake /home/marvin/marvin/software/library/src/robot_localization -DCMAKE_INSTALL_PREFIX=/home/marvin/marvin/software/library/install/robot_localization
[5.192s] DEBUG:colcon.colcon_core.event_handler.log_command:Invoking command in '/home/marvin/marvin/software/library/build/robot_localization': CMAKE_PREFIX_PATH=/opt/ros/foxy /usr/bin/cmake --build /home/marvin/marvin/software/library/build/robot_localization -- -j2 -l2
[200.684s] DEBUG:colcon.colcon_core.event_handler.log_command:Invoked command in '/home/marvin/marvin/software/library/build/robot_localization' returned '0': CMAKE_PREFIX_PATH=/opt/ros/foxy /usr/bin/cmake --build /home/marvin/marvin/software/library/build/robot_localization -- -j2 -l2
[200.910s] DEBUG:colcon.colcon_core.event_handler.log_command:Invoking command in '/home/marvin/marvin/software/library/build/robot_localization': CMAKE_PREFIX_PATH=/opt/ros/foxy /usr/bin/cmake --install /home/marvin/marvin/software/library/build/robot_localization
[201.306s] Level 1:colcon.colcon_core.environment:create_environment_scripts_only(robot_localization)
[201.307s] DEBUG:colcon.colcon_core.event_handler.log_command:Invoked command in '/home/marvin/marvin/software/library/build/robot_localization' returned '0': CMAKE_PREFIX_PATH=/opt/ros/foxy /usr/bin/cmake --install /home/marvin/marvin/software/library/build/robot_localization
[201.319s] Level 1:colcon.colcon_core.environment:checking '/home/marvin/marvin/software/library/install/robot_localization' for CMake module files
[201.319s] Level 1:colcon.colcon_core.environment:checking '/home/marvin/marvin/software/library/install/robot_localization' for CMake config files
[201.320s] Level 1:colcon.colcon_core.shell:create_environment_hook('robot_localization', 'cmake_prefix_path')
[201.321s] INFO:colcon.colcon_core.shell:Creating environment hook '/home/marvin/marvin/software/library/install/robot_localization/share/robot_localization/hook/cmake_prefix_path.ps1'
[201.323s] INFO:colcon.colcon_core.shell:Creating environment descriptor '/home/marvin/marvin/software/library/install/robot_localization/share/robot_localization/hook/cmake_prefix_path.dsv'
[201.324s] INFO:colcon.colcon_core.shell:Creating environment hook '/home/marvin/marvin/software/library/install/robot_localization/share/robot_localization/hook/cmake_prefix_path.sh'
[201.325s] Level 1:colcon.colcon_core.environment:checking '/home/marvin/marvin/software/library/install/robot_localization/lib'
[201.325s] Level 1:colcon.colcon_core.shell:create_environment_hook('robot_localization', 'ld_library_path_lib')
[201.327s] INFO:colcon.colcon_core.shell:Creating environment hook '/home/marvin/marvin/software/library/install/robot_localization/share/robot_localization/hook/ld_library_path_lib.ps1'
[201.327s] INFO:colcon.colcon_core.shell:Creating environment descriptor '/home/marvin/marvin/software/library/install/robot_localization/share/robot_localization/hook/ld_library_path_lib.dsv'
[201.327s] INFO:colcon.colcon_core.shell:Creating environment hook '/home/marvin/marvin/software/library/install/robot_localization/share/robot_localization/hook/ld_library_path_lib.sh'
[201.327s] Level 1:colcon.colcon_core.environment:checking '/home/marvin/marvin/software/library/install/robot_localization/bin'
[201.328s] Level 1:colcon.colcon_core.environment:checking '/home/marvin/marvin/software/library/install/robot_localization/lib/pkgconfig/robot_localization.pc'
[201.328s] Level 1:colcon.colcon_core.environment:checking '/home/marvin/marvin/software/library/install/robot_localization/lib/python3.8/site-packages'
[201.328s] Level 1:colcon.colcon_core.shell:create_environment_hook('robot_localization', 'pythonpath')
[201.329s] INFO:colcon.colcon_core.shell:Creating environment hook '/home/marvin/marvin/software/library/install/robot_localization/share/robot_localization/hook/pythonpath.ps1'
[201.329s] INFO:colcon.colcon_core.shell:Creating environment descriptor '/home/marvin/marvin/software/library/install/robot_localization/share/robot_localization/hook/pythonpath.dsv'
[201.330s] INFO:colcon.colcon_core.shell:Creating environment hook '/home/marvin/marvin/software/library/install/robot_localization/share/robot_localization/hook/pythonpath.sh'
[201.330s] Level 1:colcon.colcon_core.environment:checking '/home/marvin/marvin/software/library/install/robot_localization/bin'
[201.331s] INFO:colcon.colcon_core.shell:Creating package script '/home/marvin/marvin/software/library/install/robot_localization/share/robot_localization/package.ps1'
[201.333s] INFO:colcon.colcon_core.shell:Creating package descriptor '/home/marvin/marvin/software/library/install/robot_localization/share/robot_localization/package.dsv'
[201.334s] INFO:colcon.colcon_core.shell:Creating package script '/home/marvin/marvin/software/library/install/robot_localization/share/robot_localization/package.sh'
[201.335s] INFO:colcon.colcon_core.shell:Creating package script '/home/marvin/marvin/software/library/install/robot_localization/share/robot_localization/package.bash'
[201.336s] INFO:colcon.colcon_core.shell:Creating package script '/home/marvin/marvin/software/library/install/robot_localization/share/robot_localization/package.zsh'
[201.338s] Level 1:colcon.colcon_core.environment:create_file_with_runtime_dependencies(/home/marvin/marvin/software/library/install/robot_localization/share/colcon-core/packages/robot_localization)
[201.566s] Level 1:colcon.colcon_core.environment:create_environment_scripts_only(robot_localization)
[201.568s] Level 1:colcon.colcon_core.environment:checking '/home/marvin/marvin/software/library/install/robot_localization' for CMake module files
[201.570s] Level 1:colcon.colcon_core.environment:checking '/home/marvin/marvin/software/library/install/robot_localization' for CMake config files
[201.570s] Level 1:colcon.colcon_core.shell:create_environment_hook('robot_localization', 'cmake_prefix_path')
[201.572s] INFO:colcon.colcon_core.shell:Creating environment hook '/home/marvin/marvin/software/library/install/robot_localization/share/robot_localization/hook/cmake_prefix_path.ps1'
[201.573s] INFO:colcon.colcon_core.shell:Creating environment descriptor '/home/marvin/marvin/software/library/install/robot_localization/share/robot_localization/hook/cmake_prefix_path.dsv'
[201.573s] INFO:colcon.colcon_core.shell:Creating environment hook '/home/marvin/marvin/software/library/install/robot_localization/share/robot_localization/hook/cmake_prefix_path.sh'
[201.574s] Level 1:colcon.colcon_core.environment:checking '/home/marvin/marvin/software/library/install/robot_localization/lib'
[201.574s] Level 1:colcon.colcon_core.shell:create_environment_hook('robot_localization', 'ld_library_path_lib')
[201.576s] INFO:colcon.colcon_core.shell:Creating environment hook '/home/marvin/marvin/software/library/install/robot_localization/share/robot_localization/hook/ld_library_path_lib.ps1'
[201.577s] INFO:colcon.colcon_core.shell:Creating environment descriptor '/home/marvin/marvin/software/library/install/robot_localization/share/robot_localization/hook/ld_library_path_lib.dsv'
[201.577s] INFO:colcon.colcon_core.shell:Creating environment hook '/home/marvin/marvin/software/library/install/robot_localization/share/robot_localization/hook/ld_library_path_lib.sh'
[201.577s] Level 1:colcon.colcon_core.environment:checking '/home/marvin/marvin/software/library/install/robot_localization/bin'
[201.578s] Level 1:colcon.colcon_core.environment:checking '/home/marvin/marvin/software/library/install/robot_localization/lib/pkgconfig/robot_localization.pc'
[201.578s] Level 1:colcon.colcon_core.environment:checking '/home/marvin/marvin/software/library/install/robot_localization/lib/python3.8/site-packages'
[201.578s] Level 1:colcon.colcon_core.shell:create_environment_hook('robot_localization', 'pythonpath')
[201.579s] INFO:colcon.colcon_core.shell:Creating environment hook '/home/marvin/marvin/software/library/install/robot_localization/share/robot_localization/hook/pythonpath.ps1'
[201.580s] INFO:colcon.colcon_core.shell:Creating environment descriptor '/home/marvin/marvin/software/library/install/robot_localization/share/robot_localization/hook/pythonpath.dsv'
[201.580s] INFO:colcon.colcon_core.shell:Creating environment hook '/home/marvin/marvin/software/library/install/robot_localization/share/robot_localization/hook/pythonpath.sh'
[201.581s] Level 1:colcon.colcon_core.environment:checking '/home/marvin/marvin/software/library/install/robot_localization/bin'
[201.582s] INFO:colcon.colcon_core.shell:Creating package script '/home/marvin/marvin/software/library/install/robot_localization/share/robot_localization/package.ps1'
[201.583s] INFO:colcon.colcon_core.shell:Creating package descriptor '/home/marvin/marvin/software/library/install/robot_localization/share/robot_localization/package.dsv'
[201.584s] INFO:colcon.colcon_core.shell:Creating package script '/home/marvin/marvin/software/library/install/robot_localization/share/robot_localization/package.sh'
[201.584s] INFO:colcon.colcon_core.shell:Creating package script '/home/marvin/marvin/software/library/install/robot_localization/share/robot_localization/package.bash'
[201.585s] INFO:colcon.colcon_core.shell:Creating package script '/home/marvin/marvin/software/library/install/robot_localization/share/robot_localization/package.zsh'
[201.585s] Level 1:colcon.colcon_core.environment:create_file_with_runtime_dependencies(/home/marvin/marvin/software/library/install/robot_localization/share/colcon-core/packages/robot_localization)
[201.586s] DEBUG:colcon.colcon_parallel_executor.executor.parallel:closing loop
[201.587s] DEBUG:colcon.colcon_parallel_executor.executor.parallel:loop closed
[201.587s] DEBUG:colcon.colcon_parallel_executor.executor.parallel:run_until_complete finished with '0'
[201.587s] DEBUG:colcon.colcon_core.event_reactor:joining thread
[201.595s] INFO:colcon.colcon_core.plugin_system:Skipping extension 'colcon_notification.desktop_notification.terminal_notifier': Not used on non-Darwin systems
[201.596s] INFO:colcon.colcon_core.plugin_system:Skipping extension 'colcon_notification.desktop_notification.win32': Not used on non-Windows systems
[201.596s] INFO:colcon.colcon_notification.desktop_notification:Sending desktop notification using 'notify2'
[201.624s] DEBUG:colcon.colcon_core.event_reactor:joined thread
[201.626s] INFO:colcon.colcon_core.shell:Creating prefix script '/home/marvin/marvin/software/library/install/local_setup.ps1'
[201.628s] INFO:colcon.colcon_core.shell:Creating prefix util module '/home/marvin/marvin/software/library/install/_local_setup_util_ps1.py'
[201.630s] INFO:colcon.colcon_core.shell:Creating prefix chain script '/home/marvin/marvin/software/library/install/setup.ps1'
[201.632s] INFO:colcon.colcon_core.shell:Creating prefix script '/home/marvin/marvin/software/library/install/local_setup.sh'
[201.633s] INFO:colcon.colcon_core.shell:Creating prefix util module '/home/marvin/marvin/software/library/install/_local_setup_util_sh.py'
[201.634s] INFO:colcon.colcon_core.shell:Creating prefix chain script '/home/marvin/marvin/software/library/install/setup.sh'
[201.635s] INFO:colcon.colcon_core.shell:Creating prefix script '/home/marvin/marvin/software/library/install/local_setup.bash'
[201.638s] INFO:colcon.colcon_core.shell:Creating prefix chain script '/home/marvin/marvin/software/library/install/setup.bash'
[201.640s] INFO:colcon.colcon_core.shell:Creating prefix script '/home/marvin/marvin/software/library/install/local_setup.zsh'
[201.642s] INFO:colcon.colcon_core.shell:Creating prefix chain script '/home/marvin/marvin/software/library/install/setup.zsh'
