[0.990s] Invoking command in '/home/marvin/marvin/src/yahboomcar_ctrl': PYTHONPATH=/home/marvin/marvin/build/yahboomcar_ctrl/prefix_override:/home/marvin/marvin/install/yahboomcar_ctrl/lib/python3.8/site-packages:${PYTHONPATH} /usr/bin/python3 setup.py egg_info --egg-base ../../build/yahboomcar_ctrl build --build-base /home/marvin/marvin/build/yahboomcar_ctrl/build install --record /home/marvin/marvin/build/yahboomcar_ctrl/install.log --single-version-externally-managed
[1.340s] running egg_info
[1.341s] writing ../../build/yahboomcar_ctrl/yahboomcar_ctrl.egg-info/PKG-INFO
[1.344s] writing dependency_links to ../../build/yahboomcar_ctrl/yahboomcar_ctrl.egg-info/dependency_links.txt
[1.344s] writing entry points to ../../build/yahboomcar_ctrl/yahboomcar_ctrl.egg-info/entry_points.txt
[1.344s] writing requirements to ../../build/yahboomcar_ctrl/yahboomcar_ctrl.egg-info/requires.txt
[1.344s] writing top-level names to ../../build/yahboomcar_ctrl/yahboomcar_ctrl.egg-info/top_level.txt
[1.383s] reading manifest file '../../build/yahboomcar_ctrl/yahboomcar_ctrl.egg-info/SOURCES.txt'
[1.389s] writing manifest file '../../build/yahboomcar_ctrl/yahboomcar_ctrl.egg-info/SOURCES.txt'
[1.389s] running build
[1.390s] running build_py
[1.390s] running install
[1.390s] running install_lib
[1.390s] running install_data
[1.390s] running install_egg_info
[1.391s] removing '/home/marvin/marvin/install/yahboomcar_ctrl/lib/python3.8/site-packages/yahboomcar_ctrl-0.0.0-py3.8.egg-info' (and everything under it)
[1.409s] Copying ../../build/yahboomcar_ctrl/yahboomcar_ctrl.egg-info to /home/marvin/marvin/install/yahboomcar_ctrl/lib/python3.8/site-packages/yahboomcar_ctrl-0.0.0-py3.8.egg-info
[1.410s] running install_scripts
[1.430s] Installing yahboom_joy_R2 script to /home/marvin/marvin/install/yahboomcar_ctrl/lib/yahboomcar_ctrl
[1.432s] Installing yahboom_joy_X3 script to /home/marvin/marvin/install/yahboomcar_ctrl/lib/yahboomcar_ctrl
[1.432s] Installing yahboom_keyboard script to /home/marvin/marvin/install/yahboomcar_ctrl/lib/yahboomcar_ctrl
[1.433s] writing list of installed files to '/home/marvin/marvin/build/yahboomcar_ctrl/install.log'
[1.454s] Invoked command in '/home/marvin/marvin/src/yahboomcar_ctrl' returned '0': PYTHONPATH=/home/marvin/marvin/build/yahboomcar_ctrl/prefix_override:/home/marvin/marvin/install/yahboomcar_ctrl/lib/python3.8/site-packages:${PYTHONPATH} /usr/bin/python3 setup.py egg_info --egg-base ../../build/yahboomcar_ctrl build --build-base /home/marvin/marvin/build/yahboomcar_ctrl/build install --record /home/marvin/marvin/build/yahboomcar_ctrl/install.log --single-version-externally-managed
