running egg_info
creating ../../build/marvin_car_ctrl/marvin_car_ctrl.egg-info
writing ../../build/marvin_car_ctrl/marvin_car_ctrl.egg-info/PKG-INFO
writing dependency_links to ../../build/marvin_car_ctrl/marvin_car_ctrl.egg-info/dependency_links.txt
writing entry points to ../../build/marvin_car_ctrl/marvin_car_ctrl.egg-info/entry_points.txt
writing requirements to ../../build/marvin_car_ctrl/marvin_car_ctrl.egg-info/requires.txt
writing top-level names to ../../build/marvin_car_ctrl/marvin_car_ctrl.egg-info/top_level.txt
writing manifest file '../../build/marvin_car_ctrl/marvin_car_ctrl.egg-info/SOURCES.txt'
reading manifest file '../../build/marvin_car_ctrl/marvin_car_ctrl.egg-info/SOURCES.txt'
writing manifest file '../../build/marvin_car_ctrl/marvin_car_ctrl.egg-info/SOURCES.txt'
running build
running build_py
creating /home/marvin/marvin/marvin_ws/build/marvin_car_ctrl/build
creating /home/marvin/marvin/marvin_ws/build/marvin_car_ctrl/build/lib
creating /home/marvin/marvin/marvin_ws/build/marvin_car_ctrl/build/lib/marvin_car_ctrl
copying marvin_car_ctrl/marvin_car_joy.py -> /home/marvin/marvin/marvin_ws/build/marvin_car_ctrl/build/lib/marvin_car_ctrl
copying marvin_car_ctrl/marvin_car_keyboard.py -> /home/marvin/marvin/marvin_ws/build/marvin_car_ctrl/build/lib/marvin_car_ctrl
copying marvin_car_ctrl/__init__.py -> /home/marvin/marvin/marvin_ws/build/marvin_car_ctrl/build/lib/marvin_car_ctrl
running install
running install_lib
creating /home/marvin/marvin/marvin_ws/install/marvin_car_ctrl/lib/python3.8/site-packages/marvin_car_ctrl
copying /home/marvin/marvin/marvin_ws/build/marvin_car_ctrl/build/lib/marvin_car_ctrl/marvin_car_joy.py -> /home/marvin/marvin/marvin_ws/install/marvin_car_ctrl/lib/python3.8/site-packages/marvin_car_ctrl
copying /home/marvin/marvin/marvin_ws/build/marvin_car_ctrl/build/lib/marvin_car_ctrl/marvin_car_keyboard.py -> /home/marvin/marvin/marvin_ws/install/marvin_car_ctrl/lib/python3.8/site-packages/marvin_car_ctrl
copying /home/marvin/marvin/marvin_ws/build/marvin_car_ctrl/build/lib/marvin_car_ctrl/__init__.py -> /home/marvin/marvin/marvin_ws/install/marvin_car_ctrl/lib/python3.8/site-packages/marvin_car_ctrl
byte-compiling /home/marvin/marvin/marvin_ws/install/marvin_car_ctrl/lib/python3.8/site-packages/marvin_car_ctrl/marvin_car_joy.py to marvin_car_joy.cpython-38.pyc
byte-compiling /home/marvin/marvin/marvin_ws/install/marvin_car_ctrl/lib/python3.8/site-packages/marvin_car_ctrl/marvin_car_keyboard.py to marvin_car_keyboard.cpython-38.pyc
byte-compiling /home/marvin/marvin/marvin_ws/install/marvin_car_ctrl/lib/python3.8/site-packages/marvin_car_ctrl/__init__.py to __init__.cpython-38.pyc
running install_data
creating /home/marvin/marvin/marvin_ws/install/marvin_car_ctrl/share/ament_index
creating /home/marvin/marvin/marvin_ws/install/marvin_car_ctrl/share/ament_index/resource_index
creating /home/marvin/marvin/marvin_ws/install/marvin_car_ctrl/share/ament_index/resource_index/packages
copying resource/marvin_car_ctrl -> /home/marvin/marvin/marvin_ws/install/marvin_car_ctrl/share/ament_index/resource_index/packages
copying package.xml -> /home/marvin/marvin/marvin_ws/install/marvin_car_ctrl/share/marvin_car_ctrl
creating /home/marvin/marvin/marvin_ws/install/marvin_car_ctrl/share/marvin_car_ctrl/launch
copying launch/keyboart_ctrl_launch.py -> /home/marvin/marvin/marvin_ws/install/marvin_car_ctrl/share/marvin_car_ctrl/launch
copying launch/marvin_car_joy_launch.py -> /home/marvin/marvin/marvin_ws/install/marvin_car_ctrl/share/marvin_car_ctrl/launch
running install_egg_info
Copying ../../build/marvin_car_ctrl/marvin_car_ctrl.egg-info to /home/marvin/marvin/marvin_ws/install/marvin_car_ctrl/lib/python3.8/site-packages/marvin_car_ctrl-0.0.0-py3.8.egg-info
running install_scripts
Installing marvin_car_joy script to /home/marvin/marvin/marvin_ws/install/marvin_car_ctrl/lib/marvin_car_ctrl
Installing marvin_car_keyboard script to /home/marvin/marvin/marvin_ws/install/marvin_car_ctrl/lib/marvin_car_ctrl
writing list of installed files to '/home/marvin/marvin/marvin_ws/build/marvin_car_ctrl/install.log'
