[0.709s] Invoking command in '/home/marvin/marvin/marvin_ws/src/marvin_car_ctrl': PYTHONPATH=/home/marvin/marvin/marvin_ws/build/marvin_car_ctrl/prefix_override:/home/marvin/marvin/marvin_ws/install/marvin_car_ctrl/lib/python3.8/site-packages:${PYTHONPATH} /usr/bin/python3 setup.py egg_info --egg-base ../../build/marvin_car_ctrl build --build-base /home/marvin/marvin/marvin_ws/build/marvin_car_ctrl/build install --record /home/marvin/marvin/marvin_ws/build/marvin_car_ctrl/install.log --single-version-externally-managed
[0.967s] running egg_info
[0.969s] creating ../../build/marvin_car_ctrl/marvin_car_ctrl.egg-info
[0.969s] writing ../../build/marvin_car_ctrl/marvin_car_ctrl.egg-info/PKG-INFO
[0.970s] writing dependency_links to ../../build/marvin_car_ctrl/marvin_car_ctrl.egg-info/dependency_links.txt
[0.970s] writing entry points to ../../build/marvin_car_ctrl/marvin_car_ctrl.egg-info/entry_points.txt
[0.970s] writing requirements to ../../build/marvin_car_ctrl/marvin_car_ctrl.egg-info/requires.txt
[0.971s] writing top-level names to ../../build/marvin_car_ctrl/marvin_car_ctrl.egg-info/top_level.txt
[0.972s] writing manifest file '../../build/marvin_car_ctrl/marvin_car_ctrl.egg-info/SOURCES.txt'
[1.004s] reading manifest file '../../build/marvin_car_ctrl/marvin_car_ctrl.egg-info/SOURCES.txt'
[1.005s] writing manifest file '../../build/marvin_car_ctrl/marvin_car_ctrl.egg-info/SOURCES.txt'
[1.006s] running build
[1.006s] running build_py
[1.006s] creating /home/marvin/marvin/marvin_ws/build/marvin_car_ctrl/build
[1.006s] creating /home/marvin/marvin/marvin_ws/build/marvin_car_ctrl/build/lib
[1.007s] creating /home/marvin/marvin/marvin_ws/build/marvin_car_ctrl/build/lib/marvin_car_ctrl
[1.007s] copying marvin_car_ctrl/marvin_car_joy.py -> /home/marvin/marvin/marvin_ws/build/marvin_car_ctrl/build/lib/marvin_car_ctrl
[1.008s] copying marvin_car_ctrl/marvin_car_keyboard.py -> /home/marvin/marvin/marvin_ws/build/marvin_car_ctrl/build/lib/marvin_car_ctrl
[1.009s] copying marvin_car_ctrl/__init__.py -> /home/marvin/marvin/marvin_ws/build/marvin_car_ctrl/build/lib/marvin_car_ctrl
[1.010s] running install
[1.011s] running install_lib
[1.012s] creating /home/marvin/marvin/marvin_ws/install/marvin_car_ctrl/lib/python3.8/site-packages/marvin_car_ctrl
[1.012s] copying /home/marvin/marvin/marvin_ws/build/marvin_car_ctrl/build/lib/marvin_car_ctrl/marvin_car_joy.py -> /home/marvin/marvin/marvin_ws/install/marvin_car_ctrl/lib/python3.8/site-packages/marvin_car_ctrl
[1.013s] copying /home/marvin/marvin/marvin_ws/build/marvin_car_ctrl/build/lib/marvin_car_ctrl/marvin_car_keyboard.py -> /home/marvin/marvin/marvin_ws/install/marvin_car_ctrl/lib/python3.8/site-packages/marvin_car_ctrl
[1.013s] copying /home/marvin/marvin/marvin_ws/build/marvin_car_ctrl/build/lib/marvin_car_ctrl/__init__.py -> /home/marvin/marvin/marvin_ws/install/marvin_car_ctrl/lib/python3.8/site-packages/marvin_car_ctrl
[1.014s] byte-compiling /home/marvin/marvin/marvin_ws/install/marvin_car_ctrl/lib/python3.8/site-packages/marvin_car_ctrl/marvin_car_joy.py to marvin_car_joy.cpython-38.pyc
[1.017s] byte-compiling /home/marvin/marvin/marvin_ws/install/marvin_car_ctrl/lib/python3.8/site-packages/marvin_car_ctrl/marvin_car_keyboard.py to marvin_car_keyboard.cpython-38.pyc
[1.018s] byte-compiling /home/marvin/marvin/marvin_ws/install/marvin_car_ctrl/lib/python3.8/site-packages/marvin_car_ctrl/__init__.py to __init__.cpython-38.pyc
[1.018s] running install_data
[1.019s] creating /home/marvin/marvin/marvin_ws/install/marvin_car_ctrl/share/ament_index
[1.019s] creating /home/marvin/marvin/marvin_ws/install/marvin_car_ctrl/share/ament_index/resource_index
[1.019s] creating /home/marvin/marvin/marvin_ws/install/marvin_car_ctrl/share/ament_index/resource_index/packages
[1.020s] copying resource/marvin_car_ctrl -> /home/marvin/marvin/marvin_ws/install/marvin_car_ctrl/share/ament_index/resource_index/packages
[1.020s] copying package.xml -> /home/marvin/marvin/marvin_ws/install/marvin_car_ctrl/share/marvin_car_ctrl
[1.020s] creating /home/marvin/marvin/marvin_ws/install/marvin_car_ctrl/share/marvin_car_ctrl/launch
[1.020s] copying launch/keyboart_ctrl_launch.py -> /home/marvin/marvin/marvin_ws/install/marvin_car_ctrl/share/marvin_car_ctrl/launch
[1.022s] copying launch/marvin_car_joy_launch.py -> /home/marvin/marvin/marvin_ws/install/marvin_car_ctrl/share/marvin_car_ctrl/launch
[1.023s] running install_egg_info
[1.024s] Copying ../../build/marvin_car_ctrl/marvin_car_ctrl.egg-info to /home/marvin/marvin/marvin_ws/install/marvin_car_ctrl/lib/python3.8/site-packages/marvin_car_ctrl-0.0.0-py3.8.egg-info
[1.025s] running install_scripts
[1.043s] Installing marvin_car_joy script to /home/marvin/marvin/marvin_ws/install/marvin_car_ctrl/lib/marvin_car_ctrl
[1.043s] Installing marvin_car_keyboard script to /home/marvin/marvin/marvin_ws/install/marvin_car_ctrl/lib/marvin_car_ctrl
[1.044s] writing list of installed files to '/home/marvin/marvin/marvin_ws/build/marvin_car_ctrl/install.log'
[1.066s] Invoked command in '/home/marvin/marvin/marvin_ws/src/marvin_car_ctrl' returned '0': PYTHONPATH=/home/marvin/marvin/marvin_ws/build/marvin_car_ctrl/prefix_override:/home/marvin/marvin/marvin_ws/install/marvin_car_ctrl/lib/python3.8/site-packages:${PYTHONPATH} /usr/bin/python3 setup.py egg_info --egg-base ../../build/marvin_car_ctrl build --build-base /home/marvin/marvin/marvin_ws/build/marvin_car_ctrl/build install --record /home/marvin/marvin/marvin_ws/build/marvin_car_ctrl/install.log --single-version-externally-managed
