running egg_info
creating ../../build/marvin_car_bringup/marvin_car_bringup.egg-info
writing ../../build/marvin_car_bringup/marvin_car_bringup.egg-info/PKG-INFO
writing dependency_links to ../../build/marvin_car_bringup/marvin_car_bringup.egg-info/dependency_links.txt
writing entry points to ../../build/marvin_car_bringup/marvin_car_bringup.egg-info/entry_points.txt
writing requirements to ../../build/marvin_car_bringup/marvin_car_bringup.egg-info/requires.txt
writing top-level names to ../../build/marvin_car_bringup/marvin_car_bringup.egg-info/top_level.txt
writing manifest file '../../build/marvin_car_bringup/marvin_car_bringup.egg-info/SOURCES.txt'
reading manifest file '../../build/marvin_car_bringup/marvin_car_bringup.egg-info/SOURCES.txt'
writing manifest file '../../build/marvin_car_bringup/marvin_car_bringup.egg-info/SOURCES.txt'
running build
running build_py
creating /home/marvin/marvin/marvin_ws/build/marvin_car_bringup/build
creating /home/marvin/marvin/marvin_ws/build/marvin_car_bringup/build/lib
creating /home/marvin/marvin/marvin_ws/build/marvin_car_bringup/build/lib/marvin_car_bringup
copying marvin_car_bringup/calibrate_linear_R2.py -> /home/marvin/marvin/marvin_ws/build/marvin_car_bringup/build/lib/marvin_car_bringup
copying marvin_car_bringup/test.py -> /home/marvin/marvin/marvin_ws/build/marvin_car_bringup/build/lib/marvin_car_bringup
copying marvin_car_bringup/patrol_a1_R2.py -> /home/marvin/marvin/marvin_ws/build/marvin_car_bringup/build/lib/marvin_car_bringup
copying marvin_car_bringup/Ackman_driver_R2.py -> /home/marvin/marvin/marvin_ws/build/marvin_car_bringup/build/lib/marvin_car_bringup
copying marvin_car_bringup/patrol_4ROS_R2.py -> /home/marvin/marvin/marvin_ws/build/marvin_car_bringup/build/lib/marvin_car_bringup
copying marvin_car_bringup/__init__.py -> /home/marvin/marvin/marvin_ws/build/marvin_car_bringup/build/lib/marvin_car_bringup
copying marvin_car_bringup/transform_utils.py -> /home/marvin/marvin/marvin_ws/build/marvin_car_bringup/build/lib/marvin_car_bringup
copying marvin_car_bringup/patrol_4ROS.py -> /home/marvin/marvin/marvin_ws/build/marvin_car_bringup/build/lib/marvin_car_bringup
copying marvin_car_bringup/calibrate_angular_R2.py -> /home/marvin/marvin/marvin_ws/build/marvin_car_bringup/build/lib/marvin_car_bringup
running install
running install_lib
creating /home/marvin/marvin/marvin_ws/install/marvin_car_bringup/lib/python3.8/site-packages/marvin_car_bringup
copying /home/marvin/marvin/marvin_ws/build/marvin_car_bringup/build/lib/marvin_car_bringup/calibrate_linear_R2.py -> /home/marvin/marvin/marvin_ws/install/marvin_car_bringup/lib/python3.8/site-packages/marvin_car_bringup
copying /home/marvin/marvin/marvin_ws/build/marvin_car_bringup/build/lib/marvin_car_bringup/test.py -> /home/marvin/marvin/marvin_ws/install/marvin_car_bringup/lib/python3.8/site-packages/marvin_car_bringup
copying /home/marvin/marvin/marvin_ws/build/marvin_car_bringup/build/lib/marvin_car_bringup/patrol_a1_R2.py -> /home/marvin/marvin/marvin_ws/install/marvin_car_bringup/lib/python3.8/site-packages/marvin_car_bringup
copying /home/marvin/marvin/marvin_ws/build/marvin_car_bringup/build/lib/marvin_car_bringup/Ackman_driver_R2.py -> /home/marvin/marvin/marvin_ws/install/marvin_car_bringup/lib/python3.8/site-packages/marvin_car_bringup
copying /home/marvin/marvin/marvin_ws/build/marvin_car_bringup/build/lib/marvin_car_bringup/patrol_4ROS_R2.py -> /home/marvin/marvin/marvin_ws/install/marvin_car_bringup/lib/python3.8/site-packages/marvin_car_bringup
copying /home/marvin/marvin/marvin_ws/build/marvin_car_bringup/build/lib/marvin_car_bringup/__init__.py -> /home/marvin/marvin/marvin_ws/install/marvin_car_bringup/lib/python3.8/site-packages/marvin_car_bringup
copying /home/marvin/marvin/marvin_ws/build/marvin_car_bringup/build/lib/marvin_car_bringup/transform_utils.py -> /home/marvin/marvin/marvin_ws/install/marvin_car_bringup/lib/python3.8/site-packages/marvin_car_bringup
copying /home/marvin/marvin/marvin_ws/build/marvin_car_bringup/build/lib/marvin_car_bringup/patrol_4ROS.py -> /home/marvin/marvin/marvin_ws/install/marvin_car_bringup/lib/python3.8/site-packages/marvin_car_bringup
copying /home/marvin/marvin/marvin_ws/build/marvin_car_bringup/build/lib/marvin_car_bringup/calibrate_angular_R2.py -> /home/marvin/marvin/marvin_ws/install/marvin_car_bringup/lib/python3.8/site-packages/marvin_car_bringup
byte-compiling /home/marvin/marvin/marvin_ws/install/marvin_car_bringup/lib/python3.8/site-packages/marvin_car_bringup/calibrate_linear_R2.py to calibrate_linear_R2.cpython-38.pyc
byte-compiling /home/marvin/marvin/marvin_ws/install/marvin_car_bringup/lib/python3.8/site-packages/marvin_car_bringup/test.py to test.cpython-38.pyc
byte-compiling /home/marvin/marvin/marvin_ws/install/marvin_car_bringup/lib/python3.8/site-packages/marvin_car_bringup/patrol_a1_R2.py to patrol_a1_R2.cpython-38.pyc
byte-compiling /home/marvin/marvin/marvin_ws/install/marvin_car_bringup/lib/python3.8/site-packages/marvin_car_bringup/Ackman_driver_R2.py to Ackman_driver_R2.cpython-38.pyc
byte-compiling /home/marvin/marvin/marvin_ws/install/marvin_car_bringup/lib/python3.8/site-packages/marvin_car_bringup/patrol_4ROS_R2.py to patrol_4ROS_R2.cpython-38.pyc
byte-compiling /home/marvin/marvin/marvin_ws/install/marvin_car_bringup/lib/python3.8/site-packages/marvin_car_bringup/__init__.py to __init__.cpython-38.pyc
byte-compiling /home/marvin/marvin/marvin_ws/install/marvin_car_bringup/lib/python3.8/site-packages/marvin_car_bringup/transform_utils.py to transform_utils.cpython-38.pyc
byte-compiling /home/marvin/marvin/marvin_ws/install/marvin_car_bringup/lib/python3.8/site-packages/marvin_car_bringup/patrol_4ROS.py to patrol_4ROS.cpython-38.pyc
byte-compiling /home/marvin/marvin/marvin_ws/install/marvin_car_bringup/lib/python3.8/site-packages/marvin_car_bringup/calibrate_angular_R2.py to calibrate_angular_R2.cpython-38.pyc
running install_data
creating /home/marvin/marvin/marvin_ws/install/marvin_car_bringup/share/ament_index
creating /home/marvin/marvin/marvin_ws/install/marvin_car_bringup/share/ament_index/resource_index
creating /home/marvin/marvin/marvin_ws/install/marvin_car_bringup/share/ament_index/resource_index/packages
copying resource/marvin_car_bringup -> /home/marvin/marvin/marvin_ws/install/marvin_car_bringup/share/ament_index/resource_index/packages
copying package.xml -> /home/marvin/marvin/marvin_ws/install/marvin_car_bringup/share/marvin_car_bringup
creating /home/marvin/marvin/marvin_ws/install/marvin_car_bringup/share/marvin_car_bringup/launch
copying launch/marvin_car_bringup.launch.py -> /home/marvin/marvin/marvin_ws/install/marvin_car_bringup/share/marvin_car_bringup/launch
creating /home/marvin/marvin/marvin_ws/install/marvin_car_bringup/share/marvin_car_bringup/param
copying param/imu_filter_param.yaml -> /home/marvin/marvin/marvin_ws/install/marvin_car_bringup/share/marvin_car_bringup/param
running install_egg_info
Copying ../../build/marvin_car_bringup/marvin_car_bringup.egg-info to /home/marvin/marvin/marvin_ws/install/marvin_car_bringup/lib/python3.8/site-packages/marvin_car_bringup-0.0.0-py3.8.egg-info
running install_scripts
Installing Ackman_driver_R2 script to /home/marvin/marvin/marvin_ws/install/marvin_car_bringup/lib/marvin_car_bringup
Installing calibrate_angular_R2 script to /home/marvin/marvin/marvin_ws/install/marvin_car_bringup/lib/marvin_car_bringup
Installing calibrate_linear_R2 script to /home/marvin/marvin/marvin_ws/install/marvin_car_bringup/lib/marvin_car_bringup
Installing patrol_4ROS script to /home/marvin/marvin/marvin_ws/install/marvin_car_bringup/lib/marvin_car_bringup
Installing patrol_4ROS_R2 script to /home/marvin/marvin/marvin_ws/install/marvin_car_bringup/lib/marvin_car_bringup
Installing patrol_a1_R2 script to /home/marvin/marvin/marvin_ws/install/marvin_car_bringup/lib/marvin_car_bringup
writing list of installed files to '/home/marvin/marvin/marvin_ws/build/marvin_car_bringup/install.log'
