[0.765s] Invoking command in '/home/marvin/marvin/marvin_ws/src/marvin_car_bringup': PYTHONPATH=/home/marvin/marvin/marvin_ws/build/marvin_car_bringup/prefix_override:/home/marvin/marvin/marvin_ws/install/marvin_car_bringup/lib/python3.8/site-packages:${PYTHONPATH} /usr/bin/python3 setup.py egg_info --egg-base ../../build/marvin_car_bringup build --build-base /home/marvin/marvin/marvin_ws/build/marvin_car_bringup/build install --record /home/marvin/marvin/marvin_ws/build/marvin_car_bringup/install.log --single-version-externally-managed
[0.982s] running egg_info
[0.983s] creating ../../build/marvin_car_bringup/marvin_car_bringup.egg-info
[0.983s] writing ../../build/marvin_car_bringup/marvin_car_bringup.egg-info/PKG-INFO
[0.984s] writing dependency_links to ../../build/marvin_car_bringup/marvin_car_bringup.egg-info/dependency_links.txt
[0.984s] writing entry points to ../../build/marvin_car_bringup/marvin_car_bringup.egg-info/entry_points.txt
[0.984s] writing requirements to ../../build/marvin_car_bringup/marvin_car_bringup.egg-info/requires.txt
[0.984s] writing top-level names to ../../build/marvin_car_bringup/marvin_car_bringup.egg-info/top_level.txt
[0.990s] writing manifest file '../../build/marvin_car_bringup/marvin_car_bringup.egg-info/SOURCES.txt'
[1.026s] reading manifest file '../../build/marvin_car_bringup/marvin_car_bringup.egg-info/SOURCES.txt'
[1.028s] writing manifest file '../../build/marvin_car_bringup/marvin_car_bringup.egg-info/SOURCES.txt'
[1.028s] running build
[1.029s] running build_py
[1.029s] creating /home/marvin/marvin/marvin_ws/build/marvin_car_bringup/build
[1.029s] creating /home/marvin/marvin/marvin_ws/build/marvin_car_bringup/build/lib
[1.030s] creating /home/marvin/marvin/marvin_ws/build/marvin_car_bringup/build/lib/marvin_car_bringup
[1.030s] copying marvin_car_bringup/calibrate_linear_R2.py -> /home/marvin/marvin/marvin_ws/build/marvin_car_bringup/build/lib/marvin_car_bringup
[1.031s] copying marvin_car_bringup/test.py -> /home/marvin/marvin/marvin_ws/build/marvin_car_bringup/build/lib/marvin_car_bringup
[1.033s] copying marvin_car_bringup/patrol_a1_R2.py -> /home/marvin/marvin/marvin_ws/build/marvin_car_bringup/build/lib/marvin_car_bringup
[1.034s] copying marvin_car_bringup/Ackman_driver_R2.py -> /home/marvin/marvin/marvin_ws/build/marvin_car_bringup/build/lib/marvin_car_bringup
[1.035s] copying marvin_car_bringup/patrol_4ROS_R2.py -> /home/marvin/marvin/marvin_ws/build/marvin_car_bringup/build/lib/marvin_car_bringup
[1.036s] copying marvin_car_bringup/__init__.py -> /home/marvin/marvin/marvin_ws/build/marvin_car_bringup/build/lib/marvin_car_bringup
[1.036s] copying marvin_car_bringup/transform_utils.py -> /home/marvin/marvin/marvin_ws/build/marvin_car_bringup/build/lib/marvin_car_bringup
[1.038s] copying marvin_car_bringup/patrol_4ROS.py -> /home/marvin/marvin/marvin_ws/build/marvin_car_bringup/build/lib/marvin_car_bringup
[1.039s] copying marvin_car_bringup/calibrate_angular_R2.py -> /home/marvin/marvin/marvin_ws/build/marvin_car_bringup/build/lib/marvin_car_bringup
[1.040s] running install
[1.041s] running install_lib
[1.043s] creating /home/marvin/marvin/marvin_ws/install/marvin_car_bringup/lib/python3.8/site-packages/marvin_car_bringup
[1.043s] copying /home/marvin/marvin/marvin_ws/build/marvin_car_bringup/build/lib/marvin_car_bringup/calibrate_linear_R2.py -> /home/marvin/marvin/marvin_ws/install/marvin_car_bringup/lib/python3.8/site-packages/marvin_car_bringup
[1.043s] copying /home/marvin/marvin/marvin_ws/build/marvin_car_bringup/build/lib/marvin_car_bringup/test.py -> /home/marvin/marvin/marvin_ws/install/marvin_car_bringup/lib/python3.8/site-packages/marvin_car_bringup
[1.044s] copying /home/marvin/marvin/marvin_ws/build/marvin_car_bringup/build/lib/marvin_car_bringup/patrol_a1_R2.py -> /home/marvin/marvin/marvin_ws/install/marvin_car_bringup/lib/python3.8/site-packages/marvin_car_bringup
[1.044s] copying /home/marvin/marvin/marvin_ws/build/marvin_car_bringup/build/lib/marvin_car_bringup/Ackman_driver_R2.py -> /home/marvin/marvin/marvin_ws/install/marvin_car_bringup/lib/python3.8/site-packages/marvin_car_bringup
[1.044s] copying /home/marvin/marvin/marvin_ws/build/marvin_car_bringup/build/lib/marvin_car_bringup/patrol_4ROS_R2.py -> /home/marvin/marvin/marvin_ws/install/marvin_car_bringup/lib/python3.8/site-packages/marvin_car_bringup
[1.044s] copying /home/marvin/marvin/marvin_ws/build/marvin_car_bringup/build/lib/marvin_car_bringup/__init__.py -> /home/marvin/marvin/marvin_ws/install/marvin_car_bringup/lib/python3.8/site-packages/marvin_car_bringup
[1.045s] copying /home/marvin/marvin/marvin_ws/build/marvin_car_bringup/build/lib/marvin_car_bringup/transform_utils.py -> /home/marvin/marvin/marvin_ws/install/marvin_car_bringup/lib/python3.8/site-packages/marvin_car_bringup
[1.045s] copying /home/marvin/marvin/marvin_ws/build/marvin_car_bringup/build/lib/marvin_car_bringup/patrol_4ROS.py -> /home/marvin/marvin/marvin_ws/install/marvin_car_bringup/lib/python3.8/site-packages/marvin_car_bringup
[1.045s] copying /home/marvin/marvin/marvin_ws/build/marvin_car_bringup/build/lib/marvin_car_bringup/calibrate_angular_R2.py -> /home/marvin/marvin/marvin_ws/install/marvin_car_bringup/lib/python3.8/site-packages/marvin_car_bringup
[1.046s] byte-compiling /home/marvin/marvin/marvin_ws/install/marvin_car_bringup/lib/python3.8/site-packages/marvin_car_bringup/calibrate_linear_R2.py to calibrate_linear_R2.cpython-38.pyc
[1.048s] byte-compiling /home/marvin/marvin/marvin_ws/install/marvin_car_bringup/lib/python3.8/site-packages/marvin_car_bringup/test.py to test.cpython-38.pyc
[1.049s] byte-compiling /home/marvin/marvin/marvin_ws/install/marvin_car_bringup/lib/python3.8/site-packages/marvin_car_bringup/patrol_a1_R2.py to patrol_a1_R2.cpython-38.pyc
[1.051s] byte-compiling /home/marvin/marvin/marvin_ws/install/marvin_car_bringup/lib/python3.8/site-packages/marvin_car_bringup/Ackman_driver_R2.py to Ackman_driver_R2.cpython-38.pyc
[1.052s] byte-compiling /home/marvin/marvin/marvin_ws/install/marvin_car_bringup/lib/python3.8/site-packages/marvin_car_bringup/patrol_4ROS_R2.py to patrol_4ROS_R2.cpython-38.pyc
[1.054s] byte-compiling /home/marvin/marvin/marvin_ws/install/marvin_car_bringup/lib/python3.8/site-packages/marvin_car_bringup/__init__.py to __init__.cpython-38.pyc
[1.055s] byte-compiling /home/marvin/marvin/marvin_ws/install/marvin_car_bringup/lib/python3.8/site-packages/marvin_car_bringup/transform_utils.py to transform_utils.cpython-38.pyc
[1.055s] byte-compiling /home/marvin/marvin/marvin_ws/install/marvin_car_bringup/lib/python3.8/site-packages/marvin_car_bringup/patrol_4ROS.py to patrol_4ROS.cpython-38.pyc
[1.057s] byte-compiling /home/marvin/marvin/marvin_ws/install/marvin_car_bringup/lib/python3.8/site-packages/marvin_car_bringup/calibrate_angular_R2.py to calibrate_angular_R2.cpython-38.pyc
[1.058s] running install_data
[1.060s] creating /home/marvin/marvin/marvin_ws/install/marvin_car_bringup/share/ament_index
[1.060s] creating /home/marvin/marvin/marvin_ws/install/marvin_car_bringup/share/ament_index/resource_index
[1.060s] creating /home/marvin/marvin/marvin_ws/install/marvin_car_bringup/share/ament_index/resource_index/packages
[1.060s] copying resource/marvin_car_bringup -> /home/marvin/marvin/marvin_ws/install/marvin_car_bringup/share/ament_index/resource_index/packages
[1.060s] copying package.xml -> /home/marvin/marvin/marvin_ws/install/marvin_car_bringup/share/marvin_car_bringup
[1.060s] creating /home/marvin/marvin/marvin_ws/install/marvin_car_bringup/share/marvin_car_bringup/launch
[1.060s] copying launch/marvin_car_bringup.launch.py -> /home/marvin/marvin/marvin_ws/install/marvin_car_bringup/share/marvin_car_bringup/launch
[1.060s] creating /home/marvin/marvin/marvin_ws/install/marvin_car_bringup/share/marvin_car_bringup/param
[1.061s] copying param/imu_filter_param.yaml -> /home/marvin/marvin/marvin_ws/install/marvin_car_bringup/share/marvin_car_bringup/param
[1.061s] running install_egg_info
[1.063s] Copying ../../build/marvin_car_bringup/marvin_car_bringup.egg-info to /home/marvin/marvin/marvin_ws/install/marvin_car_bringup/lib/python3.8/site-packages/marvin_car_bringup-0.0.0-py3.8.egg-info
[1.064s] running install_scripts
[1.081s] Installing Ackman_driver_R2 script to /home/marvin/marvin/marvin_ws/install/marvin_car_bringup/lib/marvin_car_bringup
[1.081s] Installing calibrate_angular_R2 script to /home/marvin/marvin/marvin_ws/install/marvin_car_bringup/lib/marvin_car_bringup
[1.081s] Installing calibrate_linear_R2 script to /home/marvin/marvin/marvin_ws/install/marvin_car_bringup/lib/marvin_car_bringup
[1.082s] Installing patrol_4ROS script to /home/marvin/marvin/marvin_ws/install/marvin_car_bringup/lib/marvin_car_bringup
[1.082s] Installing patrol_4ROS_R2 script to /home/marvin/marvin/marvin_ws/install/marvin_car_bringup/lib/marvin_car_bringup
[1.082s] Installing patrol_a1_R2 script to /home/marvin/marvin/marvin_ws/install/marvin_car_bringup/lib/marvin_car_bringup
[1.083s] writing list of installed files to '/home/marvin/marvin/marvin_ws/build/marvin_car_bringup/install.log'
[1.106s] Invoked command in '/home/marvin/marvin/marvin_ws/src/marvin_car_bringup' returned '0': PYTHONPATH=/home/marvin/marvin/marvin_ws/build/marvin_car_bringup/prefix_override:/home/marvin/marvin/marvin_ws/install/marvin_car_bringup/lib/python3.8/site-packages:${PYTHONPATH} /usr/bin/python3 setup.py egg_info --egg-base ../../build/marvin_car_bringup build --build-base /home/marvin/marvin/marvin_ws/build/marvin_car_bringup/build install --record /home/marvin/marvin/marvin_ws/build/marvin_car_bringup/install.log --single-version-externally-managed
