-- Install configuration: ""
-- Up-to-date: /home/marvin/marvin/install/marvin_description/share/marvin_description/launch
-- Up-to-date: /home/marvin/marvin/install/marvin_description/share/marvin_description/launch/description.launch.py
-- Up-to-date: /home/marvin/marvin/install/marvin_description/share/marvin_description/urdf
-- Up-to-date: /home/marvin/marvin/install/marvin_description/share/marvin_description/urdf/marvin.urdf.xacro
-- Up-to-date: /home/marvin/marvin/install/marvin_description/share/marvin_description/urdf/sensors
-- Up-to-date: /home/marvin/marvin/install/marvin_description/share/marvin_description/urdf/sensors/camera_depth.xacro
-- Up-to-date: /home/marvin/marvin/install/marvin_description/share/marvin_description/urdf/sensors/camera_left.xacro
-- Up-to-date: /home/marvin/marvin/install/marvin_description/share/marvin_description/urdf/sensors/imu.xacro
-- Up-to-date: /home/marvin/marvin/install/marvin_description/share/marvin_description/urdf/sensors/lidar.xacro
-- Up-to-date: /home/marvin/marvin/install/marvin_description/share/marvin_description/urdf/sensors/camera_right.xacro
-- Up-to-date: /home/marvin/marvin/install/marvin_description/share/marvin_description/urdf/controller
-- Up-to-date: /home/marvin/marvin/install/marvin_description/share/marvin_description/urdf/controller/ackermann_drive.xacro
-- Up-to-date: /home/marvin/marvin/install/marvin_description/share/marvin_description/rviz
-- Up-to-date: /home/marvin/marvin/install/marvin_description/share/marvin_description/rviz/description.rviz
-- Up-to-date: /home/marvin/marvin/install/marvin_description/share/marvin_description/meshes
-- Up-to-date: /home/marvin/marvin/install/marvin_description/share/marvin_description/meshes/back_wheel_right.STL
-- Up-to-date: /home/marvin/marvin/install/marvin_description/share/marvin_description/meshes/front_handle_left.STL
-- Up-to-date: /home/marvin/marvin/install/marvin_description/share/marvin_description/meshes/camera_left.STL
-- Up-to-date: /home/marvin/marvin/install/marvin_description/share/marvin_description/meshes/front_wheel_left.STL
-- Up-to-date: /home/marvin/marvin/install/marvin_description/share/marvin_description/meshes/lidar.STL
-- Up-to-date: /home/marvin/marvin/install/marvin_description/share/marvin_description/meshes/front_handle_right.STL
-- Up-to-date: /home/marvin/marvin/install/marvin_description/share/marvin_description/meshes/camera_right.STL
-- Up-to-date: /home/marvin/marvin/install/marvin_description/share/marvin_description/meshes/back_wheel_left.STL
-- Up-to-date: /home/marvin/marvin/install/marvin_description/share/marvin_description/meshes/depth_camera.STL
-- Up-to-date: /home/marvin/marvin/install/marvin_description/share/marvin_description/meshes/base_link.STL
-- Up-to-date: /home/marvin/marvin/install/marvin_description/share/marvin_description/meshes/front_wheel_right.STL
-- Up-to-date: /home/marvin/marvin/install/marvin_description/share/ament_index/resource_index/package_run_dependencies/marvin_description
-- Up-to-date: /home/marvin/marvin/install/marvin_description/share/ament_index/resource_index/parent_prefix_path/marvin_description
-- Up-to-date: /home/marvin/marvin/install/marvin_description/share/marvin_description/environment/ament_prefix_path.sh
-- Up-to-date: /home/marvin/marvin/install/marvin_description/share/marvin_description/environment/ament_prefix_path.dsv
-- Up-to-date: /home/marvin/marvin/install/marvin_description/share/marvin_description/environment/path.sh
-- Up-to-date: /home/marvin/marvin/install/marvin_description/share/marvin_description/environment/path.dsv
-- Up-to-date: /home/marvin/marvin/install/marvin_description/share/marvin_description/local_setup.bash
-- Up-to-date: /home/marvin/marvin/install/marvin_description/share/marvin_description/local_setup.sh
-- Up-to-date: /home/marvin/marvin/install/marvin_description/share/marvin_description/local_setup.zsh
-- Up-to-date: /home/marvin/marvin/install/marvin_description/share/marvin_description/local_setup.dsv
-- Installing: /home/marvin/marvin/install/marvin_description/share/marvin_description/package.dsv
-- Up-to-date: /home/marvin/marvin/install/marvin_description/share/ament_index/resource_index/packages/marvin_description
-- Up-to-date: /home/marvin/marvin/install/marvin_description/share/marvin_description/cmake/marvin_descriptionConfig.cmake
-- Up-to-date: /home/marvin/marvin/install/marvin_description/share/marvin_description/cmake/marvin_descriptionConfig-version.cmake
-- Up-to-date: /home/marvin/marvin/install/marvin_description/share/marvin_description/package.xml
