[0.023s] Invoking command in '/home/marvin/marvin/build/marvin_description': CMAKE_PREFIX_PATH=/opt/ros/foxy /usr/bin/cmake --build /home/marvin/marvin/build/marvin_description -- -j2 -l2
[0.143s] Invoked command in '/home/marvin/marvin/build/marvin_description' returned '0': CMAKE_PREFIX_PATH=/opt/ros/foxy /usr/bin/cmake --build /home/marvin/marvin/build/marvin_description -- -j2 -l2
[0.208s] Invoking command in '/home/marvin/marvin/build/marvin_description': CMAKE_PREFIX_PATH=/opt/ros/foxy /usr/bin/cmake --install /home/marvin/marvin/build/marvin_description
[0.248s] -- Install configuration: ""
[0.249s] -- Up-to-date: /home/marvin/marvin/install/marvin_description/share/marvin_description/launch
[0.249s] -- Up-to-date: /home/marvin/marvin/install/marvin_description/share/marvin_description/launch/description.launch.py
[0.249s] -- Up-to-date: /home/marvin/marvin/install/marvin_description/share/marvin_description/urdf
[0.249s] -- Up-to-date: /home/marvin/marvin/install/marvin_description/share/marvin_description/urdf/marvin.urdf.xacro
[0.249s] -- Up-to-date: /home/marvin/marvin/install/marvin_description/share/marvin_description/urdf/sensors
[0.250s] -- Up-to-date: /home/marvin/marvin/install/marvin_description/share/marvin_description/urdf/sensors/camera_depth.xacro
[0.250s] -- Up-to-date: /home/marvin/marvin/install/marvin_description/share/marvin_description/urdf/sensors/camera_left.xacro
[0.250s] -- Up-to-date: /home/marvin/marvin/install/marvin_description/share/marvin_description/urdf/sensors/imu.xacro
[0.250s] -- Up-to-date: /home/marvin/marvin/install/marvin_description/share/marvin_description/urdf/sensors/lidar.xacro
[0.250s] -- Up-to-date: /home/marvin/marvin/install/marvin_description/share/marvin_description/urdf/sensors/camera_right.xacro
[0.250s] -- Up-to-date: /home/marvin/marvin/install/marvin_description/share/marvin_description/urdf/controller
[0.251s] -- Up-to-date: /home/marvin/marvin/install/marvin_description/share/marvin_description/urdf/controller/ackermann_drive.xacro
[0.251s] -- Up-to-date: /home/marvin/marvin/install/marvin_description/share/marvin_description/rviz
[0.251s] -- Up-to-date: /home/marvin/marvin/install/marvin_description/share/marvin_description/rviz/description.rviz
[0.254s] -- Up-to-date: /home/marvin/marvin/install/marvin_description/share/marvin_description/meshes
[0.254s] -- Up-to-date: /home/marvin/marvin/install/marvin_description/share/marvin_description/meshes/back_wheel_right.STL
[0.254s] -- Up-to-date: /home/marvin/marvin/install/marvin_description/share/marvin_description/meshes/front_handle_left.STL
[0.254s] -- Up-to-date: /home/marvin/marvin/install/marvin_description/share/marvin_description/meshes/camera_left.STL
[0.255s] -- Up-to-date: /home/marvin/marvin/install/marvin_description/share/marvin_description/meshes/front_wheel_left.STL
[0.255s] -- Up-to-date: /home/marvin/marvin/install/marvin_description/share/marvin_description/meshes/lidar.STL
[0.255s] -- Up-to-date: /home/marvin/marvin/install/marvin_description/share/marvin_description/meshes/front_handle_right.STL
[0.255s] -- Up-to-date: /home/marvin/marvin/install/marvin_description/share/marvin_description/meshes/camera_right.STL
[0.255s] -- Up-to-date: /home/marvin/marvin/install/marvin_description/share/marvin_description/meshes/back_wheel_left.STL
[0.255s] -- Up-to-date: /home/marvin/marvin/install/marvin_description/share/marvin_description/meshes/depth_camera.STL
[0.255s] -- Up-to-date: /home/marvin/marvin/install/marvin_description/share/marvin_description/meshes/base_link.STL
[0.256s] -- Up-to-date: /home/marvin/marvin/install/marvin_description/share/marvin_description/meshes/front_wheel_right.STL
[0.256s] -- Up-to-date: /home/marvin/marvin/install/marvin_description/share/ament_index/resource_index/package_run_dependencies/marvin_description
[0.256s] -- Up-to-date: /home/marvin/marvin/install/marvin_description/share/ament_index/resource_index/parent_prefix_path/marvin_description
[0.256s] -- Up-to-date: /home/marvin/marvin/install/marvin_description/share/marvin_description/environment/ament_prefix_path.sh
[0.258s] -- Up-to-date: /home/marvin/marvin/install/marvin_description/share/marvin_description/environment/ament_prefix_path.dsv
[0.258s] -- Up-to-date: /home/marvin/marvin/install/marvin_description/share/marvin_description/environment/path.sh
[0.258s] -- Up-to-date: /home/marvin/marvin/install/marvin_description/share/marvin_description/environment/path.dsv
[0.258s] -- Up-to-date: /home/marvin/marvin/install/marvin_description/share/marvin_description/local_setup.bash
[0.259s] -- Up-to-date: /home/marvin/marvin/install/marvin_description/share/marvin_description/local_setup.sh
[0.261s] -- Up-to-date: /home/marvin/marvin/install/marvin_description/share/marvin_description/local_setup.zsh
[0.261s] -- Up-to-date: /home/marvin/marvin/install/marvin_description/share/marvin_description/local_setup.dsv
[0.261s] -- Installing: /home/marvin/marvin/install/marvin_description/share/marvin_description/package.dsv
[0.262s] -- Up-to-date: /home/marvin/marvin/install/marvin_description/share/ament_index/resource_index/packages/marvin_description
[0.263s] -- Up-to-date: /home/marvin/marvin/install/marvin_description/share/marvin_description/cmake/marvin_descriptionConfig.cmake
[0.263s] -- Up-to-date: /home/marvin/marvin/install/marvin_description/share/marvin_description/cmake/marvin_descriptionConfig-version.cmake
[0.267s] -- Up-to-date: /home/marvin/marvin/install/marvin_description/share/marvin_description/package.xml
[0.278s] Invoked command in '/home/marvin/marvin/build/marvin_description' returned '0': CMAKE_PREFIX_PATH=/opt/ros/foxy /usr/bin/cmake --install /home/marvin/marvin/build/marvin_description
