[0.310s] DEBUG:colcon:Command line arguments: ['/usr/bin/colcon', 'build']
[0.310s] DEBUG:colcon:Parsed command line arguments: Namespace(allow_overriding=[], ament_cmake_args=None, base_paths=['.'], build_base='build', catkin_cmake_args=None, catkin_skip_building_tests=False, cmake_args=None, cmake_clean_cache=False, cmake_clean_first=False, cmake_force_configure=False, cmake_target=None, cmake_target_skip_unavailable=False, continue_on_error=False, event_handlers=None, executor='parallel', ignore_user_meta=False, install_base='install', log_base=None, log_level=None, main=<bound method BuildVerb.main of <colcon_core.verb.build.BuildVerb object at 0x7f2189ede9a0>>, merge_install=False, metas=['./colcon.meta'], packages_above=None, packages_above_and_dependencies=None, packages_above_depth=None, packages_end=None, packages_ignore=None, packages_ignore_regex=None, packages_select=None, packages_select_build_failed=False, packages_select_by_dep=None, packages_select_regex=None, packages_select_test_failures=False, packages_skip=None, packages_skip_build_finished=False, packages_skip_by_dep=None, packages_skip_regex=None, packages_skip_test_passed=False, packages_skip_up_to=None, packages_start=None, packages_up_to=None, packages_up_to_regex=None, parallel_workers=6, paths=None, symlink_install=False, test_result_base=None, verb_extension=<colcon_core.verb.build.BuildVerb object at 0x7f2189ede9a0>, verb_name='build', verb_parser=<colcon_defaults.argument_parser.defaults.DefaultArgumentsDecorator object at 0x7f2189edef10>)
[0.334s] Level 1:colcon.colcon_core.package_discovery:discover_packages(colcon_meta) check parameters
[0.334s] Level 1:colcon.colcon_core.package_discovery:discover_packages(recursive) check parameters
[0.334s] Level 1:colcon.colcon_core.package_discovery:discover_packages(ignore) check parameters
[0.334s] Level 1:colcon.colcon_core.package_discovery:discover_packages(path) check parameters
[0.334s] Level 1:colcon.colcon_core.package_discovery:discover_packages(colcon_meta) discover
[0.334s] Level 1:colcon.colcon_core.package_discovery:discover_packages(recursive) discover
[0.334s] INFO:colcon.colcon_core.package_discovery:Crawling recursively for packages in '/root/marvin/software/library_ws'
[0.334s] Level 1:colcon.colcon_core.package_identification:_identify(.) by extensions ['ignore', 'ignore_ament_install']
[0.334s] Level 1:colcon.colcon_core.package_identification:_identify(.) by extension 'ignore'
[0.334s] Level 1:colcon.colcon_core.package_identification:_identify(.) by extension 'ignore_ament_install'
[0.334s] Level 1:colcon.colcon_core.package_identification:_identify(.) by extensions ['colcon_pkg']
[0.335s] Level 1:colcon.colcon_core.package_identification:_identify(.) by extension 'colcon_pkg'
[0.335s] Level 1:colcon.colcon_core.package_identification:_identify(.) by extensions ['colcon_meta']
[0.335s] Level 1:colcon.colcon_core.package_identification:_identify(.) by extension 'colcon_meta'
[0.335s] Level 1:colcon.colcon_core.package_identification:_identify(.) by extensions ['ros']
[0.335s] Level 1:colcon.colcon_core.package_identification:_identify(.) by extension 'ros'
[0.359s] Level 1:colcon.colcon_core.package_identification:_identify(.) by extensions ['cmake', 'python']
[0.359s] Level 1:colcon.colcon_core.package_identification:_identify(.) by extension 'cmake'
[0.359s] Level 1:colcon.colcon_core.package_identification:_identify(.) by extension 'python'
[0.359s] Level 1:colcon.colcon_core.package_identification:_identify(.) by extensions ['python_setup_py']
[0.359s] Level 1:colcon.colcon_core.package_identification:_identify(.) by extension 'python_setup_py'
[0.359s] Level 1:colcon.colcon_core.package_identification:_identify(build) by extensions ['ignore', 'ignore_ament_install']
[0.359s] Level 1:colcon.colcon_core.package_identification:_identify(build) by extension 'ignore'
[0.359s] Level 1:colcon.colcon_core.package_identification:_identify(build) ignored
[0.359s] Level 1:colcon.colcon_core.package_identification:_identify(install) by extensions ['ignore', 'ignore_ament_install']
[0.359s] Level 1:colcon.colcon_core.package_identification:_identify(install) by extension 'ignore'
[0.359s] Level 1:colcon.colcon_core.package_identification:_identify(install) ignored
[0.359s] Level 1:colcon.colcon_core.package_identification:_identify(log) by extensions ['ignore', 'ignore_ament_install']
[0.360s] Level 1:colcon.colcon_core.package_identification:_identify(log) by extension 'ignore'
[0.360s] Level 1:colcon.colcon_core.package_identification:_identify(log) ignored
[0.360s] Level 1:colcon.colcon_core.package_identification:_identify(src) by extensions ['ignore', 'ignore_ament_install']
[0.360s] Level 1:colcon.colcon_core.package_identification:_identify(src) by extension 'ignore'
[0.360s] Level 1:colcon.colcon_core.package_identification:_identify(src) by extension 'ignore_ament_install'
[0.360s] Level 1:colcon.colcon_core.package_identification:_identify(src) by extensions ['colcon_pkg']
[0.360s] Level 1:colcon.colcon_core.package_identification:_identify(src) by extension 'colcon_pkg'
[0.360s] Level 1:colcon.colcon_core.package_identification:_identify(src) by extensions ['colcon_meta']
[0.360s] Level 1:colcon.colcon_core.package_identification:_identify(src) by extension 'colcon_meta'
[0.360s] Level 1:colcon.colcon_core.package_identification:_identify(src) by extensions ['ros']
[0.360s] Level 1:colcon.colcon_core.package_identification:_identify(src) by extension 'ros'
[0.360s] Level 1:colcon.colcon_core.package_identification:_identify(src) by extensions ['cmake', 'python']
[0.360s] Level 1:colcon.colcon_core.package_identification:_identify(src) by extension 'cmake'
[0.360s] Level 1:colcon.colcon_core.package_identification:_identify(src) by extension 'python'
[0.360s] Level 1:colcon.colcon_core.package_identification:_identify(src) by extensions ['python_setup_py']
[0.360s] Level 1:colcon.colcon_core.package_identification:_identify(src) by extension 'python_setup_py'
[0.360s] Level 1:colcon.colcon_core.package_identification:_identify(src/robot_localization) by extensions ['ignore', 'ignore_ament_install']
[0.360s] Level 1:colcon.colcon_core.package_identification:_identify(src/robot_localization) by extension 'ignore'
[0.361s] Level 1:colcon.colcon_core.package_identification:_identify(src/robot_localization) by extension 'ignore_ament_install'
[0.361s] Level 1:colcon.colcon_core.package_identification:_identify(src/robot_localization) by extensions ['colcon_pkg']
[0.361s] Level 1:colcon.colcon_core.package_identification:_identify(src/robot_localization) by extension 'colcon_pkg'
[0.361s] Level 1:colcon.colcon_core.package_identification:_identify(src/robot_localization) by extensions ['colcon_meta']
[0.361s] Level 1:colcon.colcon_core.package_identification:_identify(src/robot_localization) by extension 'colcon_meta'
[0.361s] Level 1:colcon.colcon_core.package_identification:_identify(src/robot_localization) by extensions ['ros']
[0.361s] Level 1:colcon.colcon_core.package_identification:_identify(src/robot_localization) by extension 'ros'
[0.367s] DEBUG:colcon.colcon_core.package_identification:Package 'src/robot_localization' with type 'ros.ament_cmake' and name 'robot_localization'
[0.367s] Level 1:colcon.colcon_core.package_discovery:discover_packages(recursive) using defaults
[0.367s] Level 1:colcon.colcon_core.package_discovery:discover_packages(ignore) discover
[0.367s] Level 1:colcon.colcon_core.package_discovery:discover_packages(ignore) using defaults
[0.367s] Level 1:colcon.colcon_core.package_discovery:discover_packages(path) discover
[0.367s] Level 1:colcon.colcon_core.package_discovery:discover_packages(path) using defaults
[0.387s] Level 1:colcon.colcon_core.package_discovery:discover_packages(prefix_path) check parameters
[0.387s] Level 1:colcon.colcon_core.package_discovery:discover_packages(prefix_path) discover
[0.394s] DEBUG:colcon.colcon_installed_package_information.package_discovery:Found 311 installed packages in /opt/ros/foxy
[0.396s] Level 1:colcon.colcon_core.package_discovery:discover_packages(prefix_path) using defaults
[0.517s] Level 5:colcon.colcon_core.verb:set package 'robot_localization' build argument 'cmake_args' from command line to 'None'
[0.517s] Level 5:colcon.colcon_core.verb:set package 'robot_localization' build argument 'cmake_target' from command line to 'None'
[0.517s] Level 5:colcon.colcon_core.verb:set package 'robot_localization' build argument 'cmake_target_skip_unavailable' from command line to 'False'
[0.517s] Level 5:colcon.colcon_core.verb:set package 'robot_localization' build argument 'cmake_clean_cache' from command line to 'False'
[0.517s] Level 5:colcon.colcon_core.verb:set package 'robot_localization' build argument 'cmake_clean_first' from command line to 'False'
[0.517s] Level 5:colcon.colcon_core.verb:set package 'robot_localization' build argument 'cmake_force_configure' from command line to 'False'
[0.517s] Level 5:colcon.colcon_core.verb:set package 'robot_localization' build argument 'ament_cmake_args' from command line to 'None'
[0.517s] Level 5:colcon.colcon_core.verb:set package 'robot_localization' build argument 'catkin_cmake_args' from command line to 'None'
[0.517s] Level 5:colcon.colcon_core.verb:set package 'robot_localization' build argument 'catkin_skip_building_tests' from command line to 'False'
[0.517s] DEBUG:colcon.colcon_core.verb:Building package 'robot_localization' with the following arguments: {'ament_cmake_args': None, 'build_base': '/root/marvin/software/library_ws/build/robot_localization', 'catkin_cmake_args': None, 'catkin_skip_building_tests': False, 'cmake_args': None, 'cmake_clean_cache': False, 'cmake_clean_first': False, 'cmake_force_configure': False, 'cmake_target': None, 'cmake_target_skip_unavailable': False, 'install_base': '/root/marvin/software/library_ws/install/robot_localization', 'merge_install': False, 'path': '/root/marvin/software/library_ws/src/robot_localization', 'symlink_install': False, 'test_result_base': None}
[0.518s] INFO:colcon.colcon_core.executor:Executing jobs using 'parallel' executor
[0.521s] DEBUG:colcon.colcon_parallel_executor.executor.parallel:run_until_complete
[0.521s] INFO:colcon.colcon_ros.task.ament_cmake.build:Building ROS package in '/root/marvin/software/library_ws/src/robot_localization' with build type 'ament_cmake'
[0.521s] INFO:colcon.colcon_cmake.task.cmake.build:Building CMake package in '/root/marvin/software/library_ws/src/robot_localization'
[0.534s] INFO:colcon.colcon_core.plugin_system:Skipping extension 'colcon_core.shell.bat': Not used on non-Windows systems
[0.534s] INFO:colcon.colcon_core.shell:Skip shell extension 'powershell' for command environment: Not usable outside of PowerShell
[0.534s] DEBUG:colcon.colcon_core.shell:Skip shell extension 'dsv' for command environment
[0.548s] DEBUG:colcon.colcon_core.event_handler.log_command:Invoking command in '/root/marvin/software/library_ws/build/robot_localization': CMAKE_PREFIX_PATH=/opt/ros/foxy /usr/bin/cmake /root/marvin/software/library_ws/src/robot_localization -DCMAKE_INSTALL_PREFIX=/root/marvin/software/library_ws/install/robot_localization
[5.879s] DEBUG:colcon.colcon_core.event_handler.log_command:Invoked command in '/root/marvin/software/library_ws/build/robot_localization' returned '0': CMAKE_PREFIX_PATH=/opt/ros/foxy /usr/bin/cmake /root/marvin/software/library_ws/src/robot_localization -DCMAKE_INSTALL_PREFIX=/root/marvin/software/library_ws/install/robot_localization
[5.883s] DEBUG:colcon.colcon_core.event_handler.log_command:Invoking command in '/root/marvin/software/library_ws/build/robot_localization': CMAKE_PREFIX_PATH=/opt/ros/foxy /usr/bin/cmake --build /root/marvin/software/library_ws/build/robot_localization -- -j6 -l6
[166.697s] DEBUG:colcon.colcon_core.event_handler.log_command:Invoked command in '/root/marvin/software/library_ws/build/robot_localization' returned '0': CMAKE_PREFIX_PATH=/opt/ros/foxy /usr/bin/cmake --build /root/marvin/software/library_ws/build/robot_localization -- -j6 -l6
[166.948s] DEBUG:colcon.colcon_core.event_handler.log_command:Invoking command in '/root/marvin/software/library_ws/build/robot_localization': CMAKE_PREFIX_PATH=/opt/ros/foxy /usr/bin/cmake --install /root/marvin/software/library_ws/build/robot_localization
[167.504s] Level 1:colcon.colcon_core.environment:create_environment_scripts_only(robot_localization)
[167.505s] DEBUG:colcon.colcon_core.event_handler.log_command:Invoked command in '/root/marvin/software/library_ws/build/robot_localization' returned '0': CMAKE_PREFIX_PATH=/opt/ros/foxy /usr/bin/cmake --install /root/marvin/software/library_ws/build/robot_localization
[167.519s] Level 1:colcon.colcon_core.environment:checking '/root/marvin/software/library_ws/install/robot_localization' for CMake module files
[167.519s] Level 1:colcon.colcon_core.environment:checking '/root/marvin/software/library_ws/install/robot_localization' for CMake config files
[167.520s] Level 1:colcon.colcon_core.shell:create_environment_hook('robot_localization', 'cmake_prefix_path')
[167.521s] INFO:colcon.colcon_core.shell:Creating environment hook '/root/marvin/software/library_ws/install/robot_localization/share/robot_localization/hook/cmake_prefix_path.ps1'
[167.522s] INFO:colcon.colcon_core.shell:Creating environment descriptor '/root/marvin/software/library_ws/install/robot_localization/share/robot_localization/hook/cmake_prefix_path.dsv'
[167.523s] INFO:colcon.colcon_core.shell:Creating environment hook '/root/marvin/software/library_ws/install/robot_localization/share/robot_localization/hook/cmake_prefix_path.sh'
[167.525s] Level 1:colcon.colcon_core.environment:checking '/root/marvin/software/library_ws/install/robot_localization/lib'
[167.525s] Level 1:colcon.colcon_core.shell:create_environment_hook('robot_localization', 'ld_library_path_lib')
[167.526s] INFO:colcon.colcon_core.shell:Creating environment hook '/root/marvin/software/library_ws/install/robot_localization/share/robot_localization/hook/ld_library_path_lib.ps1'
[167.527s] INFO:colcon.colcon_core.shell:Creating environment descriptor '/root/marvin/software/library_ws/install/robot_localization/share/robot_localization/hook/ld_library_path_lib.dsv'
[167.527s] INFO:colcon.colcon_core.shell:Creating environment hook '/root/marvin/software/library_ws/install/robot_localization/share/robot_localization/hook/ld_library_path_lib.sh'
[167.527s] Level 1:colcon.colcon_core.environment:checking '/root/marvin/software/library_ws/install/robot_localization/bin'
[167.527s] Level 1:colcon.colcon_core.environment:checking '/root/marvin/software/library_ws/install/robot_localization/lib/pkgconfig/robot_localization.pc'
[167.528s] Level 1:colcon.colcon_core.environment:checking '/root/marvin/software/library_ws/install/robot_localization/lib/python3.8/site-packages'
[167.528s] Level 1:colcon.colcon_core.shell:create_environment_hook('robot_localization', 'pythonpath')
[167.529s] INFO:colcon.colcon_core.shell:Creating environment hook '/root/marvin/software/library_ws/install/robot_localization/share/robot_localization/hook/pythonpath.ps1'
[167.529s] INFO:colcon.colcon_core.shell:Creating environment descriptor '/root/marvin/software/library_ws/install/robot_localization/share/robot_localization/hook/pythonpath.dsv'
[167.530s] INFO:colcon.colcon_core.shell:Creating environment hook '/root/marvin/software/library_ws/install/robot_localization/share/robot_localization/hook/pythonpath.sh'
[167.530s] Level 1:colcon.colcon_core.environment:checking '/root/marvin/software/library_ws/install/robot_localization/bin'
[167.531s] INFO:colcon.colcon_core.shell:Creating package script '/root/marvin/software/library_ws/install/robot_localization/share/robot_localization/package.ps1'
[167.533s] INFO:colcon.colcon_core.shell:Creating package descriptor '/root/marvin/software/library_ws/install/robot_localization/share/robot_localization/package.dsv'
[167.534s] INFO:colcon.colcon_core.shell:Creating package script '/root/marvin/software/library_ws/install/robot_localization/share/robot_localization/package.sh'
[167.536s] INFO:colcon.colcon_core.shell:Creating package script '/root/marvin/software/library_ws/install/robot_localization/share/robot_localization/package.bash'
[167.537s] INFO:colcon.colcon_core.shell:Creating package script '/root/marvin/software/library_ws/install/robot_localization/share/robot_localization/package.zsh'
[167.539s] Level 1:colcon.colcon_core.environment:create_file_with_runtime_dependencies(/root/marvin/software/library_ws/install/robot_localization/share/colcon-core/packages/robot_localization)
[167.788s] Level 1:colcon.colcon_core.environment:create_environment_scripts_only(robot_localization)
[167.790s] Level 1:colcon.colcon_core.environment:checking '/root/marvin/software/library_ws/install/robot_localization' for CMake module files
[167.790s] Level 1:colcon.colcon_core.environment:checking '/root/marvin/software/library_ws/install/robot_localization' for CMake config files
[167.791s] Level 1:colcon.colcon_core.shell:create_environment_hook('robot_localization', 'cmake_prefix_path')
[167.792s] INFO:colcon.colcon_core.shell:Creating environment hook '/root/marvin/software/library_ws/install/robot_localization/share/robot_localization/hook/cmake_prefix_path.ps1'
[167.793s] INFO:colcon.colcon_core.shell:Creating environment descriptor '/root/marvin/software/library_ws/install/robot_localization/share/robot_localization/hook/cmake_prefix_path.dsv'
[167.793s] INFO:colcon.colcon_core.shell:Creating environment hook '/root/marvin/software/library_ws/install/robot_localization/share/robot_localization/hook/cmake_prefix_path.sh'
[167.794s] Level 1:colcon.colcon_core.environment:checking '/root/marvin/software/library_ws/install/robot_localization/lib'
[167.794s] Level 1:colcon.colcon_core.shell:create_environment_hook('robot_localization', 'ld_library_path_lib')
[167.795s] INFO:colcon.colcon_core.shell:Creating environment hook '/root/marvin/software/library_ws/install/robot_localization/share/robot_localization/hook/ld_library_path_lib.ps1'
[167.795s] INFO:colcon.colcon_core.shell:Creating environment descriptor '/root/marvin/software/library_ws/install/robot_localization/share/robot_localization/hook/ld_library_path_lib.dsv'
[167.796s] INFO:colcon.colcon_core.shell:Creating environment hook '/root/marvin/software/library_ws/install/robot_localization/share/robot_localization/hook/ld_library_path_lib.sh'
[167.796s] Level 1:colcon.colcon_core.environment:checking '/root/marvin/software/library_ws/install/robot_localization/bin'
[167.796s] Level 1:colcon.colcon_core.environment:checking '/root/marvin/software/library_ws/install/robot_localization/lib/pkgconfig/robot_localization.pc'
[167.796s] Level 1:colcon.colcon_core.environment:checking '/root/marvin/software/library_ws/install/robot_localization/lib/python3.8/site-packages'
[167.796s] Level 1:colcon.colcon_core.shell:create_environment_hook('robot_localization', 'pythonpath')
[167.798s] INFO:colcon.colcon_core.shell:Creating environment hook '/root/marvin/software/library_ws/install/robot_localization/share/robot_localization/hook/pythonpath.ps1'
[167.798s] INFO:colcon.colcon_core.shell:Creating environment descriptor '/root/marvin/software/library_ws/install/robot_localization/share/robot_localization/hook/pythonpath.dsv'
[167.798s] INFO:colcon.colcon_core.shell:Creating environment hook '/root/marvin/software/library_ws/install/robot_localization/share/robot_localization/hook/pythonpath.sh'
[167.799s] Level 1:colcon.colcon_core.environment:checking '/root/marvin/software/library_ws/install/robot_localization/bin'
[167.801s] INFO:colcon.colcon_core.shell:Creating package script '/root/marvin/software/library_ws/install/robot_localization/share/robot_localization/package.ps1'
[167.801s] INFO:colcon.colcon_core.shell:Creating package descriptor '/root/marvin/software/library_ws/install/robot_localization/share/robot_localization/package.dsv'
[167.802s] INFO:colcon.colcon_core.shell:Creating package script '/root/marvin/software/library_ws/install/robot_localization/share/robot_localization/package.sh'
[167.803s] INFO:colcon.colcon_core.shell:Creating package script '/root/marvin/software/library_ws/install/robot_localization/share/robot_localization/package.bash'
[167.803s] INFO:colcon.colcon_core.shell:Creating package script '/root/marvin/software/library_ws/install/robot_localization/share/robot_localization/package.zsh'
[167.804s] Level 1:colcon.colcon_core.environment:create_file_with_runtime_dependencies(/root/marvin/software/library_ws/install/robot_localization/share/colcon-core/packages/robot_localization)
[167.804s] DEBUG:colcon.colcon_parallel_executor.executor.parallel:closing loop
[167.804s] DEBUG:colcon.colcon_parallel_executor.executor.parallel:loop closed
[167.804s] DEBUG:colcon.colcon_parallel_executor.executor.parallel:run_until_complete finished with '0'
[167.805s] DEBUG:colcon.colcon_core.event_reactor:joining thread
[167.815s] INFO:colcon.colcon_core.plugin_system:Skipping extension 'colcon_notification.desktop_notification.terminal_notifier': Not used on non-Darwin systems
[167.815s] INFO:colcon.colcon_core.plugin_system:Skipping extension 'colcon_notification.desktop_notification.win32': Not used on non-Windows systems
[167.815s] INFO:colcon.colcon_notification.desktop_notification:Sending desktop notification using 'notify2'
[167.834s] DEBUG:colcon.colcon_core.event_reactor:joined thread
[167.836s] INFO:colcon.colcon_core.shell:Creating prefix script '/root/marvin/software/library_ws/install/local_setup.ps1'
[167.838s] INFO:colcon.colcon_core.shell:Creating prefix util module '/root/marvin/software/library_ws/install/_local_setup_util_ps1.py'
[167.840s] INFO:colcon.colcon_core.shell:Creating prefix chain script '/root/marvin/software/library_ws/install/setup.ps1'
[167.842s] INFO:colcon.colcon_core.shell:Creating prefix script '/root/marvin/software/library_ws/install/local_setup.sh'
[167.843s] INFO:colcon.colcon_core.shell:Creating prefix util module '/root/marvin/software/library_ws/install/_local_setup_util_sh.py'
[167.843s] INFO:colcon.colcon_core.shell:Creating prefix chain script '/root/marvin/software/library_ws/install/setup.sh'
[167.847s] INFO:colcon.colcon_core.shell:Creating prefix script '/root/marvin/software/library_ws/install/local_setup.bash'
[167.848s] INFO:colcon.colcon_core.shell:Creating prefix chain script '/root/marvin/software/library_ws/install/setup.bash'
[167.851s] INFO:colcon.colcon_core.shell:Creating prefix script '/root/marvin/software/library_ws/install/local_setup.zsh'
[167.852s] INFO:colcon.colcon_core.shell:Creating prefix chain script '/root/marvin/software/library_ws/install/setup.zsh'
