[0.291s] DEBUG:colcon:Command line arguments: ['/usr/bin/colcon', 'build']
[0.291s] DEBUG:colcon:Parsed command line arguments: Namespace(allow_overriding=[], ament_cmake_args=None, base_paths=['.'], build_base='build', catkin_cmake_args=None, catkin_skip_building_tests=False, cmake_args=None, cmake_clean_cache=False, cmake_clean_first=False, cmake_force_configure=False, cmake_target=None, cmake_target_skip_unavailable=False, continue_on_error=False, event_handlers=None, executor='parallel', ignore_user_meta=False, install_base='install', log_base=None, log_level=None, main=<bound method BuildVerb.main of <colcon_core.verb.build.BuildVerb object at 0x7fd1e64cf2e0>>, merge_install=False, metas=['./colcon.meta'], packages_above=None, packages_above_and_dependencies=None, packages_above_depth=None, packages_end=None, packages_ignore=None, packages_ignore_regex=None, packages_select=None, packages_select_build_failed=False, packages_select_by_dep=None, packages_select_regex=None, packages_select_test_failures=False, packages_skip=None, packages_skip_build_finished=False, packages_skip_by_dep=None, packages_skip_regex=None, packages_skip_test_passed=False, packages_skip_up_to=None, packages_start=None, packages_up_to=None, packages_up_to_regex=None, parallel_workers=6, paths=None, symlink_install=False, test_result_base=None, verb_extension=<colcon_core.verb.build.BuildVerb object at 0x7fd1e64cf2e0>, verb_name='build', verb_parser=<colcon_defaults.argument_parser.defaults.DefaultArgumentsDecorator object at 0x7fd1e64cf820>)
[0.316s] Level 1:colcon.colcon_core.package_discovery:discover_packages(colcon_meta) check parameters
[0.316s] Level 1:colcon.colcon_core.package_discovery:discover_packages(recursive) check parameters
[0.316s] Level 1:colcon.colcon_core.package_discovery:discover_packages(ignore) check parameters
[0.316s] Level 1:colcon.colcon_core.package_discovery:discover_packages(path) check parameters
[0.316s] Level 1:colcon.colcon_core.package_discovery:discover_packages(colcon_meta) discover
[0.316s] Level 1:colcon.colcon_core.package_discovery:discover_packages(recursive) discover
[0.316s] INFO:colcon.colcon_core.package_discovery:Crawling recursively for packages in '/root/marvin/software/library_ws'
[0.316s] Level 1:colcon.colcon_core.package_identification:_identify(.) by extensions ['ignore', 'ignore_ament_install']
[0.316s] Level 1:colcon.colcon_core.package_identification:_identify(.) by extension 'ignore'
[0.316s] Level 1:colcon.colcon_core.package_identification:_identify(.) by extension 'ignore_ament_install'
[0.316s] Level 1:colcon.colcon_core.package_identification:_identify(.) by extensions ['colcon_pkg']
[0.316s] Level 1:colcon.colcon_core.package_identification:_identify(.) by extension 'colcon_pkg'
[0.316s] Level 1:colcon.colcon_core.package_identification:_identify(.) by extensions ['colcon_meta']
[0.316s] Level 1:colcon.colcon_core.package_identification:_identify(.) by extension 'colcon_meta'
[0.316s] Level 1:colcon.colcon_core.package_identification:_identify(.) by extensions ['ros']
[0.316s] Level 1:colcon.colcon_core.package_identification:_identify(.) by extension 'ros'
[0.334s] Level 1:colcon.colcon_core.package_identification:_identify(.) by extensions ['cmake', 'python']
[0.334s] Level 1:colcon.colcon_core.package_identification:_identify(.) by extension 'cmake'
[0.334s] Level 1:colcon.colcon_core.package_identification:_identify(.) by extension 'python'
[0.334s] Level 1:colcon.colcon_core.package_identification:_identify(.) by extensions ['python_setup_py']
[0.334s] Level 1:colcon.colcon_core.package_identification:_identify(.) by extension 'python_setup_py'
[0.334s] Level 1:colcon.colcon_core.package_identification:_identify(build) by extensions ['ignore', 'ignore_ament_install']
[0.334s] Level 1:colcon.colcon_core.package_identification:_identify(build) by extension 'ignore'
[0.334s] Level 1:colcon.colcon_core.package_identification:_identify(build) ignored
[0.335s] Level 1:colcon.colcon_core.package_identification:_identify(install) by extensions ['ignore', 'ignore_ament_install']
[0.335s] Level 1:colcon.colcon_core.package_identification:_identify(install) by extension 'ignore'
[0.335s] Level 1:colcon.colcon_core.package_identification:_identify(install) ignored
[0.335s] Level 1:colcon.colcon_core.package_identification:_identify(log) by extensions ['ignore', 'ignore_ament_install']
[0.335s] Level 1:colcon.colcon_core.package_identification:_identify(log) by extension 'ignore'
[0.335s] Level 1:colcon.colcon_core.package_identification:_identify(log) ignored
[0.335s] Level 1:colcon.colcon_core.package_identification:_identify(src) by extensions ['ignore', 'ignore_ament_install']
[0.335s] Level 1:colcon.colcon_core.package_identification:_identify(src) by extension 'ignore'
[0.335s] Level 1:colcon.colcon_core.package_identification:_identify(src) by extension 'ignore_ament_install'
[0.335s] Level 1:colcon.colcon_core.package_identification:_identify(src) by extensions ['colcon_pkg']
[0.335s] Level 1:colcon.colcon_core.package_identification:_identify(src) by extension 'colcon_pkg'
[0.335s] Level 1:colcon.colcon_core.package_identification:_identify(src) by extensions ['colcon_meta']
[0.335s] Level 1:colcon.colcon_core.package_identification:_identify(src) by extension 'colcon_meta'
[0.335s] Level 1:colcon.colcon_core.package_identification:_identify(src) by extensions ['ros']
[0.335s] Level 1:colcon.colcon_core.package_identification:_identify(src) by extension 'ros'
[0.335s] Level 1:colcon.colcon_core.package_identification:_identify(src) by extensions ['cmake', 'python']
[0.335s] Level 1:colcon.colcon_core.package_identification:_identify(src) by extension 'cmake'
[0.336s] Level 1:colcon.colcon_core.package_identification:_identify(src) by extension 'python'
[0.336s] Level 1:colcon.colcon_core.package_identification:_identify(src) by extensions ['python_setup_py']
[0.336s] Level 1:colcon.colcon_core.package_identification:_identify(src) by extension 'python_setup_py'
[0.336s] Level 1:colcon.colcon_core.package_identification:_identify(src/robot_localization) by extensions ['ignore', 'ignore_ament_install']
[0.336s] Level 1:colcon.colcon_core.package_identification:_identify(src/robot_localization) by extension 'ignore'
[0.336s] Level 1:colcon.colcon_core.package_identification:_identify(src/robot_localization) by extension 'ignore_ament_install'
[0.336s] Level 1:colcon.colcon_core.package_identification:_identify(src/robot_localization) by extensions ['colcon_pkg']
[0.336s] Level 1:colcon.colcon_core.package_identification:_identify(src/robot_localization) by extension 'colcon_pkg'
[0.336s] Level 1:colcon.colcon_core.package_identification:_identify(src/robot_localization) by extensions ['colcon_meta']
[0.336s] Level 1:colcon.colcon_core.package_identification:_identify(src/robot_localization) by extension 'colcon_meta'
[0.336s] Level 1:colcon.colcon_core.package_identification:_identify(src/robot_localization) by extensions ['ros']
[0.336s] Level 1:colcon.colcon_core.package_identification:_identify(src/robot_localization) by extension 'ros'
[0.340s] DEBUG:colcon.colcon_core.package_identification:Package 'src/robot_localization' with type 'ros.ament_cmake' and name 'robot_localization'
[0.340s] Level 1:colcon.colcon_core.package_discovery:discover_packages(recursive) using defaults
[0.340s] Level 1:colcon.colcon_core.package_discovery:discover_packages(ignore) discover
[0.340s] Level 1:colcon.colcon_core.package_discovery:discover_packages(ignore) using defaults
[0.340s] Level 1:colcon.colcon_core.package_discovery:discover_packages(path) discover
[0.340s] Level 1:colcon.colcon_core.package_discovery:discover_packages(path) using defaults
[0.358s] Level 1:colcon.colcon_core.package_discovery:discover_packages(prefix_path) check parameters
[0.358s] Level 1:colcon.colcon_core.package_discovery:discover_packages(prefix_path) discover
[0.361s] DEBUG:colcon.colcon_installed_package_information.package_discovery:Found 9 installed packages in /root/marvin/marvin_ws/install
[0.363s] DEBUG:colcon.colcon_installed_package_information.package_discovery:Found 311 installed packages in /opt/ros/foxy
[0.364s] Level 1:colcon.colcon_core.package_discovery:discover_packages(prefix_path) using defaults
[0.437s] Level 5:colcon.colcon_core.verb:set package 'robot_localization' build argument 'cmake_args' from command line to 'None'
[0.437s] Level 5:colcon.colcon_core.verb:set package 'robot_localization' build argument 'cmake_target' from command line to 'None'
[0.437s] Level 5:colcon.colcon_core.verb:set package 'robot_localization' build argument 'cmake_target_skip_unavailable' from command line to 'False'
[0.437s] Level 5:colcon.colcon_core.verb:set package 'robot_localization' build argument 'cmake_clean_cache' from command line to 'False'
[0.437s] Level 5:colcon.colcon_core.verb:set package 'robot_localization' build argument 'cmake_clean_first' from command line to 'False'
[0.437s] Level 5:colcon.colcon_core.verb:set package 'robot_localization' build argument 'cmake_force_configure' from command line to 'False'
[0.437s] Level 5:colcon.colcon_core.verb:set package 'robot_localization' build argument 'ament_cmake_args' from command line to 'None'
[0.437s] Level 5:colcon.colcon_core.verb:set package 'robot_localization' build argument 'catkin_cmake_args' from command line to 'None'
[0.437s] Level 5:colcon.colcon_core.verb:set package 'robot_localization' build argument 'catkin_skip_building_tests' from command line to 'False'
[0.437s] DEBUG:colcon.colcon_core.verb:Building package 'robot_localization' with the following arguments: {'ament_cmake_args': None, 'build_base': '/root/marvin/software/library_ws/build/robot_localization', 'catkin_cmake_args': None, 'catkin_skip_building_tests': False, 'cmake_args': None, 'cmake_clean_cache': False, 'cmake_clean_first': False, 'cmake_force_configure': False, 'cmake_target': None, 'cmake_target_skip_unavailable': False, 'install_base': '/root/marvin/software/library_ws/install/robot_localization', 'merge_install': False, 'path': '/root/marvin/software/library_ws/src/robot_localization', 'symlink_install': False, 'test_result_base': None}
[0.438s] INFO:colcon.colcon_core.executor:Executing jobs using 'parallel' executor
[0.441s] DEBUG:colcon.colcon_parallel_executor.executor.parallel:run_until_complete
[0.441s] INFO:colcon.colcon_ros.task.ament_cmake.build:Building ROS package in '/root/marvin/software/library_ws/src/robot_localization' with build type 'ament_cmake'
[0.441s] INFO:colcon.colcon_cmake.task.cmake.build:Building CMake package in '/root/marvin/software/library_ws/src/robot_localization'
[0.445s] INFO:colcon.colcon_core.plugin_system:Skipping extension 'colcon_core.shell.bat': Not used on non-Windows systems
[0.446s] INFO:colcon.colcon_core.shell:Skip shell extension 'powershell' for command environment: Not usable outside of PowerShell
[0.446s] DEBUG:colcon.colcon_core.shell:Skip shell extension 'dsv' for command environment
[0.457s] DEBUG:colcon.colcon_core.event_handler.log_command:Invoking command in '/root/marvin/software/library_ws/build/robot_localization': CMAKE_PREFIX_PATH=${CMAKE_PREFIX_PATH}:/root/marvin/marvin_ws/install/marvincar_nav:/root/marvin/marvin_ws/install/marvincar_laser:/root/marvin/marvin_ws/install/marvincar_description:/root/marvin/marvin_ws/install/marvincar_ctrl:/root/marvin/marvin_ws/install/marvincar_bringup:/opt/ros/foxy /usr/bin/cmake /root/marvin/software/library_ws/src/robot_localization -DCMAKE_INSTALL_PREFIX=/root/marvin/software/library_ws/install/robot_localization
[5.171s] DEBUG:colcon.colcon_core.event_handler.log_command:Invoked command in '/root/marvin/software/library_ws/build/robot_localization' returned '0': CMAKE_PREFIX_PATH=${CMAKE_PREFIX_PATH}:/root/marvin/marvin_ws/install/marvincar_nav:/root/marvin/marvin_ws/install/marvincar_laser:/root/marvin/marvin_ws/install/marvincar_description:/root/marvin/marvin_ws/install/marvincar_ctrl:/root/marvin/marvin_ws/install/marvincar_bringup:/opt/ros/foxy /usr/bin/cmake /root/marvin/software/library_ws/src/robot_localization -DCMAKE_INSTALL_PREFIX=/root/marvin/software/library_ws/install/robot_localization
[5.174s] DEBUG:colcon.colcon_core.event_handler.log_command:Invoking command in '/root/marvin/software/library_ws/build/robot_localization': CMAKE_PREFIX_PATH=${CMAKE_PREFIX_PATH}:/root/marvin/marvin_ws/install/marvincar_nav:/root/marvin/marvin_ws/install/marvincar_laser:/root/marvin/marvin_ws/install/marvincar_description:/root/marvin/marvin_ws/install/marvincar_ctrl:/root/marvin/marvin_ws/install/marvincar_bringup:/opt/ros/foxy /usr/bin/cmake --build /root/marvin/software/library_ws/build/robot_localization -- -j6 -l6
[131.133s] DEBUG:colcon.colcon_core.event_handler.log_command:Invoked command in '/root/marvin/software/library_ws/build/robot_localization' returned '0': CMAKE_PREFIX_PATH=${CMAKE_PREFIX_PATH}:/root/marvin/marvin_ws/install/marvincar_nav:/root/marvin/marvin_ws/install/marvincar_laser:/root/marvin/marvin_ws/install/marvincar_description:/root/marvin/marvin_ws/install/marvincar_ctrl:/root/marvin/marvin_ws/install/marvincar_bringup:/opt/ros/foxy /usr/bin/cmake --build /root/marvin/software/library_ws/build/robot_localization -- -j6 -l6
[131.379s] DEBUG:colcon.colcon_core.event_handler.log_command:Invoking command in '/root/marvin/software/library_ws/build/robot_localization': CMAKE_PREFIX_PATH=${CMAKE_PREFIX_PATH}:/root/marvin/marvin_ws/install/marvincar_nav:/root/marvin/marvin_ws/install/marvincar_laser:/root/marvin/marvin_ws/install/marvincar_description:/root/marvin/marvin_ws/install/marvincar_ctrl:/root/marvin/marvin_ws/install/marvincar_bringup:/opt/ros/foxy /usr/bin/cmake --install /root/marvin/software/library_ws/build/robot_localization
[131.916s] Level 1:colcon.colcon_core.environment:create_environment_scripts_only(robot_localization)
[131.917s] DEBUG:colcon.colcon_core.event_handler.log_command:Invoked command in '/root/marvin/software/library_ws/build/robot_localization' returned '0': CMAKE_PREFIX_PATH=${CMAKE_PREFIX_PATH}:/root/marvin/marvin_ws/install/marvincar_nav:/root/marvin/marvin_ws/install/marvincar_laser:/root/marvin/marvin_ws/install/marvincar_description:/root/marvin/marvin_ws/install/marvincar_ctrl:/root/marvin/marvin_ws/install/marvincar_bringup:/opt/ros/foxy /usr/bin/cmake --install /root/marvin/software/library_ws/build/robot_localization
[131.922s] Level 1:colcon.colcon_core.environment:checking '/root/marvin/software/library_ws/install/robot_localization' for CMake module files
[131.923s] Level 1:colcon.colcon_core.environment:checking '/root/marvin/software/library_ws/install/robot_localization' for CMake config files
[131.924s] Level 1:colcon.colcon_core.shell:create_environment_hook('robot_localization', 'cmake_prefix_path')
[131.925s] INFO:colcon.colcon_core.shell:Creating environment hook '/root/marvin/software/library_ws/install/robot_localization/share/robot_localization/hook/cmake_prefix_path.ps1'
[131.926s] INFO:colcon.colcon_core.shell:Creating environment descriptor '/root/marvin/software/library_ws/install/robot_localization/share/robot_localization/hook/cmake_prefix_path.dsv'
[131.926s] INFO:colcon.colcon_core.shell:Creating environment hook '/root/marvin/software/library_ws/install/robot_localization/share/robot_localization/hook/cmake_prefix_path.sh'
[131.927s] Level 1:colcon.colcon_core.environment:checking '/root/marvin/software/library_ws/install/robot_localization/lib'
[131.927s] Level 1:colcon.colcon_core.shell:create_environment_hook('robot_localization', 'ld_library_path_lib')
[131.928s] INFO:colcon.colcon_core.shell:Creating environment hook '/root/marvin/software/library_ws/install/robot_localization/share/robot_localization/hook/ld_library_path_lib.ps1'
[131.929s] INFO:colcon.colcon_core.shell:Creating environment descriptor '/root/marvin/software/library_ws/install/robot_localization/share/robot_localization/hook/ld_library_path_lib.dsv'
[131.929s] INFO:colcon.colcon_core.shell:Creating environment hook '/root/marvin/software/library_ws/install/robot_localization/share/robot_localization/hook/ld_library_path_lib.sh'
[131.929s] Level 1:colcon.colcon_core.environment:checking '/root/marvin/software/library_ws/install/robot_localization/bin'
[131.929s] Level 1:colcon.colcon_core.environment:checking '/root/marvin/software/library_ws/install/robot_localization/lib/pkgconfig/robot_localization.pc'
[131.930s] Level 1:colcon.colcon_core.environment:checking '/root/marvin/software/library_ws/install/robot_localization/lib/python3.8/site-packages'
[131.930s] Level 1:colcon.colcon_core.shell:create_environment_hook('robot_localization', 'pythonpath')
[131.931s] INFO:colcon.colcon_core.shell:Creating environment hook '/root/marvin/software/library_ws/install/robot_localization/share/robot_localization/hook/pythonpath.ps1'
[131.931s] INFO:colcon.colcon_core.shell:Creating environment descriptor '/root/marvin/software/library_ws/install/robot_localization/share/robot_localization/hook/pythonpath.dsv'
[131.931s] INFO:colcon.colcon_core.shell:Creating environment hook '/root/marvin/software/library_ws/install/robot_localization/share/robot_localization/hook/pythonpath.sh'
[131.932s] Level 1:colcon.colcon_core.environment:checking '/root/marvin/software/library_ws/install/robot_localization/bin'
[131.933s] INFO:colcon.colcon_core.shell:Creating package script '/root/marvin/software/library_ws/install/robot_localization/share/robot_localization/package.ps1'
[131.934s] INFO:colcon.colcon_core.shell:Creating package descriptor '/root/marvin/software/library_ws/install/robot_localization/share/robot_localization/package.dsv'
[131.934s] INFO:colcon.colcon_core.shell:Creating package script '/root/marvin/software/library_ws/install/robot_localization/share/robot_localization/package.sh'
[131.935s] INFO:colcon.colcon_core.shell:Creating package script '/root/marvin/software/library_ws/install/robot_localization/share/robot_localization/package.bash'
[131.936s] INFO:colcon.colcon_core.shell:Creating package script '/root/marvin/software/library_ws/install/robot_localization/share/robot_localization/package.zsh'
[131.936s] Level 1:colcon.colcon_core.environment:create_file_with_runtime_dependencies(/root/marvin/software/library_ws/install/robot_localization/share/colcon-core/packages/robot_localization)
[132.170s] Level 1:colcon.colcon_core.environment:create_environment_scripts_only(robot_localization)
[132.172s] Level 1:colcon.colcon_core.environment:checking '/root/marvin/software/library_ws/install/robot_localization' for CMake module files
[132.173s] Level 1:colcon.colcon_core.environment:checking '/root/marvin/software/library_ws/install/robot_localization' for CMake config files
[132.173s] Level 1:colcon.colcon_core.shell:create_environment_hook('robot_localization', 'cmake_prefix_path')
[132.175s] INFO:colcon.colcon_core.shell:Creating environment hook '/root/marvin/software/library_ws/install/robot_localization/share/robot_localization/hook/cmake_prefix_path.ps1'
[132.175s] INFO:colcon.colcon_core.shell:Creating environment descriptor '/root/marvin/software/library_ws/install/robot_localization/share/robot_localization/hook/cmake_prefix_path.dsv'
[132.176s] INFO:colcon.colcon_core.shell:Creating environment hook '/root/marvin/software/library_ws/install/robot_localization/share/robot_localization/hook/cmake_prefix_path.sh'
[132.176s] Level 1:colcon.colcon_core.environment:checking '/root/marvin/software/library_ws/install/robot_localization/lib'
[132.176s] Level 1:colcon.colcon_core.shell:create_environment_hook('robot_localization', 'ld_library_path_lib')
[132.178s] INFO:colcon.colcon_core.shell:Creating environment hook '/root/marvin/software/library_ws/install/robot_localization/share/robot_localization/hook/ld_library_path_lib.ps1'
[132.178s] INFO:colcon.colcon_core.shell:Creating environment descriptor '/root/marvin/software/library_ws/install/robot_localization/share/robot_localization/hook/ld_library_path_lib.dsv'
[132.178s] INFO:colcon.colcon_core.shell:Creating environment hook '/root/marvin/software/library_ws/install/robot_localization/share/robot_localization/hook/ld_library_path_lib.sh'
[132.179s] Level 1:colcon.colcon_core.environment:checking '/root/marvin/software/library_ws/install/robot_localization/bin'
[132.179s] Level 1:colcon.colcon_core.environment:checking '/root/marvin/software/library_ws/install/robot_localization/lib/pkgconfig/robot_localization.pc'
[132.179s] Level 1:colcon.colcon_core.environment:checking '/root/marvin/software/library_ws/install/robot_localization/lib/python3.8/site-packages'
[132.179s] Level 1:colcon.colcon_core.shell:create_environment_hook('robot_localization', 'pythonpath')
[132.180s] INFO:colcon.colcon_core.shell:Creating environment hook '/root/marvin/software/library_ws/install/robot_localization/share/robot_localization/hook/pythonpath.ps1'
[132.181s] INFO:colcon.colcon_core.shell:Creating environment descriptor '/root/marvin/software/library_ws/install/robot_localization/share/robot_localization/hook/pythonpath.dsv'
[132.181s] INFO:colcon.colcon_core.shell:Creating environment hook '/root/marvin/software/library_ws/install/robot_localization/share/robot_localization/hook/pythonpath.sh'
[132.182s] Level 1:colcon.colcon_core.environment:checking '/root/marvin/software/library_ws/install/robot_localization/bin'
[132.183s] INFO:colcon.colcon_core.shell:Creating package script '/root/marvin/software/library_ws/install/robot_localization/share/robot_localization/package.ps1'
[132.184s] INFO:colcon.colcon_core.shell:Creating package descriptor '/root/marvin/software/library_ws/install/robot_localization/share/robot_localization/package.dsv'
[132.184s] INFO:colcon.colcon_core.shell:Creating package script '/root/marvin/software/library_ws/install/robot_localization/share/robot_localization/package.sh'
[132.185s] INFO:colcon.colcon_core.shell:Creating package script '/root/marvin/software/library_ws/install/robot_localization/share/robot_localization/package.bash'
[132.185s] INFO:colcon.colcon_core.shell:Creating package script '/root/marvin/software/library_ws/install/robot_localization/share/robot_localization/package.zsh'
[132.186s] Level 1:colcon.colcon_core.environment:create_file_with_runtime_dependencies(/root/marvin/software/library_ws/install/robot_localization/share/colcon-core/packages/robot_localization)
[132.186s] DEBUG:colcon.colcon_parallel_executor.executor.parallel:closing loop
[132.186s] DEBUG:colcon.colcon_parallel_executor.executor.parallel:loop closed
[132.187s] DEBUG:colcon.colcon_parallel_executor.executor.parallel:run_until_complete finished with '0'
[132.187s] DEBUG:colcon.colcon_core.event_reactor:joining thread
[132.192s] INFO:colcon.colcon_core.plugin_system:Skipping extension 'colcon_notification.desktop_notification.terminal_notifier': Not used on non-Darwin systems
[132.192s] INFO:colcon.colcon_core.plugin_system:Skipping extension 'colcon_notification.desktop_notification.win32': Not used on non-Windows systems
[132.192s] INFO:colcon.colcon_notification.desktop_notification:Sending desktop notification using 'notify2'
[132.209s] DEBUG:colcon.colcon_core.event_reactor:joined thread
[132.210s] INFO:colcon.colcon_core.shell:Creating prefix script '/root/marvin/software/library_ws/install/local_setup.ps1'
[132.211s] INFO:colcon.colcon_core.shell:Creating prefix util module '/root/marvin/software/library_ws/install/_local_setup_util_ps1.py'
[132.212s] INFO:colcon.colcon_core.shell:Creating prefix chain script '/root/marvin/software/library_ws/install/setup.ps1'
[132.214s] INFO:colcon.colcon_core.shell:Creating prefix script '/root/marvin/software/library_ws/install/local_setup.sh'
[132.215s] INFO:colcon.colcon_core.shell:Creating prefix util module '/root/marvin/software/library_ws/install/_local_setup_util_sh.py'
[132.216s] INFO:colcon.colcon_core.shell:Creating prefix chain script '/root/marvin/software/library_ws/install/setup.sh'
[132.217s] INFO:colcon.colcon_core.shell:Creating prefix script '/root/marvin/software/library_ws/install/local_setup.bash'
[132.218s] INFO:colcon.colcon_core.shell:Creating prefix chain script '/root/marvin/software/library_ws/install/setup.bash'
[132.219s] INFO:colcon.colcon_core.shell:Creating prefix script '/root/marvin/software/library_ws/install/local_setup.zsh'
[132.220s] INFO:colcon.colcon_core.shell:Creating prefix chain script '/root/marvin/software/library_ws/install/setup.zsh'
