[0.046s] Invoking command in '/home/marvin/marvin/build/realsense2_camera': AMENT_PREFIX_PATH=/home/marvin/marvin/install/realsense2_camera_msgs:${AMENT_PREFIX_PATH} CMAKE_PREFIX_PATH=/home/marvin/marvin/install/realsense2_camera_msgs:/opt/ros/foxy LD_LIBRARY_PATH=/home/marvin/marvin/install/realsense2_camera_msgs/lib:${LD_LIBRARY_PATH} PYTHONPATH=/home/marvin/marvin/install/realsense2_camera_msgs/lib/python3.8/site-packages:${PYTHONPATH} /usr/bin/cmake --build /home/marvin/marvin/build/realsense2_camera -- -j2 -l2
[0.297s] [ 33%] Built target realsense2_camera_node
[0.297s] [100%] Built target realsense2_camera
[0.344s] Invoked command in '/home/marvin/marvin/build/realsense2_camera' returned '0': AMENT_PREFIX_PATH=/home/marvin/marvin/install/realsense2_camera_msgs:${AMENT_PREFIX_PATH} CMAKE_PREFIX_PATH=/home/marvin/marvin/install/realsense2_camera_msgs:/opt/ros/foxy LD_LIBRARY_PATH=/home/marvin/marvin/install/realsense2_camera_msgs/lib:${LD_LIBRARY_PATH} PYTHONPATH=/home/marvin/marvin/install/realsense2_camera_msgs/lib/python3.8/site-packages:${PYTHONPATH} /usr/bin/cmake --build /home/marvin/marvin/build/realsense2_camera -- -j2 -l2
[0.410s] Invoking command in '/home/marvin/marvin/build/realsense2_camera': AMENT_PREFIX_PATH=/home/marvin/marvin/install/realsense2_camera_msgs:${AMENT_PREFIX_PATH} CMAKE_PREFIX_PATH=/home/marvin/marvin/install/realsense2_camera_msgs:/opt/ros/foxy LD_LIBRARY_PATH=/home/marvin/marvin/install/realsense2_camera_msgs/lib:${LD_LIBRARY_PATH} PYTHONPATH=/home/marvin/marvin/install/realsense2_camera_msgs/lib/python3.8/site-packages:${PYTHONPATH} /usr/bin/cmake --install /home/marvin/marvin/build/realsense2_camera
[0.446s] -- Install configuration: "Release"
[0.449s] -- Up-to-date: /home/marvin/marvin/install/realsense2_camera/lib/realsense2_camera/realsense2_camera_node
[0.461s] -- Up-to-date: /home/marvin/marvin/install/realsense2_camera/lib/librealsense2_camera.so
[0.461s] -- Up-to-date: /home/marvin/marvin/install/realsense2_camera/include
[0.461s] -- Up-to-date: /home/marvin/marvin/install/realsense2_camera/include/realsense2_camera
[0.461s] -- Up-to-date: /home/marvin/marvin/install/realsense2_camera/include/realsense2_camera/constants.h
[0.461s] -- Up-to-date: /home/marvin/marvin/install/realsense2_camera/include/realsense2_camera/base_realsense_node.h
[0.461s] -- Up-to-date: /home/marvin/marvin/install/realsense2_camera/include/realsense2_camera/realsense_node_factory.h
[0.461s] -- Up-to-date: /home/marvin/marvin/install/realsense2_camera/include/realsense2_camera/t265_realsense_node.h
[0.461s] -- Up-to-date: /home/marvin/marvin/install/realsense2_camera/share/realsense2_camera/launch
[0.462s] -- Up-to-date: /home/marvin/marvin/install/realsense2_camera/share/realsense2_camera/launch/default.rviz
[0.462s] -- Up-to-date: /home/marvin/marvin/install/realsense2_camera/share/realsense2_camera/launch/rs_multi_camera_launch.py
[0.462s] -- Up-to-date: /home/marvin/marvin/install/realsense2_camera/share/realsense2_camera/launch/rs_d400_and_t265_launch.py
[0.462s] -- Up-to-date: /home/marvin/marvin/install/realsense2_camera/share/realsense2_camera/launch/rs_launch.py
[0.462s] -- Up-to-date: /home/marvin/marvin/install/realsense2_camera/share/realsense2_camera/config
[0.462s] -- Up-to-date: /home/marvin/marvin/install/realsense2_camera/share/realsense2_camera/config/d435i.yaml
[0.462s] -- Up-to-date: /home/marvin/marvin/install/realsense2_camera/share/realsense2_camera/environment/library_path.sh
[0.462s] -- Up-to-date: /home/marvin/marvin/install/realsense2_camera/share/realsense2_camera/environment/library_path.dsv
[0.462s] -- Up-to-date: /home/marvin/marvin/install/realsense2_camera/share/ament_index/resource_index/package_run_dependencies/realsense2_camera
[0.462s] -- Up-to-date: /home/marvin/marvin/install/realsense2_camera/share/ament_index/resource_index/parent_prefix_path/realsense2_camera
[0.462s] -- Up-to-date: /home/marvin/marvin/install/realsense2_camera/share/realsense2_camera/environment/ament_prefix_path.sh
[0.462s] -- Up-to-date: /home/marvin/marvin/install/realsense2_camera/share/realsense2_camera/environment/ament_prefix_path.dsv
[0.462s] -- Up-to-date: /home/marvin/marvin/install/realsense2_camera/share/realsense2_camera/environment/path.sh
[0.462s] -- Up-to-date: /home/marvin/marvin/install/realsense2_camera/share/realsense2_camera/environment/path.dsv
[0.462s] -- Up-to-date: /home/marvin/marvin/install/realsense2_camera/share/realsense2_camera/local_setup.bash
[0.462s] -- Up-to-date: /home/marvin/marvin/install/realsense2_camera/share/realsense2_camera/local_setup.sh
[0.462s] -- Up-to-date: /home/marvin/marvin/install/realsense2_camera/share/realsense2_camera/local_setup.zsh
[0.463s] -- Up-to-date: /home/marvin/marvin/install/realsense2_camera/share/realsense2_camera/local_setup.dsv
[0.463s] -- Installing: /home/marvin/marvin/install/realsense2_camera/share/realsense2_camera/package.dsv
[0.463s] -- Up-to-date: /home/marvin/marvin/install/realsense2_camera/share/ament_index/resource_index/packages/realsense2_camera
[0.463s] -- Up-to-date: /home/marvin/marvin/install/realsense2_camera/share/ament_index/resource_index/rclcpp_components/realsense2_camera
[0.463s] -- Up-to-date: /home/marvin/marvin/install/realsense2_camera/share/realsense2_camera/cmake/ament_cmake_export_include_directories-extras.cmake
[0.463s] -- Up-to-date: /home/marvin/marvin/install/realsense2_camera/share/realsense2_camera/cmake/ament_cmake_export_libraries-extras.cmake
[0.463s] -- Up-to-date: /home/marvin/marvin/install/realsense2_camera/share/realsense2_camera/cmake/ament_cmake_export_dependencies-extras.cmake
[0.463s] -- Up-to-date: /home/marvin/marvin/install/realsense2_camera/share/realsense2_camera/cmake/realsense2_cameraConfig.cmake
[0.463s] -- Up-to-date: /home/marvin/marvin/install/realsense2_camera/share/realsense2_camera/cmake/realsense2_cameraConfig-version.cmake
[0.463s] -- Up-to-date: /home/marvin/marvin/install/realsense2_camera/share/realsense2_camera/package.xml
[0.486s] Invoked command in '/home/marvin/marvin/build/realsense2_camera' returned '0': AMENT_PREFIX_PATH=/home/marvin/marvin/install/realsense2_camera_msgs:${AMENT_PREFIX_PATH} CMAKE_PREFIX_PATH=/home/marvin/marvin/install/realsense2_camera_msgs:/opt/ros/foxy LD_LIBRARY_PATH=/home/marvin/marvin/install/realsense2_camera_msgs/lib:${LD_LIBRARY_PATH} PYTHONPATH=/home/marvin/marvin/install/realsense2_camera_msgs/lib/python3.8/site-packages:${PYTHONPATH} /usr/bin/cmake --install /home/marvin/marvin/build/realsense2_camera
