[0.027s] Invoking command in '/home/marvin/marvin/build/marvin': CMAKE_PREFIX_PATH=/opt/ros/foxy /usr/bin/cmake --build /home/marvin/marvin/build/marvin -- -j2 -l2
[0.093s] Invoked command in '/home/marvin/marvin/build/marvin' returned '0': CMAKE_PREFIX_PATH=/opt/ros/foxy /usr/bin/cmake --build /home/marvin/marvin/build/marvin -- -j2 -l2
[0.149s] Invoking command in '/home/marvin/marvin/build/marvin': CMAKE_PREFIX_PATH=/opt/ros/foxy /usr/bin/cmake --install /home/marvin/marvin/build/marvin
[0.183s] -- Install configuration: ""
[0.183s] -- Up-to-date: /home/marvin/marvin/install/marvin/share/ament_index/resource_index/package_run_dependencies/marvin
[0.183s] -- Up-to-date: /home/marvin/marvin/install/marvin/share/ament_index/resource_index/parent_prefix_path/marvin
[0.183s] -- Up-to-date: /home/marvin/marvin/install/marvin/share/marvin/environment/ament_prefix_path.sh
[0.188s] -- Up-to-date: /home/marvin/marvin/install/marvin/share/marvin/environment/ament_prefix_path.dsv
[0.188s] -- Up-to-date: /home/marvin/marvin/install/marvin/share/marvin/environment/path.sh
[0.188s] -- Up-to-date: /home/marvin/marvin/install/marvin/share/marvin/environment/path.dsv
[0.188s] -- Up-to-date: /home/marvin/marvin/install/marvin/share/marvin/local_setup.bash
[0.188s] -- Up-to-date: /home/marvin/marvin/install/marvin/share/marvin/local_setup.sh
[0.188s] -- Up-to-date: /home/marvin/marvin/install/marvin/share/marvin/local_setup.zsh
[0.193s] -- Up-to-date: /home/marvin/marvin/install/marvin/share/marvin/local_setup.dsv
[0.193s] -- Installing: /home/marvin/marvin/install/marvin/share/marvin/package.dsv
[0.193s] -- Up-to-date: /home/marvin/marvin/install/marvin/share/ament_index/resource_index/packages/marvin
[0.193s] -- Up-to-date: /home/marvin/marvin/install/marvin/share/marvin/cmake/marvinConfig.cmake
[0.193s] -- Up-to-date: /home/marvin/marvin/install/marvin/share/marvin/cmake/marvinConfig-version.cmake
[0.193s] -- Up-to-date: /home/marvin/marvin/install/marvin/share/marvin/package.xml
[0.215s] Invoked command in '/home/marvin/marvin/build/marvin' returned '0': CMAKE_PREFIX_PATH=/opt/ros/foxy /usr/bin/cmake --install /home/marvin/marvin/build/marvin
