[2.115s] DEBUG:colcon:Command line arguments: ['/usr/bin/colcon', 'list', '-p', '--base-paths', '/home/marvin/marvin']
[2.115s] DEBUG:colcon:Parsed command line arguments: Namespace(allow_overriding=[], base_paths=['/home/marvin/marvin'], build_base='build', ignore_user_meta=False, log_base=None, log_level=None, main=<bound method ListVerb.main of <colcon_package_information.verb.list.ListVerb object at 0x7faf7db37b20>>, metas=['./colcon.meta'], names_only=False, packages_above=None, packages_above_and_dependencies=None, packages_above_depth=None, packages_end=None, packages_ignore=None, packages_ignore_regex=None, packages_select=None, packages_select_build_failed=False, packages_select_by_dep=None, packages_select_regex=None, packages_select_test_failures=False, packages_skip=None, packages_skip_build_finished=False, packages_skip_by_dep=None, packages_skip_regex=None, packages_skip_test_passed=False, packages_skip_up_to=None, packages_start=None, packages_up_to=None, packages_up_to_regex=None, paths=None, paths_only=True, topological_graph=False, topological_graph_density=False, topological_graph_dot=False, topological_graph_dot_cluster=False, topological_graph_dot_include_skipped=False, topological_graph_legend=False, topological_order=False, verb_extension=<colcon_package_information.verb.list.ListVerb object at 0x7faf7db37b20>, verb_name='list', verb_parser=<colcon_defaults.argument_parser.defaults.DefaultArgumentsDecorator object at 0x7faf7da666a0>)
[2.339s] Level 1:colcon.colcon_core.package_discovery:discover_packages(colcon_meta) check parameters
[2.339s] Level 1:colcon.colcon_core.package_discovery:discover_packages(recursive) check parameters
[2.339s] Level 1:colcon.colcon_core.package_discovery:discover_packages(ignore) check parameters
[2.339s] Level 1:colcon.colcon_core.package_discovery:discover_packages(path) check parameters
[2.339s] Level 1:colcon.colcon_core.package_discovery:discover_packages(recursive) discover
[2.340s] INFO:colcon.colcon_core.package_discovery:Crawling recursively for packages in '/home/marvin/marvin'
[2.340s] Level 1:colcon.colcon_core.package_identification:_identify(/home/marvin/marvin) by extensions ['ignore', 'ignore_ament_install']
[2.340s] Level 1:colcon.colcon_core.package_identification:_identify(/home/marvin/marvin) by extension 'ignore'
[2.340s] Level 1:colcon.colcon_core.package_identification:_identify(/home/marvin/marvin) by extension 'ignore_ament_install'
[2.340s] Level 1:colcon.colcon_core.package_identification:_identify(/home/marvin/marvin) by extensions ['colcon_pkg']
[2.382s] Level 1:colcon.colcon_core.package_identification:_identify(/home/marvin/marvin) by extension 'colcon_pkg'
[2.382s] Level 1:colcon.colcon_core.package_identification:_identify(/home/marvin/marvin) by extensions ['colcon_meta']
[2.382s] Level 1:colcon.colcon_core.package_identification:_identify(/home/marvin/marvin) by extension 'colcon_meta'
[2.382s] Level 1:colcon.colcon_core.package_identification:_identify(/home/marvin/marvin) by extensions ['ros']
[2.382s] Level 1:colcon.colcon_core.package_identification:_identify(/home/marvin/marvin) by extension 'ros'
[2.447s] Level 1:colcon.colcon_core.package_identification:_identify(/home/marvin/marvin) by extensions ['cmake', 'python']
[2.447s] Level 1:colcon.colcon_core.package_identification:_identify(/home/marvin/marvin) by extension 'cmake'
[2.447s] Level 1:colcon.colcon_core.package_identification:_identify(/home/marvin/marvin) by extension 'python'
[2.447s] Level 1:colcon.colcon_core.package_identification:_identify(/home/marvin/marvin) by extensions ['python_setup_py']
[2.447s] Level 1:colcon.colcon_core.package_identification:_identify(/home/marvin/marvin) by extension 'python_setup_py'
[2.447s] Level 1:colcon.colcon_core.package_identification:_identify(/home/marvin/marvin/build) by extensions ['ignore', 'ignore_ament_install']
[2.447s] Level 1:colcon.colcon_core.package_identification:_identify(/home/marvin/marvin/build) by extension 'ignore'
[2.447s] Level 1:colcon.colcon_core.package_identification:_identify(/home/marvin/marvin/build) ignored
[2.447s] Level 1:colcon.colcon_core.package_identification:_identify(/home/marvin/marvin/install) by extensions ['ignore', 'ignore_ament_install']
[2.447s] Level 1:colcon.colcon_core.package_identification:_identify(/home/marvin/marvin/install) by extension 'ignore'
[2.447s] Level 1:colcon.colcon_core.package_identification:_identify(/home/marvin/marvin/install) ignored
[2.448s] Level 1:colcon.colcon_core.package_identification:_identify(/home/marvin/marvin/log) by extensions ['ignore', 'ignore_ament_install']
[2.448s] Level 1:colcon.colcon_core.package_identification:_identify(/home/marvin/marvin/log) by extension 'ignore'
[2.448s] Level 1:colcon.colcon_core.package_identification:_identify(/home/marvin/marvin/log) ignored
[2.448s] Level 1:colcon.colcon_core.package_identification:_identify(/home/marvin/marvin/src) by extensions ['ignore', 'ignore_ament_install']
[2.448s] Level 1:colcon.colcon_core.package_identification:_identify(/home/marvin/marvin/src) by extension 'ignore'
[2.448s] Level 1:colcon.colcon_core.package_identification:_identify(/home/marvin/marvin/src) by extension 'ignore_ament_install'
[2.502s] Level 1:colcon.colcon_core.package_identification:_identify(/home/marvin/marvin/src) by extensions ['colcon_pkg']
[2.502s] Level 1:colcon.colcon_core.package_identification:_identify(/home/marvin/marvin/src) by extension 'colcon_pkg'
[2.502s] Level 1:colcon.colcon_core.package_identification:_identify(/home/marvin/marvin/src) by extensions ['colcon_meta']
[2.503s] Level 1:colcon.colcon_core.package_identification:_identify(/home/marvin/marvin/src) by extension 'colcon_meta'
[2.503s] Level 1:colcon.colcon_core.package_identification:_identify(/home/marvin/marvin/src) by extensions ['ros']
[2.503s] Level 1:colcon.colcon_core.package_identification:_identify(/home/marvin/marvin/src) by extension 'ros'
[2.503s] Level 1:colcon.colcon_core.package_identification:_identify(/home/marvin/marvin/src) by extensions ['cmake', 'python']
[2.503s] Level 1:colcon.colcon_core.package_identification:_identify(/home/marvin/marvin/src) by extension 'cmake'
[2.503s] Level 1:colcon.colcon_core.package_identification:_identify(/home/marvin/marvin/src) by extension 'python'
[2.503s] Level 1:colcon.colcon_core.package_identification:_identify(/home/marvin/marvin/src) by extensions ['python_setup_py']
[2.503s] Level 1:colcon.colcon_core.package_identification:_identify(/home/marvin/marvin/src) by extension 'python_setup_py'
[2.503s] Level 1:colcon.colcon_core.package_identification:_identify(/home/marvin/marvin/src/image_pub) by extensions ['ignore', 'ignore_ament_install']
[2.503s] Level 1:colcon.colcon_core.package_identification:_identify(/home/marvin/marvin/src/image_pub) by extension 'ignore'
[2.503s] Level 1:colcon.colcon_core.package_identification:_identify(/home/marvin/marvin/src/image_pub) by extension 'ignore_ament_install'
[2.503s] Level 1:colcon.colcon_core.package_identification:_identify(/home/marvin/marvin/src/image_pub) by extensions ['colcon_pkg']
[2.503s] Level 1:colcon.colcon_core.package_identification:_identify(/home/marvin/marvin/src/image_pub) by extension 'colcon_pkg'
[2.503s] Level 1:colcon.colcon_core.package_identification:_identify(/home/marvin/marvin/src/image_pub) by extensions ['colcon_meta']
[2.503s] Level 1:colcon.colcon_core.package_identification:_identify(/home/marvin/marvin/src/image_pub) by extension 'colcon_meta'
[2.503s] Level 1:colcon.colcon_core.package_identification:_identify(/home/marvin/marvin/src/image_pub) by extensions ['ros']
[2.503s] Level 1:colcon.colcon_core.package_identification:_identify(/home/marvin/marvin/src/image_pub) by extension 'ros'
[2.518s] DEBUG:colcon.colcon_core.package_identification:Package '/home/marvin/marvin/src/image_pub' with type 'ros.ament_cmake' and name 'image_pub'
[2.518s] Level 1:colcon.colcon_core.package_identification:_identify(/home/marvin/marvin/src/ldlidar_stl_ros2) by extensions ['ignore', 'ignore_ament_install']
[2.518s] Level 1:colcon.colcon_core.package_identification:_identify(/home/marvin/marvin/src/ldlidar_stl_ros2) by extension 'ignore'
[2.519s] Level 1:colcon.colcon_core.package_identification:_identify(/home/marvin/marvin/src/ldlidar_stl_ros2) by extension 'ignore_ament_install'
[2.519s] Level 1:colcon.colcon_core.package_identification:_identify(/home/marvin/marvin/src/ldlidar_stl_ros2) by extensions ['colcon_pkg']
[2.519s] Level 1:colcon.colcon_core.package_identification:_identify(/home/marvin/marvin/src/ldlidar_stl_ros2) by extension 'colcon_pkg'
[2.519s] Level 1:colcon.colcon_core.package_identification:_identify(/home/marvin/marvin/src/ldlidar_stl_ros2) by extensions ['colcon_meta']
[2.519s] Level 1:colcon.colcon_core.package_identification:_identify(/home/marvin/marvin/src/ldlidar_stl_ros2) by extension 'colcon_meta'
[2.519s] Level 1:colcon.colcon_core.package_identification:_identify(/home/marvin/marvin/src/ldlidar_stl_ros2) by extensions ['ros']
[2.519s] Level 1:colcon.colcon_core.package_identification:_identify(/home/marvin/marvin/src/ldlidar_stl_ros2) by extension 'ros'
[2.521s] DEBUG:colcon.colcon_core.package_identification:Package '/home/marvin/marvin/src/ldlidar_stl_ros2' with type 'ros.ament_cmake' and name 'ldlidar_stl_ros2'
[2.521s] Level 1:colcon.colcon_core.package_identification:_identify(/home/marvin/marvin/src/marvin) by extensions ['ignore', 'ignore_ament_install']
[2.524s] Level 1:colcon.colcon_core.package_identification:_identify(/home/marvin/marvin/src/marvin) by extension 'ignore'
[2.524s] Level 1:colcon.colcon_core.package_identification:_identify(/home/marvin/marvin/src/marvin) by extension 'ignore_ament_install'
[2.524s] Level 1:colcon.colcon_core.package_identification:_identify(/home/marvin/marvin/src/marvin) by extensions ['colcon_pkg']
[2.524s] Level 1:colcon.colcon_core.package_identification:_identify(/home/marvin/marvin/src/marvin) by extension 'colcon_pkg'
[2.524s] Level 1:colcon.colcon_core.package_identification:_identify(/home/marvin/marvin/src/marvin) by extensions ['colcon_meta']
[2.524s] Level 1:colcon.colcon_core.package_identification:_identify(/home/marvin/marvin/src/marvin) by extension 'colcon_meta'
[2.524s] Level 1:colcon.colcon_core.package_identification:_identify(/home/marvin/marvin/src/marvin) by extensions ['ros']
[2.524s] Level 1:colcon.colcon_core.package_identification:_identify(/home/marvin/marvin/src/marvin) by extension 'ros'
[2.525s] DEBUG:colcon.colcon_core.package_identification:Package '/home/marvin/marvin/src/marvin' with type 'ros.ament_cmake' and name 'marvin'
[2.525s] Level 1:colcon.colcon_core.package_identification:_identify(/home/marvin/marvin/src/marvin_base) by extensions ['ignore', 'ignore_ament_install']
[2.525s] Level 1:colcon.colcon_core.package_identification:_identify(/home/marvin/marvin/src/marvin_base) by extension 'ignore'
[2.525s] Level 1:colcon.colcon_core.package_identification:_identify(/home/marvin/marvin/src/marvin_base) by extension 'ignore_ament_install'
[2.525s] Level 1:colcon.colcon_core.package_identification:_identify(/home/marvin/marvin/src/marvin_base) by extensions ['colcon_pkg']
[2.525s] Level 1:colcon.colcon_core.package_identification:_identify(/home/marvin/marvin/src/marvin_base) by extension 'colcon_pkg'
[2.526s] Level 1:colcon.colcon_core.package_identification:_identify(/home/marvin/marvin/src/marvin_base) by extensions ['colcon_meta']
[2.526s] Level 1:colcon.colcon_core.package_identification:_identify(/home/marvin/marvin/src/marvin_base) by extension 'colcon_meta'
[2.526s] Level 1:colcon.colcon_core.package_identification:_identify(/home/marvin/marvin/src/marvin_base) by extensions ['ros']
[2.544s] Level 1:colcon.colcon_core.package_identification:_identify(/home/marvin/marvin/src/marvin_base) by extension 'ros'
[2.545s] DEBUG:colcon.colcon_core.package_identification:Package '/home/marvin/marvin/src/marvin_base' with type 'ros.ament_cmake' and name 'marvin_base'
[2.545s] Level 1:colcon.colcon_core.package_identification:_identify(/home/marvin/marvin/src/marvin_bringup) by extensions ['ignore', 'ignore_ament_install']
[2.545s] Level 1:colcon.colcon_core.package_identification:_identify(/home/marvin/marvin/src/marvin_bringup) by extension 'ignore'
[2.545s] Level 1:colcon.colcon_core.package_identification:_identify(/home/marvin/marvin/src/marvin_bringup) by extension 'ignore_ament_install'
[2.545s] Level 1:colcon.colcon_core.package_identification:_identify(/home/marvin/marvin/src/marvin_bringup) by extensions ['colcon_pkg']
[2.545s] Level 1:colcon.colcon_core.package_identification:_identify(/home/marvin/marvin/src/marvin_bringup) by extension 'colcon_pkg'
[2.545s] Level 1:colcon.colcon_core.package_identification:_identify(/home/marvin/marvin/src/marvin_bringup) by extensions ['colcon_meta']
[2.545s] Level 1:colcon.colcon_core.package_identification:_identify(/home/marvin/marvin/src/marvin_bringup) by extension 'colcon_meta'
[2.545s] Level 1:colcon.colcon_core.package_identification:_identify(/home/marvin/marvin/src/marvin_bringup) by extensions ['ros']
[2.545s] Level 1:colcon.colcon_core.package_identification:_identify(/home/marvin/marvin/src/marvin_bringup) by extension 'ros'
[2.546s] DEBUG:colcon.colcon_core.package_identification:Package '/home/marvin/marvin/src/marvin_bringup' with type 'ros.ament_cmake' and name 'marvin_bringup'
[2.546s] Level 1:colcon.colcon_core.package_identification:_identify(/home/marvin/marvin/src/marvin_description) by extensions ['ignore', 'ignore_ament_install']
[2.546s] Level 1:colcon.colcon_core.package_identification:_identify(/home/marvin/marvin/src/marvin_description) by extension 'ignore'
[2.546s] Level 1:colcon.colcon_core.package_identification:_identify(/home/marvin/marvin/src/marvin_description) by extension 'ignore_ament_install'
[2.546s] Level 1:colcon.colcon_core.package_identification:_identify(/home/marvin/marvin/src/marvin_description) by extensions ['colcon_pkg']
[2.546s] Level 1:colcon.colcon_core.package_identification:_identify(/home/marvin/marvin/src/marvin_description) by extension 'colcon_pkg'
[2.546s] Level 1:colcon.colcon_core.package_identification:_identify(/home/marvin/marvin/src/marvin_description) by extensions ['colcon_meta']
[2.546s] Level 1:colcon.colcon_core.package_identification:_identify(/home/marvin/marvin/src/marvin_description) by extension 'colcon_meta'
[2.546s] Level 1:colcon.colcon_core.package_identification:_identify(/home/marvin/marvin/src/marvin_description) by extensions ['ros']
[2.546s] Level 1:colcon.colcon_core.package_identification:_identify(/home/marvin/marvin/src/marvin_description) by extension 'ros'
[2.547s] DEBUG:colcon.colcon_core.package_identification:Package '/home/marvin/marvin/src/marvin_description' with type 'ros.ament_cmake' and name 'marvin_description'
[2.547s] Level 1:colcon.colcon_core.package_identification:_identify(/home/marvin/marvin/src/marvin_gazebo) by extensions ['ignore', 'ignore_ament_install']
[2.547s] Level 1:colcon.colcon_core.package_identification:_identify(/home/marvin/marvin/src/marvin_gazebo) by extension 'ignore'
[2.547s] Level 1:colcon.colcon_core.package_identification:_identify(/home/marvin/marvin/src/marvin_gazebo) by extension 'ignore_ament_install'
[2.547s] Level 1:colcon.colcon_core.package_identification:_identify(/home/marvin/marvin/src/marvin_gazebo) by extensions ['colcon_pkg']
[2.547s] Level 1:colcon.colcon_core.package_identification:_identify(/home/marvin/marvin/src/marvin_gazebo) by extension 'colcon_pkg'
[2.547s] Level 1:colcon.colcon_core.package_identification:_identify(/home/marvin/marvin/src/marvin_gazebo) by extensions ['colcon_meta']
[2.547s] Level 1:colcon.colcon_core.package_identification:_identify(/home/marvin/marvin/src/marvin_gazebo) by extension 'colcon_meta'
[2.547s] Level 1:colcon.colcon_core.package_identification:_identify(/home/marvin/marvin/src/marvin_gazebo) by extensions ['ros']
[2.547s] Level 1:colcon.colcon_core.package_identification:_identify(/home/marvin/marvin/src/marvin_gazebo) by extension 'ros'
[2.547s] DEBUG:colcon.colcon_core.package_identification:Package '/home/marvin/marvin/src/marvin_gazebo' with type 'ros.ament_cmake' and name 'marvin_gazebo'
[2.548s] Level 1:colcon.colcon_core.package_identification:_identify(/home/marvin/marvin/src/marvin_navigation) by extensions ['ignore', 'ignore_ament_install']
[2.548s] Level 1:colcon.colcon_core.package_identification:_identify(/home/marvin/marvin/src/marvin_navigation) by extension 'ignore'
[2.548s] Level 1:colcon.colcon_core.package_identification:_identify(/home/marvin/marvin/src/marvin_navigation) by extension 'ignore_ament_install'
[2.548s] Level 1:colcon.colcon_core.package_identification:_identify(/home/marvin/marvin/src/marvin_navigation) by extensions ['colcon_pkg']
[2.548s] Level 1:colcon.colcon_core.package_identification:_identify(/home/marvin/marvin/src/marvin_navigation) by extension 'colcon_pkg'
[2.548s] Level 1:colcon.colcon_core.package_identification:_identify(/home/marvin/marvin/src/marvin_navigation) by extensions ['colcon_meta']
[2.548s] Level 1:colcon.colcon_core.package_identification:_identify(/home/marvin/marvin/src/marvin_navigation) by extension 'colcon_meta'
[2.548s] Level 1:colcon.colcon_core.package_identification:_identify(/home/marvin/marvin/src/marvin_navigation) by extensions ['ros']
[2.548s] Level 1:colcon.colcon_core.package_identification:_identify(/home/marvin/marvin/src/marvin_navigation) by extension 'ros'
[2.548s] DEBUG:colcon.colcon_core.package_identification:Package '/home/marvin/marvin/src/marvin_navigation' with type 'ros.ament_cmake' and name 'marvin_navigation'
[2.549s] Level 1:colcon.colcon_core.package_identification:_identify(/home/marvin/marvin/src/marvin_slam_gmapping) by extensions ['ignore', 'ignore_ament_install']
[2.549s] Level 1:colcon.colcon_core.package_identification:_identify(/home/marvin/marvin/src/marvin_slam_gmapping) by extension 'ignore'
[2.549s] Level 1:colcon.colcon_core.package_identification:_identify(/home/marvin/marvin/src/marvin_slam_gmapping) by extension 'ignore_ament_install'
[2.549s] Level 1:colcon.colcon_core.package_identification:_identify(/home/marvin/marvin/src/marvin_slam_gmapping) by extensions ['colcon_pkg']
[2.568s] Level 1:colcon.colcon_core.package_identification:_identify(/home/marvin/marvin/src/marvin_slam_gmapping) by extension 'colcon_pkg'
[2.568s] Level 1:colcon.colcon_core.package_identification:_identify(/home/marvin/marvin/src/marvin_slam_gmapping) by extensions ['colcon_meta']
[2.568s] Level 1:colcon.colcon_core.package_identification:_identify(/home/marvin/marvin/src/marvin_slam_gmapping) by extension 'colcon_meta'
[2.569s] Level 1:colcon.colcon_core.package_identification:_identify(/home/marvin/marvin/src/marvin_slam_gmapping) by extensions ['ros']
[2.569s] Level 1:colcon.colcon_core.package_identification:_identify(/home/marvin/marvin/src/marvin_slam_gmapping) by extension 'ros'
[2.582s] DEBUG:colcon.colcon_core.package_identification:Package '/home/marvin/marvin/src/marvin_slam_gmapping' with type 'ros.ament_cmake' and name 'marvin_slam_gmapping'
[2.582s] Level 1:colcon.colcon_core.package_identification:_identify(/home/marvin/marvin/src/openslam_gmapping) by extensions ['ignore', 'ignore_ament_install']
[2.582s] Level 1:colcon.colcon_core.package_identification:_identify(/home/marvin/marvin/src/openslam_gmapping) by extension 'ignore'
[2.582s] Level 1:colcon.colcon_core.package_identification:_identify(/home/marvin/marvin/src/openslam_gmapping) by extension 'ignore_ament_install'
[2.582s] Level 1:colcon.colcon_core.package_identification:_identify(/home/marvin/marvin/src/openslam_gmapping) by extensions ['colcon_pkg']
[2.582s] Level 1:colcon.colcon_core.package_identification:_identify(/home/marvin/marvin/src/openslam_gmapping) by extension 'colcon_pkg'
[2.582s] Level 1:colcon.colcon_core.package_identification:_identify(/home/marvin/marvin/src/openslam_gmapping) by extensions ['colcon_meta']
[2.582s] Level 1:colcon.colcon_core.package_identification:_identify(/home/marvin/marvin/src/openslam_gmapping) by extension 'colcon_meta'
[2.582s] Level 1:colcon.colcon_core.package_identification:_identify(/home/marvin/marvin/src/openslam_gmapping) by extensions ['ros']
[2.582s] Level 1:colcon.colcon_core.package_identification:_identify(/home/marvin/marvin/src/openslam_gmapping) by extension 'ros'
[2.583s] DEBUG:colcon.colcon_core.package_identification:Package '/home/marvin/marvin/src/openslam_gmapping' with type 'ros.ament_cmake' and name 'openslam_gmapping'
[2.583s] Level 1:colcon.colcon_core.package_identification:_identify(/home/marvin/marvin/src/realsense2_camera) by extensions ['ignore', 'ignore_ament_install']
[2.583s] Level 1:colcon.colcon_core.package_identification:_identify(/home/marvin/marvin/src/realsense2_camera) by extension 'ignore'
[2.583s] Level 1:colcon.colcon_core.package_identification:_identify(/home/marvin/marvin/src/realsense2_camera) by extension 'ignore_ament_install'
[2.583s] Level 1:colcon.colcon_core.package_identification:_identify(/home/marvin/marvin/src/realsense2_camera) by extensions ['colcon_pkg']
[2.583s] Level 1:colcon.colcon_core.package_identification:_identify(/home/marvin/marvin/src/realsense2_camera) by extension 'colcon_pkg'
[2.583s] Level 1:colcon.colcon_core.package_identification:_identify(/home/marvin/marvin/src/realsense2_camera) by extensions ['colcon_meta']
[2.583s] Level 1:colcon.colcon_core.package_identification:_identify(/home/marvin/marvin/src/realsense2_camera) by extension 'colcon_meta'
[2.584s] Level 1:colcon.colcon_core.package_identification:_identify(/home/marvin/marvin/src/realsense2_camera) by extensions ['ros']
[2.584s] Level 1:colcon.colcon_core.package_identification:_identify(/home/marvin/marvin/src/realsense2_camera) by extension 'ros'
[2.600s] DEBUG:colcon.colcon_core.package_identification:Package '/home/marvin/marvin/src/realsense2_camera' with type 'ros.ament_cmake' and name 'realsense2_camera'
[2.600s] Level 1:colcon.colcon_core.package_identification:_identify(/home/marvin/marvin/src/realsense2_camera_msgs) by extensions ['ignore', 'ignore_ament_install']
[2.600s] Level 1:colcon.colcon_core.package_identification:_identify(/home/marvin/marvin/src/realsense2_camera_msgs) by extension 'ignore'
[2.600s] Level 1:colcon.colcon_core.package_identification:_identify(/home/marvin/marvin/src/realsense2_camera_msgs) by extension 'ignore_ament_install'
[2.600s] Level 1:colcon.colcon_core.package_identification:_identify(/home/marvin/marvin/src/realsense2_camera_msgs) by extensions ['colcon_pkg']
[2.600s] Level 1:colcon.colcon_core.package_identification:_identify(/home/marvin/marvin/src/realsense2_camera_msgs) by extension 'colcon_pkg'
[2.600s] Level 1:colcon.colcon_core.package_identification:_identify(/home/marvin/marvin/src/realsense2_camera_msgs) by extensions ['colcon_meta']
[2.600s] Level 1:colcon.colcon_core.package_identification:_identify(/home/marvin/marvin/src/realsense2_camera_msgs) by extension 'colcon_meta'
[2.600s] Level 1:colcon.colcon_core.package_identification:_identify(/home/marvin/marvin/src/realsense2_camera_msgs) by extensions ['ros']
[2.600s] Level 1:colcon.colcon_core.package_identification:_identify(/home/marvin/marvin/src/realsense2_camera_msgs) by extension 'ros'
[2.601s] DEBUG:colcon.colcon_core.package_identification:Package '/home/marvin/marvin/src/realsense2_camera_msgs' with type 'ros.ament_cmake' and name 'realsense2_camera_msgs'
[2.607s] Level 1:colcon.colcon_core.package_identification:_identify(/home/marvin/marvin/src/realsense2_description) by extensions ['ignore', 'ignore_ament_install']
[2.607s] Level 1:colcon.colcon_core.package_identification:_identify(/home/marvin/marvin/src/realsense2_description) by extension 'ignore'
[2.607s] Level 1:colcon.colcon_core.package_identification:_identify(/home/marvin/marvin/src/realsense2_description) by extension 'ignore_ament_install'
[2.607s] Level 1:colcon.colcon_core.package_identification:_identify(/home/marvin/marvin/src/realsense2_description) by extensions ['colcon_pkg']
[2.607s] Level 1:colcon.colcon_core.package_identification:_identify(/home/marvin/marvin/src/realsense2_description) by extension 'colcon_pkg'
[2.607s] Level 1:colcon.colcon_core.package_identification:_identify(/home/marvin/marvin/src/realsense2_description) by extensions ['colcon_meta']
[2.607s] Level 1:colcon.colcon_core.package_identification:_identify(/home/marvin/marvin/src/realsense2_description) by extension 'colcon_meta'
[2.607s] Level 1:colcon.colcon_core.package_identification:_identify(/home/marvin/marvin/src/realsense2_description) by extensions ['ros']
[2.607s] Level 1:colcon.colcon_core.package_identification:_identify(/home/marvin/marvin/src/realsense2_description) by extension 'ros'
[2.636s] DEBUG:colcon.colcon_core.package_identification:Package '/home/marvin/marvin/src/realsense2_description' with type 'ros.ament_cmake' and name 'realsense2_description'
[2.637s] Level 1:colcon.colcon_core.package_identification:_identify(/home/marvin/marvin/src/robot_localization) by extensions ['ignore', 'ignore_ament_install']
[2.638s] Level 1:colcon.colcon_core.package_identification:_identify(/home/marvin/marvin/src/robot_localization) by extension 'ignore'
[2.638s] Level 1:colcon.colcon_core.package_identification:_identify(/home/marvin/marvin/src/robot_localization) by extension 'ignore_ament_install'
[2.638s] Level 1:colcon.colcon_core.package_identification:_identify(/home/marvin/marvin/src/robot_localization) by extensions ['colcon_pkg']
[2.638s] Level 1:colcon.colcon_core.package_identification:_identify(/home/marvin/marvin/src/robot_localization) by extension 'colcon_pkg'
[2.638s] Level 1:colcon.colcon_core.package_identification:_identify(/home/marvin/marvin/src/robot_localization) by extensions ['colcon_meta']
[2.638s] Level 1:colcon.colcon_core.package_identification:_identify(/home/marvin/marvin/src/robot_localization) by extension 'colcon_meta'
[2.638s] Level 1:colcon.colcon_core.package_identification:_identify(/home/marvin/marvin/src/robot_localization) by extensions ['ros']
[2.638s] Level 1:colcon.colcon_core.package_identification:_identify(/home/marvin/marvin/src/robot_localization) by extension 'ros'
[2.661s] DEBUG:colcon.colcon_core.package_identification:Package '/home/marvin/marvin/src/robot_localization' with type 'ros.ament_cmake' and name 'robot_localization'
[2.661s] Level 1:colcon.colcon_core.package_identification:_identify(/home/marvin/marvin/src/yahboomcar_base_node) by extensions ['ignore', 'ignore_ament_install']
[2.661s] Level 1:colcon.colcon_core.package_identification:_identify(/home/marvin/marvin/src/yahboomcar_base_node) by extension 'ignore'
[2.661s] Level 1:colcon.colcon_core.package_identification:_identify(/home/marvin/marvin/src/yahboomcar_base_node) by extension 'ignore_ament_install'
[2.661s] Level 1:colcon.colcon_core.package_identification:_identify(/home/marvin/marvin/src/yahboomcar_base_node) by extensions ['colcon_pkg']
[2.661s] Level 1:colcon.colcon_core.package_identification:_identify(/home/marvin/marvin/src/yahboomcar_base_node) by extension 'colcon_pkg'
[2.661s] Level 1:colcon.colcon_core.package_identification:_identify(/home/marvin/marvin/src/yahboomcar_base_node) by extensions ['colcon_meta']
[2.661s] Level 1:colcon.colcon_core.package_identification:_identify(/home/marvin/marvin/src/yahboomcar_base_node) by extension 'colcon_meta'
[2.661s] Level 1:colcon.colcon_core.package_identification:_identify(/home/marvin/marvin/src/yahboomcar_base_node) by extensions ['ros']
[2.661s] Level 1:colcon.colcon_core.package_identification:_identify(/home/marvin/marvin/src/yahboomcar_base_node) by extension 'ros'
[2.662s] DEBUG:colcon.colcon_core.package_identification:Package '/home/marvin/marvin/src/yahboomcar_base_node' with type 'ros.ament_cmake' and name 'yahboomcar_base_node'
[2.663s] Level 1:colcon.colcon_core.package_identification:_identify(/home/marvin/marvin/src/yahboomcar_bringup) by extensions ['ignore', 'ignore_ament_install']
[2.663s] Level 1:colcon.colcon_core.package_identification:_identify(/home/marvin/marvin/src/yahboomcar_bringup) by extension 'ignore'
[2.663s] Level 1:colcon.colcon_core.package_identification:_identify(/home/marvin/marvin/src/yahboomcar_bringup) by extension 'ignore_ament_install'
[2.663s] Level 1:colcon.colcon_core.package_identification:_identify(/home/marvin/marvin/src/yahboomcar_bringup) by extensions ['colcon_pkg']
[2.663s] Level 1:colcon.colcon_core.package_identification:_identify(/home/marvin/marvin/src/yahboomcar_bringup) by extension 'colcon_pkg'
[2.663s] Level 1:colcon.colcon_core.package_identification:_identify(/home/marvin/marvin/src/yahboomcar_bringup) by extensions ['colcon_meta']
[2.663s] Level 1:colcon.colcon_core.package_identification:_identify(/home/marvin/marvin/src/yahboomcar_bringup) by extension 'colcon_meta'
[2.663s] Level 1:colcon.colcon_core.package_identification:_identify(/home/marvin/marvin/src/yahboomcar_bringup) by extensions ['ros']
[2.663s] Level 1:colcon.colcon_core.package_identification:_identify(/home/marvin/marvin/src/yahboomcar_bringup) by extension 'ros'
[2.762s] DEBUG:colcon.colcon_core.package_identification:Package '/home/marvin/marvin/src/yahboomcar_bringup' with type 'ros.ament_python' and name 'yahboomcar_bringup'
[2.763s] Level 1:colcon.colcon_core.package_identification:_identify(/home/marvin/marvin/src/yahboomcar_ctrl) by extensions ['ignore', 'ignore_ament_install']
[2.763s] Level 1:colcon.colcon_core.package_identification:_identify(/home/marvin/marvin/src/yahboomcar_ctrl) by extension 'ignore'
[2.763s] Level 1:colcon.colcon_core.package_identification:_identify(/home/marvin/marvin/src/yahboomcar_ctrl) by extension 'ignore_ament_install'
[2.763s] Level 1:colcon.colcon_core.package_identification:_identify(/home/marvin/marvin/src/yahboomcar_ctrl) by extensions ['colcon_pkg']
[2.763s] Level 1:colcon.colcon_core.package_identification:_identify(/home/marvin/marvin/src/yahboomcar_ctrl) by extension 'colcon_pkg'
[2.763s] Level 1:colcon.colcon_core.package_identification:_identify(/home/marvin/marvin/src/yahboomcar_ctrl) by extensions ['colcon_meta']
[2.763s] Level 1:colcon.colcon_core.package_identification:_identify(/home/marvin/marvin/src/yahboomcar_ctrl) by extension 'colcon_meta'
[2.763s] Level 1:colcon.colcon_core.package_identification:_identify(/home/marvin/marvin/src/yahboomcar_ctrl) by extensions ['ros']
[2.763s] Level 1:colcon.colcon_core.package_identification:_identify(/home/marvin/marvin/src/yahboomcar_ctrl) by extension 'ros'
[2.764s] DEBUG:colcon.colcon_core.package_identification:Package '/home/marvin/marvin/src/yahboomcar_ctrl' with type 'ros.ament_python' and name 'yahboomcar_ctrl'
[2.764s] Level 1:colcon.colcon_core.package_discovery:discover_packages(recursive) using defaults
