[1.055s] Invoking command in '/home/marvin/marvin/marvin_ws/src/marvin_car_nav': PYTHONPATH=/home/marvin/marvin/marvin_ws/build/marvin_car_nav/prefix_override:/home/marvin/marvin/marvin_ws/install/marvin_car_nav/lib/python3.8/site-packages:${PYTHONPATH} /usr/bin/python3 setup.py egg_info --egg-base ../../build/marvin_car_nav build --build-base /home/marvin/marvin/marvin_ws/build/marvin_car_nav/build install --record /home/marvin/marvin/marvin_ws/build/marvin_car_nav/install.log --install-scripts $base/lib/marvin_car_nav --single-version-externally-managed
[1.351s] running egg_info
[1.351s] creating ../../build/marvin_car_nav/marvin_car_nav.egg-info
[1.351s] writing ../../build/marvin_car_nav/marvin_car_nav.egg-info/PKG-INFO
[1.352s] writing dependency_links to ../../build/marvin_car_nav/marvin_car_nav.egg-info/dependency_links.txt
[1.352s] writing entry points to ../../build/marvin_car_nav/marvin_car_nav.egg-info/entry_points.txt
[1.352s] writing requirements to ../../build/marvin_car_nav/marvin_car_nav.egg-info/requires.txt
[1.352s] writing top-level names to ../../build/marvin_car_nav/marvin_car_nav.egg-info/top_level.txt
[1.353s] writing manifest file '../../build/marvin_car_nav/marvin_car_nav.egg-info/SOURCES.txt'
[1.394s] reading manifest file '../../build/marvin_car_nav/marvin_car_nav.egg-info/SOURCES.txt'
[1.395s] writing manifest file '../../build/marvin_car_nav/marvin_car_nav.egg-info/SOURCES.txt'
[1.395s] running build
[1.395s] running build_py
[1.395s] creating /home/marvin/marvin/marvin_ws/build/marvin_car_nav/build
[1.396s] creating /home/marvin/marvin/marvin_ws/build/marvin_car_nav/build/lib
[1.396s] creating /home/marvin/marvin/marvin_ws/build/marvin_car_nav/build/lib/marvin_car_nav
[1.396s] copying marvin_car_nav/scan_filter.py -> /home/marvin/marvin/marvin_ws/build/marvin_car_nav/build/lib/marvin_car_nav
[1.396s] copying marvin_car_nav/__init__.py -> /home/marvin/marvin/marvin_ws/build/marvin_car_nav/build/lib/marvin_car_nav
[1.397s] running install
[1.398s] running install_lib
[1.399s] creating /home/marvin/marvin/marvin_ws/install/marvin_car_nav/lib/python3.8/site-packages/marvin_car_nav
[1.399s] copying /home/marvin/marvin/marvin_ws/build/marvin_car_nav/build/lib/marvin_car_nav/scan_filter.py -> /home/marvin/marvin/marvin_ws/install/marvin_car_nav/lib/python3.8/site-packages/marvin_car_nav
[1.399s] copying /home/marvin/marvin/marvin_ws/build/marvin_car_nav/build/lib/marvin_car_nav/__init__.py -> /home/marvin/marvin/marvin_ws/install/marvin_car_nav/lib/python3.8/site-packages/marvin_car_nav
[1.400s] byte-compiling /home/marvin/marvin/marvin_ws/install/marvin_car_nav/lib/python3.8/site-packages/marvin_car_nav/scan_filter.py to scan_filter.cpython-38.pyc
[1.402s] byte-compiling /home/marvin/marvin/marvin_ws/install/marvin_car_nav/lib/python3.8/site-packages/marvin_car_nav/__init__.py to __init__.cpython-38.pyc
[1.402s] running install_data
[1.402s] creating /home/marvin/marvin/marvin_ws/install/marvin_car_nav/share/ament_index
[1.402s] creating /home/marvin/marvin/marvin_ws/install/marvin_car_nav/share/ament_index/resource_index
[1.403s] creating /home/marvin/marvin/marvin_ws/install/marvin_car_nav/share/ament_index/resource_index/packages
[1.403s] copying resource/marvin_car_nav -> /home/marvin/marvin/marvin_ws/install/marvin_car_nav/share/ament_index/resource_index/packages
[1.403s] copying package.xml -> /home/marvin/marvin/marvin_ws/install/marvin_car_nav/share/marvin_car_nav
[1.403s] creating /home/marvin/marvin/marvin_ws/install/marvin_car_nav/share/marvin_car_nav/launch
[1.403s] copying launch/rtabmap_sync_launch.py -> /home/marvin/marvin/marvin_ws/install/marvin_car_nav/share/marvin_car_nav/launch
[1.404s] copying launch/display_rtabmap_nav_launch.py -> /home/marvin/marvin/marvin_ws/install/marvin_car_nav/share/marvin_car_nav/launch
[1.405s] copying launch/cartographer_launch.py -> /home/marvin/marvin/marvin_ws/install/marvin_car_nav/share/marvin_car_nav/launch
[1.406s] copying launch/map_gmapping_4ros_s2_launch.py -> /home/marvin/marvin/marvin_ws/install/marvin_car_nav/share/marvin_car_nav/launch
[1.406s] copying launch/display_map_launch.py -> /home/marvin/marvin/marvin_ws/install/marvin_car_nav/share/marvin_car_nav/launch
[1.407s] copying launch/laser_bringup_launch.py -> /home/marvin/marvin/marvin_ws/install/marvin_car_nav/share/marvin_car_nav/launch
[1.408s] copying launch/save_map_launch.py -> /home/marvin/marvin/marvin_ws/install/marvin_car_nav/share/marvin_car_nav/launch
[1.409s] copying launch/rtabmap_viz_launch.py -> /home/marvin/marvin/marvin_ws/install/marvin_car_nav/share/marvin_car_nav/launch
[1.409s] copying launch/rtabmap_nav_launch.py -> /home/marvin/marvin/marvin_ws/install/marvin_car_nav/share/marvin_car_nav/launch
[1.410s] copying launch/occupancy_grid_launch.py -> /home/marvin/marvin/marvin_ws/install/marvin_car_nav/share/marvin_car_nav/launch
[1.411s] copying launch/display_rtabmap_map_launch.py -> /home/marvin/marvin/marvin_ws/install/marvin_car_nav/share/marvin_car_nav/launch
[1.411s] copying launch/navigation_teb_launch.py -> /home/marvin/marvin/marvin_ws/install/marvin_car_nav/share/marvin_car_nav/launch
[1.413s] copying launch/navigation_dwa_launch.py -> /home/marvin/marvin/marvin_ws/install/marvin_car_nav/share/marvin_car_nav/launch
[1.413s] copying launch/map_gmapping_a1_launch.py -> /home/marvin/marvin/marvin_ws/install/marvin_car_nav/share/marvin_car_nav/launch
[1.414s] copying launch/navigation_rtabmap_launch.py -> /home/marvin/marvin/marvin_ws/install/marvin_car_nav/share/marvin_car_nav/launch
[1.416s] copying launch/map_cartographer_launch.py -> /home/marvin/marvin/marvin_ws/install/marvin_car_nav/share/marvin_car_nav/launch
[1.416s] copying launch/display_nav_launch.py -> /home/marvin/marvin/marvin_ws/install/marvin_car_nav/share/marvin_car_nav/launch
[1.417s] copying launch/map_rtabmap_launch.py -> /home/marvin/marvin/marvin_ws/install/marvin_car_nav/share/marvin_car_nav/launch
[1.418s] copying launch/map_gmapping_launch.py -> /home/marvin/marvin/marvin_ws/install/marvin_car_nav/share/marvin_car_nav/launch
[1.419s] copying launch/rtabmap_localization_launch.py -> /home/marvin/marvin/marvin_ws/install/marvin_car_nav/share/marvin_car_nav/launch
[1.420s] creating /home/marvin/marvin/marvin_ws/install/marvin_car_nav/share/marvin_car_nav/rviz
[1.420s] copying rviz/rtabmap_nav.rviz -> /home/marvin/marvin/marvin_ws/install/marvin_car_nav/share/marvin_car_nav/rviz
[1.421s] copying rviz/nav.rviz -> /home/marvin/marvin/marvin_ws/install/marvin_car_nav/share/marvin_car_nav/rviz
[1.421s] copying rviz/map.rviz -> /home/marvin/marvin/marvin_ws/install/marvin_car_nav/share/marvin_car_nav/rviz
[1.422s] copying rviz/rtabmap_map.rviz -> /home/marvin/marvin/marvin_ws/install/marvin_car_nav/share/marvin_car_nav/rviz
[1.423s] creating /home/marvin/marvin/marvin_ws/install/marvin_car_nav/share/marvin_car_nav/params
[1.423s] copying params/lds_2d.lua -> /home/marvin/marvin/marvin_ws/install/marvin_car_nav/share/marvin_car_nav/params
[1.425s] copying params/teb_nav_params.yaml -> /home/marvin/marvin/marvin_ws/install/marvin_car_nav/share/marvin_car_nav/params
[1.426s] copying params/rtabmap_nav_params.yaml -> /home/marvin/marvin/marvin_ws/install/marvin_car_nav/share/marvin_car_nav/params
[1.427s] copying params/dwa_nav_params.yaml -> /home/marvin/marvin/marvin_ws/install/marvin_car_nav/share/marvin_car_nav/params
[1.428s] creating /home/marvin/marvin/marvin_ws/install/marvin_car_nav/share/marvin_car_nav/maps
[1.428s] copying maps/marvin_car.yaml -> /home/marvin/marvin/marvin_ws/install/marvin_car_nav/share/marvin_car_nav/maps
[1.429s] copying maps/marvin_car2.pgm -> /home/marvin/marvin/marvin_ws/install/marvin_car_nav/share/marvin_car_nav/maps
[1.431s] copying maps/marvin_car.pgm -> /home/marvin/marvin/marvin_ws/install/marvin_car_nav/share/marvin_car_nav/maps
[1.432s] copying maps/marvin_car2.yaml -> /home/marvin/marvin/marvin_ws/install/marvin_car_nav/share/marvin_car_nav/maps
[1.434s] running install_egg_info
[1.436s] Copying ../../build/marvin_car_nav/marvin_car_nav.egg-info to /home/marvin/marvin/marvin_ws/install/marvin_car_nav/lib/python3.8/site-packages/marvin_car_nav-0.0.0-py3.8.egg-info
[1.437s] running install_scripts
[1.458s] Installing scan_filter script to /home/marvin/marvin/marvin_ws/install/marvin_car_nav/lib/marvin_car_nav
[1.458s] writing list of installed files to '/home/marvin/marvin/marvin_ws/build/marvin_car_nav/install.log'
[1.525s] Invoked command in '/home/marvin/marvin/marvin_ws/src/marvin_car_nav' returned '0': PYTHONPATH=/home/marvin/marvin/marvin_ws/build/marvin_car_nav/prefix_override:/home/marvin/marvin/marvin_ws/install/marvin_car_nav/lib/python3.8/site-packages:${PYTHONPATH} /usr/bin/python3 setup.py egg_info --egg-base ../../build/marvin_car_nav build --build-base /home/marvin/marvin/marvin_ws/build/marvin_car_nav/build install --record /home/marvin/marvin/marvin_ws/build/marvin_car_nav/install.log --install-scripts $base/lib/marvin_car_nav --single-version-externally-managed
