[0.021s] Invoking command in '/home/marvin/marvin/software/library/build/robot_localization': CMAKE_PREFIX_PATH=/opt/ros/foxy /usr/bin/cmake /home/marvin/marvin/software/library/src/robot_localization -DCMAKE_INSTALL_PREFIX=/home/marvin/marvin/software/library/install/robot_localization
[0.205s] -- The C compiler identification is GNU 9.4.0
[0.342s] -- The CXX compiler identification is GNU 9.4.0
[0.361s] -- Check for working C compiler: /usr/bin/cc
[0.443s] -- Check for working C compiler: /usr/bin/cc -- works
[0.446s] -- Detecting C compiler ABI info
[0.526s] -- Detecting C compiler ABI info - done
[0.538s] -- Detecting C compile features
[0.540s] -- Detecting C compile features - done
[0.545s] -- Check for working CXX compiler: /usr/bin/c++
[0.634s] -- Check for working CXX compiler: /usr/bin/c++ -- works
[0.635s] -- Detecting CXX compiler ABI info
[0.723s] -- Detecting CXX compiler ABI info - done
[0.735s] -- Detecting CXX compile features
[0.736s] -- Detecting CXX compile features - done
[0.737s] -- robot_localization: You did not request a specific build type: selecting 'RelWithDebInfo'.
[0.746s] -- Found ament_cmake: 0.9.12 (/opt/ros/foxy/share/ament_cmake/cmake)
[0.781s] -- Found PythonInterp: /usr/bin/python3 (found suitable version "3.8.10", minimum required is "3") 
[0.781s] -- Using PYTHON_EXECUTABLE: /usr/bin/python3
[1.019s] -- Found rclcpp: 2.4.3 (/opt/ros/foxy/share/rclcpp/cmake)
[1.108s] -- Using all available rosidl_typesupport_c: rosidl_typesupport_fastrtps_c;rosidl_typesupport_introspection_c
[1.120s] -- Found rosidl_adapter: 1.3.1 (/opt/ros/foxy/share/rosidl_adapter/cmake)
[1.247s] -- Found OpenSSL: /usr/lib/x86_64-linux-gnu/libcrypto.so (found version "1.1.1f")  
[1.282s] -- Found FastRTPS: /opt/ros/foxy/include  
[1.391s] -- Using all available rosidl_typesupport_cpp: rosidl_typesupport_fastrtps_cpp;rosidl_typesupport_introspection_cpp
[1.484s] -- Found rmw_implementation_cmake: 1.0.4 (/opt/ros/foxy/share/rmw_implementation_cmake/cmake)
[1.488s] -- Using RMW implementation 'rmw_fastrtps_cpp' as default
[1.492s] -- Looking for pthread.h
[1.590s] -- Looking for pthread.h - found
[1.590s] -- Performing Test CMAKE_HAVE_LIBC_PTHREAD
[1.673s] -- Performing Test CMAKE_HAVE_LIBC_PTHREAD - Failed
[1.673s] -- Looking for pthread_create in pthreads
[1.742s] -- Looking for pthread_create in pthreads - not found
[1.742s] -- Looking for pthread_create in pthread
[1.819s] -- Looking for pthread_create in pthread - found
[1.821s] -- Found Threads: TRUE  
[2.024s] -- Found diagnostic_msgs: 2.0.5 (/opt/ros/foxy/share/diagnostic_msgs/cmake)
[2.071s] -- Found diagnostic_updater: 3.1.2 (/opt/ros/foxy/share/diagnostic_updater/cmake)
[2.096s] -- Found geographic_msgs: 1.0.4 (/opt/ros/foxy/share/geographic_msgs/cmake)
[2.275s] -- Found nav_msgs: 2.0.5 (/opt/ros/foxy/share/nav_msgs/cmake)
[2.359s] -- Found rosidl_default_generators: 1.0.1 (/opt/ros/foxy/share/rosidl_default_generators/cmake)
[2.380s] -- Found sensor_msgs: 2.0.5 (/opt/ros/foxy/share/sensor_msgs/cmake)
[2.464s] -- Found std_srvs: 2.0.5 (/opt/ros/foxy/share/std_srvs/cmake)
[2.490s] -- Found tf2: 0.13.14 (/opt/ros/foxy/share/tf2/cmake)
[2.509s] -- Found tf2_eigen: 0.13.14 (/opt/ros/foxy/share/tf2_eigen/cmake)
[2.917s] -- Found tf2_geometry_msgs: 0.13.14 (/opt/ros/foxy/share/tf2_geometry_msgs/cmake)
[2.929s] -- Found Eigen3: TRUE (found version "3.3.7") 
[2.976s] -- Found Boost: /usr/lib/x86_64-linux-gnu/cmake/Boost-1.71.0/BoostConfig.cmake (found version "1.71.0")  
[2.981s] -- Found yaml_cpp_vendor: 7.0.3 (/opt/ros/foxy/share/yaml_cpp_vendor/cmake)
[2.981s] -- Setting yaml-cpp_DIR to: '/opt/ros/foxy/share/yaml_cpp_vendor/cmake/../../../opt/yaml_cpp_vendor/lib/cmake/yaml-cpp'
[2.988s] -- Found GeographicLib: /usr/lib/x86_64-linux-gnu  
[3.010s] -- Found PythonInterp: /usr/bin/python3 (found version "3.8.10") 
[3.263s] -- Found ament_cmake_cppcheck: 0.9.8 (/opt/ros/foxy/share/ament_cmake_cppcheck/cmake)
[3.268s] -- Found ament_cmake_cpplint: 0.9.8 (/opt/ros/foxy/share/ament_cmake_cpplint/cmake)
[3.272s] -- Found ament_cmake_uncrustify: 0.9.8 (/opt/ros/foxy/share/ament_cmake_uncrustify/cmake)
[3.277s] -- Found ament_cmake_ros: 0.9.2 (/opt/ros/foxy/share/ament_cmake_ros/cmake)
[3.612s] -- Using all available rosidl_typesupport_c: rosidl_typesupport_fastrtps_c;rosidl_typesupport_introspection_c
[3.778s] -- Using all available rosidl_typesupport_cpp: rosidl_typesupport_fastrtps_cpp;rosidl_typesupport_introspection_cpp
[3.809s] -- Found PythonInterp: /usr/bin/python3 (found suitable version "3.8.10", minimum required is "3.5") 
[3.812s] -- Found python_cmake_module: 0.8.1 (/opt/ros/foxy/share/python_cmake_module/cmake)
[3.845s] -- Found PythonLibs: /usr/lib/x86_64-linux-gnu/libpython3.8.so (found suitable version "3.8.10", minimum required is "3.5") 
[3.845s] -- Using PYTHON_EXECUTABLE: /usr/bin/python3
[3.845s] -- Using PYTHON_INCLUDE_DIRS: /usr/include/python3.8
[3.845s] -- Using PYTHON_LIBRARIES: /usr/lib/x86_64-linux-gnu/libpython3.8.so
[3.869s] -- Found PythonExtra: .so  
[3.977s] -- Found ament_cmake_flake8: 0.9.8 (/opt/ros/foxy/share/ament_cmake_flake8/cmake)
[3.981s] -- Found ament_cmake_pep257: 0.9.8 (/opt/ros/foxy/share/ament_cmake_pep257/cmake)
[4.001s] -- Found ament_cmake_lint_cmake: 0.9.8 (/opt/ros/foxy/share/ament_cmake_lint_cmake/cmake)
[4.005s] -- Found launch_testing_ament_cmake: 0.10.10 (/opt/ros/foxy/share/launch_testing_ament_cmake/cmake)
[4.030s] -- Using PYTHON_EXECUTABLE: /usr/bin/python3
[4.030s] -- Using PYTHON_INCLUDE_DIRS: /usr/include/python3.8
[4.030s] -- Using PYTHON_LIBRARIES: /usr/lib/x86_64-linux-gnu/libpython3.8.so
[4.037s] -- Found gtest sources under '/opt/ros/foxy/src/gtest_vendor': C++ tests using 'Google Test' will be built
[4.042s] -- Check if compiler accepts -pthread
[4.134s] -- Check if compiler accepts -pthread - yes
[4.179s] -- Configuring done
[4.624s] -- Generating done
[4.630s] -- Build files have been written to: /home/marvin/marvin/software/library/build/robot_localization
[4.646s] Invoked command in '/home/marvin/marvin/software/library/build/robot_localization' returned '0': CMAKE_PREFIX_PATH=/opt/ros/foxy /usr/bin/cmake /home/marvin/marvin/software/library/src/robot_localization -DCMAKE_INSTALL_PREFIX=/home/marvin/marvin/software/library/install/robot_localization
[4.650s] Invoking command in '/home/marvin/marvin/software/library/build/robot_localization': CMAKE_PREFIX_PATH=/opt/ros/foxy /usr/bin/cmake --build /home/marvin/marvin/software/library/build/robot_localization -- -j2 -l2
[4.711s] [35m[1mScanning dependencies of target robot_localization__cpp[0m
[4.711s] [35m[1mScanning dependencies of target gtest[0m
[4.733s] [  1%] [34m[1mGenerating C++ code for ROS interfaces[0m
[4.761s] [  2%] [32mBuilding CXX object gtest/CMakeFiles/gtest.dir/src/gtest-all.cc.o[0m
[5.592s] [  2%] Built target robot_localization__cpp
[5.606s] [  3%] [34m[1mGenerating C code for ROS interfaces[0m
[6.502s] [35m[1mScanning dependencies of target robot_localization__rosidl_generator_c[0m
[6.548s] [  3%] [32mBuilding C object CMakeFiles/robot_localization__rosidl_generator_c.dir/rosidl_generator_c/robot_localization/srv/detail/from_ll__functions.c.o[0m
[6.752s] [  4%] [32mBuilding C object CMakeFiles/robot_localization__rosidl_generator_c.dir/rosidl_generator_c/robot_localization/srv/detail/get_state__functions.c.o[0m
[6.921s] [  5%] [32mBuilding C object CMakeFiles/robot_localization__rosidl_generator_c.dir/rosidl_generator_c/robot_localization/srv/detail/set_datum__functions.c.o[0m
[7.086s] [  6%] [32mBuilding C object CMakeFiles/robot_localization__rosidl_generator_c.dir/rosidl_generator_c/robot_localization/srv/detail/set_pose__functions.c.o[0m
[7.252s] [  7%] [32mBuilding C object CMakeFiles/robot_localization__rosidl_generator_c.dir/rosidl_generator_c/robot_localization/srv/detail/toggle_filter_processing__functions.c.o[0m
[7.419s] [  8%] [32mBuilding C object CMakeFiles/robot_localization__rosidl_generator_c.dir/rosidl_generator_c/robot_localization/srv/detail/to_ll__functions.c.o[0m
[7.587s] [  9%] [32m[1mLinking C shared library librobot_localization__rosidl_generator_c.so[0m
[7.686s] [  9%] Built target robot_localization__rosidl_generator_c
[7.698s] [35m[1mScanning dependencies of target gtest_main[0m
[7.716s] [ 10%] [32mBuilding CXX object gtest/CMakeFiles/gtest_main.dir/src/gtest_main.cc.o[0m
[9.368s] [ 10%] [32m[1mLinking CXX static library libgtest_main.a[0m
[9.413s] [ 10%] Built target gtest_main
[9.427s] [ 11%] [34m[1mGenerating C++ type support dispatch for ROS interfaces[0m
[9.855s] [35m[1mScanning dependencies of target robot_localization__rosidl_typesupport_cpp[0m
[9.890s] [ 12%] [32mBuilding CXX object CMakeFiles/robot_localization__rosidl_typesupport_cpp.dir/rosidl_typesupport_cpp/robot_localization/srv/from_ll__type_support.cpp.o[0m
[10.217s] [ 13%] [32mBuilding CXX object CMakeFiles/robot_localization__rosidl_typesupport_cpp.dir/rosidl_typesupport_cpp/robot_localization/srv/get_state__type_support.cpp.o[0m
[10.584s] [ 14%] [32mBuilding CXX object CMakeFiles/robot_localization__rosidl_typesupport_cpp.dir/rosidl_typesupport_cpp/robot_localization/srv/set_datum__type_support.cpp.o[0m
[10.912s] [ 15%] [32mBuilding CXX object CMakeFiles/robot_localization__rosidl_typesupport_cpp.dir/rosidl_typesupport_cpp/robot_localization/srv/set_pose__type_support.cpp.o[0m
[11.283s] [ 16%] [32mBuilding CXX object CMakeFiles/robot_localization__rosidl_typesupport_cpp.dir/rosidl_typesupport_cpp/robot_localization/srv/toggle_filter_processing__type_support.cpp.o[0m
[11.631s] [ 16%] [32mBuilding CXX object CMakeFiles/robot_localization__rosidl_typesupport_cpp.dir/rosidl_typesupport_cpp/robot_localization/srv/to_ll__type_support.cpp.o[0m
[11.980s] [ 17%] [32m[1mLinking CXX shared library librobot_localization__rosidl_typesupport_cpp.so[0m
[12.038s] [ 17%] Built target robot_localization__rosidl_typesupport_cpp
[12.051s] [ 18%] [34m[1mGenerating C++ type support for eProsima Fast-RTPS[0m
[12.666s] [35m[1mScanning dependencies of target robot_localization__rosidl_typesupport_fastrtps_cpp[0m
[12.712s] [ 19%] [32mBuilding CXX object CMakeFiles/robot_localization__rosidl_typesupport_fastrtps_cpp.dir/rosidl_typesupport_fastrtps_cpp/robot_localization/srv/detail/dds_fastrtps/from_ll__type_support.cpp.o[0m
[13.210s] [ 20%] [32mBuilding CXX object CMakeFiles/robot_localization__rosidl_typesupport_fastrtps_cpp.dir/rosidl_typesupport_fastrtps_cpp/robot_localization/srv/detail/dds_fastrtps/get_state__type_support.cpp.o[0m
[13.830s] [ 21%] [32mBuilding CXX object CMakeFiles/robot_localization__rosidl_typesupport_fastrtps_cpp.dir/rosidl_typesupport_fastrtps_cpp/robot_localization/srv/detail/dds_fastrtps/set_datum__type_support.cpp.o[0m
[14.409s] [ 21%] [32mBuilding CXX object CMakeFiles/robot_localization__rosidl_typesupport_fastrtps_cpp.dir/rosidl_typesupport_fastrtps_cpp/robot_localization/srv/detail/dds_fastrtps/set_pose__type_support.cpp.o[0m
[15.014s] [ 22%] [32mBuilding CXX object CMakeFiles/robot_localization__rosidl_typesupport_fastrtps_cpp.dir/rosidl_typesupport_fastrtps_cpp/robot_localization/srv/detail/dds_fastrtps/toggle_filter_processing__type_support.cpp.o[0m
[15.589s] [ 23%] [32mBuilding CXX object CMakeFiles/robot_localization__rosidl_typesupport_fastrtps_cpp.dir/rosidl_typesupport_fastrtps_cpp/robot_localization/srv/detail/dds_fastrtps/to_ll__type_support.cpp.o[0m
[16.139s] [ 24%] [32m[1mLinking CXX shared library librobot_localization__rosidl_typesupport_fastrtps_cpp.so[0m
[16.272s] [ 24%] Built target robot_localization__rosidl_typesupport_fastrtps_cpp
[16.286s] [ 25%] [34m[1mGenerating C++ introspection for ROS interfaces[0m
[16.842s] [35m[1mScanning dependencies of target robot_localization__rosidl_typesupport_introspection_cpp[0m
[16.868s] [ 25%] [32mBuilding CXX object CMakeFiles/robot_localization__rosidl_typesupport_introspection_cpp.dir/rosidl_typesupport_introspection_cpp/robot_localization/srv/detail/from_ll__type_support.cpp.o[0m
[17.222s] [ 26%] [32mBuilding CXX object CMakeFiles/robot_localization__rosidl_typesupport_introspection_cpp.dir/rosidl_typesupport_introspection_cpp/robot_localization/srv/detail/get_state__type_support.cpp.o[0m
[17.605s] [ 27%] [32mBuilding CXX object CMakeFiles/robot_localization__rosidl_typesupport_introspection_cpp.dir/rosidl_typesupport_introspection_cpp/robot_localization/srv/detail/set_datum__type_support.cpp.o[0m
[17.958s] [ 28%] [32mBuilding CXX object CMakeFiles/robot_localization__rosidl_typesupport_introspection_cpp.dir/rosidl_typesupport_introspection_cpp/robot_localization/srv/detail/set_pose__type_support.cpp.o[0m
[18.347s] [ 29%] [32mBuilding CXX object CMakeFiles/robot_localization__rosidl_typesupport_introspection_cpp.dir/rosidl_typesupport_introspection_cpp/robot_localization/srv/detail/toggle_filter_processing__type_support.cpp.o[0m
[18.692s] [ 30%] [32mBuilding CXX object CMakeFiles/robot_localization__rosidl_typesupport_introspection_cpp.dir/rosidl_typesupport_introspection_cpp/robot_localization/srv/detail/to_ll__type_support.cpp.o[0m
[18.914s] [ 31%] [32m[1mLinking CXX static library libgtest.a[0m
[19.025s] [ 31%] Built target gtest
[19.040s] [ 32%] [34m[1mGenerating C type support dispatch for ROS interfaces[0m
[19.045s] [ 33%] [32m[1mLinking CXX shared library librobot_localization__rosidl_typesupport_introspection_cpp.so[0m
[19.134s] [ 33%] Built target robot_localization__rosidl_typesupport_introspection_cpp
[19.147s] [ 34%] [34m[1mGenerating C introspection for ROS interfaces[0m
[19.471s] [35m[1mScanning dependencies of target robot_localization__rosidl_typesupport_c[0m
[19.491s] [ 34%] [32mBuilding CXX object CMakeFiles/robot_localization__rosidl_typesupport_c.dir/rosidl_typesupport_c/robot_localization/srv/from_ll__type_support.cpp.o[0m
[19.532s] [ 35%] [32mBuilding CXX object CMakeFiles/robot_localization__rosidl_typesupport_c.dir/rosidl_typesupport_c/robot_localization/srv/get_state__type_support.cpp.o[0m
[19.575s] [ 36%] [32mBuilding CXX object CMakeFiles/robot_localization__rosidl_typesupport_c.dir/rosidl_typesupport_c/robot_localization/srv/set_datum__type_support.cpp.o[0m
[19.616s] [ 37%] [32mBuilding CXX object CMakeFiles/robot_localization__rosidl_typesupport_c.dir/rosidl_typesupport_c/robot_localization/srv/set_pose__type_support.cpp.o[0m
[19.659s] [ 38%] [32mBuilding CXX object CMakeFiles/robot_localization__rosidl_typesupport_c.dir/rosidl_typesupport_c/robot_localization/srv/toggle_filter_processing__type_support.cpp.o[0m
[19.702s] [ 39%] [32mBuilding CXX object CMakeFiles/robot_localization__rosidl_typesupport_c.dir/rosidl_typesupport_c/robot_localization/srv/to_ll__type_support.cpp.o[0m
[19.732s] [35m[1mScanning dependencies of target robot_localization__rosidl_typesupport_introspection_c[0m
[19.744s] [ 40%] [32m[1mLinking CXX shared library librobot_localization__rosidl_typesupport_c.so[0m
[19.766s] [ 41%] [32mBuilding C object CMakeFiles/robot_localization__rosidl_typesupport_introspection_c.dir/rosidl_typesupport_introspection_c/robot_localization/srv/detail/from_ll__type_support.c.o[0m
[19.804s] [ 41%] Built target robot_localization__rosidl_typesupport_c
[19.818s] [ 42%] [32mBuilding C object CMakeFiles/robot_localization__rosidl_typesupport_introspection_c.dir/rosidl_typesupport_introspection_c/robot_localization/srv/detail/get_state__type_support.c.o[0m
[19.819s] [ 43%] [34m[1mGenerating C type support for eProsima Fast-RTPS[0m
[19.872s] [ 43%] [32mBuilding C object CMakeFiles/robot_localization__rosidl_typesupport_introspection_c.dir/rosidl_typesupport_introspection_c/robot_localization/srv/detail/set_datum__type_support.c.o[0m
[19.927s] [ 44%] [32mBuilding C object CMakeFiles/robot_localization__rosidl_typesupport_introspection_c.dir/rosidl_typesupport_introspection_c/robot_localization/srv/detail/set_pose__type_support.c.o[0m
[19.981s] [ 45%] [32mBuilding C object CMakeFiles/robot_localization__rosidl_typesupport_introspection_c.dir/rosidl_typesupport_introspection_c/robot_localization/srv/detail/toggle_filter_processing__type_support.c.o[0m
[20.033s] [ 46%] [32mBuilding C object CMakeFiles/robot_localization__rosidl_typesupport_introspection_c.dir/rosidl_typesupport_introspection_c/robot_localization/srv/detail/to_ll__type_support.c.o[0m
[20.091s] [ 47%] [32m[1mLinking C shared library librobot_localization__rosidl_typesupport_introspection_c.so[0m
[20.140s] [ 47%] Built target robot_localization__rosidl_typesupport_introspection_c
[20.395s] [35m[1mScanning dependencies of target robot_localization__rosidl_typesupport_fastrtps_c[0m
[20.437s] [ 49%] [32mBuilding CXX object CMakeFiles/robot_localization__rosidl_typesupport_fastrtps_c.dir/rosidl_typesupport_fastrtps_c/robot_localization/srv/detail/from_ll__type_support_c.cpp.o[0m
[20.437s] [ 49%] [32mBuilding CXX object CMakeFiles/robot_localization__rosidl_typesupport_fastrtps_c.dir/rosidl_typesupport_fastrtps_c/robot_localization/srv/detail/get_state__type_support_c.cpp.o[0m
[20.899s] [ 50%] [32mBuilding CXX object CMakeFiles/robot_localization__rosidl_typesupport_fastrtps_c.dir/rosidl_typesupport_fastrtps_c/robot_localization/srv/detail/set_datum__type_support_c.cpp.o[0m
[20.934s] [ 51%] [32mBuilding CXX object CMakeFiles/robot_localization__rosidl_typesupport_fastrtps_c.dir/rosidl_typesupport_fastrtps_c/robot_localization/srv/detail/set_pose__type_support_c.cpp.o[0m
[21.348s] [ 52%] [32mBuilding CXX object CMakeFiles/robot_localization__rosidl_typesupport_fastrtps_c.dir/rosidl_typesupport_fastrtps_c/robot_localization/srv/detail/toggle_filter_processing__type_support_c.cpp.o[0m
[21.399s] [ 52%] [32mBuilding CXX object CMakeFiles/robot_localization__rosidl_typesupport_fastrtps_c.dir/rosidl_typesupport_fastrtps_c/robot_localization/srv/detail/to_ll__type_support_c.cpp.o[0m
[21.846s] [ 53%] [32m[1mLinking CXX shared library librobot_localization__rosidl_typesupport_fastrtps_c.so[0m
[21.957s] [ 53%] Built target robot_localization__rosidl_typesupport_fastrtps_c
[21.970s] [35m[1mScanning dependencies of target robot_localization[0m
[21.983s] [ 53%] Built target robot_localization
[21.996s] [35m[1mScanning dependencies of target robot_localization__py[0m
[21.996s] [35m[1mScanning dependencies of target rl_lib[0m
[22.018s] [ 54%] [34m[1mGenerating Python code for ROS interfaces[0m
[22.522s] [ 55%] [32mBuilding CXX object CMakeFiles/rl_lib.dir/src/ekf.cpp.o[0m
[23.459s] [ 55%] Built target robot_localization__py
[23.473s] [35m[1mScanning dependencies of target robot_localization__python[0m
[23.552s] [ 56%] [32mBuilding C object CMakeFiles/robot_localization__python.dir/rosidl_generator_py/robot_localization/srv/_from_ll_s.c.o[0m
[23.703s] [ 56%] [32mBuilding C object CMakeFiles/robot_localization__python.dir/rosidl_generator_py/robot_localization/srv/_get_state_s.c.o[0m
[23.876s] [ 57%] [32mBuilding C object CMakeFiles/robot_localization__python.dir/rosidl_generator_py/robot_localization/srv/_set_datum_s.c.o[0m
[24.023s] [ 58%] [32mBuilding C object CMakeFiles/robot_localization__python.dir/rosidl_generator_py/robot_localization/srv/_set_pose_s.c.o[0m
[24.180s] [ 59%] [32mBuilding C object CMakeFiles/robot_localization__python.dir/rosidl_generator_py/robot_localization/srv/_toggle_filter_processing_s.c.o[0m
[24.329s] [ 60%] [32mBuilding C object CMakeFiles/robot_localization__python.dir/rosidl_generator_py/robot_localization/srv/_to_ll_s.c.o[0m
[24.480s] [ 61%] [32m[1mLinking C shared library rosidl_generator_py/robot_localization/librobot_localization__python.so[0m
[24.544s] [ 61%] Built target robot_localization__python
[24.557s] [35m[1mScanning dependencies of target robot_localization__rosidl_typesupport_fastrtps_c__pyext[0m
[24.592s] [ 62%] [32mBuilding C object CMakeFiles/robot_localization__rosidl_typesupport_fastrtps_c__pyext.dir/rosidl_generator_py/robot_localization/_robot_localization_s.ep.rosidl_typesupport_fastrtps_c.c.o[0m
[24.903s] [ 63%] [32m[1mLinking CXX shared library rosidl_generator_py/robot_localization/robot_localization_s__rosidl_typesupport_fastrtps_c.cpython-38-x86_64-linux-gnu.so[0m
[25.000s] [ 63%] Built target robot_localization__rosidl_typesupport_fastrtps_c__pyext
[25.013s] [35m[1mScanning dependencies of target robot_localization__rosidl_typesupport_introspection_c__pyext[0m
[25.041s] [ 64%] [32mBuilding C object CMakeFiles/robot_localization__rosidl_typesupport_introspection_c__pyext.dir/rosidl_generator_py/robot_localization/_robot_localization_s.ep.rosidl_typesupport_introspection_c.c.o[0m
[25.358s] [ 65%] [32m[1mLinking C shared library rosidl_generator_py/robot_localization/robot_localization_s__rosidl_typesupport_introspection_c.cpython-38-x86_64-linux-gnu.so[0m
[25.414s] [ 65%] Built target robot_localization__rosidl_typesupport_introspection_c__pyext
[25.427s] [35m[1mScanning dependencies of target robot_localization__rosidl_typesupport_c__pyext[0m
[25.456s] [ 66%] [32mBuilding C object CMakeFiles/robot_localization__rosidl_typesupport_c__pyext.dir/rosidl_generator_py/robot_localization/_robot_localization_s.ep.rosidl_typesupport_c.c.o[0m
[25.764s] [ 66%] [32m[1mLinking C shared library rosidl_generator_py/robot_localization/robot_localization_s__rosidl_typesupport_c.cpython-38-x86_64-linux-gnu.so[0m
[25.819s] [ 66%] Built target robot_localization__rosidl_typesupport_c__pyext
[25.830s] [ 67%] [32mBuilding CXX object CMakeFiles/rl_lib.dir/src/ukf.cpp.o[0m
[30.218s] [ 68%] [32mBuilding CXX object CMakeFiles/rl_lib.dir/src/filter_base.cpp.o[0m
[35.217s] [ 69%] [32mBuilding CXX object CMakeFiles/rl_lib.dir/src/filter_utilities.cpp.o[0m
[36.469s] [ 70%] [32mBuilding CXX object CMakeFiles/rl_lib.dir/src/navsat_transform.cpp.o[0m
[37.187s] [ 70%] [32mBuilding CXX object CMakeFiles/rl_lib.dir/src/robot_localization_estimator.cpp.o[0m
[39.530s] [ 71%] [32mBuilding CXX object CMakeFiles/rl_lib.dir/src/ros_filter.cpp.o[0m
[71.316s] [ 72%] [32mBuilding CXX object CMakeFiles/rl_lib.dir/src/ros_filter_utilities.cpp.o[0m
[74.954s] [ 73%] [32mBuilding CXX object CMakeFiles/rl_lib.dir/src/ros_robot_localization_listener.cpp.o[0m
[120.084s] [ 74%] [32m[1mLinking CXX shared library librl_lib.so[0m
[121.848s] [ 74%] Built target rl_lib
[121.861s] [35m[1mScanning dependencies of target test_ros_robot_localization_listener_publisher[0m
[121.862s] [35m[1mScanning dependencies of target test_ros_robot_localization_listener[0m
[121.925s] [ 74%] [32mBuilding CXX object CMakeFiles/test_ros_robot_localization_listener_publisher.dir/test/test_ros_robot_localization_listener_publisher.cpp.o[0m
[121.953s] [ 75%] [32mBuilding CXX object CMakeFiles/test_ros_robot_localization_listener.dir/test/test_ros_robot_localization_listener.cpp.o[0m
[127.978s] [ 76%] [32m[1mLinking CXX executable test_ros_robot_localization_listener[0m
[128.302s] [ 76%] Built target test_ros_robot_localization_listener
[128.316s] [35m[1mScanning dependencies of target test_ekf[0m
[128.428s] [ 77%] [32mBuilding CXX object CMakeFiles/test_ekf.dir/test/test_ekf.cpp.o[0m
[130.421s] [ 78%] [32m[1mLinking CXX executable test_ros_robot_localization_listener_publisher[0m
[130.646s] [ 78%] Built target test_ros_robot_localization_listener_publisher
[130.659s] [35m[1mScanning dependencies of target test_navsat_conversions[0m
[130.683s] [ 78%] [32mBuilding CXX object CMakeFiles/test_navsat_conversions.dir/test/test_navsat_conversions.cpp.o[0m
[131.949s] [ 79%] [32m[1mLinking CXX executable test_navsat_conversions[0m
[132.168s] [ 79%] Built target test_navsat_conversions
[132.180s] [35m[1mScanning dependencies of target ukf_node[0m
[132.273s] [ 80%] [32mBuilding CXX object CMakeFiles/ukf_node.dir/src/ukf_node.cpp.o[0m
[135.399s] [ 81%] [32m[1mLinking CXX executable test_ekf[0m
[135.724s] [ 81%] Built target test_ekf
[135.737s] [35m[1mScanning dependencies of target test_robot_localization_estimator[0m
[135.822s] [ 82%] [32mBuilding CXX object CMakeFiles/test_robot_localization_estimator.dir/test/test_robot_localization_estimator.cpp.o[0m
[137.747s] [ 83%] [32m[1mLinking CXX executable ukf_node[0m
[137.977s] [ 83%] Built target ukf_node
[137.990s] [35m[1mScanning dependencies of target ekf_node[0m
[138.086s] [ 83%] [32mBuilding CXX object CMakeFiles/ekf_node.dir/src/ekf_node.cpp.o[0m
[141.198s] [ 84%] [32m[1mLinking CXX executable test_robot_localization_estimator[0m
[141.569s] [ 84%] Built target test_robot_localization_estimator
[141.584s] [35m[1mScanning dependencies of target test_ukf[0m
[141.678s] [ 85%] [32mBuilding CXX object CMakeFiles/test_ukf.dir/test/test_ukf.cpp.o[0m
[143.459s] [ 86%] [32m[1mLinking CXX executable ekf_node[0m
[143.682s] [ 86%] Built target ekf_node
[143.695s] [35m[1mScanning dependencies of target test_navsat_transform[0m
[143.751s] [ 87%] [32mBuilding CXX object CMakeFiles/test_navsat_transform.dir/test/test_navsat_transform.cpp.o[0m
[148.570s] [ 88%] [32m[1mLinking CXX executable test_navsat_transform[0m
[148.836s] [ 88%] Built target test_navsat_transform
[148.851s] [35m[1mScanning dependencies of target test_filter_base_diagnostics_timestamps[0m
[148.946s] [ 89%] [32mBuilding CXX object CMakeFiles/test_filter_base_diagnostics_timestamps.dir/test/test_filter_base_diagnostics_timestamps.cpp.o[0m
[149.221s] [ 90%] [32m[1mLinking CXX executable test_ukf[0m
[149.578s] [ 90%] Built target test_ukf
[149.593s] [35m[1mScanning dependencies of target filter_base-test[0m
[149.646s] [ 91%] [32mBuilding CXX object CMakeFiles/filter_base-test.dir/test/test_filter_base.cpp.o[0m
[152.826s] [ 92%] [32m[1mLinking CXX executable filter_base-test[0m
[153.325s] [ 92%] Built target filter_base-test
[167.376s] [ 93%] [32m[1mLinking CXX executable test_filter_base_diagnostics_timestamps[0m
[167.764s] [ 93%] Built target test_filter_base_diagnostics_timestamps
[167.777s] [35m[1mScanning dependencies of target navsat_transform_node[0m
[167.852s] [ 94%] [32mBuilding CXX object CMakeFiles/navsat_transform_node.dir/src/navsat_transform_node.cpp.o[0m
[171.238s] [ 95%] [32m[1mLinking CXX executable navsat_transform_node[0m
[171.472s] [ 95%] Built target navsat_transform_node
[171.485s] [35m[1mScanning dependencies of target robot_localization_listener_node[0m
[171.486s] [35m[1mScanning dependencies of target test_ukf_localization_node_interfaces[0m
[171.549s] [ 96%] [32mBuilding CXX object CMakeFiles/test_ukf_localization_node_interfaces.dir/test/test_ukf_localization_node_interfaces.cpp.o[0m
[171.566s] [ 97%] [32mBuilding CXX object CMakeFiles/robot_localization_listener_node.dir/src/robot_localization_listener_node.cpp.o[0m
[177.638s] [ 97%] [32m[1mLinking CXX executable robot_localization_listener_node[0m
[177.881s] [ 97%] Built target robot_localization_listener_node
[177.896s] [35m[1mScanning dependencies of target test_ekf_localization_node_interfaces[0m
[177.963s] [ 98%] [32mBuilding CXX object CMakeFiles/test_ekf_localization_node_interfaces.dir/test/test_ekf_localization_node_interfaces.cpp.o[0m
[194.390s] [ 99%] [32m[1mLinking CXX executable test_ukf_localization_node_interfaces[0m
[194.778s] [ 99%] Built target test_ukf_localization_node_interfaces
[199.726s] [100%] [32m[1mLinking CXX executable test_ekf_localization_node_interfaces[0m
[200.123s] [100%] Built target test_ekf_localization_node_interfaces
[200.142s] Invoked command in '/home/marvin/marvin/software/library/build/robot_localization' returned '0': CMAKE_PREFIX_PATH=/opt/ros/foxy /usr/bin/cmake --build /home/marvin/marvin/software/library/build/robot_localization -- -j2 -l2
[200.368s] Invoking command in '/home/marvin/marvin/software/library/build/robot_localization': CMAKE_PREFIX_PATH=/opt/ros/foxy /usr/bin/cmake --install /home/marvin/marvin/software/library/build/robot_localization
[200.381s] -- Install configuration: "RelWithDebInfo"
[200.381s] -- Installing: /home/marvin/marvin/software/library/install/robot_localization/share/ament_index/resource_index/rosidl_interfaces/robot_localization
[200.381s] -- Installing: /home/marvin/marvin/software/library/install/robot_localization/include/robot_localization
[200.381s] -- Installing: /home/marvin/marvin/software/library/install/robot_localization/include/robot_localization/srv
[200.382s] -- Installing: /home/marvin/marvin/software/library/install/robot_localization/include/robot_localization/srv/toggle_filter_processing.h
[200.382s] -- Installing: /home/marvin/marvin/software/library/install/robot_localization/include/robot_localization/srv/set_pose.h
[200.382s] -- Installing: /home/marvin/marvin/software/library/install/robot_localization/include/robot_localization/srv/set_datum.h
[200.382s] -- Installing: /home/marvin/marvin/software/library/install/robot_localization/include/robot_localization/srv/from_ll.h
[200.383s] -- Installing: /home/marvin/marvin/software/library/install/robot_localization/include/robot_localization/srv/get_state.h
[200.383s] -- Installing: /home/marvin/marvin/software/library/install/robot_localization/include/robot_localization/srv/to_ll.h
[200.383s] -- Installing: /home/marvin/marvin/software/library/install/robot_localization/include/robot_localization/srv/detail
[200.383s] -- Installing: /home/marvin/marvin/software/library/install/robot_localization/include/robot_localization/srv/detail/from_ll__struct.h
[200.383s] -- Installing: /home/marvin/marvin/software/library/install/robot_localization/include/robot_localization/srv/detail/set_datum__functions.h
[200.384s] -- Installing: /home/marvin/marvin/software/library/install/robot_localization/include/robot_localization/srv/detail/get_state__type_support.h
[200.384s] -- Installing: /home/marvin/marvin/software/library/install/robot_localization/include/robot_localization/srv/detail/from_ll__type_support.h
[200.384s] -- Installing: /home/marvin/marvin/software/library/install/robot_localization/include/robot_localization/srv/detail/toggle_filter_processing__type_support.h
[200.384s] -- Installing: /home/marvin/marvin/software/library/install/robot_localization/include/robot_localization/srv/detail/get_state__functions.c
[200.385s] -- Installing: /home/marvin/marvin/software/library/install/robot_localization/include/robot_localization/srv/detail/set_pose__functions.c
[200.385s] -- Installing: /home/marvin/marvin/software/library/install/robot_localization/include/robot_localization/srv/detail/to_ll__functions.c
[200.386s] -- Installing: /home/marvin/marvin/software/library/install/robot_localization/include/robot_localization/srv/detail/to_ll__functions.h
[200.386s] -- Installing: /home/marvin/marvin/software/library/install/robot_localization/include/robot_localization/srv/detail/toggle_filter_processing__struct.h
[200.386s] -- Installing: /home/marvin/marvin/software/library/install/robot_localization/include/robot_localization/srv/detail/to_ll__struct.h
[200.386s] -- Installing: /home/marvin/marvin/software/library/install/robot_localization/include/robot_localization/srv/detail/toggle_filter_processing__functions.h
[200.387s] -- Installing: /home/marvin/marvin/software/library/install/robot_localization/include/robot_localization/srv/detail/set_datum__type_support.h
[200.387s] -- Installing: /home/marvin/marvin/software/library/install/robot_localization/include/robot_localization/srv/detail/from_ll__functions.c
[200.387s] -- Installing: /home/marvin/marvin/software/library/install/robot_localization/include/robot_localization/srv/detail/get_state__struct.h
[200.388s] -- Installing: /home/marvin/marvin/software/library/install/robot_localization/include/robot_localization/srv/detail/toggle_filter_processing__functions.c
[200.388s] -- Installing: /home/marvin/marvin/software/library/install/robot_localization/include/robot_localization/srv/detail/set_pose__functions.h
[200.388s] -- Installing: /home/marvin/marvin/software/library/install/robot_localization/include/robot_localization/srv/detail/set_datum__functions.c
[200.389s] -- Installing: /home/marvin/marvin/software/library/install/robot_localization/include/robot_localization/srv/detail/set_pose__type_support.h
[200.389s] -- Installing: /home/marvin/marvin/software/library/install/robot_localization/include/robot_localization/srv/detail/set_pose__struct.h
[200.389s] -- Installing: /home/marvin/marvin/software/library/install/robot_localization/include/robot_localization/srv/detail/from_ll__functions.h
[200.389s] -- Installing: /home/marvin/marvin/software/library/install/robot_localization/include/robot_localization/srv/detail/get_state__functions.h
[200.390s] -- Installing: /home/marvin/marvin/software/library/install/robot_localization/include/robot_localization/srv/detail/set_datum__struct.h
[200.390s] -- Installing: /home/marvin/marvin/software/library/install/robot_localization/include/robot_localization/srv/detail/to_ll__type_support.h
[200.390s] -- Installing: /home/marvin/marvin/software/library/install/robot_localization/include/robot_localization/msg
[200.390s] -- Installing: /home/marvin/marvin/software/library/install/robot_localization/include/robot_localization/msg/rosidl_generator_c__visibility_control.h
[200.390s] -- Installing: /home/marvin/marvin/software/library/install/robot_localization/share/robot_localization/environment/library_path.sh
[200.391s] -- Installing: /home/marvin/marvin/software/library/install/robot_localization/share/robot_localization/environment/library_path.dsv
[200.391s] -- Installing: /home/marvin/marvin/software/library/install/robot_localization/lib/librobot_localization__rosidl_generator_c.so
[200.392s] -- Set runtime path of "/home/marvin/marvin/software/library/install/robot_localization/lib/librobot_localization__rosidl_generator_c.so" to ""
[200.392s] -- Up-to-date: /home/marvin/marvin/software/library/install/robot_localization/include/robot_localization
[200.392s] -- Up-to-date: /home/marvin/marvin/software/library/install/robot_localization/include/robot_localization/srv
[200.393s] -- Up-to-date: /home/marvin/marvin/software/library/install/robot_localization/include/robot_localization/srv/detail
[200.393s] -- Installing: /home/marvin/marvin/software/library/install/robot_localization/include/robot_localization/srv/detail/set_datum__rosidl_typesupport_fastrtps_c.h
[200.393s] -- Installing: /home/marvin/marvin/software/library/install/robot_localization/include/robot_localization/srv/detail/get_state__rosidl_typesupport_fastrtps_c.h
[200.393s] -- Installing: /home/marvin/marvin/software/library/install/robot_localization/include/robot_localization/srv/detail/set_pose__rosidl_typesupport_fastrtps_c.h
[200.393s] -- Installing: /home/marvin/marvin/software/library/install/robot_localization/include/robot_localization/srv/detail/toggle_filter_processing__rosidl_typesupport_fastrtps_c.h
[200.394s] -- Installing: /home/marvin/marvin/software/library/install/robot_localization/include/robot_localization/srv/detail/to_ll__rosidl_typesupport_fastrtps_c.h
[200.394s] -- Installing: /home/marvin/marvin/software/library/install/robot_localization/include/robot_localization/srv/detail/from_ll__rosidl_typesupport_fastrtps_c.h
[200.394s] -- Up-to-date: /home/marvin/marvin/software/library/install/robot_localization/include/robot_localization/msg
[200.394s] -- Installing: /home/marvin/marvin/software/library/install/robot_localization/include/robot_localization/msg/rosidl_typesupport_fastrtps_c__visibility_control.h
[200.395s] -- Installing: /home/marvin/marvin/software/library/install/robot_localization/lib/librobot_localization__rosidl_typesupport_fastrtps_c.so
[200.396s] -- Set runtime path of "/home/marvin/marvin/software/library/install/robot_localization/lib/librobot_localization__rosidl_typesupport_fastrtps_c.so" to ""
[200.396s] -- Up-to-date: /home/marvin/marvin/software/library/install/robot_localization/include/robot_localization
[200.397s] -- Up-to-date: /home/marvin/marvin/software/library/install/robot_localization/include/robot_localization/srv
[200.397s] -- Up-to-date: /home/marvin/marvin/software/library/install/robot_localization/include/robot_localization/srv/detail
[200.397s] -- Installing: /home/marvin/marvin/software/library/install/robot_localization/include/robot_localization/srv/detail/get_state__rosidl_typesupport_fastrtps_cpp.hpp
[200.397s] -- Installing: /home/marvin/marvin/software/library/install/robot_localization/include/robot_localization/srv/detail/to_ll__rosidl_typesupport_fastrtps_cpp.hpp
[200.397s] -- Installing: /home/marvin/marvin/software/library/install/robot_localization/include/robot_localization/srv/detail/set_pose__rosidl_typesupport_fastrtps_cpp.hpp
[200.398s] -- Installing: /home/marvin/marvin/software/library/install/robot_localization/include/robot_localization/srv/detail/toggle_filter_processing__rosidl_typesupport_fastrtps_cpp.hpp
[200.398s] -- Installing: /home/marvin/marvin/software/library/install/robot_localization/include/robot_localization/srv/detail/from_ll__rosidl_typesupport_fastrtps_cpp.hpp
[200.398s] -- Installing: /home/marvin/marvin/software/library/install/robot_localization/include/robot_localization/srv/detail/set_datum__rosidl_typesupport_fastrtps_cpp.hpp
[200.398s] -- Installing: /home/marvin/marvin/software/library/install/robot_localization/include/robot_localization/srv/detail/dds_fastrtps
[200.399s] -- Up-to-date: /home/marvin/marvin/software/library/install/robot_localization/include/robot_localization/msg
[200.399s] -- Installing: /home/marvin/marvin/software/library/install/robot_localization/include/robot_localization/msg/rosidl_typesupport_fastrtps_cpp__visibility_control.h
[200.399s] -- Installing: /home/marvin/marvin/software/library/install/robot_localization/lib/librobot_localization__rosidl_typesupport_fastrtps_cpp.so
[200.400s] -- Set runtime path of "/home/marvin/marvin/software/library/install/robot_localization/lib/librobot_localization__rosidl_typesupport_fastrtps_cpp.so" to ""
[200.401s] -- Up-to-date: /home/marvin/marvin/software/library/install/robot_localization/include/robot_localization
[200.401s] -- Up-to-date: /home/marvin/marvin/software/library/install/robot_localization/include/robot_localization/srv
[200.401s] -- Up-to-date: /home/marvin/marvin/software/library/install/robot_localization/include/robot_localization/srv/detail
[200.401s] -- Installing: /home/marvin/marvin/software/library/install/robot_localization/include/robot_localization/srv/detail/set_pose__rosidl_typesupport_introspection_c.h
[200.402s] -- Installing: /home/marvin/marvin/software/library/install/robot_localization/include/robot_localization/srv/detail/set_datum__type_support.c
[200.402s] -- Installing: /home/marvin/marvin/software/library/install/robot_localization/include/robot_localization/srv/detail/from_ll__type_support.c
[200.402s] -- Installing: /home/marvin/marvin/software/library/install/robot_localization/include/robot_localization/srv/detail/toggle_filter_processing__type_support.c
[200.402s] -- Installing: /home/marvin/marvin/software/library/install/robot_localization/include/robot_localization/srv/detail/set_datum__rosidl_typesupport_introspection_c.h
[200.403s] -- Installing: /home/marvin/marvin/software/library/install/robot_localization/include/robot_localization/srv/detail/set_pose__type_support.c
[200.403s] -- Installing: /home/marvin/marvin/software/library/install/robot_localization/include/robot_localization/srv/detail/to_ll__rosidl_typesupport_introspection_c.h
[200.403s] -- Installing: /home/marvin/marvin/software/library/install/robot_localization/include/robot_localization/srv/detail/get_state__type_support.c
[200.404s] -- Installing: /home/marvin/marvin/software/library/install/robot_localization/include/robot_localization/srv/detail/to_ll__type_support.c
[200.404s] -- Installing: /home/marvin/marvin/software/library/install/robot_localization/include/robot_localization/srv/detail/toggle_filter_processing__rosidl_typesupport_introspection_c.h
[200.404s] -- Installing: /home/marvin/marvin/software/library/install/robot_localization/include/robot_localization/srv/detail/from_ll__rosidl_typesupport_introspection_c.h
[200.404s] -- Installing: /home/marvin/marvin/software/library/install/robot_localization/include/robot_localization/srv/detail/get_state__rosidl_typesupport_introspection_c.h
[200.405s] -- Up-to-date: /home/marvin/marvin/software/library/install/robot_localization/include/robot_localization/msg
[200.405s] -- Installing: /home/marvin/marvin/software/library/install/robot_localization/include/robot_localization/msg/rosidl_typesupport_introspection_c__visibility_control.h
[200.405s] -- Installing: /home/marvin/marvin/software/library/install/robot_localization/lib/librobot_localization__rosidl_typesupport_introspection_c.so
[200.406s] -- Set runtime path of "/home/marvin/marvin/software/library/install/robot_localization/lib/librobot_localization__rosidl_typesupport_introspection_c.so" to ""
[200.406s] -- Installing: /home/marvin/marvin/software/library/install/robot_localization/lib/librobot_localization__rosidl_typesupport_c.so
[200.407s] -- Set runtime path of "/home/marvin/marvin/software/library/install/robot_localization/lib/librobot_localization__rosidl_typesupport_c.so" to ""
[200.407s] -- Up-to-date: /home/marvin/marvin/software/library/install/robot_localization/include/robot_localization
[200.407s] -- Up-to-date: /home/marvin/marvin/software/library/install/robot_localization/include/robot_localization/srv
[200.407s] -- Installing: /home/marvin/marvin/software/library/install/robot_localization/include/robot_localization/srv/toggle_filter_processing.hpp
[200.407s] -- Installing: /home/marvin/marvin/software/library/install/robot_localization/include/robot_localization/srv/to_ll.hpp
[200.408s] -- Installing: /home/marvin/marvin/software/library/install/robot_localization/include/robot_localization/srv/from_ll.hpp
[200.408s] -- Installing: /home/marvin/marvin/software/library/install/robot_localization/include/robot_localization/srv/get_state.hpp
[200.408s] -- Installing: /home/marvin/marvin/software/library/install/robot_localization/include/robot_localization/srv/set_pose.hpp
[200.408s] -- Installing: /home/marvin/marvin/software/library/install/robot_localization/include/robot_localization/srv/set_datum.hpp
[200.408s] -- Up-to-date: /home/marvin/marvin/software/library/install/robot_localization/include/robot_localization/srv/detail
[200.409s] -- Installing: /home/marvin/marvin/software/library/install/robot_localization/include/robot_localization/srv/detail/set_datum__type_support.hpp
[200.409s] -- Installing: /home/marvin/marvin/software/library/install/robot_localization/include/robot_localization/srv/detail/get_state__type_support.hpp
[200.409s] -- Installing: /home/marvin/marvin/software/library/install/robot_localization/include/robot_localization/srv/detail/from_ll__type_support.hpp
[200.410s] -- Installing: /home/marvin/marvin/software/library/install/robot_localization/include/robot_localization/srv/detail/set_datum__builder.hpp
[200.410s] -- Installing: /home/marvin/marvin/software/library/install/robot_localization/include/robot_localization/srv/detail/toggle_filter_processing__type_support.hpp
[200.410s] -- Installing: /home/marvin/marvin/software/library/install/robot_localization/include/robot_localization/srv/detail/to_ll__traits.hpp
[200.410s] -- Installing: /home/marvin/marvin/software/library/install/robot_localization/include/robot_localization/srv/detail/get_state__builder.hpp
[200.411s] -- Installing: /home/marvin/marvin/software/library/install/robot_localization/include/robot_localization/srv/detail/set_datum__struct.hpp
[200.411s] -- Installing: /home/marvin/marvin/software/library/install/robot_localization/include/robot_localization/srv/detail/from_ll__builder.hpp
[200.411s] -- Installing: /home/marvin/marvin/software/library/install/robot_localization/include/robot_localization/srv/detail/to_ll__struct.hpp
[200.412s] -- Installing: /home/marvin/marvin/software/library/install/robot_localization/include/robot_localization/srv/detail/from_ll__traits.hpp
[200.412s] -- Installing: /home/marvin/marvin/software/library/install/robot_localization/include/robot_localization/srv/detail/toggle_filter_processing__traits.hpp
[200.412s] -- Installing: /home/marvin/marvin/software/library/install/robot_localization/include/robot_localization/srv/detail/set_pose__type_support.hpp
[200.412s] -- Installing: /home/marvin/marvin/software/library/install/robot_localization/include/robot_localization/srv/detail/to_ll__builder.hpp
[200.412s] -- Installing: /home/marvin/marvin/software/library/install/robot_localization/include/robot_localization/srv/detail/toggle_filter_processing__builder.hpp
[200.413s] -- Installing: /home/marvin/marvin/software/library/install/robot_localization/include/robot_localization/srv/detail/get_state__struct.hpp
[200.413s] -- Installing: /home/marvin/marvin/software/library/install/robot_localization/include/robot_localization/srv/detail/set_pose__builder.hpp
[200.413s] -- Installing: /home/marvin/marvin/software/library/install/robot_localization/include/robot_localization/srv/detail/to_ll__type_support.hpp
[200.414s] -- Installing: /home/marvin/marvin/software/library/install/robot_localization/include/robot_localization/srv/detail/get_state__traits.hpp
[200.414s] -- Installing: /home/marvin/marvin/software/library/install/robot_localization/include/robot_localization/srv/detail/from_ll__struct.hpp
[200.414s] -- Installing: /home/marvin/marvin/software/library/install/robot_localization/include/robot_localization/srv/detail/set_pose__struct.hpp
[200.414s] -- Installing: /home/marvin/marvin/software/library/install/robot_localization/include/robot_localization/srv/detail/toggle_filter_processing__struct.hpp
[200.415s] -- Installing: /home/marvin/marvin/software/library/install/robot_localization/include/robot_localization/srv/detail/set_pose__traits.hpp
[200.415s] -- Installing: /home/marvin/marvin/software/library/install/robot_localization/include/robot_localization/srv/detail/set_datum__traits.hpp
[200.415s] -- Up-to-date: /home/marvin/marvin/software/library/install/robot_localization/include/robot_localization/msg
[200.415s] -- Installing: /home/marvin/marvin/software/library/install/robot_localization/include/robot_localization/msg/rosidl_generator_cpp__visibility_control.hpp
[200.415s] -- Up-to-date: /home/marvin/marvin/software/library/install/robot_localization/include/robot_localization
[200.416s] -- Up-to-date: /home/marvin/marvin/software/library/install/robot_localization/include/robot_localization/srv
[200.416s] -- Up-to-date: /home/marvin/marvin/software/library/install/robot_localization/include/robot_localization/srv/detail
[200.416s] -- Installing: /home/marvin/marvin/software/library/install/robot_localization/include/robot_localization/srv/detail/to_ll__type_support.cpp
[200.416s] -- Installing: /home/marvin/marvin/software/library/install/robot_localization/include/robot_localization/srv/detail/set_datum__type_support.cpp
[200.416s] -- Installing: /home/marvin/marvin/software/library/install/robot_localization/include/robot_localization/srv/detail/to_ll__rosidl_typesupport_introspection_cpp.hpp
[200.417s] -- Installing: /home/marvin/marvin/software/library/install/robot_localization/include/robot_localization/srv/detail/toggle_filter_processing__type_support.cpp
[200.417s] -- Installing: /home/marvin/marvin/software/library/install/robot_localization/include/robot_localization/srv/detail/get_state__type_support.cpp
[200.417s] -- Installing: /home/marvin/marvin/software/library/install/robot_localization/include/robot_localization/srv/detail/from_ll__type_support.cpp
[200.417s] -- Installing: /home/marvin/marvin/software/library/install/robot_localization/include/robot_localization/srv/detail/set_datum__rosidl_typesupport_introspection_cpp.hpp
[200.417s] -- Installing: /home/marvin/marvin/software/library/install/robot_localization/include/robot_localization/srv/detail/get_state__rosidl_typesupport_introspection_cpp.hpp
[200.418s] -- Installing: /home/marvin/marvin/software/library/install/robot_localization/include/robot_localization/srv/detail/from_ll__rosidl_typesupport_introspection_cpp.hpp
[200.418s] -- Installing: /home/marvin/marvin/software/library/install/robot_localization/include/robot_localization/srv/detail/toggle_filter_processing__rosidl_typesupport_introspection_cpp.hpp
[200.418s] -- Installing: /home/marvin/marvin/software/library/install/robot_localization/include/robot_localization/srv/detail/set_pose__type_support.cpp
[200.419s] -- Installing: /home/marvin/marvin/software/library/install/robot_localization/include/robot_localization/srv/detail/set_pose__rosidl_typesupport_introspection_cpp.hpp
[200.419s] -- Installing: /home/marvin/marvin/software/library/install/robot_localization/lib/librobot_localization__rosidl_typesupport_introspection_cpp.so
[200.420s] -- Set runtime path of "/home/marvin/marvin/software/library/install/robot_localization/lib/librobot_localization__rosidl_typesupport_introspection_cpp.so" to ""
[200.420s] -- Installing: /home/marvin/marvin/software/library/install/robot_localization/lib/librobot_localization__rosidl_typesupport_cpp.so
[200.421s] -- Set runtime path of "/home/marvin/marvin/software/library/install/robot_localization/lib/librobot_localization__rosidl_typesupport_cpp.so" to ""
[200.421s] -- Installing: /home/marvin/marvin/software/library/install/robot_localization/share/robot_localization/environment/pythonpath.sh
[200.421s] -- Installing: /home/marvin/marvin/software/library/install/robot_localization/share/robot_localization/environment/pythonpath.dsv
[200.422s] -- Installing: /home/marvin/marvin/software/library/install/robot_localization/lib/python3.8/site-packages/robot_localization/__init__.py
[200.453s] Compiling '/home/marvin/marvin/software/library/install/robot_localization/lib/python3.8/site-packages/robot_localization/__init__.py'...
[200.457s] -- Installing: /home/marvin/marvin/software/library/install/robot_localization/lib/python3.8/site-packages/robot_localization/srv
[200.457s] -- Installing: /home/marvin/marvin/software/library/install/robot_localization/lib/python3.8/site-packages/robot_localization/srv/_set_pose.py
[200.458s] -- Installing: /home/marvin/marvin/software/library/install/robot_localization/lib/python3.8/site-packages/robot_localization/srv/_get_state.py
[200.458s] -- Installing: /home/marvin/marvin/software/library/install/robot_localization/lib/python3.8/site-packages/robot_localization/srv/_get_state_s.c
[200.458s] -- Installing: /home/marvin/marvin/software/library/install/robot_localization/lib/python3.8/site-packages/robot_localization/srv/_to_ll.py
[200.459s] -- Installing: /home/marvin/marvin/software/library/install/robot_localization/lib/python3.8/site-packages/robot_localization/srv/_to_ll_s.c
[200.459s] -- Installing: /home/marvin/marvin/software/library/install/robot_localization/lib/python3.8/site-packages/robot_localization/srv/__init__.py
[200.460s] -- Installing: /home/marvin/marvin/software/library/install/robot_localization/lib/python3.8/site-packages/robot_localization/srv/_set_datum.py
[200.460s] -- Installing: /home/marvin/marvin/software/library/install/robot_localization/lib/python3.8/site-packages/robot_localization/srv/_from_ll_s.c
[200.460s] -- Installing: /home/marvin/marvin/software/library/install/robot_localization/lib/python3.8/site-packages/robot_localization/srv/_set_datum_s.c
[200.460s] -- Installing: /home/marvin/marvin/software/library/install/robot_localization/lib/python3.8/site-packages/robot_localization/srv/_toggle_filter_processing.py
[200.460s] -- Installing: /home/marvin/marvin/software/library/install/robot_localization/lib/python3.8/site-packages/robot_localization/srv/_toggle_filter_processing_s.c
[200.461s] -- Installing: /home/marvin/marvin/software/library/install/robot_localization/lib/python3.8/site-packages/robot_localization/srv/_from_ll.py
[200.461s] -- Installing: /home/marvin/marvin/software/library/install/robot_localization/lib/python3.8/site-packages/robot_localization/srv/_set_pose_s.c
[200.461s] -- Installing: /home/marvin/marvin/software/library/install/robot_localization/lib/python3.8/site-packages/robot_localization/robot_localization_s__rosidl_typesupport_fastrtps_c.cpython-38-x86_64-linux-gnu.so
[200.462s] -- Set runtime path of "/home/marvin/marvin/software/library/install/robot_localization/lib/python3.8/site-packages/robot_localization/robot_localization_s__rosidl_typesupport_fastrtps_c.cpython-38-x86_64-linux-gnu.so" to ""
[200.462s] -- Installing: /home/marvin/marvin/software/library/install/robot_localization/lib/python3.8/site-packages/robot_localization/robot_localization_s__rosidl_typesupport_introspection_c.cpython-38-x86_64-linux-gnu.so
[200.463s] -- Set runtime path of "/home/marvin/marvin/software/library/install/robot_localization/lib/python3.8/site-packages/robot_localization/robot_localization_s__rosidl_typesupport_introspection_c.cpython-38-x86_64-linux-gnu.so" to ""
[200.463s] -- Installing: /home/marvin/marvin/software/library/install/robot_localization/lib/python3.8/site-packages/robot_localization/robot_localization_s__rosidl_typesupport_c.cpython-38-x86_64-linux-gnu.so
[200.464s] -- Set runtime path of "/home/marvin/marvin/software/library/install/robot_localization/lib/python3.8/site-packages/robot_localization/robot_localization_s__rosidl_typesupport_c.cpython-38-x86_64-linux-gnu.so" to ""
[200.465s] -- Installing: /home/marvin/marvin/software/library/install/robot_localization/lib/librobot_localization__python.so
[200.465s] -- Set runtime path of "/home/marvin/marvin/software/library/install/robot_localization/lib/librobot_localization__python.so" to ""
[200.465s] -- Installing: /home/marvin/marvin/software/library/install/robot_localization/share/robot_localization/srv/FromLL.idl
[200.466s] -- Installing: /home/marvin/marvin/software/library/install/robot_localization/share/robot_localization/srv/GetState.idl
[200.466s] -- Installing: /home/marvin/marvin/software/library/install/robot_localization/share/robot_localization/srv/SetDatum.idl
[200.466s] -- Installing: /home/marvin/marvin/software/library/install/robot_localization/share/robot_localization/srv/SetPose.idl
[200.466s] -- Installing: /home/marvin/marvin/software/library/install/robot_localization/share/robot_localization/srv/ToggleFilterProcessing.idl
[200.466s] -- Installing: /home/marvin/marvin/software/library/install/robot_localization/share/robot_localization/srv/ToLL.idl
[200.467s] -- Installing: /home/marvin/marvin/software/library/install/robot_localization/share/robot_localization/srv/FromLL.srv
[200.467s] -- Installing: /home/marvin/marvin/software/library/install/robot_localization/share/robot_localization/srv/FromLL_Request.msg
[200.467s] -- Installing: /home/marvin/marvin/software/library/install/robot_localization/share/robot_localization/srv/FromLL_Response.msg
[200.467s] -- Installing: /home/marvin/marvin/software/library/install/robot_localization/share/robot_localization/srv/GetState.srv
[200.467s] -- Installing: /home/marvin/marvin/software/library/install/robot_localization/share/robot_localization/srv/GetState_Request.msg
[200.467s] -- Installing: /home/marvin/marvin/software/library/install/robot_localization/share/robot_localization/srv/GetState_Response.msg
[200.468s] -- Installing: /home/marvin/marvin/software/library/install/robot_localization/share/robot_localization/srv/SetDatum.srv
[200.468s] -- Installing: /home/marvin/marvin/software/library/install/robot_localization/share/robot_localization/srv/SetDatum_Request.msg
[200.468s] -- Installing: /home/marvin/marvin/software/library/install/robot_localization/share/robot_localization/srv/SetDatum_Response.msg
[200.468s] -- Installing: /home/marvin/marvin/software/library/install/robot_localization/share/robot_localization/srv/SetPose.srv
[200.468s] -- Installing: /home/marvin/marvin/software/library/install/robot_localization/share/robot_localization/srv/SetPose_Request.msg
[200.468s] -- Installing: /home/marvin/marvin/software/library/install/robot_localization/share/robot_localization/srv/SetPose_Response.msg
[200.469s] -- Installing: /home/marvin/marvin/software/library/install/robot_localization/share/robot_localization/srv/ToggleFilterProcessing.srv
[200.469s] -- Installing: /home/marvin/marvin/software/library/install/robot_localization/share/robot_localization/srv/ToggleFilterProcessing_Request.msg
[200.469s] -- Installing: /home/marvin/marvin/software/library/install/robot_localization/share/robot_localization/srv/ToggleFilterProcessing_Response.msg
[200.469s] -- Installing: /home/marvin/marvin/software/library/install/robot_localization/share/robot_localization/srv/ToLL.srv
[200.469s] -- Installing: /home/marvin/marvin/software/library/install/robot_localization/share/robot_localization/srv/ToLL_Request.msg
[200.470s] -- Installing: /home/marvin/marvin/software/library/install/robot_localization/share/robot_localization/srv/ToLL_Response.msg
[200.470s] -- Installing: /home/marvin/marvin/software/library/install/robot_localization/lib/robot_localization/filter_base-test
[200.480s] -- Set runtime path of "/home/marvin/marvin/software/library/install/robot_localization/lib/robot_localization/filter_base-test" to ""
[200.480s] -- Installing: /home/marvin/marvin/software/library/install/robot_localization/lib/robot_localization/test_filter_base_diagnostics_timestamps
[200.501s] -- Set runtime path of "/home/marvin/marvin/software/library/install/robot_localization/lib/robot_localization/test_filter_base_diagnostics_timestamps" to ""
[200.501s] -- Installing: /home/marvin/marvin/software/library/install/robot_localization/lib/robot_localization/test_ekf
[200.512s] -- Set runtime path of "/home/marvin/marvin/software/library/install/robot_localization/lib/robot_localization/test_ekf" to ""
[200.512s] -- Installing: /home/marvin/marvin/software/library/install/robot_localization/lib/robot_localization/test_ekf_localization_node_interfaces
[200.533s] -- Set runtime path of "/home/marvin/marvin/software/library/install/robot_localization/lib/robot_localization/test_ekf_localization_node_interfaces" to ""
[200.534s] -- Installing: /home/marvin/marvin/software/library/install/robot_localization/lib/robot_localization/test_ukf
[200.545s] -- Set runtime path of "/home/marvin/marvin/software/library/install/robot_localization/lib/robot_localization/test_ukf" to ""
[200.545s] -- Installing: /home/marvin/marvin/software/library/install/robot_localization/lib/robot_localization/test_ukf_localization_node_interfaces
[200.567s] -- Set runtime path of "/home/marvin/marvin/software/library/install/robot_localization/lib/robot_localization/test_ukf_localization_node_interfaces" to ""
[200.567s] -- Installing: /home/marvin/marvin/software/library/install/robot_localization/lib/robot_localization/test_robot_localization_estimator
[200.577s] -- Set runtime path of "/home/marvin/marvin/software/library/install/robot_localization/lib/robot_localization/test_robot_localization_estimator" to ""
[200.577s] -- Installing: /home/marvin/marvin/software/library/install/robot_localization/lib/robot_localization/test_navsat_conversions
[200.585s] -- Set runtime path of "/home/marvin/marvin/software/library/install/robot_localization/lib/robot_localization/test_navsat_conversions" to ""
[200.585s] -- Installing: /home/marvin/marvin/software/library/install/robot_localization/lib/robot_localization/test_navsat_transform
[200.596s] -- Set runtime path of "/home/marvin/marvin/software/library/install/robot_localization/lib/robot_localization/test_navsat_transform" to ""
[200.596s] -- Installing: /home/marvin/marvin/software/library/install/robot_localization/lib/robot_localization/test_ros_robot_localization_listener
[200.606s] -- Set runtime path of "/home/marvin/marvin/software/library/install/robot_localization/lib/robot_localization/test_ros_robot_localization_listener" to ""
[200.606s] -- Installing: /home/marvin/marvin/software/library/install/robot_localization/lib/robot_localization/test_ros_robot_localization_listener_publisher
[200.612s] -- Set runtime path of "/home/marvin/marvin/software/library/install/robot_localization/lib/robot_localization/test_ros_robot_localization_listener_publisher" to ""
[200.612s] -- Installing: /home/marvin/marvin/software/library/install/robot_localization/share/robot_localization/test
[200.612s] -- Installing: /home/marvin/marvin/software/library/install/robot_localization/share/robot_localization/test/test_ekf_localization_node_bag2.sh
[200.612s] -- Installing: /home/marvin/marvin/software/library/install/robot_localization/share/robot_localization/test/test_navsat_conversions.cpp
[200.612s] -- Installing: /home/marvin/marvin/software/library/install/robot_localization/share/robot_localization/test/test_navsat_transform.launch.py
[200.613s] -- Installing: /home/marvin/marvin/software/library/install/robot_localization/share/robot_localization/test/test_ekf_localization_node_interfaces.launch.py
[200.613s] -- Installing: /home/marvin/marvin/software/library/install/robot_localization/share/robot_localization/test/test_ukf_localization_node_bag3.sh
[200.613s] -- Installing: /home/marvin/marvin/software/library/install/robot_localization/share/robot_localization/test/test_ekf_localization_node_bag2.launch.py
[200.613s] -- Installing: /home/marvin/marvin/software/library/install/robot_localization/share/robot_localization/test/test_robot_localization_estimator.launch.py
[200.613s] -- Installing: /home/marvin/marvin/software/library/install/robot_localization/share/robot_localization/test/test_localization_node_bag_pose_tester.cpp
[200.613s] -- Installing: /home/marvin/marvin/software/library/install/robot_localization/share/robot_localization/test/test_ros_robot_localization_listener.yaml
[200.613s] -- Installing: /home/marvin/marvin/software/library/install/robot_localization/share/robot_localization/test/test_ekf_localization_node_bag1.launch.py
[200.613s] -- Installing: /home/marvin/marvin/software/library/install/robot_localization/share/robot_localization/test/test_ekf_localization_node_bag2.yaml
[200.613s] -- Installing: /home/marvin/marvin/software/library/install/robot_localization/share/robot_localization/test/test_filter_base_diagnostics_timestamps.cpp
[200.614s] -- Installing: /home/marvin/marvin/software/library/install/robot_localization/share/robot_localization/test/test_ukf_localization_node_bag2.sh
[200.614s] -- Installing: /home/marvin/marvin/software/library/install/robot_localization/share/robot_localization/test/test_ekf_localization_node_bag3.yaml
[200.614s] -- Installing: /home/marvin/marvin/software/library/install/robot_localization/share/robot_localization/test/test_ukf_localization_node_interfaces.cpp
[200.614s] -- Installing: /home/marvin/marvin/software/library/install/robot_localization/share/robot_localization/test/test_ekf.cpp
[200.614s] -- Installing: /home/marvin/marvin/software/library/install/robot_localization/share/robot_localization/test/test_navsat_transform.cpp
[200.614s] -- Installing: /home/marvin/marvin/software/library/install/robot_localization/share/robot_localization/test/test_ukf_localization_node_bag1.yaml
[200.614s] -- Installing: /home/marvin/marvin/software/library/install/robot_localization/share/robot_localization/test/test_ekf_localization_node_bag1.sh
[200.614s] -- Installing: /home/marvin/marvin/software/library/install/robot_localization/share/robot_localization/test/test_ukf_localization_node_bag2.launch.py
[200.614s] -- Installing: /home/marvin/marvin/software/library/install/robot_localization/share/robot_localization/test/test_ekf_localization_node_interfaces.yaml
[200.615s] -- Installing: /home/marvin/marvin/software/library/install/robot_localization/share/robot_localization/test/test_ukf_localization_node_interfaces.yaml
[200.615s] -- Installing: /home/marvin/marvin/software/library/install/robot_localization/share/robot_localization/test/test_ukf.cpp
[200.615s] -- Installing: /home/marvin/marvin/software/library/install/robot_localization/share/robot_localization/test/test_ros_robot_localization_listener.cpp
[200.615s] -- Installing: /home/marvin/marvin/software/library/install/robot_localization/share/robot_localization/test/test_ukf_localization_node_bag3.yaml
[200.615s] -- Installing: /home/marvin/marvin/software/library/install/robot_localization/share/robot_localization/test/test_ukf_localization_node_bag1.sh
[200.615s] -- Installing: /home/marvin/marvin/software/library/install/robot_localization/share/robot_localization/test/test_ros_robot_localization_listener_publisher.cpp
[200.615s] -- Installing: /home/marvin/marvin/software/library/install/robot_localization/share/robot_localization/test/test_filter_base_diagnostics_timestamps.launch.py
[200.615s] -- Installing: /home/marvin/marvin/software/library/install/robot_localization/share/robot_localization/test/test_ekf_localization_node_bag1.yaml
[200.616s] -- Installing: /home/marvin/marvin/software/library/install/robot_localization/share/robot_localization/test/test1.bag
[200.617s] -- Installing: /home/marvin/marvin/software/library/install/robot_localization/share/robot_localization/test/test_ekf_localization_node_interfaces.cpp
[200.617s] -- Installing: /home/marvin/marvin/software/library/install/robot_localization/share/robot_localization/test/test_ukf_localization_node_interfaces.launch.py
[200.618s] -- Installing: /home/marvin/marvin/software/library/install/robot_localization/share/robot_localization/test/test_ukf_localization_node_bag2.yaml
[200.618s] -- Installing: /home/marvin/marvin/software/library/install/robot_localization/share/robot_localization/test/test_ros_robot_localization_listener.launch.py
[200.618s] -- Installing: /home/marvin/marvin/software/library/install/robot_localization/share/robot_localization/test/test_ekf_localization_node_bag3.sh
[200.618s] -- Installing: /home/marvin/marvin/software/library/install/robot_localization/share/robot_localization/test/test2.bag
[200.619s] -- Installing: /home/marvin/marvin/software/library/install/robot_localization/share/robot_localization/test/test_filter_base_diagnostics_timestamps.yaml
[200.619s] -- Installing: /home/marvin/marvin/software/library/install/robot_localization/share/robot_localization/test/test3.bag
[200.647s] -- Installing: /home/marvin/marvin/software/library/install/robot_localization/share/robot_localization/test/test_ukf_localization_node_bag1.launch.py
[200.647s] -- Installing: /home/marvin/marvin/software/library/install/robot_localization/share/robot_localization/test/test_filter_base.cpp
[200.647s] -- Installing: /home/marvin/marvin/software/library/install/robot_localization/share/robot_localization/test/test_ekf_localization_node_bag3.launch.py
[200.647s] -- Installing: /home/marvin/marvin/software/library/install/robot_localization/share/robot_localization/test/test_robot_localization_estimator.cpp
[200.647s] -- Installing: /home/marvin/marvin/software/library/install/robot_localization/share/robot_localization/test/test_ukf_localization_node_bag3.launch.py
[200.648s] -- Installing: /home/marvin/marvin/software/library/install/robot_localization/lib/robot_localization/navsat_transform_node
[200.650s] -- Set runtime path of "/home/marvin/marvin/software/library/install/robot_localization/lib/robot_localization/navsat_transform_node" to ""
[200.650s] -- Installing: /home/marvin/marvin/software/library/install/robot_localization/lib/robot_localization/ekf_node
[200.652s] -- Set runtime path of "/home/marvin/marvin/software/library/install/robot_localization/lib/robot_localization/ekf_node" to ""
[200.652s] -- Installing: /home/marvin/marvin/software/library/install/robot_localization/lib/robot_localization/ukf_node
[200.655s] -- Set runtime path of "/home/marvin/marvin/software/library/install/robot_localization/lib/robot_localization/ukf_node" to ""
[200.655s] -- Installing: /home/marvin/marvin/software/library/install/robot_localization/lib/robot_localization/robot_localization_listener_node
[200.658s] -- Set runtime path of "/home/marvin/marvin/software/library/install/robot_localization/lib/robot_localization/robot_localization_listener_node" to ""
[200.658s] -- Installing: /home/marvin/marvin/software/library/install/robot_localization/lib/librl_lib.so
[200.752s] -- Set runtime path of "/home/marvin/marvin/software/library/install/robot_localization/lib/librl_lib.so" to ""
[200.752s] -- Up-to-date: /home/marvin/marvin/software/library/install/robot_localization/include
[200.752s] -- Up-to-date: /home/marvin/marvin/software/library/install/robot_localization/include/robot_localization
[200.753s] -- Installing: /home/marvin/marvin/software/library/install/robot_localization/include/robot_localization/filter_state.hpp
[200.753s] -- Installing: /home/marvin/marvin/software/library/install/robot_localization/include/robot_localization/ros_robot_localization_listener.hpp
[200.753s] -- Installing: /home/marvin/marvin/software/library/install/robot_localization/include/robot_localization/navsat_conversions.hpp
[200.753s] -- Installing: /home/marvin/marvin/software/library/install/robot_localization/include/robot_localization/ukf.hpp
[200.753s] -- Installing: /home/marvin/marvin/software/library/install/robot_localization/include/robot_localization/ros_filter_types.hpp
[200.753s] -- Installing: /home/marvin/marvin/software/library/install/robot_localization/include/robot_localization/robot_localization_estimator.hpp
[200.753s] -- Installing: /home/marvin/marvin/software/library/install/robot_localization/include/robot_localization/ros_filter_utilities.hpp
[200.753s] -- Installing: /home/marvin/marvin/software/library/install/robot_localization/include/robot_localization/navsat_transform.hpp
[200.753s] -- Installing: /home/marvin/marvin/software/library/install/robot_localization/include/robot_localization/ekf.hpp
[200.754s] -- Installing: /home/marvin/marvin/software/library/install/robot_localization/include/robot_localization/filter_common.hpp
[200.754s] -- Installing: /home/marvin/marvin/software/library/install/robot_localization/include/robot_localization/filter_utilities.hpp
[200.754s] -- Installing: /home/marvin/marvin/software/library/install/robot_localization/include/robot_localization/measurement.hpp
[200.754s] -- Installing: /home/marvin/marvin/software/library/install/robot_localization/include/robot_localization/ros_filter.hpp
[200.754s] -- Installing: /home/marvin/marvin/software/library/install/robot_localization/include/robot_localization/filter_base.hpp
[200.754s] -- Installing: /home/marvin/marvin/software/library/install/robot_localization/share/robot_localization/params
[200.754s] -- Installing: /home/marvin/marvin/software/library/install/robot_localization/share/robot_localization/params/dual_ekf_navsat_example.yaml
[200.754s] -- Installing: /home/marvin/marvin/software/library/install/robot_localization/share/robot_localization/params/ekf.yaml
[200.754s] -- Installing: /home/marvin/marvin/software/library/install/robot_localization/share/robot_localization/params/navsat_transform.yaml
[200.754s] -- Installing: /home/marvin/marvin/software/library/install/robot_localization/share/robot_localization/params/ekf_x1_x3.yaml
[200.755s] -- Installing: /home/marvin/marvin/software/library/install/robot_localization/share/robot_localization/params/ukf.yaml
[200.755s] -- Installing: /home/marvin/marvin/software/library/install/robot_localization/share/robot_localization/params/ekf_BK.yaml
[200.755s] -- Installing: /home/marvin/marvin/software/library/install/robot_localization/share/robot_localization/launch
[200.755s] -- Installing: /home/marvin/marvin/software/library/install/robot_localization/share/robot_localization/launch/ukf.launch.py
[200.755s] -- Installing: /home/marvin/marvin/software/library/install/robot_localization/share/robot_localization/launch/ekf.launch.py
[200.755s] -- Installing: /home/marvin/marvin/software/library/install/robot_localization/share/robot_localization/launch/navsat_transform.launch.py
[200.755s] -- Installing: /home/marvin/marvin/software/library/install/robot_localization/share/robot_localization/launch/ekf_x1_x3_launch.py
[200.755s] -- Installing: /home/marvin/marvin/software/library/install/robot_localization/share/robot_localization/launch/dual_ekf_navsat_example.launch.py
[200.756s] -- Installing: /home/marvin/marvin/software/library/install/robot_localization/share/ament_index/resource_index/package_run_dependencies/robot_localization
[200.756s] -- Installing: /home/marvin/marvin/software/library/install/robot_localization/share/ament_index/resource_index/parent_prefix_path/robot_localization
[200.756s] -- Installing: /home/marvin/marvin/software/library/install/robot_localization/share/robot_localization/environment/ament_prefix_path.sh
[200.756s] -- Installing: /home/marvin/marvin/software/library/install/robot_localization/share/robot_localization/environment/ament_prefix_path.dsv
[200.756s] -- Installing: /home/marvin/marvin/software/library/install/robot_localization/share/robot_localization/environment/path.sh
[200.757s] -- Installing: /home/marvin/marvin/software/library/install/robot_localization/share/robot_localization/environment/path.dsv
[200.757s] -- Installing: /home/marvin/marvin/software/library/install/robot_localization/share/robot_localization/local_setup.bash
[200.757s] -- Installing: /home/marvin/marvin/software/library/install/robot_localization/share/robot_localization/local_setup.sh
[200.757s] -- Installing: /home/marvin/marvin/software/library/install/robot_localization/share/robot_localization/local_setup.zsh
[200.757s] -- Installing: /home/marvin/marvin/software/library/install/robot_localization/share/robot_localization/local_setup.dsv
[200.757s] -- Installing: /home/marvin/marvin/software/library/install/robot_localization/share/robot_localization/package.dsv
[200.758s] -- Installing: /home/marvin/marvin/software/library/install/robot_localization/share/ament_index/resource_index/packages/robot_localization
[200.758s] -- Installing: /home/marvin/marvin/software/library/install/robot_localization/share/robot_localization/cmake/robot_localization__rosidl_generator_cExport.cmake
[200.758s] -- Installing: /home/marvin/marvin/software/library/install/robot_localization/share/robot_localization/cmake/robot_localization__rosidl_generator_cExport-relwithdebinfo.cmake
[200.758s] -- Installing: /home/marvin/marvin/software/library/install/robot_localization/share/robot_localization/cmake/robot_localization__rosidl_typesupport_introspection_cExport.cmake
[200.759s] -- Installing: /home/marvin/marvin/software/library/install/robot_localization/share/robot_localization/cmake/robot_localization__rosidl_typesupport_introspection_cExport-relwithdebinfo.cmake
[200.759s] -- Installing: /home/marvin/marvin/software/library/install/robot_localization/share/robot_localization/cmake/robot_localization__rosidl_typesupport_cExport.cmake
[200.759s] -- Installing: /home/marvin/marvin/software/library/install/robot_localization/share/robot_localization/cmake/robot_localization__rosidl_typesupport_cExport-relwithdebinfo.cmake
[200.759s] -- Installing: /home/marvin/marvin/software/library/install/robot_localization/share/robot_localization/cmake/robot_localization__rosidl_generator_cppExport.cmake
[200.760s] -- Installing: /home/marvin/marvin/software/library/install/robot_localization/share/robot_localization/cmake/robot_localization__rosidl_typesupport_introspection_cppExport.cmake
[200.760s] -- Installing: /home/marvin/marvin/software/library/install/robot_localization/share/robot_localization/cmake/robot_localization__rosidl_typesupport_introspection_cppExport-relwithdebinfo.cmake
[200.760s] -- Installing: /home/marvin/marvin/software/library/install/robot_localization/share/robot_localization/cmake/robot_localization__rosidl_typesupport_cppExport.cmake
[200.760s] -- Installing: /home/marvin/marvin/software/library/install/robot_localization/share/robot_localization/cmake/robot_localization__rosidl_typesupport_cppExport-relwithdebinfo.cmake
[200.760s] -- Installing: /home/marvin/marvin/software/library/install/robot_localization/share/robot_localization/cmake/rosidl_cmake-extras.cmake
[200.761s] -- Installing: /home/marvin/marvin/software/library/install/robot_localization/share/robot_localization/cmake/ament_cmake_export_dependencies-extras.cmake
[200.761s] -- Installing: /home/marvin/marvin/software/library/install/robot_localization/share/robot_localization/cmake/ament_cmake_export_libraries-extras.cmake
[200.761s] -- Installing: /home/marvin/marvin/software/library/install/robot_localization/share/robot_localization/cmake/ament_cmake_export_targets-extras.cmake
[200.761s] -- Installing: /home/marvin/marvin/software/library/install/robot_localization/share/robot_localization/cmake/ament_cmake_export_include_directories-extras.cmake
[200.761s] -- Installing: /home/marvin/marvin/software/library/install/robot_localization/share/robot_localization/cmake/rosidl_cmake_export_typesupport_libraries-extras.cmake
[200.761s] -- Installing: /home/marvin/marvin/software/library/install/robot_localization/share/robot_localization/cmake/rosidl_cmake_export_typesupport_targets-extras.cmake
[200.762s] -- Installing: /home/marvin/marvin/software/library/install/robot_localization/share/robot_localization/cmake/robot_localizationConfig.cmake
[200.762s] -- Installing: /home/marvin/marvin/software/library/install/robot_localization/share/robot_localization/cmake/robot_localizationConfig-version.cmake
[200.762s] -- Installing: /home/marvin/marvin/software/library/install/robot_localization/share/robot_localization/package.xml
[200.765s] Invoked command in '/home/marvin/marvin/software/library/build/robot_localization' returned '0': CMAKE_PREFIX_PATH=/opt/ros/foxy /usr/bin/cmake --install /home/marvin/marvin/software/library/build/robot_localization
