[0.022s] Invoking command in '/home/marvin/marvin/build/ldlidar_stl_ros2': CMAKE_PREFIX_PATH=/opt/ros/foxy /usr/bin/cmake --build /home/marvin/marvin/build/ldlidar_stl_ros2 -- -j2 -l2
[0.181s] [100%] Built target ldlidar_stl_ros2_node
[0.206s] Invoked command in '/home/marvin/marvin/build/ldlidar_stl_ros2' returned '0': CMAKE_PREFIX_PATH=/opt/ros/foxy /usr/bin/cmake --build /home/marvin/marvin/build/ldlidar_stl_ros2 -- -j2 -l2
[0.243s] Invoking command in '/home/marvin/marvin/build/ldlidar_stl_ros2': CMAKE_PREFIX_PATH=/opt/ros/foxy /usr/bin/cmake --install /home/marvin/marvin/build/ldlidar_stl_ros2
[0.262s] -- Install configuration: ""
[0.264s] -- Up-to-date: /home/marvin/marvin/install/ldlidar_stl_ros2/lib/ldlidar_stl_ros2/ldlidar_stl_ros2_node
[0.268s] -- Up-to-date: /home/marvin/marvin/install/ldlidar_stl_ros2/share/ldlidar_stl_ros2//launch
[0.268s] -- Up-to-date: /home/marvin/marvin/install/ldlidar_stl_ros2/share/ldlidar_stl_ros2//launch/ld06.launch.py
[0.268s] -- Up-to-date: /home/marvin/marvin/install/ldlidar_stl_ros2/share/ldlidar_stl_ros2//launch/ld19.launch.py
[0.268s] -- Up-to-date: /home/marvin/marvin/install/ldlidar_stl_ros2/share/ldlidar_stl_ros2//launch/ld06_gmapping.launch.py
[0.268s] -- Up-to-date: /home/marvin/marvin/install/ldlidar_stl_ros2/share/ldlidar_stl_ros2//rviz2
[0.268s] -- Up-to-date: /home/marvin/marvin/install/ldlidar_stl_ros2/share/ldlidar_stl_ros2//rviz2/ldlidar_gmapping.rviz
[0.269s] -- Up-to-date: /home/marvin/marvin/install/ldlidar_stl_ros2/share/ldlidar_stl_ros2//rviz2/ldlidar.rviz
[0.269s] -- Up-to-date: /home/marvin/marvin/install/ldlidar_stl_ros2/share/ament_index/resource_index/package_run_dependencies/ldlidar_stl_ros2
[0.269s] -- Up-to-date: /home/marvin/marvin/install/ldlidar_stl_ros2/share/ament_index/resource_index/parent_prefix_path/ldlidar_stl_ros2
[0.269s] -- Up-to-date: /home/marvin/marvin/install/ldlidar_stl_ros2/share/ldlidar_stl_ros2/environment/ament_prefix_path.sh
[0.269s] -- Up-to-date: /home/marvin/marvin/install/ldlidar_stl_ros2/share/ldlidar_stl_ros2/environment/ament_prefix_path.dsv
[0.269s] -- Up-to-date: /home/marvin/marvin/install/ldlidar_stl_ros2/share/ldlidar_stl_ros2/environment/path.sh
[0.269s] -- Up-to-date: /home/marvin/marvin/install/ldlidar_stl_ros2/share/ldlidar_stl_ros2/environment/path.dsv
[0.269s] -- Up-to-date: /home/marvin/marvin/install/ldlidar_stl_ros2/share/ldlidar_stl_ros2/local_setup.bash
[0.269s] -- Up-to-date: /home/marvin/marvin/install/ldlidar_stl_ros2/share/ldlidar_stl_ros2/local_setup.sh
[0.269s] -- Up-to-date: /home/marvin/marvin/install/ldlidar_stl_ros2/share/ldlidar_stl_ros2/local_setup.zsh
[0.269s] -- Up-to-date: /home/marvin/marvin/install/ldlidar_stl_ros2/share/ldlidar_stl_ros2/local_setup.dsv
[0.269s] -- Installing: /home/marvin/marvin/install/ldlidar_stl_ros2/share/ldlidar_stl_ros2/package.dsv
[0.269s] -- Up-to-date: /home/marvin/marvin/install/ldlidar_stl_ros2/share/ament_index/resource_index/packages/ldlidar_stl_ros2
[0.269s] -- Up-to-date: /home/marvin/marvin/install/ldlidar_stl_ros2/share/ldlidar_stl_ros2/cmake/ldlidar_stl_ros2Config.cmake
[0.269s] -- Up-to-date: /home/marvin/marvin/install/ldlidar_stl_ros2/share/ldlidar_stl_ros2/cmake/ldlidar_stl_ros2Config-version.cmake
[0.269s] -- Up-to-date: /home/marvin/marvin/install/ldlidar_stl_ros2/share/ldlidar_stl_ros2/package.xml
[0.289s] Invoked command in '/home/marvin/marvin/build/ldlidar_stl_ros2' returned '0': CMAKE_PREFIX_PATH=/opt/ros/foxy /usr/bin/cmake --install /home/marvin/marvin/build/ldlidar_stl_ros2
