-- The C compiler identification is GNU 9.4.0
-- The CXX compiler identification is GNU 9.4.0
-- Check for working C compiler: /usr/bin/cc
-- Check for working C compiler: /usr/bin/cc -- works
-- Detecting C compiler ABI info
-- Detecting C compiler ABI info - done
-- Detecting C compile features
-- Detecting C compile features - done
-- Check for working CXX compiler: /usr/bin/c++
-- Check for working CXX compiler: /usr/bin/c++ -- works
-- Detecting CXX compiler ABI info
-- Detecting CXX compiler ABI info - done
-- Detecting CXX compile features
-- Detecting CXX compile features - done
-- Found ament_cmake: 0.9.12 (/opt/ros/foxy/share/ament_cmake/cmake)
-- Found PythonInterp: /usr/bin/python3 (found suitable version "3.8.10", minimum required is "3") 
-- Using PYTHON_EXECUTABLE: /usr/bin/python3
-- Found urdf: 2.4.0 (/opt/ros/foxy/share/urdf/cmake)
-- Found ament_lint_auto: 0.9.8 (/opt/ros/foxy/share/ament_lint_auto/cmake)
-- Added test 'flake8' to check Python code syntax and style conventions
-- Added test 'lint_cmake' to check CMake code style
-- Added test 'pep257' to check Python code against some of the style conventions in PEP 257
-- Added test 'xmllint' to check XML markup files
-- Configuring done
-- Generating done
-- Build files have been written to: /home/marvin/marvin/marvin_ws/build/marvin_description
-- Install configuration: ""
-- Installing: /home/marvin/marvin/marvin_ws/install/marvin_description/share/marvin_description/launch
-- Installing: /home/marvin/marvin/marvin_ws/install/marvin_description/share/marvin_description/launch/description.launch.py
-- Installing: /home/marvin/marvin/marvin_ws/install/marvin_description/share/marvin_description/urdf
-- Installing: /home/marvin/marvin/marvin_ws/install/marvin_description/share/marvin_description/urdf/marvin.urdf.xacro
-- Installing: /home/marvin/marvin/marvin_ws/install/marvin_description/share/marvin_description/urdf/sensors
-- Installing: /home/marvin/marvin/marvin_ws/install/marvin_description/share/marvin_description/urdf/sensors/camera_depth.xacro
-- Installing: /home/marvin/marvin/marvin_ws/install/marvin_description/share/marvin_description/urdf/sensors/camera_left.xacro
-- Installing: /home/marvin/marvin/marvin_ws/install/marvin_description/share/marvin_description/urdf/sensors/imu.xacro
-- Installing: /home/marvin/marvin/marvin_ws/install/marvin_description/share/marvin_description/urdf/sensors/lidar.xacro
-- Installing: /home/marvin/marvin/marvin_ws/install/marvin_description/share/marvin_description/urdf/sensors/camera_right.xacro
-- Installing: /home/marvin/marvin/marvin_ws/install/marvin_description/share/marvin_description/urdf/controller
-- Installing: /home/marvin/marvin/marvin_ws/install/marvin_description/share/marvin_description/urdf/controller/ackermann_drive.xacro
-- Installing: /home/marvin/marvin/marvin_ws/install/marvin_description/share/marvin_description/rviz
-- Installing: /home/marvin/marvin/marvin_ws/install/marvin_description/share/marvin_description/rviz/description_car.rviz
-- Installing: /home/marvin/marvin/marvin_ws/install/marvin_description/share/marvin_description/rviz/description.rviz
-- Installing: /home/marvin/marvin/marvin_ws/install/marvin_description/share/marvin_description/meshes
-- Installing: /home/marvin/marvin/marvin_ws/install/marvin_description/share/marvin_description/meshes/back_wheel_right.STL
-- Installing: /home/marvin/marvin/marvin_ws/install/marvin_description/share/marvin_description/meshes/front_handle_left.STL
-- Installing: /home/marvin/marvin/marvin_ws/install/marvin_description/share/marvin_description/meshes/camera_left.STL
-- Installing: /home/marvin/marvin/marvin_ws/install/marvin_description/share/marvin_description/meshes/front_wheel_left.STL
-- Installing: /home/marvin/marvin/marvin_ws/install/marvin_description/share/marvin_description/meshes/lidar.STL
-- Installing: /home/marvin/marvin/marvin_ws/install/marvin_description/share/marvin_description/meshes/front_handle_right.STL
-- Installing: /home/marvin/marvin/marvin_ws/install/marvin_description/share/marvin_description/meshes/camera_right.STL
-- Installing: /home/marvin/marvin/marvin_ws/install/marvin_description/share/marvin_description/meshes/back_wheel_left.STL
-- Installing: /home/marvin/marvin/marvin_ws/install/marvin_description/share/marvin_description/meshes/depth_camera.STL
-- Installing: /home/marvin/marvin/marvin_ws/install/marvin_description/share/marvin_description/meshes/base_link.STL
-- Installing: /home/marvin/marvin/marvin_ws/install/marvin_description/share/marvin_description/meshes/front_wheel_right.STL
-- Installing: /home/marvin/marvin/marvin_ws/install/marvin_description/share/ament_index/resource_index/package_run_dependencies/marvin_description
-- Installing: /home/marvin/marvin/marvin_ws/install/marvin_description/share/ament_index/resource_index/parent_prefix_path/marvin_description
-- Installing: /home/marvin/marvin/marvin_ws/install/marvin_description/share/marvin_description/environment/ament_prefix_path.sh
-- Installing: /home/marvin/marvin/marvin_ws/install/marvin_description/share/marvin_description/environment/ament_prefix_path.dsv
-- Installing: /home/marvin/marvin/marvin_ws/install/marvin_description/share/marvin_description/environment/path.sh
-- Installing: /home/marvin/marvin/marvin_ws/install/marvin_description/share/marvin_description/environment/path.dsv
-- Installing: /home/marvin/marvin/marvin_ws/install/marvin_description/share/marvin_description/local_setup.bash
-- Installing: /home/marvin/marvin/marvin_ws/install/marvin_description/share/marvin_description/local_setup.sh
-- Installing: /home/marvin/marvin/marvin_ws/install/marvin_description/share/marvin_description/local_setup.zsh
-- Installing: /home/marvin/marvin/marvin_ws/install/marvin_description/share/marvin_description/local_setup.dsv
-- Installing: /home/marvin/marvin/marvin_ws/install/marvin_description/share/marvin_description/package.dsv
-- Installing: /home/marvin/marvin/marvin_ws/install/marvin_description/share/ament_index/resource_index/packages/marvin_description
-- Installing: /home/marvin/marvin/marvin_ws/install/marvin_description/share/marvin_description/cmake/marvin_descriptionConfig.cmake
-- Installing: /home/marvin/marvin/marvin_ws/install/marvin_description/share/marvin_description/cmake/marvin_descriptionConfig-version.cmake
-- Installing: /home/marvin/marvin/marvin_ws/install/marvin_description/share/marvin_description/package.xml
