[0.027s] Invoking command in '/home/marvin/marvin/marvin_ws/build/marvin_description': CMAKE_PREFIX_PATH=/opt/ros/foxy /usr/bin/cmake /home/marvin/marvin/marvin_ws/src/marvin_description -DCMAKE_INSTALL_PREFIX=/home/marvin/marvin/marvin_ws/install/marvin_description
[0.206s] -- The C compiler identification is GNU 9.4.0
[0.348s] -- The CXX compiler identification is GNU 9.4.0
[0.353s] -- Check for working C compiler: /usr/bin/cc
[0.598s] -- Check for working C compiler: /usr/bin/cc -- works
[0.603s] -- Detecting C compiler ABI info
[0.810s] -- Detecting C compiler ABI info - done
[0.824s] -- Detecting C compile features
[0.824s] -- Detecting C compile features - done
[0.828s] -- Check for working CXX compiler: /usr/bin/c++
[0.926s] -- Check for working CXX compiler: /usr/bin/c++ -- works
[0.926s] -- Detecting CXX compiler ABI info
[1.023s] -- Detecting CXX compiler ABI info - done
[1.032s] -- Detecting CXX compile features
[1.033s] -- Detecting CXX compile features - done
[1.035s] -- Found ament_cmake: 0.9.12 (/opt/ros/foxy/share/ament_cmake/cmake)
[1.063s] -- Found PythonInterp: /usr/bin/python3 (found suitable version "3.8.10", minimum required is "3") 
[1.063s] -- Using PYTHON_EXECUTABLE: /usr/bin/python3
[1.350s] -- Found urdf: 2.4.0 (/opt/ros/foxy/share/urdf/cmake)
[1.427s] -- Found ament_lint_auto: 0.9.8 (/opt/ros/foxy/share/ament_lint_auto/cmake)
[1.616s] -- Added test 'flake8' to check Python code syntax and style conventions
[1.616s] -- Added test 'lint_cmake' to check CMake code style
[1.616s] -- Added test 'pep257' to check Python code against some of the style conventions in PEP 257
[1.617s] -- Added test 'xmllint' to check XML markup files
[1.620s] -- Configuring done
[1.623s] -- Generating done
[1.624s] -- Build files have been written to: /home/marvin/marvin/marvin_ws/build/marvin_description
[1.635s] Invoked command in '/home/marvin/marvin/marvin_ws/build/marvin_description' returned '0': CMAKE_PREFIX_PATH=/opt/ros/foxy /usr/bin/cmake /home/marvin/marvin/marvin_ws/src/marvin_description -DCMAKE_INSTALL_PREFIX=/home/marvin/marvin/marvin_ws/install/marvin_description
[1.637s] Invoking command in '/home/marvin/marvin/marvin_ws/build/marvin_description': CMAKE_PREFIX_PATH=/opt/ros/foxy /usr/bin/cmake --build /home/marvin/marvin/marvin_ws/build/marvin_description -- -j2 -l2
[1.785s] Invoked command in '/home/marvin/marvin/marvin_ws/build/marvin_description' returned '0': CMAKE_PREFIX_PATH=/opt/ros/foxy /usr/bin/cmake --build /home/marvin/marvin/marvin_ws/build/marvin_description -- -j2 -l2
[1.950s] Invoking command in '/home/marvin/marvin/marvin_ws/build/marvin_description': CMAKE_PREFIX_PATH=/opt/ros/foxy /usr/bin/cmake --install /home/marvin/marvin/marvin_ws/build/marvin_description
[1.978s] -- Install configuration: ""
[1.978s] -- Installing: /home/marvin/marvin/marvin_ws/install/marvin_description/share/marvin_description/launch
[1.978s] -- Installing: /home/marvin/marvin/marvin_ws/install/marvin_description/share/marvin_description/launch/description.launch.py
[1.979s] -- Installing: /home/marvin/marvin/marvin_ws/install/marvin_description/share/marvin_description/urdf
[1.979s] -- Installing: /home/marvin/marvin/marvin_ws/install/marvin_description/share/marvin_description/urdf/marvin.urdf.xacro
[1.980s] -- Installing: /home/marvin/marvin/marvin_ws/install/marvin_description/share/marvin_description/urdf/sensors
[1.981s] -- Installing: /home/marvin/marvin/marvin_ws/install/marvin_description/share/marvin_description/urdf/sensors/camera_depth.xacro
[1.981s] -- Installing: /home/marvin/marvin/marvin_ws/install/marvin_description/share/marvin_description/urdf/sensors/camera_left.xacro
[1.982s] -- Installing: /home/marvin/marvin/marvin_ws/install/marvin_description/share/marvin_description/urdf/sensors/imu.xacro
[1.982s] -- Installing: /home/marvin/marvin/marvin_ws/install/marvin_description/share/marvin_description/urdf/sensors/lidar.xacro
[1.983s] -- Installing: /home/marvin/marvin/marvin_ws/install/marvin_description/share/marvin_description/urdf/sensors/camera_right.xacro
[1.984s] -- Installing: /home/marvin/marvin/marvin_ws/install/marvin_description/share/marvin_description/urdf/controller
[1.984s] -- Installing: /home/marvin/marvin/marvin_ws/install/marvin_description/share/marvin_description/urdf/controller/ackermann_drive.xacro
[1.985s] -- Installing: /home/marvin/marvin/marvin_ws/install/marvin_description/share/marvin_description/rviz
[1.985s] -- Installing: /home/marvin/marvin/marvin_ws/install/marvin_description/share/marvin_description/rviz/description_car.rviz
[1.986s] -- Installing: /home/marvin/marvin/marvin_ws/install/marvin_description/share/marvin_description/rviz/description.rviz
[1.987s] -- Installing: /home/marvin/marvin/marvin_ws/install/marvin_description/share/marvin_description/meshes
[1.987s] -- Installing: /home/marvin/marvin/marvin_ws/install/marvin_description/share/marvin_description/meshes/back_wheel_right.STL
[1.988s] -- Installing: /home/marvin/marvin/marvin_ws/install/marvin_description/share/marvin_description/meshes/front_handle_left.STL
[1.989s] -- Installing: /home/marvin/marvin/marvin_ws/install/marvin_description/share/marvin_description/meshes/camera_left.STL
[1.994s] -- Installing: /home/marvin/marvin/marvin_ws/install/marvin_description/share/marvin_description/meshes/front_wheel_left.STL
[1.996s] -- Installing: /home/marvin/marvin/marvin_ws/install/marvin_description/share/marvin_description/meshes/lidar.STL
[1.997s] -- Installing: /home/marvin/marvin/marvin_ws/install/marvin_description/share/marvin_description/meshes/front_handle_right.STL
[1.998s] -- Installing: /home/marvin/marvin/marvin_ws/install/marvin_description/share/marvin_description/meshes/camera_right.STL
[2.001s] -- Installing: /home/marvin/marvin/marvin_ws/install/marvin_description/share/marvin_description/meshes/back_wheel_left.STL
[2.002s] -- Installing: /home/marvin/marvin/marvin_ws/install/marvin_description/share/marvin_description/meshes/depth_camera.STL
[2.008s] -- Installing: /home/marvin/marvin/marvin_ws/install/marvin_description/share/marvin_description/meshes/base_link.STL
[2.015s] -- Installing: /home/marvin/marvin/marvin_ws/install/marvin_description/share/marvin_description/meshes/front_wheel_right.STL
[2.016s] -- Installing: /home/marvin/marvin/marvin_ws/install/marvin_description/share/ament_index/resource_index/package_run_dependencies/marvin_description
[2.017s] -- Installing: /home/marvin/marvin/marvin_ws/install/marvin_description/share/ament_index/resource_index/parent_prefix_path/marvin_description
[2.017s] -- Installing: /home/marvin/marvin/marvin_ws/install/marvin_description/share/marvin_description/environment/ament_prefix_path.sh
[2.017s] -- Installing: /home/marvin/marvin/marvin_ws/install/marvin_description/share/marvin_description/environment/ament_prefix_path.dsv
[2.018s] -- Installing: /home/marvin/marvin/marvin_ws/install/marvin_description/share/marvin_description/environment/path.sh
[2.018s] -- Installing: /home/marvin/marvin/marvin_ws/install/marvin_description/share/marvin_description/environment/path.dsv
[2.018s] -- Installing: /home/marvin/marvin/marvin_ws/install/marvin_description/share/marvin_description/local_setup.bash
[2.018s] -- Installing: /home/marvin/marvin/marvin_ws/install/marvin_description/share/marvin_description/local_setup.sh
[2.019s] -- Installing: /home/marvin/marvin/marvin_ws/install/marvin_description/share/marvin_description/local_setup.zsh
[2.019s] -- Installing: /home/marvin/marvin/marvin_ws/install/marvin_description/share/marvin_description/local_setup.dsv
[2.019s] -- Installing: /home/marvin/marvin/marvin_ws/install/marvin_description/share/marvin_description/package.dsv
[2.019s] -- Installing: /home/marvin/marvin/marvin_ws/install/marvin_description/share/ament_index/resource_index/packages/marvin_description
[2.020s] -- Installing: /home/marvin/marvin/marvin_ws/install/marvin_description/share/marvin_description/cmake/marvin_descriptionConfig.cmake
[2.020s] -- Installing: /home/marvin/marvin/marvin_ws/install/marvin_description/share/marvin_description/cmake/marvin_descriptionConfig-version.cmake
[2.021s] -- Installing: /home/marvin/marvin/marvin_ws/install/marvin_description/share/marvin_description/package.xml
[2.027s] Invoked command in '/home/marvin/marvin/marvin_ws/build/marvin_description' returned '0': CMAKE_PREFIX_PATH=/opt/ros/foxy /usr/bin/cmake --install /home/marvin/marvin/marvin_ws/build/marvin_description
