[0.025s] Invoking command in '/home/marvin/marvin/marvin_ws/build/openslam_gmapping': CMAKE_PREFIX_PATH=/opt/ros/foxy /usr/bin/cmake /home/marvin/marvin/marvin_ws/src/marvin_slam/openslam_gmapping -DCMAKE_INSTALL_PREFIX=/home/marvin/marvin/marvin_ws/install/openslam_gmapping
[0.110s] -- The C compiler identification is GNU 9.4.0
[0.173s] -- The CXX compiler identification is GNU 9.4.0
[0.177s] -- Check for working C compiler: /usr/bin/cc
[0.261s] -- Check for working C compiler: /usr/bin/cc -- works
[0.262s] -- Detecting C compiler ABI info
[0.349s] -- Detecting C compiler ABI info - done
[0.361s] -- Detecting C compile features
[0.362s] -- Detecting C compile features - done
[0.365s] -- Check for working CXX compiler: /usr/bin/c++
[0.462s] -- Check for working CXX compiler: /usr/bin/c++ -- works
[0.465s] -- Detecting CXX compiler ABI info
[0.553s] -- Detecting CXX compiler ABI info - done
[0.565s] -- Detecting CXX compile features
[0.566s] -- Detecting CXX compile features - done
[0.568s] -- Found ament_cmake: 0.9.12 (/opt/ros/foxy/share/ament_cmake/cmake)
[0.595s] -- Found PythonInterp: /usr/bin/python3 (found suitable version "3.8.10", minimum required is "3") 
[0.595s] -- Using PYTHON_EXECUTABLE: /usr/bin/python3
[0.908s] -- Configuring done
[0.926s] -- Generating done
[0.928s] -- Build files have been written to: /home/marvin/marvin/marvin_ws/build/openslam_gmapping
[0.936s] Invoked command in '/home/marvin/marvin/marvin_ws/build/openslam_gmapping' returned '0': CMAKE_PREFIX_PATH=/opt/ros/foxy /usr/bin/cmake /home/marvin/marvin/marvin_ws/src/marvin_slam/openslam_gmapping -DCMAKE_INSTALL_PREFIX=/home/marvin/marvin/marvin_ws/install/openslam_gmapping
[0.937s] Invoking command in '/home/marvin/marvin/marvin_ws/build/openslam_gmapping': CMAKE_PREFIX_PATH=/opt/ros/foxy /usr/bin/cmake --build /home/marvin/marvin/marvin_ws/build/openslam_gmapping -- -j2 -l2
[0.982s] [35m[1mScanning dependencies of target utils[0m
[0.998s] [35m[1mScanning dependencies of target sensor_base[0m
[1.011s] [  4%] [32mBuilding CXX object utils/CMakeFiles/utils.dir/movement.cpp.o[0m
[1.015s] [  9%] [32mBuilding CXX object sensor/sensor_base/CMakeFiles/sensor_base.dir/sensor.cpp.o[0m
[1.301s] [ 13%] [32mBuilding CXX object sensor/sensor_base/CMakeFiles/sensor_base.dir/sensorreading.cpp.o[0m
[1.425s] [ 18%] [32mBuilding CXX object utils/CMakeFiles/utils.dir/stat.cpp.o[0m
[1.618s] [ 22%] [32m[1mLinking CXX static library libsensor_base.a[0m
[1.735s] [ 22%] Built target sensor_base
[1.775s] [35m[1mScanning dependencies of target sensor_range[0m
[1.825s] [ 27%] [32mBuilding CXX object sensor/sensor_range/CMakeFiles/sensor_range.dir/rangereading.cpp.o[0m
[1.845s] [ 31%] [32m[1mLinking CXX static library libutils.a[0m
[1.977s] [ 31%] Built target utils
[2.012s] [35m[1mScanning dependencies of target sensor_odometry[0m
[2.064s] [ 36%] [32mBuilding CXX object sensor/sensor_odometry/CMakeFiles/sensor_odometry.dir/odometryreading.cpp.o[0m
[2.519s] [ 40%] [32mBuilding CXX object sensor/sensor_odometry/CMakeFiles/sensor_odometry.dir/odometrysensor.cpp.o[0m
[2.574s] [ 45%] [32mBuilding CXX object sensor/sensor_range/CMakeFiles/sensor_range.dir/rangesensor.cpp.o[0m
[2.866s] [ 50%] [32m[1mLinking CXX static library libsensor_odometry.a[0m
[2.935s] [ 50%] Built target sensor_odometry
[3.168s] [ 54%] [32m[1mLinking CXX static library libsensor_range.a[0m
[3.210s] [ 54%] Built target sensor_range
[3.222s] [35m[1mScanning dependencies of target scanmatcher[0m
[3.248s] [ 59%] [32mBuilding CXX object scanmatcher/CMakeFiles/scanmatcher.dir/scanmatcher.cpp.o[0m
[3.260s] [ 63%] [32mBuilding CXX object scanmatcher/CMakeFiles/scanmatcher.dir/eig3.cpp.o[0m
[3.623s] [ 68%] [32mBuilding CXX object scanmatcher/CMakeFiles/scanmatcher.dir/scanmatcherprocessor.cpp.o[0m
[4.624s] [ 72%] [32mBuilding CXX object scanmatcher/CMakeFiles/scanmatcher.dir/smmap.cpp.o[0m
[5.412s] [ 77%] [32m[1mLinking CXX static library libscanmatcher.a[0m
[5.453s] [ 77%] Built target scanmatcher
[5.467s] [35m[1mScanning dependencies of target gridfastslam[0m
[5.492s] [ 81%] [32mBuilding CXX object gridfastslam/CMakeFiles/gridfastslam.dir/gridslamprocessor.cpp.o[0m
[5.504s] [ 86%] [32mBuilding CXX object gridfastslam/CMakeFiles/gridfastslam.dir/gfsreader.cpp.o[0m
[7.218s] [ 90%] [32mBuilding CXX object gridfastslam/CMakeFiles/gridfastslam.dir/gridslamprocessor_tree.cpp.o[0m
[7.802s] [ 95%] [32mBuilding CXX object gridfastslam/CMakeFiles/gridfastslam.dir/motionmodel.cpp.o[0m
[8.577s] [100%] [32m[1mLinking CXX static library libgridfastslam.a[0m
[8.622s] [100%] Built target gridfastslam
[8.639s] Invoked command in '/home/marvin/marvin/marvin_ws/build/openslam_gmapping' returned '0': CMAKE_PREFIX_PATH=/opt/ros/foxy /usr/bin/cmake --build /home/marvin/marvin/marvin_ws/build/openslam_gmapping -- -j2 -l2
[8.675s] Invoking command in '/home/marvin/marvin/marvin_ws/build/openslam_gmapping': CMAKE_PREFIX_PATH=/opt/ros/foxy /usr/bin/cmake --install /home/marvin/marvin/marvin_ws/build/openslam_gmapping
[8.688s] -- Install configuration: ""
[8.689s] -- Installing: /home/marvin/marvin/marvin_ws/install/openslam_gmapping/share/openslam_gmapping/environment/library_path.sh
[8.689s] -- Installing: /home/marvin/marvin/marvin_ws/install/openslam_gmapping/share/openslam_gmapping/environment/library_path.dsv
[8.689s] -- Installing: /home/marvin/marvin/marvin_ws/install/openslam_gmapping/include/
[8.689s] -- Installing: /home/marvin/marvin/marvin_ws/install/openslam_gmapping/include//gmapping
[8.689s] -- Installing: /home/marvin/marvin/marvin_ws/install/openslam_gmapping/include//gmapping/log
[8.689s] -- Installing: /home/marvin/marvin/marvin_ws/install/openslam_gmapping/include//gmapping/log/configuration.h
[8.689s] -- Installing: /home/marvin/marvin/marvin_ws/install/openslam_gmapping/include//gmapping/log/sensorlog.h
[8.690s] -- Installing: /home/marvin/marvin/marvin_ws/install/openslam_gmapping/include//gmapping/grid
[8.690s] -- Installing: /home/marvin/marvin/marvin_ws/install/openslam_gmapping/include//gmapping/grid/array2d.h
[8.690s] -- Installing: /home/marvin/marvin/marvin_ws/install/openslam_gmapping/include//gmapping/grid/accessstate.h
[8.690s] -- Installing: /home/marvin/marvin/marvin_ws/install/openslam_gmapping/include//gmapping/grid/map.h
[8.690s] -- Installing: /home/marvin/marvin/marvin_ws/install/openslam_gmapping/include//gmapping/grid/harray2d.h
[8.690s] -- Installing: /home/marvin/marvin/marvin_ws/install/openslam_gmapping/include//gmapping/scanmatcher
[8.690s] -- Installing: /home/marvin/marvin/marvin_ws/install/openslam_gmapping/include//gmapping/scanmatcher/scanmatcher.h
[8.690s] -- Installing: /home/marvin/marvin/marvin_ws/install/openslam_gmapping/include//gmapping/scanmatcher/smmap.h
[8.691s] -- Installing: /home/marvin/marvin/marvin_ws/install/openslam_gmapping/include//gmapping/scanmatcher/icp.h
[8.691s] -- Installing: /home/marvin/marvin/marvin_ws/install/openslam_gmapping/include//gmapping/gridfastslam
[8.691s] -- Installing: /home/marvin/marvin/marvin_ws/install/openslam_gmapping/include//gmapping/gridfastslam/gridslamprocessor.h
[8.691s] -- Installing: /home/marvin/marvin/marvin_ws/install/openslam_gmapping/include//gmapping/gridfastslam/motionmodel.h
[8.691s] -- Installing: /home/marvin/marvin/marvin_ws/install/openslam_gmapping/include//gmapping/gridfastslam/gridslamprocessor.hxx
[8.691s] -- Installing: /home/marvin/marvin/marvin_ws/install/openslam_gmapping/include//gmapping/utils
[8.691s] -- Installing: /home/marvin/marvin/marvin_ws/install/openslam_gmapping/include//gmapping/utils/gvalues.h
[8.692s] -- Installing: /home/marvin/marvin/marvin_ws/install/openslam_gmapping/include//gmapping/utils/point.h
[8.692s] -- Installing: /home/marvin/marvin/marvin_ws/install/openslam_gmapping/include//gmapping/utils/stat.h
[8.692s] -- Installing: /home/marvin/marvin/marvin_ws/install/openslam_gmapping/include//gmapping/utils/macro_params.h
[8.692s] -- Installing: /home/marvin/marvin/marvin_ws/install/openslam_gmapping/include//gmapping/utils/autoptr.h
[8.692s] -- Installing: /home/marvin/marvin/marvin_ws/install/openslam_gmapping/include//gmapping/utils/commandline.h
[8.692s] -- Installing: /home/marvin/marvin/marvin_ws/install/openslam_gmapping/include//gmapping/sensor
[8.693s] -- Installing: /home/marvin/marvin/marvin_ws/install/openslam_gmapping/include//gmapping/sensor/sensor_odometry
[8.693s] -- Installing: /home/marvin/marvin/marvin_ws/install/openslam_gmapping/include//gmapping/sensor/sensor_odometry/odometrysensor.h
[8.693s] -- Installing: /home/marvin/marvin/marvin_ws/install/openslam_gmapping/include//gmapping/sensor/sensor_odometry/odometryreading.h
[8.693s] -- Installing: /home/marvin/marvin/marvin_ws/install/openslam_gmapping/include//gmapping/sensor/sensor_range
[8.694s] -- Installing: /home/marvin/marvin/marvin_ws/install/openslam_gmapping/include//gmapping/sensor/sensor_range/rangesensor.h
[8.694s] -- Installing: /home/marvin/marvin/marvin_ws/install/openslam_gmapping/include//gmapping/sensor/sensor_range/rangereading.h
[8.694s] -- Installing: /home/marvin/marvin/marvin_ws/install/openslam_gmapping/include//gmapping/sensor/sensor_base
[8.694s] -- Installing: /home/marvin/marvin/marvin_ws/install/openslam_gmapping/include//gmapping/sensor/sensor_base/sensor.h
[8.694s] -- Installing: /home/marvin/marvin/marvin_ws/install/openslam_gmapping/include//gmapping/sensor/sensor_base/sensorreading.h
[8.694s] -- Installing: /home/marvin/marvin/marvin_ws/install/openslam_gmapping/include//gmapping/particlefilter
[8.695s] -- Installing: /home/marvin/marvin/marvin_ws/install/openslam_gmapping/include//gmapping/particlefilter/particlefilter.h
[8.695s] -- Installing: /home/marvin/marvin/marvin_ws/install/openslam_gmapping/share/ament_index/resource_index/package_run_dependencies/openslam_gmapping
[8.695s] -- Installing: /home/marvin/marvin/marvin_ws/install/openslam_gmapping/share/ament_index/resource_index/parent_prefix_path/openslam_gmapping
[8.695s] -- Installing: /home/marvin/marvin/marvin_ws/install/openslam_gmapping/share/openslam_gmapping/environment/ament_prefix_path.sh
[8.695s] -- Installing: /home/marvin/marvin/marvin_ws/install/openslam_gmapping/share/openslam_gmapping/environment/ament_prefix_path.dsv
[8.695s] -- Installing: /home/marvin/marvin/marvin_ws/install/openslam_gmapping/share/openslam_gmapping/environment/path.sh
[8.701s] -- Installing: /home/marvin/marvin/marvin_ws/install/openslam_gmapping/share/openslam_gmapping/environment/path.dsv
[8.701s] -- Installing: /home/marvin/marvin/marvin_ws/install/openslam_gmapping/share/openslam_gmapping/local_setup.bash
[8.702s] -- Installing: /home/marvin/marvin/marvin_ws/install/openslam_gmapping/share/openslam_gmapping/local_setup.sh
[8.702s] -- Installing: /home/marvin/marvin/marvin_ws/install/openslam_gmapping/share/openslam_gmapping/local_setup.zsh
[8.702s] -- Installing: /home/marvin/marvin/marvin_ws/install/openslam_gmapping/share/openslam_gmapping/local_setup.dsv
[8.702s] -- Installing: /home/marvin/marvin/marvin_ws/install/openslam_gmapping/share/openslam_gmapping/package.dsv
[8.702s] -- Installing: /home/marvin/marvin/marvin_ws/install/openslam_gmapping/share/ament_index/resource_index/packages/openslam_gmapping
[8.702s] -- Installing: /home/marvin/marvin/marvin_ws/install/openslam_gmapping/share/openslam_gmapping/cmake/ament_cmake_export_libraries-extras.cmake
[8.702s] -- Installing: /home/marvin/marvin/marvin_ws/install/openslam_gmapping/share/openslam_gmapping/cmake/ament_cmake_export_include_directories-extras.cmake
[8.702s] -- Installing: /home/marvin/marvin/marvin_ws/install/openslam_gmapping/share/openslam_gmapping/cmake/openslam_gmappingConfig.cmake
[8.702s] -- Installing: /home/marvin/marvin/marvin_ws/install/openslam_gmapping/share/openslam_gmapping/cmake/openslam_gmappingConfig-version.cmake
[8.703s] -- Installing: /home/marvin/marvin/marvin_ws/install/openslam_gmapping/share/openslam_gmapping/package.xml
[8.703s] -- Installing: /home/marvin/marvin/marvin_ws/install/openslam_gmapping/lib/libgridfastslam.a
[8.703s] -- Installing: /home/marvin/marvin/marvin_ws/install/openslam_gmapping/lib/libscanmatcher.a
[8.714s] -- Up-to-date: /home/marvin/marvin/marvin_ws/install/openslam_gmapping/share/openslam_gmapping/environment/library_path.sh
[8.714s] -- Up-to-date: /home/marvin/marvin/marvin_ws/install/openslam_gmapping/share/openslam_gmapping/environment/library_path.dsv
[8.714s] -- Installing: /home/marvin/marvin/marvin_ws/install/openslam_gmapping/lib/libsensor_base.a
[8.714s] -- Up-to-date: /home/marvin/marvin/marvin_ws/install/openslam_gmapping/share/openslam_gmapping/environment/library_path.sh
[8.714s] -- Up-to-date: /home/marvin/marvin/marvin_ws/install/openslam_gmapping/share/openslam_gmapping/environment/library_path.dsv
[8.714s] -- Installing: /home/marvin/marvin/marvin_ws/install/openslam_gmapping/lib/libsensor_odometry.a
[8.714s] -- Installing: /home/marvin/marvin/marvin_ws/install/openslam_gmapping/lib/libsensor_range.a
[8.714s] -- Installing: /home/marvin/marvin/marvin_ws/install/openslam_gmapping/lib/libutils.a
[8.714s] -- Up-to-date: /home/marvin/marvin/marvin_ws/install/openslam_gmapping/share/openslam_gmapping/environment/library_path.sh
[8.714s] -- Up-to-date: /home/marvin/marvin/marvin_ws/install/openslam_gmapping/share/openslam_gmapping/environment/library_path.dsv
[8.715s] Invoked command in '/home/marvin/marvin/marvin_ws/build/openslam_gmapping' returned '0': CMAKE_PREFIX_PATH=/opt/ros/foxy /usr/bin/cmake --install /home/marvin/marvin/marvin_ws/build/openslam_gmapping
