-- Install configuration: ""
-- Up-to-date: /home/marvin/marvin/install/marvin_bringup/share/marvin_bringup/launch
-- Up-to-date: /home/marvin/marvin/install/marvin_bringup/share/marvin_bringup/launch/depth.launch.py
-- Up-to-date: /home/marvin/marvin/install/marvin_bringup/share/marvin_bringup/launch/custom_robot.launch.py
-- Up-to-date: /home/marvin/marvin/install/marvin_bringup/share/marvin_bringup/launch/lasers.launch.py
-- Up-to-date: /home/marvin/marvin/install/marvin_bringup/share/marvin_bringup/launch/joy_teleop.launch.py
-- Up-to-date: /home/marvin/marvin/install/marvin_bringup/share/marvin_bringup/launch/sensors.launch.py
-- Up-to-date: /home/marvin/marvin/install/marvin_bringup/share/marvin_bringup/launch/default_robot.launch.py
-- Up-to-date: /home/marvin/marvin/install/marvin_bringup/share/marvin_bringup/launch/bringup.launch.py
-- Up-to-date: /home/marvin/marvin/install/marvin_bringup/share/marvin_bringup/config
-- Up-to-date: /home/marvin/marvin/install/marvin_bringup/share/marvin_bringup/config/joy.yaml
-- Up-to-date: /home/marvin/marvin/install/marvin_bringup/share/marvin_bringup/config/ydlidar.yaml
-- Up-to-date: /home/marvin/marvin/install/marvin_bringup/share/marvin_bringup/config/fake_laser.yaml
-- Up-to-date: /home/marvin/marvin/install/marvin_bringup/share/marvin_bringup/config/zed_common.yaml
-- Up-to-date: /home/marvin/marvin/install/marvin_bringup/share/marvin_bringup/config/gazebo_params.yaml
-- Up-to-date: /home/marvin/marvin/install/marvin_bringup/share/ament_index/resource_index/package_run_dependencies/marvin_bringup
-- Up-to-date: /home/marvin/marvin/install/marvin_bringup/share/ament_index/resource_index/parent_prefix_path/marvin_bringup
-- Up-to-date: /home/marvin/marvin/install/marvin_bringup/share/marvin_bringup/environment/ament_prefix_path.sh
-- Up-to-date: /home/marvin/marvin/install/marvin_bringup/share/marvin_bringup/environment/ament_prefix_path.dsv
-- Up-to-date: /home/marvin/marvin/install/marvin_bringup/share/marvin_bringup/environment/path.sh
-- Up-to-date: /home/marvin/marvin/install/marvin_bringup/share/marvin_bringup/environment/path.dsv
-- Up-to-date: /home/marvin/marvin/install/marvin_bringup/share/marvin_bringup/local_setup.bash
-- Up-to-date: /home/marvin/marvin/install/marvin_bringup/share/marvin_bringup/local_setup.sh
-- Up-to-date: /home/marvin/marvin/install/marvin_bringup/share/marvin_bringup/local_setup.zsh
-- Up-to-date: /home/marvin/marvin/install/marvin_bringup/share/marvin_bringup/local_setup.dsv
-- Installing: /home/marvin/marvin/install/marvin_bringup/share/marvin_bringup/package.dsv
-- Up-to-date: /home/marvin/marvin/install/marvin_bringup/share/ament_index/resource_index/packages/marvin_bringup
-- Up-to-date: /home/marvin/marvin/install/marvin_bringup/share/marvin_bringup/cmake/marvin_bringupConfig.cmake
-- Up-to-date: /home/marvin/marvin/install/marvin_bringup/share/marvin_bringup/cmake/marvin_bringupConfig-version.cmake
-- Up-to-date: /home/marvin/marvin/install/marvin_bringup/share/marvin_bringup/package.xml
