[0.032s] Invoking command in '/home/marvin/marvin/build/marvin_bringup': CMAKE_PREFIX_PATH=/opt/ros/foxy /usr/bin/cmake --build /home/marvin/marvin/build/marvin_bringup -- -j2 -l2
[0.135s] Invoked command in '/home/marvin/marvin/build/marvin_bringup' returned '0': CMAKE_PREFIX_PATH=/opt/ros/foxy /usr/bin/cmake --build /home/marvin/marvin/build/marvin_bringup -- -j2 -l2
[0.207s] Invoking command in '/home/marvin/marvin/build/marvin_bringup': CMAKE_PREFIX_PATH=/opt/ros/foxy /usr/bin/cmake --install /home/marvin/marvin/build/marvin_bringup
[0.227s] -- Install configuration: ""
[0.227s] -- Up-to-date: /home/marvin/marvin/install/marvin_bringup/share/marvin_bringup/launch
[0.228s] -- Up-to-date: /home/marvin/marvin/install/marvin_bringup/share/marvin_bringup/launch/depth.launch.py
[0.228s] -- Up-to-date: /home/marvin/marvin/install/marvin_bringup/share/marvin_bringup/launch/custom_robot.launch.py
[0.228s] -- Up-to-date: /home/marvin/marvin/install/marvin_bringup/share/marvin_bringup/launch/lasers.launch.py
[0.228s] -- Up-to-date: /home/marvin/marvin/install/marvin_bringup/share/marvin_bringup/launch/joy_teleop.launch.py
[0.228s] -- Up-to-date: /home/marvin/marvin/install/marvin_bringup/share/marvin_bringup/launch/sensors.launch.py
[0.230s] -- Up-to-date: /home/marvin/marvin/install/marvin_bringup/share/marvin_bringup/launch/default_robot.launch.py
[0.231s] -- Up-to-date: /home/marvin/marvin/install/marvin_bringup/share/marvin_bringup/launch/bringup.launch.py
[0.231s] -- Up-to-date: /home/marvin/marvin/install/marvin_bringup/share/marvin_bringup/config
[0.231s] -- Up-to-date: /home/marvin/marvin/install/marvin_bringup/share/marvin_bringup/config/joy.yaml
[0.231s] -- Up-to-date: /home/marvin/marvin/install/marvin_bringup/share/marvin_bringup/config/ydlidar.yaml
[0.231s] -- Up-to-date: /home/marvin/marvin/install/marvin_bringup/share/marvin_bringup/config/fake_laser.yaml
[0.232s] -- Up-to-date: /home/marvin/marvin/install/marvin_bringup/share/marvin_bringup/config/zed_common.yaml
[0.232s] -- Up-to-date: /home/marvin/marvin/install/marvin_bringup/share/marvin_bringup/config/gazebo_params.yaml
[0.232s] -- Up-to-date: /home/marvin/marvin/install/marvin_bringup/share/ament_index/resource_index/package_run_dependencies/marvin_bringup
[0.232s] -- Up-to-date: /home/marvin/marvin/install/marvin_bringup/share/ament_index/resource_index/parent_prefix_path/marvin_bringup
[0.232s] -- Up-to-date: /home/marvin/marvin/install/marvin_bringup/share/marvin_bringup/environment/ament_prefix_path.sh
[0.233s] -- Up-to-date: /home/marvin/marvin/install/marvin_bringup/share/marvin_bringup/environment/ament_prefix_path.dsv
[0.233s] -- Up-to-date: /home/marvin/marvin/install/marvin_bringup/share/marvin_bringup/environment/path.sh
[0.233s] -- Up-to-date: /home/marvin/marvin/install/marvin_bringup/share/marvin_bringup/environment/path.dsv
[0.233s] -- Up-to-date: /home/marvin/marvin/install/marvin_bringup/share/marvin_bringup/local_setup.bash
[0.234s] -- Up-to-date: /home/marvin/marvin/install/marvin_bringup/share/marvin_bringup/local_setup.sh
[0.234s] -- Up-to-date: /home/marvin/marvin/install/marvin_bringup/share/marvin_bringup/local_setup.zsh
[0.234s] -- Up-to-date: /home/marvin/marvin/install/marvin_bringup/share/marvin_bringup/local_setup.dsv
[0.234s] -- Installing: /home/marvin/marvin/install/marvin_bringup/share/marvin_bringup/package.dsv
[0.240s] -- Up-to-date: /home/marvin/marvin/install/marvin_bringup/share/ament_index/resource_index/packages/marvin_bringup
[0.240s] -- Up-to-date: /home/marvin/marvin/install/marvin_bringup/share/marvin_bringup/cmake/marvin_bringupConfig.cmake
[0.240s] -- Up-to-date: /home/marvin/marvin/install/marvin_bringup/share/marvin_bringup/cmake/marvin_bringupConfig-version.cmake
[0.240s] -- Up-to-date: /home/marvin/marvin/install/marvin_bringup/share/marvin_bringup/package.xml
[0.248s] Invoked command in '/home/marvin/marvin/build/marvin_bringup' returned '0': CMAKE_PREFIX_PATH=/opt/ros/foxy /usr/bin/cmake --install /home/marvin/marvin/build/marvin_bringup
