[0.034s] Invoking command in '/home/marvin/marvin/marvin_ws/build/marvin_car_base_node': CMAKE_PREFIX_PATH=/opt/ros/foxy /usr/bin/cmake /home/marvin/marvin/marvin_ws/src/marvin_car_base_node -DCMAKE_INSTALL_PREFIX=/home/marvin/marvin/marvin_ws/install/marvin_car_base_node
[0.201s] -- The C compiler identification is GNU 9.4.0
[0.309s] -- The CXX compiler identification is GNU 9.4.0
[0.315s] -- Check for working C compiler: /usr/bin/cc
[0.472s] -- Check for working C compiler: /usr/bin/cc -- works
[0.473s] -- Detecting C compiler ABI info
[0.577s] -- Detecting C compiler ABI info - done
[0.592s] -- Detecting C compile features
[0.593s] -- Detecting C compile features - done
[0.596s] -- Check for working CXX compiler: /usr/bin/c++
[0.711s] -- Check for working CXX compiler: /usr/bin/c++ -- works
[0.712s] -- Detecting CXX compiler ABI info
[0.999s] -- Detecting CXX compiler ABI info - done
[1.024s] -- Detecting CXX compile features
[1.024s] -- Detecting CXX compile features - done
[1.026s] -- Found ament_cmake: 0.9.12 (/opt/ros/foxy/share/ament_cmake/cmake)
[1.084s] -- Found PythonInterp: /usr/bin/python3 (found suitable version "3.8.10", minimum required is "3") 
[1.086s] -- Using PYTHON_EXECUTABLE: /usr/bin/python3
[1.384s] -- Found tf2: 0.13.14 (/opt/ros/foxy/share/tf2/cmake)
[1.474s] -- Using all available rosidl_typesupport_c: rosidl_typesupport_fastrtps_c;rosidl_typesupport_introspection_c
[1.482s] -- Found rosidl_adapter: 1.3.1 (/opt/ros/foxy/share/rosidl_adapter/cmake)
[1.652s] -- Found OpenSSL: /usr/lib/x86_64-linux-gnu/libcrypto.so (found version "1.1.1f")  
[1.692s] -- Found FastRTPS: /opt/ros/foxy/include  
[1.786s] -- Using all available rosidl_typesupport_cpp: rosidl_typesupport_fastrtps_cpp;rosidl_typesupport_introspection_cpp
[1.894s] -- Found tf2_ros: 0.13.14 (/opt/ros/foxy/share/tf2_ros/cmake)
[1.974s] -- Found rmw_implementation_cmake: 1.0.4 (/opt/ros/foxy/share/rmw_implementation_cmake/cmake)
[1.976s] -- Using RMW implementation 'rmw_fastrtps_cpp' as default
[1.978s] -- Looking for pthread.h
[2.095s] -- Looking for pthread.h - found
[2.095s] -- Performing Test CMAKE_HAVE_LIBC_PTHREAD
[2.184s] -- Performing Test CMAKE_HAVE_LIBC_PTHREAD - Failed
[2.184s] -- Looking for pthread_create in pthreads
[2.375s] -- Looking for pthread_create in pthreads - not found
[2.375s] -- Looking for pthread_create in pthread
[2.627s] -- Looking for pthread_create in pthread - found
[2.628s] -- Found Threads: TRUE  
[3.422s] -- Found nav_msgs: 2.0.5 (/opt/ros/foxy/share/nav_msgs/cmake)
[3.573s] -- Found turtlesim: 1.2.6 (/opt/ros/foxy/share/turtlesim/cmake)
[3.665s] -- Found ament_lint_auto: 0.9.8 (/opt/ros/foxy/share/ament_lint_auto/cmake)
[3.831s] -- Added test 'copyright' to check source files copyright and LICENSE
[3.833s] -- Added test 'cppcheck' to perform static code analysis on C / C++ code
[3.833s] -- Configured cppcheck include dirs: 
[3.833s] -- Configured cppcheck exclude dirs and/or files: 
[3.836s] -- Added test 'cpplint' to check C / C++ code against the Google style
[3.836s] -- Configured cpplint exclude dirs and/or files: 
[3.837s] -- Added test 'lint_cmake' to check CMake code style
[3.838s] -- Added test 'uncrustify' to check C / C++ code style
[3.838s] -- Configured uncrustify additional arguments: 
[3.839s] -- Added test 'xmllint' to check XML markup files
[3.845s] -- Configuring done
[3.869s] -- Generating done
[3.871s] -- Build files have been written to: /home/marvin/marvin/marvin_ws/build/marvin_car_base_node
[3.882s] Invoked command in '/home/marvin/marvin/marvin_ws/build/marvin_car_base_node' returned '0': CMAKE_PREFIX_PATH=/opt/ros/foxy /usr/bin/cmake /home/marvin/marvin/marvin_ws/src/marvin_car_base_node -DCMAKE_INSTALL_PREFIX=/home/marvin/marvin/marvin_ws/install/marvin_car_base_node
[3.884s] Invoking command in '/home/marvin/marvin/marvin_ws/build/marvin_car_base_node': CMAKE_PREFIX_PATH=/opt/ros/foxy /usr/bin/cmake --build /home/marvin/marvin/marvin_ws/build/marvin_car_base_node -- -j2 -l2
[3.943s] [35m[1mScanning dependencies of target base_node_R2[0m
[4.000s] [ 50%] [32mBuilding CXX object CMakeFiles/base_node_R2.dir/src/base_node_R2.cpp.o[0m
[11.566s] [100%] [32m[1mLinking CXX executable base_node_R2[0m
[12.164s] [100%] Built target base_node_R2
[12.195s] Invoked command in '/home/marvin/marvin/marvin_ws/build/marvin_car_base_node' returned '0': CMAKE_PREFIX_PATH=/opt/ros/foxy /usr/bin/cmake --build /home/marvin/marvin/marvin_ws/build/marvin_car_base_node -- -j2 -l2
[12.381s] Invoking command in '/home/marvin/marvin/marvin_ws/build/marvin_car_base_node': CMAKE_PREFIX_PATH=/opt/ros/foxy /usr/bin/cmake --install /home/marvin/marvin/marvin_ws/build/marvin_car_base_node
[12.405s] -- Install configuration: ""
[12.406s] -- Installing: /home/marvin/marvin/marvin_ws/install/marvin_car_base_node/lib/marvin_car_base_node/base_node_R2
[12.415s] -- Set runtime path of "/home/marvin/marvin/marvin_ws/install/marvin_car_base_node/lib/marvin_car_base_node/base_node_R2" to ""
[12.416s] -- Installing: /home/marvin/marvin/marvin_ws/install/marvin_car_base_node/share/ament_index/resource_index/package_run_dependencies/marvin_car_base_node
[12.416s] -- Installing: /home/marvin/marvin/marvin_ws/install/marvin_car_base_node/share/ament_index/resource_index/parent_prefix_path/marvin_car_base_node
[12.416s] -- Installing: /home/marvin/marvin/marvin_ws/install/marvin_car_base_node/share/marvin_car_base_node/environment/ament_prefix_path.sh
[12.417s] -- Installing: /home/marvin/marvin/marvin_ws/install/marvin_car_base_node/share/marvin_car_base_node/environment/ament_prefix_path.dsv
[12.417s] -- Installing: /home/marvin/marvin/marvin_ws/install/marvin_car_base_node/share/marvin_car_base_node/environment/path.sh
[12.417s] -- Installing: /home/marvin/marvin/marvin_ws/install/marvin_car_base_node/share/marvin_car_base_node/environment/path.dsv
[12.417s] -- Installing: /home/marvin/marvin/marvin_ws/install/marvin_car_base_node/share/marvin_car_base_node/local_setup.bash
[12.418s] -- Installing: /home/marvin/marvin/marvin_ws/install/marvin_car_base_node/share/marvin_car_base_node/local_setup.sh
[12.418s] -- Installing: /home/marvin/marvin/marvin_ws/install/marvin_car_base_node/share/marvin_car_base_node/local_setup.zsh
[12.419s] -- Installing: /home/marvin/marvin/marvin_ws/install/marvin_car_base_node/share/marvin_car_base_node/local_setup.dsv
[12.419s] -- Installing: /home/marvin/marvin/marvin_ws/install/marvin_car_base_node/share/marvin_car_base_node/package.dsv
[12.419s] -- Installing: /home/marvin/marvin/marvin_ws/install/marvin_car_base_node/share/ament_index/resource_index/packages/marvin_car_base_node
[12.419s] -- Installing: /home/marvin/marvin/marvin_ws/install/marvin_car_base_node/share/marvin_car_base_node/cmake/marvin_car_base_nodeConfig.cmake
[12.420s] -- Installing: /home/marvin/marvin/marvin_ws/install/marvin_car_base_node/share/marvin_car_base_node/cmake/marvin_car_base_nodeConfig-version.cmake
[12.420s] -- Installing: /home/marvin/marvin/marvin_ws/install/marvin_car_base_node/share/marvin_car_base_node/package.xml
[12.427s] Invoked command in '/home/marvin/marvin/marvin_ws/build/marvin_car_base_node' returned '0': CMAKE_PREFIX_PATH=/opt/ros/foxy /usr/bin/cmake --install /home/marvin/marvin/marvin_ws/build/marvin_car_base_node
