[0.018s] Invoking command in '/root/marvin/software/library_ws/build/robot_localization': CMAKE_PREFIX_PATH=${CMAKE_PREFIX_PATH}:/root/marvin/marvin_ws/install/marvincar_nav:/root/marvin/marvin_ws/install/marvincar_laser:/root/marvin/marvin_ws/install/marvincar_description:/root/marvin/marvin_ws/install/marvincar_ctrl:/root/marvin/marvin_ws/install/marvincar_bringup:/opt/ros/foxy /usr/bin/cmake /root/marvin/software/library_ws/src/robot_localization -DCMAKE_INSTALL_PREFIX=/root/marvin/software/library_ws/install/robot_localization
[0.140s] -- The C compiler identification is GNU 9.4.0
[0.210s] -- The CXX compiler identification is GNU 9.4.0
[0.218s] -- Check for working C compiler: /usr/bin/cc
[0.294s] -- Check for working C compiler: /usr/bin/cc -- works
[0.297s] -- Detecting C compiler ABI info
[0.375s] -- Detecting C compiler ABI info - done
[0.387s] -- Detecting C compile features
[0.388s] -- Detecting C compile features - done
[0.391s] -- Check for working CXX compiler: /usr/bin/c++
[0.480s] -- Check for working CXX compiler: /usr/bin/c++ -- works
[0.481s] -- Detecting CXX compiler ABI info
[0.570s] -- Detecting CXX compiler ABI info - done
[0.580s] -- Detecting CXX compile features
[0.581s] -- Detecting CXX compile features - done
[0.582s] -- robot_localization: You did not request a specific build type: selecting 'RelWithDebInfo'.
[0.583s] -- Found ament_cmake: 0.9.12 (/opt/ros/foxy/share/ament_cmake/cmake)
[0.607s] -- Found PythonInterp: /usr/bin/python3 (found suitable version "3.8.10", minimum required is "3") 
[0.607s] -- Using PYTHON_EXECUTABLE: /usr/bin/python3
[0.806s] -- Found rclcpp: 2.4.3 (/opt/ros/foxy/share/rclcpp/cmake)
[0.854s] -- Using all available rosidl_typesupport_c: rosidl_typesupport_fastrtps_c;rosidl_typesupport_introspection_c
[0.863s] -- Found rosidl_adapter: 1.3.1 (/opt/ros/foxy/share/rosidl_adapter/cmake)
[0.966s] -- Found OpenSSL: /usr/lib/x86_64-linux-gnu/libcrypto.so (found version "1.1.1f")  
[0.995s] -- Found FastRTPS: /opt/ros/foxy/include  
[1.072s] -- Using all available rosidl_typesupport_cpp: rosidl_typesupport_fastrtps_cpp;rosidl_typesupport_introspection_cpp
[1.127s] -- Found rmw_implementation_cmake: 1.0.4 (/opt/ros/foxy/share/rmw_implementation_cmake/cmake)
[1.129s] -- Using RMW implementation 'rmw_fastrtps_cpp' as default
[1.131s] -- Looking for pthread.h
[1.209s] -- Looking for pthread.h - found
[1.210s] -- Performing Test CMAKE_HAVE_LIBC_PTHREAD
[1.292s] -- Performing Test CMAKE_HAVE_LIBC_PTHREAD - Failed
[1.292s] -- Looking for pthread_create in pthreads
[1.361s] -- Looking for pthread_create in pthreads - not found
[1.362s] -- Looking for pthread_create in pthread
[1.437s] -- Looking for pthread_create in pthread - found
[1.439s] -- Found Threads: TRUE  
[1.597s] -- Found diagnostic_msgs: 2.0.5 (/opt/ros/foxy/share/diagnostic_msgs/cmake)
[1.643s] -- Found diagnostic_updater: 3.1.2 (/opt/ros/foxy/share/diagnostic_updater/cmake)
[1.667s] -- Found geographic_msgs: 1.0.4 (/opt/ros/foxy/share/geographic_msgs/cmake)
[1.822s] -- Found nav_msgs: 2.0.5 (/opt/ros/foxy/share/nav_msgs/cmake)
[1.896s] -- Found rosidl_default_generators: 1.0.1 (/opt/ros/foxy/share/rosidl_default_generators/cmake)
[1.914s] -- Found sensor_msgs: 2.0.5 (/opt/ros/foxy/share/sensor_msgs/cmake)
[1.987s] -- Found std_srvs: 2.0.5 (/opt/ros/foxy/share/std_srvs/cmake)
[2.008s] -- Found tf2: 0.13.14 (/opt/ros/foxy/share/tf2/cmake)
[2.020s] -- Found tf2_eigen: 0.13.14 (/opt/ros/foxy/share/tf2_eigen/cmake)
[2.347s] -- Found tf2_geometry_msgs: 0.13.14 (/opt/ros/foxy/share/tf2_geometry_msgs/cmake)
[2.355s] -- Found Eigen3: TRUE (found version "3.3.7") 
[2.400s] -- Found Boost: /usr/lib/x86_64-linux-gnu/cmake/Boost-1.71.0/BoostConfig.cmake (found version "1.71.0")  
[2.403s] -- Found yaml_cpp_vendor: 7.0.3 (/opt/ros/foxy/share/yaml_cpp_vendor/cmake)
[2.404s] -- Setting yaml-cpp_DIR to: '/opt/ros/foxy/share/yaml_cpp_vendor/cmake/../../../opt/yaml_cpp_vendor/lib/cmake/yaml-cpp'
[2.409s] -- Found GeographicLib: /usr/lib/x86_64-linux-gnu  
[2.432s] -- Found PythonInterp: /usr/bin/python3 (found version "3.8.10") 
[2.679s] -- Found ament_cmake_cppcheck: 0.9.8 (/opt/ros/foxy/share/ament_cmake_cppcheck/cmake)
[2.683s] -- Found ament_cmake_cpplint: 0.9.8 (/opt/ros/foxy/share/ament_cmake_cpplint/cmake)
[2.686s] -- Found ament_cmake_uncrustify: 0.9.8 (/opt/ros/foxy/share/ament_cmake_uncrustify/cmake)
[2.692s] -- Found ament_cmake_ros: 0.9.2 (/opt/ros/foxy/share/ament_cmake_ros/cmake)
[3.054s] -- Using all available rosidl_typesupport_c: rosidl_typesupport_fastrtps_c;rosidl_typesupport_introspection_c
[3.230s] -- Using all available rosidl_typesupport_cpp: rosidl_typesupport_fastrtps_cpp;rosidl_typesupport_introspection_cpp
[3.263s] -- Found PythonInterp: /usr/bin/python3 (found suitable version "3.8.10", minimum required is "3.5") 
[3.267s] -- Found python_cmake_module: 0.8.1 (/opt/ros/foxy/share/python_cmake_module/cmake)
[3.302s] -- Found PythonLibs: /usr/lib/x86_64-linux-gnu/libpython3.8.so (found suitable version "3.8.10", minimum required is "3.5") 
[3.303s] -- Using PYTHON_EXECUTABLE: /usr/bin/python3
[3.303s] -- Using PYTHON_INCLUDE_DIRS: /usr/include/python3.8
[3.303s] -- Using PYTHON_LIBRARIES: /usr/lib/x86_64-linux-gnu/libpython3.8.so
[3.324s] -- Found PythonExtra: .so  
[3.434s] -- Found ament_cmake_flake8: 0.9.8 (/opt/ros/foxy/share/ament_cmake_flake8/cmake)
[3.436s] -- Found ament_cmake_pep257: 0.9.8 (/opt/ros/foxy/share/ament_cmake_pep257/cmake)
[3.453s] -- Found ament_cmake_lint_cmake: 0.9.8 (/opt/ros/foxy/share/ament_cmake_lint_cmake/cmake)
[3.458s] -- Found launch_testing_ament_cmake: 0.10.10 (/opt/ros/foxy/share/launch_testing_ament_cmake/cmake)
[3.481s] -- Using PYTHON_EXECUTABLE: /usr/bin/python3
[3.481s] -- Using PYTHON_INCLUDE_DIRS: /usr/include/python3.8
[3.481s] -- Using PYTHON_LIBRARIES: /usr/lib/x86_64-linux-gnu/libpython3.8.so
[3.490s] -- Found gtest sources under '/opt/ros/foxy/src/gtest_vendor': C++ tests using 'Google Test' will be built
[3.494s] -- Check if compiler accepts -pthread
[3.579s] -- Check if compiler accepts -pthread - yes
[3.621s] -- Configuring done
[4.017s] -- Generating done
[4.022s] -- Build files have been written to: /root/marvin/software/library_ws/build/robot_localization
[4.038s] Invoked command in '/root/marvin/software/library_ws/build/robot_localization' returned '0': CMAKE_PREFIX_PATH=${CMAKE_PREFIX_PATH}:/root/marvin/marvin_ws/install/marvincar_nav:/root/marvin/marvin_ws/install/marvincar_laser:/root/marvin/marvin_ws/install/marvincar_description:/root/marvin/marvin_ws/install/marvincar_ctrl:/root/marvin/marvin_ws/install/marvincar_bringup:/opt/ros/foxy /usr/bin/cmake /root/marvin/software/library_ws/src/robot_localization -DCMAKE_INSTALL_PREFIX=/root/marvin/software/library_ws/install/robot_localization
[4.042s] Invoking command in '/root/marvin/software/library_ws/build/robot_localization': CMAKE_PREFIX_PATH=${CMAKE_PREFIX_PATH}:/root/marvin/marvin_ws/install/marvincar_nav:/root/marvin/marvin_ws/install/marvincar_laser:/root/marvin/marvin_ws/install/marvincar_description:/root/marvin/marvin_ws/install/marvincar_ctrl:/root/marvin/marvin_ws/install/marvincar_bringup:/opt/ros/foxy /usr/bin/cmake --build /root/marvin/software/library_ws/build/robot_localization -- -j6 -l6
[4.101s] [35m[1mScanning dependencies of target gtest[0m
[4.101s] [35m[1mScanning dependencies of target gtest_main[0m
[4.101s] [35m[1mScanning dependencies of target robot_localization__cpp[0m
[4.101s] [  1%] [34m[1mGenerating C code for ROS interfaces[0m
[4.119s] [  2%] [34m[1mGenerating C++ code for ROS interfaces[0m
[4.156s] [  3%] [32mBuilding CXX object gtest/CMakeFiles/gtest_main.dir/src/gtest_main.cc.o[0m
[4.164s] [  4%] [32mBuilding CXX object gtest/CMakeFiles/gtest.dir/src/gtest-all.cc.o[0m
[4.978s] [  4%] Built target robot_localization__cpp
[4.996s] [  5%] [34m[1mGenerating C++ type support dispatch for ROS interfaces[0m
[5.007s] [  6%] [34m[1mGenerating C++ type support for eProsima Fast-RTPS[0m
[5.015s] [  7%] [34m[1mGenerating C++ introspection for ROS interfaces[0m
[5.016s] [35m[1mScanning dependencies of target robot_localization__rosidl_generator_c[0m
[5.099s] [  7%] [32mBuilding C object CMakeFiles/robot_localization__rosidl_generator_c.dir/rosidl_generator_c/robot_localization/srv/detail/from_ll__functions.c.o[0m
[5.222s] [  7%] [32m[1mLinking CXX static library libgtest_main.a[0m
[5.294s] [  7%] Built target gtest_main
[5.309s] [  8%] [32mBuilding C object CMakeFiles/robot_localization__rosidl_generator_c.dir/rosidl_generator_c/robot_localization/srv/detail/get_state__functions.c.o[0m
[5.351s] [  9%] [32mBuilding C object CMakeFiles/robot_localization__rosidl_generator_c.dir/rosidl_generator_c/robot_localization/srv/detail/set_datum__functions.c.o[0m
[5.550s] [ 10%] [32mBuilding C object CMakeFiles/robot_localization__rosidl_generator_c.dir/rosidl_generator_c/robot_localization/srv/detail/set_pose__functions.c.o[0m
[5.568s] [ 11%] [32mBuilding C object CMakeFiles/robot_localization__rosidl_generator_c.dir/rosidl_generator_c/robot_localization/srv/detail/toggle_filter_processing__functions.c.o[0m
[5.590s] [35m[1mScanning dependencies of target robot_localization__rosidl_typesupport_cpp[0m
[5.665s] [ 12%] [32mBuilding CXX object CMakeFiles/robot_localization__rosidl_typesupport_cpp.dir/rosidl_typesupport_cpp/robot_localization/srv/from_ll__type_support.cpp.o[0m
[5.813s] [ 13%] [32mBuilding C object CMakeFiles/robot_localization__rosidl_generator_c.dir/rosidl_generator_c/robot_localization/srv/detail/to_ll__functions.c.o[0m
[5.817s] [ 14%] [32mBuilding CXX object CMakeFiles/robot_localization__rosidl_typesupport_cpp.dir/rosidl_typesupport_cpp/robot_localization/srv/get_state__type_support.cpp.o[0m
[5.925s] [35m[1mScanning dependencies of target robot_localization__rosidl_typesupport_introspection_cpp[0m
[6.013s] [35m[1mScanning dependencies of target robot_localization__rosidl_typesupport_fastrtps_cpp[0m
[6.046s] [ 14%] [32mBuilding CXX object CMakeFiles/robot_localization__rosidl_typesupport_introspection_cpp.dir/rosidl_typesupport_introspection_cpp/robot_localization/srv/detail/from_ll__type_support.cpp.o[0m
[6.048s] [ 15%] [32m[1mLinking C shared library librobot_localization__rosidl_generator_c.so[0m
[6.083s] [ 16%] [32mBuilding CXX object CMakeFiles/robot_localization__rosidl_typesupport_fastrtps_cpp.dir/rosidl_typesupport_fastrtps_cpp/robot_localization/srv/detail/dds_fastrtps/from_ll__type_support.cpp.o[0m
[6.202s] [ 16%] Built target robot_localization__rosidl_generator_c
[6.246s] [ 17%] [32mBuilding CXX object CMakeFiles/robot_localization__rosidl_typesupport_introspection_cpp.dir/rosidl_typesupport_introspection_cpp/robot_localization/srv/detail/get_state__type_support.cpp.o[0m
[6.281s] [ 18%] [32mBuilding CXX object CMakeFiles/robot_localization__rosidl_typesupport_introspection_cpp.dir/rosidl_typesupport_introspection_cpp/robot_localization/srv/detail/set_datum__type_support.cpp.o[0m
[6.426s] [ 19%] [32mBuilding CXX object CMakeFiles/robot_localization__rosidl_typesupport_cpp.dir/rosidl_typesupport_cpp/robot_localization/srv/set_datum__type_support.cpp.o[0m
[6.663s] [ 20%] [32mBuilding CXX object CMakeFiles/robot_localization__rosidl_typesupport_introspection_cpp.dir/rosidl_typesupport_introspection_cpp/robot_localization/srv/detail/set_pose__type_support.cpp.o[0m
[6.925s] [ 21%] [32mBuilding CXX object CMakeFiles/robot_localization__rosidl_typesupport_introspection_cpp.dir/rosidl_typesupport_introspection_cpp/robot_localization/srv/detail/toggle_filter_processing__type_support.cpp.o[0m
[6.957s] [ 22%] [32mBuilding CXX object CMakeFiles/robot_localization__rosidl_typesupport_introspection_cpp.dir/rosidl_typesupport_introspection_cpp/robot_localization/srv/detail/to_ll__type_support.cpp.o[0m
[6.994s] [ 23%] [32mBuilding CXX object CMakeFiles/robot_localization__rosidl_typesupport_fastrtps_cpp.dir/rosidl_typesupport_fastrtps_cpp/robot_localization/srv/detail/dds_fastrtps/get_state__type_support.cpp.o[0m
[7.090s] [ 24%] [32mBuilding CXX object CMakeFiles/robot_localization__rosidl_typesupport_cpp.dir/rosidl_typesupport_cpp/robot_localization/srv/set_pose__type_support.cpp.o[0m
[7.478s] [ 25%] [32mBuilding CXX object CMakeFiles/robot_localization__rosidl_typesupport_cpp.dir/rosidl_typesupport_cpp/robot_localization/srv/toggle_filter_processing__type_support.cpp.o[0m
[7.497s] [ 25%] [32mBuilding CXX object CMakeFiles/robot_localization__rosidl_typesupport_cpp.dir/rosidl_typesupport_cpp/robot_localization/srv/to_ll__type_support.cpp.o[0m
[7.580s] [ 26%] [32m[1mLinking CXX shared library librobot_localization__rosidl_typesupport_introspection_cpp.so[0m
[7.701s] [ 27%] [32mBuilding CXX object CMakeFiles/robot_localization__rosidl_typesupport_fastrtps_cpp.dir/rosidl_typesupport_fastrtps_cpp/robot_localization/srv/detail/dds_fastrtps/set_datum__type_support.cpp.o[0m
[7.710s] [ 27%] Built target robot_localization__rosidl_typesupport_introspection_cpp
[7.756s] [ 28%] [34m[1mGenerating C type support dispatch for ROS interfaces[0m
[8.061s] [ 29%] [34m[1mGenerating C introspection for ROS interfaces[0m
[8.128s] [ 30%] [32m[1mLinking CXX shared library librobot_localization__rosidl_typesupport_cpp.so[0m
[8.206s] [ 30%] [32mBuilding CXX object CMakeFiles/robot_localization__rosidl_typesupport_fastrtps_cpp.dir/rosidl_typesupport_fastrtps_cpp/robot_localization/srv/detail/dds_fastrtps/set_pose__type_support.cpp.o[0m
[8.229s] [ 30%] Built target robot_localization__rosidl_typesupport_cpp
[8.252s] [ 31%] [32mBuilding CXX object CMakeFiles/robot_localization__rosidl_typesupport_fastrtps_cpp.dir/rosidl_typesupport_fastrtps_cpp/robot_localization/srv/detail/dds_fastrtps/toggle_filter_processing__type_support.cpp.o[0m
[8.549s] [35m[1mScanning dependencies of target robot_localization__rosidl_typesupport_c[0m
[8.576s] [ 32%] [32mBuilding CXX object CMakeFiles/robot_localization__rosidl_typesupport_fastrtps_cpp.dir/rosidl_typesupport_fastrtps_cpp/robot_localization/srv/detail/dds_fastrtps/to_ll__type_support.cpp.o[0m
[8.579s] [ 32%] [32mBuilding CXX object CMakeFiles/robot_localization__rosidl_typesupport_c.dir/rosidl_typesupport_c/robot_localization/srv/from_ll__type_support.cpp.o[0m
[8.657s] [ 33%] [32mBuilding CXX object CMakeFiles/robot_localization__rosidl_typesupport_c.dir/rosidl_typesupport_c/robot_localization/srv/get_state__type_support.cpp.o[0m
[8.716s] [ 34%] [32mBuilding CXX object CMakeFiles/robot_localization__rosidl_typesupport_c.dir/rosidl_typesupport_c/robot_localization/srv/set_datum__type_support.cpp.o[0m
[8.771s] [ 35%] [32mBuilding CXX object CMakeFiles/robot_localization__rosidl_typesupport_c.dir/rosidl_typesupport_c/robot_localization/srv/set_pose__type_support.cpp.o[0m
[8.826s] [ 36%] [32mBuilding CXX object CMakeFiles/robot_localization__rosidl_typesupport_c.dir/rosidl_typesupport_c/robot_localization/srv/toggle_filter_processing__type_support.cpp.o[0m
[8.881s] [ 37%] [32mBuilding CXX object CMakeFiles/robot_localization__rosidl_typesupport_c.dir/rosidl_typesupport_c/robot_localization/srv/to_ll__type_support.cpp.o[0m
[8.937s] [ 38%] [32m[1mLinking CXX shared library librobot_localization__rosidl_typesupport_c.so[0m
[9.036s] [ 38%] Built target robot_localization__rosidl_typesupport_c
[9.226s] [35m[1mScanning dependencies of target robot_localization__rosidl_typesupport_introspection_c[0m
[9.273s] [ 39%] [32mBuilding C object CMakeFiles/robot_localization__rosidl_typesupport_introspection_c.dir/rosidl_typesupport_introspection_c/robot_localization/srv/detail/from_ll__type_support.c.o[0m
[9.273s] [ 40%] [32mBuilding C object CMakeFiles/robot_localization__rosidl_typesupport_introspection_c.dir/rosidl_typesupport_introspection_c/robot_localization/srv/detail/get_state__type_support.c.o[0m
[9.275s] [ 41%] [32mBuilding C object CMakeFiles/robot_localization__rosidl_typesupport_introspection_c.dir/rosidl_typesupport_introspection_c/robot_localization/srv/detail/set_pose__type_support.c.o[0m
[9.295s] [ 41%] [32mBuilding C object CMakeFiles/robot_localization__rosidl_typesupport_introspection_c.dir/rosidl_typesupport_introspection_c/robot_localization/srv/detail/set_datum__type_support.c.o[0m
[9.379s] [ 42%] [32mBuilding C object CMakeFiles/robot_localization__rosidl_typesupport_introspection_c.dir/rosidl_typesupport_introspection_c/robot_localization/srv/detail/toggle_filter_processing__type_support.c.o[0m
[9.397s] [ 43%] [32mBuilding C object CMakeFiles/robot_localization__rosidl_typesupport_introspection_c.dir/rosidl_typesupport_introspection_c/robot_localization/srv/detail/to_ll__type_support.c.o[0m
[9.511s] [ 44%] [32m[1mLinking C shared library librobot_localization__rosidl_typesupport_introspection_c.so[0m
[9.513s] [ 45%] [32m[1mLinking CXX shared library librobot_localization__rosidl_typesupport_fastrtps_cpp.so[0m
[9.590s] [ 45%] Built target robot_localization__rosidl_typesupport_introspection_c
[9.681s] [ 45%] Built target robot_localization__rosidl_typesupport_fastrtps_cpp
[9.696s] [ 46%] [34m[1mGenerating C type support for eProsima Fast-RTPS[0m
[10.232s] [35m[1mScanning dependencies of target robot_localization__rosidl_typesupport_fastrtps_c[0m
[10.281s] [ 48%] [32mBuilding CXX object CMakeFiles/robot_localization__rosidl_typesupport_fastrtps_c.dir/rosidl_typesupport_fastrtps_c/robot_localization/srv/detail/set_datum__type_support_c.cpp.o[0m
[10.282s] [ 49%] [32mBuilding CXX object CMakeFiles/robot_localization__rosidl_typesupport_fastrtps_c.dir/rosidl_typesupport_fastrtps_c/robot_localization/srv/detail/get_state__type_support_c.cpp.o[0m
[10.283s] [ 48%] [32mBuilding CXX object CMakeFiles/robot_localization__rosidl_typesupport_fastrtps_c.dir/rosidl_typesupport_fastrtps_c/robot_localization/srv/detail/from_ll__type_support_c.cpp.o[0m
[10.288s] [ 50%] [32mBuilding CXX object CMakeFiles/robot_localization__rosidl_typesupport_fastrtps_c.dir/rosidl_typesupport_fastrtps_c/robot_localization/srv/detail/toggle_filter_processing__type_support_c.cpp.o[0m
[10.293s] [ 51%] [32mBuilding CXX object CMakeFiles/robot_localization__rosidl_typesupport_fastrtps_c.dir/rosidl_typesupport_fastrtps_c/robot_localization/srv/detail/set_pose__type_support_c.cpp.o[0m
[10.927s] [ 51%] [32mBuilding CXX object CMakeFiles/robot_localization__rosidl_typesupport_fastrtps_c.dir/rosidl_typesupport_fastrtps_c/robot_localization/srv/detail/to_ll__type_support_c.cpp.o[0m
[11.399s] [ 52%] [32m[1mLinking CXX shared library librobot_localization__rosidl_typesupport_fastrtps_c.so[0m
[11.514s] [ 52%] Built target robot_localization__rosidl_typesupport_fastrtps_c
[11.527s] [35m[1mScanning dependencies of target robot_localization[0m
[11.542s] [ 52%] Built target robot_localization
[11.558s] [35m[1mScanning dependencies of target robot_localization__py[0m
[11.559s] [35m[1mScanning dependencies of target rl_lib[0m
[11.577s] [ 53%] [34m[1mGenerating Python code for ROS interfaces[0m
[11.951s] [ 54%] [32mBuilding CXX object CMakeFiles/rl_lib.dir/src/ekf.cpp.o[0m
[11.956s] [ 56%] [32mBuilding CXX object CMakeFiles/rl_lib.dir/src/ukf.cpp.o[0m
[11.956s] [ 56%] [32mBuilding CXX object CMakeFiles/rl_lib.dir/src/filter_base.cpp.o[0m
[11.970s] [ 57%] [32mBuilding CXX object CMakeFiles/rl_lib.dir/src/filter_utilities.cpp.o[0m
[14.141s] [ 57%] Built target robot_localization__py
[14.157s] [35m[1mScanning dependencies of target robot_localization__python[0m
[14.270s] [ 58%] [32mBuilding CXX object CMakeFiles/rl_lib.dir/src/navsat_transform.cpp.o[0m
[14.288s] [ 59%] [32mBuilding C object CMakeFiles/robot_localization__python.dir/rosidl_generator_py/robot_localization/srv/_from_ll_s.c.o[0m
[14.529s] [ 59%] [32mBuilding C object CMakeFiles/robot_localization__python.dir/rosidl_generator_py/robot_localization/srv/_get_state_s.c.o[0m
[14.968s] [ 60%] [32mBuilding C object CMakeFiles/robot_localization__python.dir/rosidl_generator_py/robot_localization/srv/_set_datum_s.c.o[0m
[15.434s] [ 61%] [32mBuilding C object CMakeFiles/robot_localization__python.dir/rosidl_generator_py/robot_localization/srv/_set_pose_s.c.o[0m
[15.836s] [ 62%] [32mBuilding C object CMakeFiles/robot_localization__python.dir/rosidl_generator_py/robot_localization/srv/_toggle_filter_processing_s.c.o[0m
[16.295s] [ 63%] [32mBuilding C object CMakeFiles/robot_localization__python.dir/rosidl_generator_py/robot_localization/srv/_to_ll_s.c.o[0m
[16.668s] [ 64%] [32m[1mLinking C shared library rosidl_generator_py/robot_localization/librobot_localization__python.so[0m
[16.831s] [ 64%] Built target robot_localization__python
[16.849s] [35m[1mScanning dependencies of target robot_localization__rosidl_typesupport_fastrtps_c__pyext[0m
[16.990s] [ 65%] [32mBuilding C object CMakeFiles/robot_localization__rosidl_typesupport_fastrtps_c__pyext.dir/rosidl_generator_py/robot_localization/_robot_localization_s.ep.rosidl_typesupport_fastrtps_c.c.o[0m
[17.702s] [ 66%] [32m[1mLinking CXX shared library rosidl_generator_py/robot_localization/robot_localization_s__rosidl_typesupport_fastrtps_c.cpython-38-x86_64-linux-gnu.so[0m
[17.876s] [ 66%] Built target robot_localization__rosidl_typesupport_fastrtps_c__pyext
[17.894s] [35m[1mScanning dependencies of target robot_localization__rosidl_typesupport_introspection_c__pyext[0m
[17.977s] [ 67%] [32mBuilding C object CMakeFiles/robot_localization__rosidl_typesupport_introspection_c__pyext.dir/rosidl_generator_py/robot_localization/_robot_localization_s.ep.rosidl_typesupport_introspection_c.c.o[0m
[18.678s] [ 68%] [32m[1mLinking C shared library rosidl_generator_py/robot_localization/robot_localization_s__rosidl_typesupport_introspection_c.cpython-38-x86_64-linux-gnu.so[0m
[18.776s] [ 68%] Built target robot_localization__rosidl_typesupport_introspection_c__pyext
[18.795s] [35m[1mScanning dependencies of target robot_localization__rosidl_typesupport_c__pyext[0m
[18.892s] [ 69%] [32mBuilding C object CMakeFiles/robot_localization__rosidl_typesupport_c__pyext.dir/rosidl_generator_py/robot_localization/_robot_localization_s.ep.rosidl_typesupport_c.c.o[0m
[19.548s] [ 69%] [32m[1mLinking C shared library rosidl_generator_py/robot_localization/robot_localization_s__rosidl_typesupport_c.cpython-38-x86_64-linux-gnu.so[0m
[19.655s] [ 69%] Built target robot_localization__rosidl_typesupport_c__pyext
[19.679s] [ 69%] [32mBuilding CXX object CMakeFiles/rl_lib.dir/src/robot_localization_estimator.cpp.o[0m
[22.530s] [ 70%] [32mBuilding CXX object CMakeFiles/rl_lib.dir/src/ros_filter.cpp.o[0m
[25.947s] [ 71%] [32m[1mLinking CXX static library libgtest.a[0m
[26.014s] [ 72%] [32mBuilding CXX object CMakeFiles/rl_lib.dir/src/ros_filter_utilities.cpp.o[0m
[26.243s] [ 72%] Built target gtest
[26.304s] [ 73%] [32mBuilding CXX object CMakeFiles/rl_lib.dir/src/ros_robot_localization_listener.cpp.o[0m
[97.681s] [ 74%] [32m[1mLinking CXX shared library librl_lib.so[0m
[98.971s] [ 74%] Built target rl_lib
[98.986s] [35m[1mScanning dependencies of target test_ekf[0m
[98.986s] [35m[1mScanning dependencies of target test_navsat_conversions[0m
[98.986s] [35m[1mScanning dependencies of target test_ros_robot_localization_listener_publisher[0m
[98.986s] [35m[1mScanning dependencies of target test_ros_robot_localization_listener[0m
[98.987s] [35m[1mScanning dependencies of target ukf_node[0m
[98.987s] [35m[1mScanning dependencies of target test_robot_localization_estimator[0m
[99.037s] [ 74%] [32mBuilding CXX object CMakeFiles/test_navsat_conversions.dir/test/test_navsat_conversions.cpp.o[0m
[99.092s] [ 74%] [32mBuilding CXX object CMakeFiles/test_ros_robot_localization_listener_publisher.dir/test/test_ros_robot_localization_listener_publisher.cpp.o[0m
[99.105s] [ 76%] [32mBuilding CXX object CMakeFiles/ukf_node.dir/src/ukf_node.cpp.o[0m
[99.105s] [ 76%] [32mBuilding CXX object CMakeFiles/test_robot_localization_estimator.dir/test/test_robot_localization_estimator.cpp.o[0m
[99.112s] [ 77%] [32mBuilding CXX object CMakeFiles/test_ekf.dir/test/test_ekf.cpp.o[0m
[99.150s] [ 78%] [32mBuilding CXX object CMakeFiles/test_ros_robot_localization_listener.dir/test/test_ros_robot_localization_listener.cpp.o[0m
[101.434s] [ 79%] [32m[1mLinking CXX executable test_navsat_conversions[0m
[101.724s] [ 79%] Built target test_navsat_conversions
[101.767s] [35m[1mScanning dependencies of target ekf_node[0m
[102.061s] [ 79%] [32mBuilding CXX object CMakeFiles/ekf_node.dir/src/ekf_node.cpp.o[0m
[106.529s] [ 80%] [32m[1mLinking CXX executable test_robot_localization_estimator[0m
[106.866s] [ 81%] [32m[1mLinking CXX executable ukf_node[0m
[107.053s] [ 81%] Built target test_robot_localization_estimator
[107.071s] [35m[1mScanning dependencies of target test_ukf[0m
[107.244s] [ 82%] [32mBuilding CXX object CMakeFiles/test_ukf.dir/test/test_ukf.cpp.o[0m
[107.265s] [ 82%] Built target ukf_node
[107.341s] [35m[1mScanning dependencies of target test_navsat_transform[0m
[107.441s] [ 83%] [32mBuilding CXX object CMakeFiles/test_navsat_transform.dir/test/test_navsat_transform.cpp.o[0m
[107.882s] [ 84%] [32m[1mLinking CXX executable test_ros_robot_localization_listener[0m
[108.319s] [ 84%] Built target test_ros_robot_localization_listener
[108.337s] [35m[1mScanning dependencies of target filter_base-test[0m
[108.476s] [ 85%] [32mBuilding CXX object CMakeFiles/filter_base-test.dir/test/test_filter_base.cpp.o[0m
[109.394s] [ 86%] [32m[1mLinking CXX executable ekf_node[0m
[109.432s] [ 87%] [32m[1mLinking CXX executable test_ekf[0m
[109.776s] [ 87%] Built target ekf_node
[109.792s] [35m[1mScanning dependencies of target navsat_transform_node[0m
[109.919s] [ 88%] [32mBuilding CXX object CMakeFiles/navsat_transform_node.dir/src/navsat_transform_node.cpp.o[0m
[110.011s] [ 88%] Built target test_ekf
[110.048s] [35m[1mScanning dependencies of target robot_localization_listener_node[0m
[110.304s] [ 89%] [32mBuilding CXX object CMakeFiles/robot_localization_listener_node.dir/src/robot_localization_listener_node.cpp.o[0m
[110.587s] [ 90%] [32m[1mLinking CXX executable test_ros_robot_localization_listener_publisher[0m
[110.903s] [ 90%] Built target test_ros_robot_localization_listener_publisher
[110.926s] [35m[1mScanning dependencies of target test_ukf_localization_node_interfaces[0m
[111.064s] [ 91%] [32mBuilding CXX object CMakeFiles/test_ukf_localization_node_interfaces.dir/test/test_ukf_localization_node_interfaces.cpp.o[0m
[112.560s] [ 92%] [32m[1mLinking CXX executable filter_base-test[0m
[113.044s] [ 92%] Built target filter_base-test
[113.061s] [35m[1mScanning dependencies of target test_ekf_localization_node_interfaces[0m
[113.241s] [ 93%] [32mBuilding CXX object CMakeFiles/test_ekf_localization_node_interfaces.dir/test/test_ekf_localization_node_interfaces.cpp.o[0m
[114.171s] [ 94%] [32m[1mLinking CXX executable test_navsat_transform[0m
[114.614s] [ 94%] Built target test_navsat_transform
[114.633s] [35m[1mScanning dependencies of target test_filter_base_diagnostics_timestamps[0m
[114.893s] [ 95%] [32mBuilding CXX object CMakeFiles/test_filter_base_diagnostics_timestamps.dir/test/test_filter_base_diagnostics_timestamps.cpp.o[0m
[115.300s] [ 96%] [32m[1mLinking CXX executable navsat_transform_node[0m
[115.841s] [ 96%] Built target navsat_transform_node
[117.617s] [ 97%] [32m[1mLinking CXX executable test_ukf[0m
[117.768s] [ 97%] [32m[1mLinking CXX executable robot_localization_listener_node[0m
[118.068s] [ 97%] Built target test_ukf
[118.116s] [ 97%] Built target robot_localization_listener_node
[135.351s] [ 98%] [32m[1mLinking CXX executable test_filter_base_diagnostics_timestamps[0m
[135.793s] [ 98%] Built target test_filter_base_diagnostics_timestamps
[136.017s] [ 99%] [32m[1mLinking CXX executable test_ukf_localization_node_interfaces[0m
[136.428s] [ 99%] Built target test_ukf_localization_node_interfaces
[137.597s] [100%] [32m[1mLinking CXX executable test_ekf_localization_node_interfaces[0m
[137.947s] [100%] Built target test_ekf_localization_node_interfaces
[137.961s] Invoked command in '/root/marvin/software/library_ws/build/robot_localization' returned '0': CMAKE_PREFIX_PATH=${CMAKE_PREFIX_PATH}:/root/marvin/marvin_ws/install/marvincar_nav:/root/marvin/marvin_ws/install/marvincar_laser:/root/marvin/marvin_ws/install/marvincar_description:/root/marvin/marvin_ws/install/marvincar_ctrl:/root/marvin/marvin_ws/install/marvincar_bringup:/opt/ros/foxy /usr/bin/cmake --build /root/marvin/software/library_ws/build/robot_localization -- -j6 -l6
[138.216s] Invoking command in '/root/marvin/software/library_ws/build/robot_localization': CMAKE_PREFIX_PATH=${CMAKE_PREFIX_PATH}:/root/marvin/marvin_ws/install/marvincar_nav:/root/marvin/marvin_ws/install/marvincar_laser:/root/marvin/marvin_ws/install/marvincar_description:/root/marvin/marvin_ws/install/marvincar_ctrl:/root/marvin/marvin_ws/install/marvincar_bringup:/opt/ros/foxy /usr/bin/cmake --install /root/marvin/software/library_ws/build/robot_localization
[138.226s] -- Install configuration: "RelWithDebInfo"
[138.226s] -- Installing: /root/marvin/software/library_ws/install/robot_localization/share/ament_index/resource_index/rosidl_interfaces/robot_localization
[138.226s] -- Installing: /root/marvin/software/library_ws/install/robot_localization/include/robot_localization
[138.226s] -- Installing: /root/marvin/software/library_ws/install/robot_localization/include/robot_localization/srv
[138.226s] -- Installing: /root/marvin/software/library_ws/install/robot_localization/include/robot_localization/srv/toggle_filter_processing.h
[138.227s] -- Installing: /root/marvin/software/library_ws/install/robot_localization/include/robot_localization/srv/set_pose.h
[138.227s] -- Installing: /root/marvin/software/library_ws/install/robot_localization/include/robot_localization/srv/set_datum.h
[138.227s] -- Installing: /root/marvin/software/library_ws/install/robot_localization/include/robot_localization/srv/from_ll.h
[138.227s] -- Installing: /root/marvin/software/library_ws/install/robot_localization/include/robot_localization/srv/get_state.h
[138.227s] -- Installing: /root/marvin/software/library_ws/install/robot_localization/include/robot_localization/srv/to_ll.h
[138.227s] -- Installing: /root/marvin/software/library_ws/install/robot_localization/include/robot_localization/srv/detail
[138.228s] -- Installing: /root/marvin/software/library_ws/install/robot_localization/include/robot_localization/srv/detail/from_ll__struct.h
[138.228s] -- Installing: /root/marvin/software/library_ws/install/robot_localization/include/robot_localization/srv/detail/set_datum__functions.h
[138.228s] -- Installing: /root/marvin/software/library_ws/install/robot_localization/include/robot_localization/srv/detail/get_state__type_support.h
[138.228s] -- Installing: /root/marvin/software/library_ws/install/robot_localization/include/robot_localization/srv/detail/from_ll__type_support.h
[138.228s] -- Installing: /root/marvin/software/library_ws/install/robot_localization/include/robot_localization/srv/detail/toggle_filter_processing__type_support.h
[138.228s] -- Installing: /root/marvin/software/library_ws/install/robot_localization/include/robot_localization/srv/detail/get_state__functions.c
[138.228s] -- Installing: /root/marvin/software/library_ws/install/robot_localization/include/robot_localization/srv/detail/set_pose__functions.c
[138.228s] -- Installing: /root/marvin/software/library_ws/install/robot_localization/include/robot_localization/srv/detail/to_ll__functions.c
[138.229s] -- Installing: /root/marvin/software/library_ws/install/robot_localization/include/robot_localization/srv/detail/to_ll__functions.h
[138.229s] -- Installing: /root/marvin/software/library_ws/install/robot_localization/include/robot_localization/srv/detail/toggle_filter_processing__struct.h
[138.229s] -- Installing: /root/marvin/software/library_ws/install/robot_localization/include/robot_localization/srv/detail/to_ll__struct.h
[138.229s] -- Installing: /root/marvin/software/library_ws/install/robot_localization/include/robot_localization/srv/detail/toggle_filter_processing__functions.h
[138.229s] -- Installing: /root/marvin/software/library_ws/install/robot_localization/include/robot_localization/srv/detail/set_datum__type_support.h
[138.229s] -- Installing: /root/marvin/software/library_ws/install/robot_localization/include/robot_localization/srv/detail/from_ll__functions.c
[138.229s] -- Installing: /root/marvin/software/library_ws/install/robot_localization/include/robot_localization/srv/detail/get_state__struct.h
[138.230s] -- Installing: /root/marvin/software/library_ws/install/robot_localization/include/robot_localization/srv/detail/toggle_filter_processing__functions.c
[138.230s] -- Installing: /root/marvin/software/library_ws/install/robot_localization/include/robot_localization/srv/detail/set_pose__functions.h
[138.230s] -- Installing: /root/marvin/software/library_ws/install/robot_localization/include/robot_localization/srv/detail/set_datum__functions.c
[138.230s] -- Installing: /root/marvin/software/library_ws/install/robot_localization/include/robot_localization/srv/detail/set_pose__type_support.h
[138.230s] -- Installing: /root/marvin/software/library_ws/install/robot_localization/include/robot_localization/srv/detail/set_pose__struct.h
[138.230s] -- Installing: /root/marvin/software/library_ws/install/robot_localization/include/robot_localization/srv/detail/from_ll__functions.h
[138.231s] -- Installing: /root/marvin/software/library_ws/install/robot_localization/include/robot_localization/srv/detail/get_state__functions.h
[138.231s] -- Installing: /root/marvin/software/library_ws/install/robot_localization/include/robot_localization/srv/detail/set_datum__struct.h
[138.231s] -- Installing: /root/marvin/software/library_ws/install/robot_localization/include/robot_localization/srv/detail/to_ll__type_support.h
[138.231s] -- Installing: /root/marvin/software/library_ws/install/robot_localization/include/robot_localization/msg
[138.231s] -- Installing: /root/marvin/software/library_ws/install/robot_localization/include/robot_localization/msg/rosidl_generator_c__visibility_control.h
[138.231s] -- Installing: /root/marvin/software/library_ws/install/robot_localization/share/robot_localization/environment/library_path.sh
[138.231s] -- Installing: /root/marvin/software/library_ws/install/robot_localization/share/robot_localization/environment/library_path.dsv
[138.231s] -- Installing: /root/marvin/software/library_ws/install/robot_localization/lib/librobot_localization__rosidl_generator_c.so
[138.232s] -- Set runtime path of "/root/marvin/software/library_ws/install/robot_localization/lib/librobot_localization__rosidl_generator_c.so" to ""
[138.232s] -- Up-to-date: /root/marvin/software/library_ws/install/robot_localization/include/robot_localization
[138.232s] -- Up-to-date: /root/marvin/software/library_ws/install/robot_localization/include/robot_localization/srv
[138.233s] -- Up-to-date: /root/marvin/software/library_ws/install/robot_localization/include/robot_localization/srv/detail
[138.233s] -- Installing: /root/marvin/software/library_ws/install/robot_localization/include/robot_localization/srv/detail/set_datum__rosidl_typesupport_fastrtps_c.h
[138.233s] -- Installing: /root/marvin/software/library_ws/install/robot_localization/include/robot_localization/srv/detail/get_state__rosidl_typesupport_fastrtps_c.h
[138.233s] -- Installing: /root/marvin/software/library_ws/install/robot_localization/include/robot_localization/srv/detail/set_pose__rosidl_typesupport_fastrtps_c.h
[138.233s] -- Installing: /root/marvin/software/library_ws/install/robot_localization/include/robot_localization/srv/detail/toggle_filter_processing__rosidl_typesupport_fastrtps_c.h
[138.234s] -- Installing: /root/marvin/software/library_ws/install/robot_localization/include/robot_localization/srv/detail/to_ll__rosidl_typesupport_fastrtps_c.h
[138.234s] -- Installing: /root/marvin/software/library_ws/install/robot_localization/include/robot_localization/srv/detail/from_ll__rosidl_typesupport_fastrtps_c.h
[138.234s] -- Up-to-date: /root/marvin/software/library_ws/install/robot_localization/include/robot_localization/msg
[138.234s] -- Installing: /root/marvin/software/library_ws/install/robot_localization/include/robot_localization/msg/rosidl_typesupport_fastrtps_c__visibility_control.h
[138.234s] -- Installing: /root/marvin/software/library_ws/install/robot_localization/lib/librobot_localization__rosidl_typesupport_fastrtps_c.so
[138.235s] -- Set runtime path of "/root/marvin/software/library_ws/install/robot_localization/lib/librobot_localization__rosidl_typesupport_fastrtps_c.so" to ""
[138.235s] -- Up-to-date: /root/marvin/software/library_ws/install/robot_localization/include/robot_localization
[138.235s] -- Up-to-date: /root/marvin/software/library_ws/install/robot_localization/include/robot_localization/srv
[138.235s] -- Up-to-date: /root/marvin/software/library_ws/install/robot_localization/include/robot_localization/srv/detail
[138.235s] -- Installing: /root/marvin/software/library_ws/install/robot_localization/include/robot_localization/srv/detail/get_state__rosidl_typesupport_fastrtps_cpp.hpp
[138.236s] -- Installing: /root/marvin/software/library_ws/install/robot_localization/include/robot_localization/srv/detail/to_ll__rosidl_typesupport_fastrtps_cpp.hpp
[138.236s] -- Installing: /root/marvin/software/library_ws/install/robot_localization/include/robot_localization/srv/detail/set_pose__rosidl_typesupport_fastrtps_cpp.hpp
[138.236s] -- Installing: /root/marvin/software/library_ws/install/robot_localization/include/robot_localization/srv/detail/toggle_filter_processing__rosidl_typesupport_fastrtps_cpp.hpp
[138.236s] -- Installing: /root/marvin/software/library_ws/install/robot_localization/include/robot_localization/srv/detail/from_ll__rosidl_typesupport_fastrtps_cpp.hpp
[138.236s] -- Installing: /root/marvin/software/library_ws/install/robot_localization/include/robot_localization/srv/detail/set_datum__rosidl_typesupport_fastrtps_cpp.hpp
[138.236s] -- Installing: /root/marvin/software/library_ws/install/robot_localization/include/robot_localization/srv/detail/dds_fastrtps
[138.237s] -- Up-to-date: /root/marvin/software/library_ws/install/robot_localization/include/robot_localization/msg
[138.237s] -- Installing: /root/marvin/software/library_ws/install/robot_localization/include/robot_localization/msg/rosidl_typesupport_fastrtps_cpp__visibility_control.h
[138.237s] -- Installing: /root/marvin/software/library_ws/install/robot_localization/lib/librobot_localization__rosidl_typesupport_fastrtps_cpp.so
[138.238s] -- Set runtime path of "/root/marvin/software/library_ws/install/robot_localization/lib/librobot_localization__rosidl_typesupport_fastrtps_cpp.so" to ""
[138.238s] -- Up-to-date: /root/marvin/software/library_ws/install/robot_localization/include/robot_localization
[138.238s] -- Up-to-date: /root/marvin/software/library_ws/install/robot_localization/include/robot_localization/srv
[138.238s] -- Up-to-date: /root/marvin/software/library_ws/install/robot_localization/include/robot_localization/srv/detail
[138.239s] -- Installing: /root/marvin/software/library_ws/install/robot_localization/include/robot_localization/srv/detail/set_pose__rosidl_typesupport_introspection_c.h
[138.239s] -- Installing: /root/marvin/software/library_ws/install/robot_localization/include/robot_localization/srv/detail/set_datum__type_support.c
[138.239s] -- Installing: /root/marvin/software/library_ws/install/robot_localization/include/robot_localization/srv/detail/from_ll__type_support.c
[138.239s] -- Installing: /root/marvin/software/library_ws/install/robot_localization/include/robot_localization/srv/detail/toggle_filter_processing__type_support.c
[138.239s] -- Installing: /root/marvin/software/library_ws/install/robot_localization/include/robot_localization/srv/detail/set_datum__rosidl_typesupport_introspection_c.h
[138.239s] -- Installing: /root/marvin/software/library_ws/install/robot_localization/include/robot_localization/srv/detail/set_pose__type_support.c
[138.240s] -- Installing: /root/marvin/software/library_ws/install/robot_localization/include/robot_localization/srv/detail/to_ll__rosidl_typesupport_introspection_c.h
[138.240s] -- Installing: /root/marvin/software/library_ws/install/robot_localization/include/robot_localization/srv/detail/get_state__type_support.c
[138.240s] -- Installing: /root/marvin/software/library_ws/install/robot_localization/include/robot_localization/srv/detail/to_ll__type_support.c
[138.240s] -- Installing: /root/marvin/software/library_ws/install/robot_localization/include/robot_localization/srv/detail/toggle_filter_processing__rosidl_typesupport_introspection_c.h
[138.240s] -- Installing: /root/marvin/software/library_ws/install/robot_localization/include/robot_localization/srv/detail/from_ll__rosidl_typesupport_introspection_c.h
[138.240s] -- Installing: /root/marvin/software/library_ws/install/robot_localization/include/robot_localization/srv/detail/get_state__rosidl_typesupport_introspection_c.h
[138.240s] -- Up-to-date: /root/marvin/software/library_ws/install/robot_localization/include/robot_localization/msg
[138.240s] -- Installing: /root/marvin/software/library_ws/install/robot_localization/include/robot_localization/msg/rosidl_typesupport_introspection_c__visibility_control.h
[138.240s] -- Installing: /root/marvin/software/library_ws/install/robot_localization/lib/librobot_localization__rosidl_typesupport_introspection_c.so
[138.241s] -- Set runtime path of "/root/marvin/software/library_ws/install/robot_localization/lib/librobot_localization__rosidl_typesupport_introspection_c.so" to ""
[138.241s] -- Installing: /root/marvin/software/library_ws/install/robot_localization/lib/librobot_localization__rosidl_typesupport_c.so
[138.242s] -- Set runtime path of "/root/marvin/software/library_ws/install/robot_localization/lib/librobot_localization__rosidl_typesupport_c.so" to ""
[138.242s] -- Up-to-date: /root/marvin/software/library_ws/install/robot_localization/include/robot_localization
[138.242s] -- Up-to-date: /root/marvin/software/library_ws/install/robot_localization/include/robot_localization/srv
[138.242s] -- Installing: /root/marvin/software/library_ws/install/robot_localization/include/robot_localization/srv/toggle_filter_processing.hpp
[138.243s] -- Installing: /root/marvin/software/library_ws/install/robot_localization/include/robot_localization/srv/to_ll.hpp
[138.243s] -- Installing: /root/marvin/software/library_ws/install/robot_localization/include/robot_localization/srv/from_ll.hpp
[138.243s] -- Installing: /root/marvin/software/library_ws/install/robot_localization/include/robot_localization/srv/get_state.hpp
[138.243s] -- Installing: /root/marvin/software/library_ws/install/robot_localization/include/robot_localization/srv/set_pose.hpp
[138.243s] -- Installing: /root/marvin/software/library_ws/install/robot_localization/include/robot_localization/srv/set_datum.hpp
[138.244s] -- Up-to-date: /root/marvin/software/library_ws/install/robot_localization/include/robot_localization/srv/detail
[138.244s] -- Installing: /root/marvin/software/library_ws/install/robot_localization/include/robot_localization/srv/detail/set_datum__type_support.hpp
[138.244s] -- Installing: /root/marvin/software/library_ws/install/robot_localization/include/robot_localization/srv/detail/get_state__type_support.hpp
[138.244s] -- Installing: /root/marvin/software/library_ws/install/robot_localization/include/robot_localization/srv/detail/from_ll__type_support.hpp
[138.244s] -- Installing: /root/marvin/software/library_ws/install/robot_localization/include/robot_localization/srv/detail/set_datum__builder.hpp
[138.244s] -- Installing: /root/marvin/software/library_ws/install/robot_localization/include/robot_localization/srv/detail/toggle_filter_processing__type_support.hpp
[138.245s] -- Installing: /root/marvin/software/library_ws/install/robot_localization/include/robot_localization/srv/detail/to_ll__traits.hpp
[138.245s] -- Installing: /root/marvin/software/library_ws/install/robot_localization/include/robot_localization/srv/detail/get_state__builder.hpp
[138.245s] -- Installing: /root/marvin/software/library_ws/install/robot_localization/include/robot_localization/srv/detail/set_datum__struct.hpp
[138.245s] -- Installing: /root/marvin/software/library_ws/install/robot_localization/include/robot_localization/srv/detail/from_ll__builder.hpp
[138.245s] -- Installing: /root/marvin/software/library_ws/install/robot_localization/include/robot_localization/srv/detail/to_ll__struct.hpp
[138.246s] -- Installing: /root/marvin/software/library_ws/install/robot_localization/include/robot_localization/srv/detail/from_ll__traits.hpp
[138.246s] -- Installing: /root/marvin/software/library_ws/install/robot_localization/include/robot_localization/srv/detail/toggle_filter_processing__traits.hpp
[138.246s] -- Installing: /root/marvin/software/library_ws/install/robot_localization/include/robot_localization/srv/detail/set_pose__type_support.hpp
[138.246s] -- Installing: /root/marvin/software/library_ws/install/robot_localization/include/robot_localization/srv/detail/to_ll__builder.hpp
[138.246s] -- Installing: /root/marvin/software/library_ws/install/robot_localization/include/robot_localization/srv/detail/toggle_filter_processing__builder.hpp
[138.246s] -- Installing: /root/marvin/software/library_ws/install/robot_localization/include/robot_localization/srv/detail/get_state__struct.hpp
[138.247s] -- Installing: /root/marvin/software/library_ws/install/robot_localization/include/robot_localization/srv/detail/set_pose__builder.hpp
[138.247s] -- Installing: /root/marvin/software/library_ws/install/robot_localization/include/robot_localization/srv/detail/to_ll__type_support.hpp
[138.247s] -- Installing: /root/marvin/software/library_ws/install/robot_localization/include/robot_localization/srv/detail/get_state__traits.hpp
[138.247s] -- Installing: /root/marvin/software/library_ws/install/robot_localization/include/robot_localization/srv/detail/from_ll__struct.hpp
[138.247s] -- Installing: /root/marvin/software/library_ws/install/robot_localization/include/robot_localization/srv/detail/set_pose__struct.hpp
[138.247s] -- Installing: /root/marvin/software/library_ws/install/robot_localization/include/robot_localization/srv/detail/toggle_filter_processing__struct.hpp
[138.248s] -- Installing: /root/marvin/software/library_ws/install/robot_localization/include/robot_localization/srv/detail/set_pose__traits.hpp
[138.248s] -- Installing: /root/marvin/software/library_ws/install/robot_localization/include/robot_localization/srv/detail/set_datum__traits.hpp
[138.248s] -- Up-to-date: /root/marvin/software/library_ws/install/robot_localization/include/robot_localization/msg
[138.248s] -- Installing: /root/marvin/software/library_ws/install/robot_localization/include/robot_localization/msg/rosidl_generator_cpp__visibility_control.hpp
[138.248s] -- Up-to-date: /root/marvin/software/library_ws/install/robot_localization/include/robot_localization
[138.248s] -- Up-to-date: /root/marvin/software/library_ws/install/robot_localization/include/robot_localization/srv
[138.249s] -- Up-to-date: /root/marvin/software/library_ws/install/robot_localization/include/robot_localization/srv/detail
[138.249s] -- Installing: /root/marvin/software/library_ws/install/robot_localization/include/robot_localization/srv/detail/to_ll__type_support.cpp
[138.249s] -- Installing: /root/marvin/software/library_ws/install/robot_localization/include/robot_localization/srv/detail/set_datum__type_support.cpp
[138.249s] -- Installing: /root/marvin/software/library_ws/install/robot_localization/include/robot_localization/srv/detail/to_ll__rosidl_typesupport_introspection_cpp.hpp
[138.249s] -- Installing: /root/marvin/software/library_ws/install/robot_localization/include/robot_localization/srv/detail/toggle_filter_processing__type_support.cpp
[138.249s] -- Installing: /root/marvin/software/library_ws/install/robot_localization/include/robot_localization/srv/detail/get_state__type_support.cpp
[138.249s] -- Installing: /root/marvin/software/library_ws/install/robot_localization/include/robot_localization/srv/detail/from_ll__type_support.cpp
[138.249s] -- Installing: /root/marvin/software/library_ws/install/robot_localization/include/robot_localization/srv/detail/set_datum__rosidl_typesupport_introspection_cpp.hpp
[138.249s] -- Installing: /root/marvin/software/library_ws/install/robot_localization/include/robot_localization/srv/detail/get_state__rosidl_typesupport_introspection_cpp.hpp
[138.249s] -- Installing: /root/marvin/software/library_ws/install/robot_localization/include/robot_localization/srv/detail/from_ll__rosidl_typesupport_introspection_cpp.hpp
[138.249s] -- Installing: /root/marvin/software/library_ws/install/robot_localization/include/robot_localization/srv/detail/toggle_filter_processing__rosidl_typesupport_introspection_cpp.hpp
[138.249s] -- Installing: /root/marvin/software/library_ws/install/robot_localization/include/robot_localization/srv/detail/set_pose__type_support.cpp
[138.250s] -- Installing: /root/marvin/software/library_ws/install/robot_localization/include/robot_localization/srv/detail/set_pose__rosidl_typesupport_introspection_cpp.hpp
[138.250s] -- Installing: /root/marvin/software/library_ws/install/robot_localization/lib/librobot_localization__rosidl_typesupport_introspection_cpp.so
[138.250s] -- Set runtime path of "/root/marvin/software/library_ws/install/robot_localization/lib/librobot_localization__rosidl_typesupport_introspection_cpp.so" to ""
[138.250s] -- Installing: /root/marvin/software/library_ws/install/robot_localization/lib/librobot_localization__rosidl_typesupport_cpp.so
[138.250s] -- Set runtime path of "/root/marvin/software/library_ws/install/robot_localization/lib/librobot_localization__rosidl_typesupport_cpp.so" to ""
[138.251s] -- Installing: /root/marvin/software/library_ws/install/robot_localization/share/robot_localization/environment/pythonpath.sh
[138.251s] -- Installing: /root/marvin/software/library_ws/install/robot_localization/share/robot_localization/environment/pythonpath.dsv
[138.251s] -- Installing: /root/marvin/software/library_ws/install/robot_localization/lib/python3.8/site-packages/robot_localization/__init__.py
[138.281s] Compiling '/root/marvin/software/library_ws/install/robot_localization/lib/python3.8/site-packages/robot_localization/__init__.py'...
[138.285s] -- Installing: /root/marvin/software/library_ws/install/robot_localization/lib/python3.8/site-packages/robot_localization/srv
[138.285s] -- Installing: /root/marvin/software/library_ws/install/robot_localization/lib/python3.8/site-packages/robot_localization/srv/_set_pose.py
[138.285s] -- Installing: /root/marvin/software/library_ws/install/robot_localization/lib/python3.8/site-packages/robot_localization/srv/_get_state.py
[138.285s] -- Installing: /root/marvin/software/library_ws/install/robot_localization/lib/python3.8/site-packages/robot_localization/srv/_get_state_s.c
[138.285s] -- Installing: /root/marvin/software/library_ws/install/robot_localization/lib/python3.8/site-packages/robot_localization/srv/_to_ll.py
[138.285s] -- Installing: /root/marvin/software/library_ws/install/robot_localization/lib/python3.8/site-packages/robot_localization/srv/_to_ll_s.c
[138.286s] -- Installing: /root/marvin/software/library_ws/install/robot_localization/lib/python3.8/site-packages/robot_localization/srv/__init__.py
[138.286s] -- Installing: /root/marvin/software/library_ws/install/robot_localization/lib/python3.8/site-packages/robot_localization/srv/_set_datum.py
[138.286s] -- Installing: /root/marvin/software/library_ws/install/robot_localization/lib/python3.8/site-packages/robot_localization/srv/_from_ll_s.c
[138.286s] -- Installing: /root/marvin/software/library_ws/install/robot_localization/lib/python3.8/site-packages/robot_localization/srv/_set_datum_s.c
[138.286s] -- Installing: /root/marvin/software/library_ws/install/robot_localization/lib/python3.8/site-packages/robot_localization/srv/_toggle_filter_processing.py
[138.287s] -- Installing: /root/marvin/software/library_ws/install/robot_localization/lib/python3.8/site-packages/robot_localization/srv/_toggle_filter_processing_s.c
[138.287s] -- Installing: /root/marvin/software/library_ws/install/robot_localization/lib/python3.8/site-packages/robot_localization/srv/_from_ll.py
[138.287s] -- Installing: /root/marvin/software/library_ws/install/robot_localization/lib/python3.8/site-packages/robot_localization/srv/_set_pose_s.c
[138.287s] -- Installing: /root/marvin/software/library_ws/install/robot_localization/lib/python3.8/site-packages/robot_localization/robot_localization_s__rosidl_typesupport_fastrtps_c.cpython-38-x86_64-linux-gnu.so
[138.288s] -- Set runtime path of "/root/marvin/software/library_ws/install/robot_localization/lib/python3.8/site-packages/robot_localization/robot_localization_s__rosidl_typesupport_fastrtps_c.cpython-38-x86_64-linux-gnu.so" to ""
[138.288s] -- Installing: /root/marvin/software/library_ws/install/robot_localization/lib/python3.8/site-packages/robot_localization/robot_localization_s__rosidl_typesupport_introspection_c.cpython-38-x86_64-linux-gnu.so
[138.289s] -- Set runtime path of "/root/marvin/software/library_ws/install/robot_localization/lib/python3.8/site-packages/robot_localization/robot_localization_s__rosidl_typesupport_introspection_c.cpython-38-x86_64-linux-gnu.so" to ""
[138.289s] -- Installing: /root/marvin/software/library_ws/install/robot_localization/lib/python3.8/site-packages/robot_localization/robot_localization_s__rosidl_typesupport_c.cpython-38-x86_64-linux-gnu.so
[138.290s] -- Set runtime path of "/root/marvin/software/library_ws/install/robot_localization/lib/python3.8/site-packages/robot_localization/robot_localization_s__rosidl_typesupport_c.cpython-38-x86_64-linux-gnu.so" to ""
[138.290s] -- Installing: /root/marvin/software/library_ws/install/robot_localization/lib/librobot_localization__python.so
[138.291s] -- Set runtime path of "/root/marvin/software/library_ws/install/robot_localization/lib/librobot_localization__python.so" to ""
[138.291s] -- Installing: /root/marvin/software/library_ws/install/robot_localization/share/robot_localization/srv/FromLL.idl
[138.291s] -- Installing: /root/marvin/software/library_ws/install/robot_localization/share/robot_localization/srv/GetState.idl
[138.291s] -- Installing: /root/marvin/software/library_ws/install/robot_localization/share/robot_localization/srv/SetDatum.idl
[138.291s] -- Installing: /root/marvin/software/library_ws/install/robot_localization/share/robot_localization/srv/SetPose.idl
[138.292s] -- Installing: /root/marvin/software/library_ws/install/robot_localization/share/robot_localization/srv/ToggleFilterProcessing.idl
[138.292s] -- Installing: /root/marvin/software/library_ws/install/robot_localization/share/robot_localization/srv/ToLL.idl
[138.292s] -- Installing: /root/marvin/software/library_ws/install/robot_localization/share/robot_localization/srv/FromLL.srv
[138.292s] -- Installing: /root/marvin/software/library_ws/install/robot_localization/share/robot_localization/srv/FromLL_Request.msg
[138.292s] -- Installing: /root/marvin/software/library_ws/install/robot_localization/share/robot_localization/srv/FromLL_Response.msg
[138.293s] -- Installing: /root/marvin/software/library_ws/install/robot_localization/share/robot_localization/srv/GetState.srv
[138.293s] -- Installing: /root/marvin/software/library_ws/install/robot_localization/share/robot_localization/srv/GetState_Request.msg
[138.293s] -- Installing: /root/marvin/software/library_ws/install/robot_localization/share/robot_localization/srv/GetState_Response.msg
[138.293s] -- Installing: /root/marvin/software/library_ws/install/robot_localization/share/robot_localization/srv/SetDatum.srv
[138.293s] -- Installing: /root/marvin/software/library_ws/install/robot_localization/share/robot_localization/srv/SetDatum_Request.msg
[138.293s] -- Installing: /root/marvin/software/library_ws/install/robot_localization/share/robot_localization/srv/SetDatum_Response.msg
[138.294s] -- Installing: /root/marvin/software/library_ws/install/robot_localization/share/robot_localization/srv/SetPose.srv
[138.294s] -- Installing: /root/marvin/software/library_ws/install/robot_localization/share/robot_localization/srv/SetPose_Request.msg
[138.294s] -- Installing: /root/marvin/software/library_ws/install/robot_localization/share/robot_localization/srv/SetPose_Response.msg
[138.294s] -- Installing: /root/marvin/software/library_ws/install/robot_localization/share/robot_localization/srv/ToggleFilterProcessing.srv
[138.294s] -- Installing: /root/marvin/software/library_ws/install/robot_localization/share/robot_localization/srv/ToggleFilterProcessing_Request.msg
[138.294s] -- Installing: /root/marvin/software/library_ws/install/robot_localization/share/robot_localization/srv/ToggleFilterProcessing_Response.msg
[138.295s] -- Installing: /root/marvin/software/library_ws/install/robot_localization/share/robot_localization/srv/ToLL.srv
[138.295s] -- Installing: /root/marvin/software/library_ws/install/robot_localization/share/robot_localization/srv/ToLL_Request.msg
[138.295s] -- Installing: /root/marvin/software/library_ws/install/robot_localization/share/robot_localization/srv/ToLL_Response.msg
[138.295s] -- Installing: /root/marvin/software/library_ws/install/robot_localization/lib/robot_localization/filter_base-test
[138.305s] -- Set runtime path of "/root/marvin/software/library_ws/install/robot_localization/lib/robot_localization/filter_base-test" to ""
[138.306s] -- Installing: /root/marvin/software/library_ws/install/robot_localization/lib/robot_localization/test_filter_base_diagnostics_timestamps
[138.329s] -- Set runtime path of "/root/marvin/software/library_ws/install/robot_localization/lib/robot_localization/test_filter_base_diagnostics_timestamps" to ""
[138.329s] -- Installing: /root/marvin/software/library_ws/install/robot_localization/lib/robot_localization/test_ekf
[138.342s] -- Set runtime path of "/root/marvin/software/library_ws/install/robot_localization/lib/robot_localization/test_ekf" to ""
[138.343s] -- Installing: /root/marvin/software/library_ws/install/robot_localization/lib/robot_localization/test_ekf_localization_node_interfaces
[138.370s] -- Set runtime path of "/root/marvin/software/library_ws/install/robot_localization/lib/robot_localization/test_ekf_localization_node_interfaces" to ""
[138.370s] -- Installing: /root/marvin/software/library_ws/install/robot_localization/lib/robot_localization/test_ukf
[138.384s] -- Set runtime path of "/root/marvin/software/library_ws/install/robot_localization/lib/robot_localization/test_ukf" to ""
[138.385s] -- Installing: /root/marvin/software/library_ws/install/robot_localization/lib/robot_localization/test_ukf_localization_node_interfaces
[138.412s] -- Set runtime path of "/root/marvin/software/library_ws/install/robot_localization/lib/robot_localization/test_ukf_localization_node_interfaces" to ""
[138.412s] -- Installing: /root/marvin/software/library_ws/install/robot_localization/lib/robot_localization/test_robot_localization_estimator
[138.424s] -- Set runtime path of "/root/marvin/software/library_ws/install/robot_localization/lib/robot_localization/test_robot_localization_estimator" to ""
[138.424s] -- Installing: /root/marvin/software/library_ws/install/robot_localization/lib/robot_localization/test_navsat_conversions
[138.434s] -- Set runtime path of "/root/marvin/software/library_ws/install/robot_localization/lib/robot_localization/test_navsat_conversions" to ""
[138.435s] -- Installing: /root/marvin/software/library_ws/install/robot_localization/lib/robot_localization/test_navsat_transform
[138.447s] -- Set runtime path of "/root/marvin/software/library_ws/install/robot_localization/lib/robot_localization/test_navsat_transform" to ""
[138.447s] -- Installing: /root/marvin/software/library_ws/install/robot_localization/lib/robot_localization/test_ros_robot_localization_listener
[138.460s] -- Set runtime path of "/root/marvin/software/library_ws/install/robot_localization/lib/robot_localization/test_ros_robot_localization_listener" to ""
[138.460s] -- Installing: /root/marvin/software/library_ws/install/robot_localization/lib/robot_localization/test_ros_robot_localization_listener_publisher
[138.466s] -- Set runtime path of "/root/marvin/software/library_ws/install/robot_localization/lib/robot_localization/test_ros_robot_localization_listener_publisher" to ""
[138.466s] -- Installing: /root/marvin/software/library_ws/install/robot_localization/share/robot_localization/test
[138.467s] -- Installing: /root/marvin/software/library_ws/install/robot_localization/share/robot_localization/test/test_ekf_localization_node_bag2.sh
[138.467s] -- Installing: /root/marvin/software/library_ws/install/robot_localization/share/robot_localization/test/test_navsat_conversions.cpp
[138.467s] -- Installing: /root/marvin/software/library_ws/install/robot_localization/share/robot_localization/test/test_navsat_transform.launch.py
[138.467s] -- Installing: /root/marvin/software/library_ws/install/robot_localization/share/robot_localization/test/test_ekf_localization_node_interfaces.launch.py
[138.467s] -- Installing: /root/marvin/software/library_ws/install/robot_localization/share/robot_localization/test/test_ukf_localization_node_bag3.sh
[138.468s] -- Installing: /root/marvin/software/library_ws/install/robot_localization/share/robot_localization/test/test_ekf_localization_node_bag2.launch.py
[138.468s] -- Installing: /root/marvin/software/library_ws/install/robot_localization/share/robot_localization/test/test_robot_localization_estimator.launch.py
[138.468s] -- Installing: /root/marvin/software/library_ws/install/robot_localization/share/robot_localization/test/test_localization_node_bag_pose_tester.cpp
[138.468s] -- Installing: /root/marvin/software/library_ws/install/robot_localization/share/robot_localization/test/test_ros_robot_localization_listener.yaml
[138.468s] -- Installing: /root/marvin/software/library_ws/install/robot_localization/share/robot_localization/test/test_ekf_localization_node_bag1.launch.py
[138.468s] -- Installing: /root/marvin/software/library_ws/install/robot_localization/share/robot_localization/test/test_ekf_localization_node_bag2.yaml
[138.468s] -- Installing: /root/marvin/software/library_ws/install/robot_localization/share/robot_localization/test/test_filter_base_diagnostics_timestamps.cpp
[138.469s] -- Installing: /root/marvin/software/library_ws/install/robot_localization/share/robot_localization/test/test_ukf_localization_node_bag2.sh
[138.469s] -- Installing: /root/marvin/software/library_ws/install/robot_localization/share/robot_localization/test/test_ekf_localization_node_bag3.yaml
[138.469s] -- Installing: /root/marvin/software/library_ws/install/robot_localization/share/robot_localization/test/test_ukf_localization_node_interfaces.cpp
[138.469s] -- Installing: /root/marvin/software/library_ws/install/robot_localization/share/robot_localization/test/test_ekf.cpp
[138.469s] -- Installing: /root/marvin/software/library_ws/install/robot_localization/share/robot_localization/test/test_navsat_transform.cpp
[138.470s] -- Installing: /root/marvin/software/library_ws/install/robot_localization/share/robot_localization/test/test_ukf_localization_node_bag1.yaml
[138.470s] -- Installing: /root/marvin/software/library_ws/install/robot_localization/share/robot_localization/test/test_ekf_localization_node_bag1.sh
[138.470s] -- Installing: /root/marvin/software/library_ws/install/robot_localization/share/robot_localization/test/test_ukf_localization_node_bag2.launch.py
[138.470s] -- Installing: /root/marvin/software/library_ws/install/robot_localization/share/robot_localization/test/test_ekf_localization_node_interfaces.yaml
[138.470s] -- Installing: /root/marvin/software/library_ws/install/robot_localization/share/robot_localization/test/test_ukf_localization_node_interfaces.yaml
[138.471s] -- Installing: /root/marvin/software/library_ws/install/robot_localization/share/robot_localization/test/test_ukf.cpp
[138.471s] -- Installing: /root/marvin/software/library_ws/install/robot_localization/share/robot_localization/test/test_ros_robot_localization_listener.cpp
[138.471s] -- Installing: /root/marvin/software/library_ws/install/robot_localization/share/robot_localization/test/test_ukf_localization_node_bag3.yaml
[138.471s] -- Installing: /root/marvin/software/library_ws/install/robot_localization/share/robot_localization/test/test_ukf_localization_node_bag1.sh
[138.471s] -- Installing: /root/marvin/software/library_ws/install/robot_localization/share/robot_localization/test/test_ros_robot_localization_listener_publisher.cpp
[138.471s] -- Installing: /root/marvin/software/library_ws/install/robot_localization/share/robot_localization/test/test_filter_base_diagnostics_timestamps.launch.py
[138.471s] -- Installing: /root/marvin/software/library_ws/install/robot_localization/share/robot_localization/test/test_ekf_localization_node_bag1.yaml
[138.471s] -- Installing: /root/marvin/software/library_ws/install/robot_localization/share/robot_localization/test/test1.bag
[138.472s] -- Installing: /root/marvin/software/library_ws/install/robot_localization/share/robot_localization/test/test_ekf_localization_node_interfaces.cpp
[138.473s] -- Installing: /root/marvin/software/library_ws/install/robot_localization/share/robot_localization/test/test_ukf_localization_node_interfaces.launch.py
[138.473s] -- Installing: /root/marvin/software/library_ws/install/robot_localization/share/robot_localization/test/test_ukf_localization_node_bag2.yaml
[138.473s] -- Installing: /root/marvin/software/library_ws/install/robot_localization/share/robot_localization/test/test_ros_robot_localization_listener.launch.py
[138.473s] -- Installing: /root/marvin/software/library_ws/install/robot_localization/share/robot_localization/test/test_ekf_localization_node_bag3.sh
[138.473s] -- Installing: /root/marvin/software/library_ws/install/robot_localization/share/robot_localization/test/test2.bag
[138.474s] -- Installing: /root/marvin/software/library_ws/install/robot_localization/share/robot_localization/test/test_filter_base_diagnostics_timestamps.yaml
[138.474s] -- Installing: /root/marvin/software/library_ws/install/robot_localization/share/robot_localization/test/test3.bag
[138.502s] -- Installing: /root/marvin/software/library_ws/install/robot_localization/share/robot_localization/test/test_ukf_localization_node_bag1.launch.py
[138.502s] -- Installing: /root/marvin/software/library_ws/install/robot_localization/share/robot_localization/test/test_filter_base.cpp
[138.502s] -- Installing: /root/marvin/software/library_ws/install/robot_localization/share/robot_localization/test/test_ekf_localization_node_bag3.launch.py
[138.502s] -- Installing: /root/marvin/software/library_ws/install/robot_localization/share/robot_localization/test/test_robot_localization_estimator.cpp
[138.503s] -- Installing: /root/marvin/software/library_ws/install/robot_localization/share/robot_localization/test/test_ukf_localization_node_bag3.launch.py
[138.503s] -- Installing: /root/marvin/software/library_ws/install/robot_localization/lib/robot_localization/navsat_transform_node
[138.504s] -- Set runtime path of "/root/marvin/software/library_ws/install/robot_localization/lib/robot_localization/navsat_transform_node" to ""
[138.505s] -- Installing: /root/marvin/software/library_ws/install/robot_localization/lib/robot_localization/ekf_node
[138.507s] -- Set runtime path of "/root/marvin/software/library_ws/install/robot_localization/lib/robot_localization/ekf_node" to ""
[138.507s] -- Installing: /root/marvin/software/library_ws/install/robot_localization/lib/robot_localization/ukf_node
[138.510s] -- Set runtime path of "/root/marvin/software/library_ws/install/robot_localization/lib/robot_localization/ukf_node" to ""
[138.510s] -- Installing: /root/marvin/software/library_ws/install/robot_localization/lib/robot_localization/robot_localization_listener_node
[138.513s] -- Set runtime path of "/root/marvin/software/library_ws/install/robot_localization/lib/robot_localization/robot_localization_listener_node" to ""
[138.513s] -- Installing: /root/marvin/software/library_ws/install/robot_localization/lib/librl_lib.so
[138.626s] -- Set runtime path of "/root/marvin/software/library_ws/install/robot_localization/lib/librl_lib.so" to ""
[138.627s] -- Up-to-date: /root/marvin/software/library_ws/install/robot_localization/include
[138.627s] -- Up-to-date: /root/marvin/software/library_ws/install/robot_localization/include/robot_localization
[138.627s] -- Installing: /root/marvin/software/library_ws/install/robot_localization/include/robot_localization/filter_state.hpp
[138.627s] -- Installing: /root/marvin/software/library_ws/install/robot_localization/include/robot_localization/ros_robot_localization_listener.hpp
[138.627s] -- Installing: /root/marvin/software/library_ws/install/robot_localization/include/robot_localization/navsat_conversions.hpp
[138.627s] -- Installing: /root/marvin/software/library_ws/install/robot_localization/include/robot_localization/ukf.hpp
[138.627s] -- Installing: /root/marvin/software/library_ws/install/robot_localization/include/robot_localization/ros_filter_types.hpp
[138.628s] -- Installing: /root/marvin/software/library_ws/install/robot_localization/include/robot_localization/robot_localization_estimator.hpp
[138.628s] -- Installing: /root/marvin/software/library_ws/install/robot_localization/include/robot_localization/ros_filter_utilities.hpp
[138.628s] -- Installing: /root/marvin/software/library_ws/install/robot_localization/include/robot_localization/navsat_transform.hpp
[138.628s] -- Installing: /root/marvin/software/library_ws/install/robot_localization/include/robot_localization/ekf.hpp
[138.628s] -- Installing: /root/marvin/software/library_ws/install/robot_localization/include/robot_localization/filter_common.hpp
[138.628s] -- Installing: /root/marvin/software/library_ws/install/robot_localization/include/robot_localization/filter_utilities.hpp
[138.629s] -- Installing: /root/marvin/software/library_ws/install/robot_localization/include/robot_localization/measurement.hpp
[138.629s] -- Installing: /root/marvin/software/library_ws/install/robot_localization/include/robot_localization/ros_filter.hpp
[138.629s] -- Installing: /root/marvin/software/library_ws/install/robot_localization/include/robot_localization/filter_base.hpp
[138.629s] -- Installing: /root/marvin/software/library_ws/install/robot_localization/share/robot_localization/params
[138.629s] -- Installing: /root/marvin/software/library_ws/install/robot_localization/share/robot_localization/params/dual_ekf_navsat_example.yaml
[138.629s] -- Installing: /root/marvin/software/library_ws/install/robot_localization/share/robot_localization/params/ekf.yaml
[138.629s] -- Installing: /root/marvin/software/library_ws/install/robot_localization/share/robot_localization/params/navsat_transform.yaml
[138.630s] -- Installing: /root/marvin/software/library_ws/install/robot_localization/share/robot_localization/params/ekf_x1_x3.yaml
[138.630s] -- Installing: /root/marvin/software/library_ws/install/robot_localization/share/robot_localization/params/ukf.yaml
[138.630s] -- Installing: /root/marvin/software/library_ws/install/robot_localization/share/robot_localization/params/ekf_BK.yaml
[138.630s] -- Installing: /root/marvin/software/library_ws/install/robot_localization/share/robot_localization/launch
[138.630s] -- Installing: /root/marvin/software/library_ws/install/robot_localization/share/robot_localization/launch/ukf.launch.py
[138.630s] -- Installing: /root/marvin/software/library_ws/install/robot_localization/share/robot_localization/launch/ekf.launch.py
[138.630s] -- Installing: /root/marvin/software/library_ws/install/robot_localization/share/robot_localization/launch/navsat_transform.launch.py
[138.630s] -- Installing: /root/marvin/software/library_ws/install/robot_localization/share/robot_localization/launch/ekf_x1_x3_launch.py
[138.630s] -- Installing: /root/marvin/software/library_ws/install/robot_localization/share/robot_localization/launch/dual_ekf_navsat_example.launch.py
[138.630s] -- Installing: /root/marvin/software/library_ws/install/robot_localization/share/ament_index/resource_index/package_run_dependencies/robot_localization
[138.631s] -- Installing: /root/marvin/software/library_ws/install/robot_localization/share/ament_index/resource_index/parent_prefix_path/robot_localization
[138.631s] -- Installing: /root/marvin/software/library_ws/install/robot_localization/share/robot_localization/environment/ament_prefix_path.sh
[138.631s] -- Installing: /root/marvin/software/library_ws/install/robot_localization/share/robot_localization/environment/ament_prefix_path.dsv
[138.631s] -- Installing: /root/marvin/software/library_ws/install/robot_localization/share/robot_localization/environment/path.sh
[138.631s] -- Installing: /root/marvin/software/library_ws/install/robot_localization/share/robot_localization/environment/path.dsv
[138.631s] -- Installing: /root/marvin/software/library_ws/install/robot_localization/share/robot_localization/local_setup.bash
[138.631s] -- Installing: /root/marvin/software/library_ws/install/robot_localization/share/robot_localization/local_setup.sh
[138.632s] -- Installing: /root/marvin/software/library_ws/install/robot_localization/share/robot_localization/local_setup.zsh
[138.632s] -- Installing: /root/marvin/software/library_ws/install/robot_localization/share/robot_localization/local_setup.dsv
[138.632s] -- Installing: /root/marvin/software/library_ws/install/robot_localization/share/robot_localization/package.dsv
[138.632s] -- Installing: /root/marvin/software/library_ws/install/robot_localization/share/ament_index/resource_index/packages/robot_localization
[138.632s] -- Installing: /root/marvin/software/library_ws/install/robot_localization/share/robot_localization/cmake/robot_localization__rosidl_generator_cExport.cmake
[138.632s] -- Installing: /root/marvin/software/library_ws/install/robot_localization/share/robot_localization/cmake/robot_localization__rosidl_generator_cExport-relwithdebinfo.cmake
[138.633s] -- Installing: /root/marvin/software/library_ws/install/robot_localization/share/robot_localization/cmake/robot_localization__rosidl_typesupport_introspection_cExport.cmake
[138.633s] -- Installing: /root/marvin/software/library_ws/install/robot_localization/share/robot_localization/cmake/robot_localization__rosidl_typesupport_introspection_cExport-relwithdebinfo.cmake
[138.633s] -- Installing: /root/marvin/software/library_ws/install/robot_localization/share/robot_localization/cmake/robot_localization__rosidl_typesupport_cExport.cmake
[138.633s] -- Installing: /root/marvin/software/library_ws/install/robot_localization/share/robot_localization/cmake/robot_localization__rosidl_typesupport_cExport-relwithdebinfo.cmake
[138.634s] -- Installing: /root/marvin/software/library_ws/install/robot_localization/share/robot_localization/cmake/robot_localization__rosidl_generator_cppExport.cmake
[138.634s] -- Installing: /root/marvin/software/library_ws/install/robot_localization/share/robot_localization/cmake/robot_localization__rosidl_typesupport_introspection_cppExport.cmake
[138.634s] -- Installing: /root/marvin/software/library_ws/install/robot_localization/share/robot_localization/cmake/robot_localization__rosidl_typesupport_introspection_cppExport-relwithdebinfo.cmake
[138.634s] -- Installing: /root/marvin/software/library_ws/install/robot_localization/share/robot_localization/cmake/robot_localization__rosidl_typesupport_cppExport.cmake
[138.634s] -- Installing: /root/marvin/software/library_ws/install/robot_localization/share/robot_localization/cmake/robot_localization__rosidl_typesupport_cppExport-relwithdebinfo.cmake
[138.635s] -- Installing: /root/marvin/software/library_ws/install/robot_localization/share/robot_localization/cmake/rosidl_cmake-extras.cmake
[138.635s] -- Installing: /root/marvin/software/library_ws/install/robot_localization/share/robot_localization/cmake/ament_cmake_export_dependencies-extras.cmake
[138.635s] -- Installing: /root/marvin/software/library_ws/install/robot_localization/share/robot_localization/cmake/ament_cmake_export_libraries-extras.cmake
[138.635s] -- Installing: /root/marvin/software/library_ws/install/robot_localization/share/robot_localization/cmake/ament_cmake_export_targets-extras.cmake
[138.635s] -- Installing: /root/marvin/software/library_ws/install/robot_localization/share/robot_localization/cmake/ament_cmake_export_include_directories-extras.cmake
[138.636s] -- Installing: /root/marvin/software/library_ws/install/robot_localization/share/robot_localization/cmake/rosidl_cmake_export_typesupport_libraries-extras.cmake
[138.636s] -- Installing: /root/marvin/software/library_ws/install/robot_localization/share/robot_localization/cmake/rosidl_cmake_export_typesupport_targets-extras.cmake
[138.636s] -- Installing: /root/marvin/software/library_ws/install/robot_localization/share/robot_localization/cmake/robot_localizationConfig.cmake
[138.636s] -- Installing: /root/marvin/software/library_ws/install/robot_localization/share/robot_localization/cmake/robot_localizationConfig-version.cmake
[138.636s] -- Installing: /root/marvin/software/library_ws/install/robot_localization/share/robot_localization/package.xml
[138.640s] Invoked command in '/root/marvin/software/library_ws/build/robot_localization' returned '0': CMAKE_PREFIX_PATH=${CMAKE_PREFIX_PATH}:/root/marvin/marvin_ws/install/marvincar_nav:/root/marvin/marvin_ws/install/marvincar_laser:/root/marvin/marvin_ws/install/marvincar_description:/root/marvin/marvin_ws/install/marvincar_ctrl:/root/marvin/marvin_ws/install/marvincar_bringup:/opt/ros/foxy /usr/bin/cmake --install /root/marvin/software/library_ws/build/robot_localization
