[0.043s] Invoking command in '/home/marvin/marvin/build/image_pub': CMAKE_PREFIX_PATH=/opt/ros/foxy /usr/bin/cmake --build /home/marvin/marvin/build/image_pub -- -j2 -l2
[0.146s] [ 33%] Built target stereo_image_pub
[0.187s] [ 66%] Built target mono_image_pub
[0.202s] [100%] Built target camera_calibration_pub
[0.222s] Invoked command in '/home/marvin/marvin/build/image_pub' returned '0': CMAKE_PREFIX_PATH=/opt/ros/foxy /usr/bin/cmake --build /home/marvin/marvin/build/image_pub -- -j2 -l2
[0.349s] Invoking command in '/home/marvin/marvin/build/image_pub': CMAKE_PREFIX_PATH=/opt/ros/foxy /usr/bin/cmake --install /home/marvin/marvin/build/image_pub
[0.374s] -- Install configuration: ""
[0.374s] -- Up-to-date: /home/marvin/marvin/install/image_pub/lib/image_pub/mono_image_pub
[0.378s] -- Up-to-date: /home/marvin/marvin/install/image_pub/lib/image_pub/stereo_image_pub
[0.379s] -- Up-to-date: /home/marvin/marvin/install/image_pub/lib/image_pub/camera_calibration_pub
[0.379s] -- Up-to-date: /home/marvin/marvin/install/image_pub/share/image_pub//launch
[0.379s] -- Up-to-date: /home/marvin/marvin/install/image_pub/share/image_pub//launch/raw_image_pub.launch.py
[0.380s] -- Up-to-date: /home/marvin/marvin/install/image_pub/share/image_pub//launch/stereo_rect_image_pub.launch.py
[0.380s] -- Up-to-date: /home/marvin/marvin/install/image_pub/share/image_pub//config
[0.380s] -- Up-to-date: /home/marvin/marvin/install/image_pub/share/image_pub//config/imx21983_stereo_rect_image_pub.yaml
[0.380s] -- Up-to-date: /home/marvin/marvin/install/image_pub/share/image_pub//config/imx21983_raw_image_pub.yaml
[0.380s] -- Up-to-date: /home/marvin/marvin/install/image_pub/share/image_pub//config/cal_results
[0.380s] -- Up-to-date: /home/marvin/marvin/install/image_pub/share/image_pub//config/cal_results/intrinsics.yml
[0.381s] -- Up-to-date: /home/marvin/marvin/install/image_pub/share/image_pub//config/cal_results/extrinsics.yml
[0.381s] -- Up-to-date: /home/marvin/marvin/install/image_pub/share/ament_index/resource_index/package_run_dependencies/image_pub
[0.384s] -- Up-to-date: /home/marvin/marvin/install/image_pub/share/ament_index/resource_index/parent_prefix_path/image_pub
[0.384s] -- Up-to-date: /home/marvin/marvin/install/image_pub/share/image_pub/environment/ament_prefix_path.sh
[0.384s] -- Up-to-date: /home/marvin/marvin/install/image_pub/share/image_pub/environment/ament_prefix_path.dsv
[0.384s] -- Up-to-date: /home/marvin/marvin/install/image_pub/share/image_pub/environment/path.sh
[0.384s] -- Up-to-date: /home/marvin/marvin/install/image_pub/share/image_pub/environment/path.dsv
[0.384s] -- Up-to-date: /home/marvin/marvin/install/image_pub/share/image_pub/local_setup.bash
[0.385s] -- Up-to-date: /home/marvin/marvin/install/image_pub/share/image_pub/local_setup.sh
[0.385s] -- Up-to-date: /home/marvin/marvin/install/image_pub/share/image_pub/local_setup.zsh
[0.385s] -- Up-to-date: /home/marvin/marvin/install/image_pub/share/image_pub/local_setup.dsv
[0.385s] -- Installing: /home/marvin/marvin/install/image_pub/share/image_pub/package.dsv
[0.385s] -- Up-to-date: /home/marvin/marvin/install/image_pub/share/ament_index/resource_index/packages/image_pub
[0.400s] -- Up-to-date: /home/marvin/marvin/install/image_pub/share/image_pub/cmake/image_pubConfig.cmake
[0.400s] -- Up-to-date: /home/marvin/marvin/install/image_pub/share/image_pub/cmake/image_pubConfig-version.cmake
[0.401s] -- Up-to-date: /home/marvin/marvin/install/image_pub/share/image_pub/package.xml
[0.402s] Invoked command in '/home/marvin/marvin/build/image_pub' returned '0': CMAKE_PREFIX_PATH=/opt/ros/foxy /usr/bin/cmake --install /home/marvin/marvin/build/image_pub
