[0.021s] Invoking command in '/root/marvin/software/library_ws/build/robot_localization': CMAKE_PREFIX_PATH=${CMAKE_PREFIX_PATH}:/root/marvin/marvin_ws/install/marvincar_nav:/root/marvin/marvin_ws/install/marvincar_laser:/root/marvin/marvin_ws/install/marvincar_description:/root/marvin/marvin_ws/install/marvincar_ctrl:/root/marvin/marvin_ws/install/marvincar_bringup:/opt/ros/foxy /usr/bin/cmake --build /root/marvin/software/library_ws/build/robot_localization -- -j6 -l6
[0.086s] [  3%] Built target gtest_main
[0.086s] [  3%] Built target gtest
[0.086s] [  4%] Built target robot_localization__cpp
[0.090s] [ 11%] Built target robot_localization__rosidl_generator_c
[0.124s] [ 21%] Built target robot_localization__rosidl_typesupport_introspection_cpp
[0.124s] [ 31%] Built target robot_localization__rosidl_typesupport_cpp
[0.124s] [ 32%] Built target robot_localization__rosidl_typesupport_c
[0.125s] [ 39%] Built target robot_localization__rosidl_typesupport_introspection_c
[0.127s] [ 46%] Built target robot_localization__rosidl_typesupport_fastrtps_cpp
[0.165s] [ 53%] Built target robot_localization__rosidl_typesupport_fastrtps_c
[0.188s] [ 53%] Built target robot_localization
[0.214s] [ 54%] Built target robot_localization__py
[0.249s] [ 60%] Built target robot_localization__python
[0.249s] [ 69%] Built target rl_lib
[0.287s] [ 72%] Built target robot_localization__rosidl_typesupport_c__pyext
[0.287s] [ 73%] Built target robot_localization__rosidl_typesupport_introspection_c__pyext
[0.287s] [ 74%] Built target robot_localization__rosidl_typesupport_fastrtps_c__pyext
[0.290s] [ 76%] Built target filter_base-test
[0.308s] [ 78%] Built target navsat_transform_node
[0.317s] [ 79%] Built target robot_localization_listener_node
[0.331s] [ 80%] Built target test_navsat_conversions
[0.334s] [ 81%] Built target test_ros_robot_localization_listener_publisher
[0.338s] [ 83%] Built target test_ros_robot_localization_listener
[0.345s] [ 85%] Built target test_ekf
[0.363s] [ 87%] Built target ukf_node
[0.367s] [ 89%] Built target test_robot_localization_estimator
[0.379s] [ 91%] Built target test_navsat_transform
[0.383s] [ 92%] Built target ekf_node
[0.387s] [ 94%] Built target test_ukf
[0.404s] [ 96%] Built target test_ukf_localization_node_interfaces
[0.421s] [ 98%] Built target test_ekf_localization_node_interfaces
[0.426s] [100%] Built target test_filter_base_diagnostics_timestamps
[0.440s] Invoked command in '/root/marvin/software/library_ws/build/robot_localization' returned '0': CMAKE_PREFIX_PATH=${CMAKE_PREFIX_PATH}:/root/marvin/marvin_ws/install/marvincar_nav:/root/marvin/marvin_ws/install/marvincar_laser:/root/marvin/marvin_ws/install/marvincar_description:/root/marvin/marvin_ws/install/marvincar_ctrl:/root/marvin/marvin_ws/install/marvincar_bringup:/opt/ros/foxy /usr/bin/cmake --build /root/marvin/software/library_ws/build/robot_localization -- -j6 -l6
[0.682s] Invoking command in '/root/marvin/software/library_ws/build/robot_localization': CMAKE_PREFIX_PATH=${CMAKE_PREFIX_PATH}:/root/marvin/marvin_ws/install/marvincar_nav:/root/marvin/marvin_ws/install/marvincar_laser:/root/marvin/marvin_ws/install/marvincar_description:/root/marvin/marvin_ws/install/marvincar_ctrl:/root/marvin/marvin_ws/install/marvincar_bringup:/opt/ros/foxy /usr/bin/cmake --install /root/marvin/software/library_ws/build/robot_localization
[0.691s] -- Install configuration: "RelWithDebInfo"
[0.691s] -- Up-to-date: /root/marvin/software/library_ws/install/robot_localization/share/ament_index/resource_index/rosidl_interfaces/robot_localization
[0.692s] -- Up-to-date: /root/marvin/software/library_ws/install/robot_localization/include/robot_localization
[0.692s] -- Up-to-date: /root/marvin/software/library_ws/install/robot_localization/include/robot_localization/srv
[0.692s] -- Up-to-date: /root/marvin/software/library_ws/install/robot_localization/include/robot_localization/srv/toggle_filter_processing.h
[0.692s] -- Up-to-date: /root/marvin/software/library_ws/install/robot_localization/include/robot_localization/srv/set_pose.h
[0.692s] -- Up-to-date: /root/marvin/software/library_ws/install/robot_localization/include/robot_localization/srv/set_datum.h
[0.692s] -- Up-to-date: /root/marvin/software/library_ws/install/robot_localization/include/robot_localization/srv/from_ll.h
[0.693s] -- Up-to-date: /root/marvin/software/library_ws/install/robot_localization/include/robot_localization/srv/get_state.h
[0.693s] -- Up-to-date: /root/marvin/software/library_ws/install/robot_localization/include/robot_localization/srv/to_ll.h
[0.693s] -- Up-to-date: /root/marvin/software/library_ws/install/robot_localization/include/robot_localization/srv/detail
[0.693s] -- Up-to-date: /root/marvin/software/library_ws/install/robot_localization/include/robot_localization/srv/detail/from_ll__struct.h
[0.693s] -- Up-to-date: /root/marvin/software/library_ws/install/robot_localization/include/robot_localization/srv/detail/set_datum__functions.h
[0.693s] -- Up-to-date: /root/marvin/software/library_ws/install/robot_localization/include/robot_localization/srv/detail/get_state__type_support.h
[0.694s] -- Up-to-date: /root/marvin/software/library_ws/install/robot_localization/include/robot_localization/srv/detail/from_ll__type_support.h
[0.694s] -- Up-to-date: /root/marvin/software/library_ws/install/robot_localization/include/robot_localization/srv/detail/toggle_filter_processing__type_support.h
[0.694s] -- Up-to-date: /root/marvin/software/library_ws/install/robot_localization/include/robot_localization/srv/detail/get_state__functions.c
[0.694s] -- Up-to-date: /root/marvin/software/library_ws/install/robot_localization/include/robot_localization/srv/detail/set_pose__functions.c
[0.694s] -- Up-to-date: /root/marvin/software/library_ws/install/robot_localization/include/robot_localization/srv/detail/to_ll__functions.c
[0.695s] -- Up-to-date: /root/marvin/software/library_ws/install/robot_localization/include/robot_localization/srv/detail/to_ll__functions.h
[0.695s] -- Up-to-date: /root/marvin/software/library_ws/install/robot_localization/include/robot_localization/srv/detail/toggle_filter_processing__struct.h
[0.695s] -- Up-to-date: /root/marvin/software/library_ws/install/robot_localization/include/robot_localization/srv/detail/to_ll__struct.h
[0.695s] -- Up-to-date: /root/marvin/software/library_ws/install/robot_localization/include/robot_localization/srv/detail/toggle_filter_processing__functions.h
[0.695s] -- Up-to-date: /root/marvin/software/library_ws/install/robot_localization/include/robot_localization/srv/detail/set_datum__type_support.h
[0.695s] -- Up-to-date: /root/marvin/software/library_ws/install/robot_localization/include/robot_localization/srv/detail/from_ll__functions.c
[0.696s] -- Up-to-date: /root/marvin/software/library_ws/install/robot_localization/include/robot_localization/srv/detail/get_state__struct.h
[0.696s] -- Up-to-date: /root/marvin/software/library_ws/install/robot_localization/include/robot_localization/srv/detail/toggle_filter_processing__functions.c
[0.696s] -- Up-to-date: /root/marvin/software/library_ws/install/robot_localization/include/robot_localization/srv/detail/set_pose__functions.h
[0.696s] -- Up-to-date: /root/marvin/software/library_ws/install/robot_localization/include/robot_localization/srv/detail/set_datum__functions.c
[0.696s] -- Up-to-date: /root/marvin/software/library_ws/install/robot_localization/include/robot_localization/srv/detail/set_pose__type_support.h
[0.696s] -- Up-to-date: /root/marvin/software/library_ws/install/robot_localization/include/robot_localization/srv/detail/set_pose__struct.h
[0.696s] -- Up-to-date: /root/marvin/software/library_ws/install/robot_localization/include/robot_localization/srv/detail/from_ll__functions.h
[0.696s] -- Up-to-date: /root/marvin/software/library_ws/install/robot_localization/include/robot_localization/srv/detail/get_state__functions.h
[0.697s] -- Up-to-date: /root/marvin/software/library_ws/install/robot_localization/include/robot_localization/srv/detail/set_datum__struct.h
[0.697s] -- Up-to-date: /root/marvin/software/library_ws/install/robot_localization/include/robot_localization/srv/detail/to_ll__type_support.h
[0.697s] -- Up-to-date: /root/marvin/software/library_ws/install/robot_localization/include/robot_localization/msg
[0.697s] -- Up-to-date: /root/marvin/software/library_ws/install/robot_localization/include/robot_localization/msg/rosidl_generator_c__visibility_control.h
[0.697s] -- Up-to-date: /root/marvin/software/library_ws/install/robot_localization/share/robot_localization/environment/library_path.sh
[0.697s] -- Up-to-date: /root/marvin/software/library_ws/install/robot_localization/share/robot_localization/environment/library_path.dsv
[0.697s] -- Up-to-date: /root/marvin/software/library_ws/install/robot_localization/lib/librobot_localization__rosidl_generator_c.so
[0.697s] -- Up-to-date: /root/marvin/software/library_ws/install/robot_localization/include/robot_localization
[0.698s] -- Up-to-date: /root/marvin/software/library_ws/install/robot_localization/include/robot_localization/srv
[0.698s] -- Up-to-date: /root/marvin/software/library_ws/install/robot_localization/include/robot_localization/srv/detail
[0.698s] -- Up-to-date: /root/marvin/software/library_ws/install/robot_localization/include/robot_localization/srv/detail/set_datum__rosidl_typesupport_fastrtps_c.h
[0.698s] -- Up-to-date: /root/marvin/software/library_ws/install/robot_localization/include/robot_localization/srv/detail/get_state__rosidl_typesupport_fastrtps_c.h
[0.699s] -- Up-to-date: /root/marvin/software/library_ws/install/robot_localization/include/robot_localization/srv/detail/set_pose__rosidl_typesupport_fastrtps_c.h
[0.699s] -- Up-to-date: /root/marvin/software/library_ws/install/robot_localization/include/robot_localization/srv/detail/toggle_filter_processing__rosidl_typesupport_fastrtps_c.h
[0.699s] -- Up-to-date: /root/marvin/software/library_ws/install/robot_localization/include/robot_localization/srv/detail/to_ll__rosidl_typesupport_fastrtps_c.h
[0.699s] -- Up-to-date: /root/marvin/software/library_ws/install/robot_localization/include/robot_localization/srv/detail/from_ll__rosidl_typesupport_fastrtps_c.h
[0.699s] -- Up-to-date: /root/marvin/software/library_ws/install/robot_localization/include/robot_localization/msg
[0.700s] -- Up-to-date: /root/marvin/software/library_ws/install/robot_localization/include/robot_localization/msg/rosidl_typesupport_fastrtps_c__visibility_control.h
[0.700s] -- Up-to-date: /root/marvin/software/library_ws/install/robot_localization/lib/librobot_localization__rosidl_typesupport_fastrtps_c.so
[0.700s] -- Up-to-date: /root/marvin/software/library_ws/install/robot_localization/include/robot_localization
[0.700s] -- Up-to-date: /root/marvin/software/library_ws/install/robot_localization/include/robot_localization/srv
[0.700s] -- Up-to-date: /root/marvin/software/library_ws/install/robot_localization/include/robot_localization/srv/detail
[0.700s] -- Up-to-date: /root/marvin/software/library_ws/install/robot_localization/include/robot_localization/srv/detail/get_state__rosidl_typesupport_fastrtps_cpp.hpp
[0.700s] -- Up-to-date: /root/marvin/software/library_ws/install/robot_localization/include/robot_localization/srv/detail/to_ll__rosidl_typesupport_fastrtps_cpp.hpp
[0.700s] -- Up-to-date: /root/marvin/software/library_ws/install/robot_localization/include/robot_localization/srv/detail/set_pose__rosidl_typesupport_fastrtps_cpp.hpp
[0.700s] -- Up-to-date: /root/marvin/software/library_ws/install/robot_localization/include/robot_localization/srv/detail/toggle_filter_processing__rosidl_typesupport_fastrtps_cpp.hpp
[0.701s] -- Up-to-date: /root/marvin/software/library_ws/install/robot_localization/include/robot_localization/srv/detail/from_ll__rosidl_typesupport_fastrtps_cpp.hpp
[0.701s] -- Up-to-date: /root/marvin/software/library_ws/install/robot_localization/include/robot_localization/srv/detail/set_datum__rosidl_typesupport_fastrtps_cpp.hpp
[0.701s] -- Up-to-date: /root/marvin/software/library_ws/install/robot_localization/include/robot_localization/srv/detail/dds_fastrtps
[0.701s] -- Up-to-date: /root/marvin/software/library_ws/install/robot_localization/include/robot_localization/msg
[0.701s] -- Up-to-date: /root/marvin/software/library_ws/install/robot_localization/include/robot_localization/msg/rosidl_typesupport_fastrtps_cpp__visibility_control.h
[0.701s] -- Up-to-date: /root/marvin/software/library_ws/install/robot_localization/lib/librobot_localization__rosidl_typesupport_fastrtps_cpp.so
[0.701s] -- Up-to-date: /root/marvin/software/library_ws/install/robot_localization/include/robot_localization
[0.701s] -- Up-to-date: /root/marvin/software/library_ws/install/robot_localization/include/robot_localization/srv
[0.701s] -- Up-to-date: /root/marvin/software/library_ws/install/robot_localization/include/robot_localization/srv/detail
[0.701s] -- Up-to-date: /root/marvin/software/library_ws/install/robot_localization/include/robot_localization/srv/detail/set_pose__rosidl_typesupport_introspection_c.h
[0.701s] -- Up-to-date: /root/marvin/software/library_ws/install/robot_localization/include/robot_localization/srv/detail/set_datum__type_support.c
[0.701s] -- Up-to-date: /root/marvin/software/library_ws/install/robot_localization/include/robot_localization/srv/detail/from_ll__type_support.c
[0.701s] -- Up-to-date: /root/marvin/software/library_ws/install/robot_localization/include/robot_localization/srv/detail/toggle_filter_processing__type_support.c
[0.701s] -- Up-to-date: /root/marvin/software/library_ws/install/robot_localization/include/robot_localization/srv/detail/set_datum__rosidl_typesupport_introspection_c.h
[0.702s] -- Up-to-date: /root/marvin/software/library_ws/install/robot_localization/include/robot_localization/srv/detail/set_pose__type_support.c
[0.702s] -- Up-to-date: /root/marvin/software/library_ws/install/robot_localization/include/robot_localization/srv/detail/to_ll__rosidl_typesupport_introspection_c.h
[0.702s] -- Up-to-date: /root/marvin/software/library_ws/install/robot_localization/include/robot_localization/srv/detail/get_state__type_support.c
[0.702s] -- Up-to-date: /root/marvin/software/library_ws/install/robot_localization/include/robot_localization/srv/detail/to_ll__type_support.c
[0.702s] -- Up-to-date: /root/marvin/software/library_ws/install/robot_localization/include/robot_localization/srv/detail/toggle_filter_processing__rosidl_typesupport_introspection_c.h
[0.702s] -- Up-to-date: /root/marvin/software/library_ws/install/robot_localization/include/robot_localization/srv/detail/from_ll__rosidl_typesupport_introspection_c.h
[0.702s] -- Up-to-date: /root/marvin/software/library_ws/install/robot_localization/include/robot_localization/srv/detail/get_state__rosidl_typesupport_introspection_c.h
[0.702s] -- Up-to-date: /root/marvin/software/library_ws/install/robot_localization/include/robot_localization/msg
[0.702s] -- Up-to-date: /root/marvin/software/library_ws/install/robot_localization/include/robot_localization/msg/rosidl_typesupport_introspection_c__visibility_control.h
[0.702s] -- Up-to-date: /root/marvin/software/library_ws/install/robot_localization/lib/librobot_localization__rosidl_typesupport_introspection_c.so
[0.702s] -- Up-to-date: /root/marvin/software/library_ws/install/robot_localization/lib/librobot_localization__rosidl_typesupport_c.so
[0.702s] -- Up-to-date: /root/marvin/software/library_ws/install/robot_localization/include/robot_localization
[0.702s] -- Up-to-date: /root/marvin/software/library_ws/install/robot_localization/include/robot_localization/srv
[0.702s] -- Up-to-date: /root/marvin/software/library_ws/install/robot_localization/include/robot_localization/srv/toggle_filter_processing.hpp
[0.703s] -- Up-to-date: /root/marvin/software/library_ws/install/robot_localization/include/robot_localization/srv/to_ll.hpp
[0.703s] -- Up-to-date: /root/marvin/software/library_ws/install/robot_localization/include/robot_localization/srv/from_ll.hpp
[0.703s] -- Up-to-date: /root/marvin/software/library_ws/install/robot_localization/include/robot_localization/srv/get_state.hpp
[0.703s] -- Up-to-date: /root/marvin/software/library_ws/install/robot_localization/include/robot_localization/srv/set_pose.hpp
[0.703s] -- Up-to-date: /root/marvin/software/library_ws/install/robot_localization/include/robot_localization/srv/set_datum.hpp
[0.703s] -- Up-to-date: /root/marvin/software/library_ws/install/robot_localization/include/robot_localization/srv/detail
[0.703s] -- Up-to-date: /root/marvin/software/library_ws/install/robot_localization/include/robot_localization/srv/detail/set_datum__type_support.hpp
[0.703s] -- Up-to-date: /root/marvin/software/library_ws/install/robot_localization/include/robot_localization/srv/detail/get_state__type_support.hpp
[0.703s] -- Up-to-date: /root/marvin/software/library_ws/install/robot_localization/include/robot_localization/srv/detail/from_ll__type_support.hpp
[0.703s] -- Up-to-date: /root/marvin/software/library_ws/install/robot_localization/include/robot_localization/srv/detail/set_datum__builder.hpp
[0.703s] -- Up-to-date: /root/marvin/software/library_ws/install/robot_localization/include/robot_localization/srv/detail/toggle_filter_processing__type_support.hpp
[0.703s] -- Up-to-date: /root/marvin/software/library_ws/install/robot_localization/include/robot_localization/srv/detail/to_ll__traits.hpp
[0.704s] -- Up-to-date: /root/marvin/software/library_ws/install/robot_localization/include/robot_localization/srv/detail/get_state__builder.hpp
[0.704s] -- Up-to-date: /root/marvin/software/library_ws/install/robot_localization/include/robot_localization/srv/detail/set_datum__struct.hpp
[0.704s] -- Up-to-date: /root/marvin/software/library_ws/install/robot_localization/include/robot_localization/srv/detail/from_ll__builder.hpp
[0.704s] -- Up-to-date: /root/marvin/software/library_ws/install/robot_localization/include/robot_localization/srv/detail/to_ll__struct.hpp
[0.704s] -- Up-to-date: /root/marvin/software/library_ws/install/robot_localization/include/robot_localization/srv/detail/from_ll__traits.hpp
[0.704s] -- Up-to-date: /root/marvin/software/library_ws/install/robot_localization/include/robot_localization/srv/detail/toggle_filter_processing__traits.hpp
[0.704s] -- Up-to-date: /root/marvin/software/library_ws/install/robot_localization/include/robot_localization/srv/detail/set_pose__type_support.hpp
[0.704s] -- Up-to-date: /root/marvin/software/library_ws/install/robot_localization/include/robot_localization/srv/detail/to_ll__builder.hpp
[0.704s] -- Up-to-date: /root/marvin/software/library_ws/install/robot_localization/include/robot_localization/srv/detail/toggle_filter_processing__builder.hpp
[0.704s] -- Up-to-date: /root/marvin/software/library_ws/install/robot_localization/include/robot_localization/srv/detail/get_state__struct.hpp
[0.704s] -- Up-to-date: /root/marvin/software/library_ws/install/robot_localization/include/robot_localization/srv/detail/set_pose__builder.hpp
[0.704s] -- Up-to-date: /root/marvin/software/library_ws/install/robot_localization/include/robot_localization/srv/detail/to_ll__type_support.hpp
[0.704s] -- Up-to-date: /root/marvin/software/library_ws/install/robot_localization/include/robot_localization/srv/detail/get_state__traits.hpp
[0.704s] -- Up-to-date: /root/marvin/software/library_ws/install/robot_localization/include/robot_localization/srv/detail/from_ll__struct.hpp
[0.704s] -- Up-to-date: /root/marvin/software/library_ws/install/robot_localization/include/robot_localization/srv/detail/set_pose__struct.hpp
[0.705s] -- Up-to-date: /root/marvin/software/library_ws/install/robot_localization/include/robot_localization/srv/detail/toggle_filter_processing__struct.hpp
[0.705s] -- Up-to-date: /root/marvin/software/library_ws/install/robot_localization/include/robot_localization/srv/detail/set_pose__traits.hpp
[0.705s] -- Up-to-date: /root/marvin/software/library_ws/install/robot_localization/include/robot_localization/srv/detail/set_datum__traits.hpp
[0.705s] -- Up-to-date: /root/marvin/software/library_ws/install/robot_localization/include/robot_localization/msg
[0.705s] -- Up-to-date: /root/marvin/software/library_ws/install/robot_localization/include/robot_localization/msg/rosidl_generator_cpp__visibility_control.hpp
[0.705s] -- Up-to-date: /root/marvin/software/library_ws/install/robot_localization/include/robot_localization
[0.705s] -- Up-to-date: /root/marvin/software/library_ws/install/robot_localization/include/robot_localization/srv
[0.705s] -- Up-to-date: /root/marvin/software/library_ws/install/robot_localization/include/robot_localization/srv/detail
[0.705s] -- Up-to-date: /root/marvin/software/library_ws/install/robot_localization/include/robot_localization/srv/detail/to_ll__type_support.cpp
[0.705s] -- Up-to-date: /root/marvin/software/library_ws/install/robot_localization/include/robot_localization/srv/detail/set_datum__type_support.cpp
[0.705s] -- Up-to-date: /root/marvin/software/library_ws/install/robot_localization/include/robot_localization/srv/detail/to_ll__rosidl_typesupport_introspection_cpp.hpp
[0.705s] -- Up-to-date: /root/marvin/software/library_ws/install/robot_localization/include/robot_localization/srv/detail/toggle_filter_processing__type_support.cpp
[0.705s] -- Up-to-date: /root/marvin/software/library_ws/install/robot_localization/include/robot_localization/srv/detail/get_state__type_support.cpp
[0.705s] -- Up-to-date: /root/marvin/software/library_ws/install/robot_localization/include/robot_localization/srv/detail/from_ll__type_support.cpp
[0.705s] -- Up-to-date: /root/marvin/software/library_ws/install/robot_localization/include/robot_localization/srv/detail/set_datum__rosidl_typesupport_introspection_cpp.hpp
[0.706s] -- Up-to-date: /root/marvin/software/library_ws/install/robot_localization/include/robot_localization/srv/detail/get_state__rosidl_typesupport_introspection_cpp.hpp
[0.706s] -- Up-to-date: /root/marvin/software/library_ws/install/robot_localization/include/robot_localization/srv/detail/from_ll__rosidl_typesupport_introspection_cpp.hpp
[0.706s] -- Up-to-date: /root/marvin/software/library_ws/install/robot_localization/include/robot_localization/srv/detail/toggle_filter_processing__rosidl_typesupport_introspection_cpp.hpp
[0.706s] -- Up-to-date: /root/marvin/software/library_ws/install/robot_localization/include/robot_localization/srv/detail/set_pose__type_support.cpp
[0.706s] -- Up-to-date: /root/marvin/software/library_ws/install/robot_localization/include/robot_localization/srv/detail/set_pose__rosidl_typesupport_introspection_cpp.hpp
[0.706s] -- Up-to-date: /root/marvin/software/library_ws/install/robot_localization/lib/librobot_localization__rosidl_typesupport_introspection_cpp.so
[0.706s] -- Up-to-date: /root/marvin/software/library_ws/install/robot_localization/lib/librobot_localization__rosidl_typesupport_cpp.so
[0.706s] -- Up-to-date: /root/marvin/software/library_ws/install/robot_localization/share/robot_localization/environment/pythonpath.sh
[0.706s] -- Up-to-date: /root/marvin/software/library_ws/install/robot_localization/share/robot_localization/environment/pythonpath.dsv
[0.706s] -- Up-to-date: /root/marvin/software/library_ws/install/robot_localization/lib/python3.8/site-packages/robot_localization/__init__.py
[0.732s] -- Up-to-date: /root/marvin/software/library_ws/install/robot_localization/lib/python3.8/site-packages/robot_localization/srv
[0.732s] -- Up-to-date: /root/marvin/software/library_ws/install/robot_localization/lib/python3.8/site-packages/robot_localization/srv/_set_pose.py
[0.732s] -- Up-to-date: /root/marvin/software/library_ws/install/robot_localization/lib/python3.8/site-packages/robot_localization/srv/_get_state.py
[0.732s] -- Up-to-date: /root/marvin/software/library_ws/install/robot_localization/lib/python3.8/site-packages/robot_localization/srv/_get_state_s.c
[0.733s] -- Up-to-date: /root/marvin/software/library_ws/install/robot_localization/lib/python3.8/site-packages/robot_localization/srv/_to_ll.py
[0.733s] -- Up-to-date: /root/marvin/software/library_ws/install/robot_localization/lib/python3.8/site-packages/robot_localization/srv/_to_ll_s.c
[0.733s] -- Up-to-date: /root/marvin/software/library_ws/install/robot_localization/lib/python3.8/site-packages/robot_localization/srv/__init__.py
[0.733s] -- Up-to-date: /root/marvin/software/library_ws/install/robot_localization/lib/python3.8/site-packages/robot_localization/srv/_set_datum.py
[0.733s] -- Up-to-date: /root/marvin/software/library_ws/install/robot_localization/lib/python3.8/site-packages/robot_localization/srv/_from_ll_s.c
[0.733s] -- Up-to-date: /root/marvin/software/library_ws/install/robot_localization/lib/python3.8/site-packages/robot_localization/srv/_set_datum_s.c
[0.733s] -- Up-to-date: /root/marvin/software/library_ws/install/robot_localization/lib/python3.8/site-packages/robot_localization/srv/_toggle_filter_processing.py
[0.733s] -- Up-to-date: /root/marvin/software/library_ws/install/robot_localization/lib/python3.8/site-packages/robot_localization/srv/_toggle_filter_processing_s.c
[0.733s] -- Up-to-date: /root/marvin/software/library_ws/install/robot_localization/lib/python3.8/site-packages/robot_localization/srv/_from_ll.py
[0.733s] -- Up-to-date: /root/marvin/software/library_ws/install/robot_localization/lib/python3.8/site-packages/robot_localization/srv/_set_pose_s.c
[0.734s] -- Up-to-date: /root/marvin/software/library_ws/install/robot_localization/lib/python3.8/site-packages/robot_localization/robot_localization_s__rosidl_typesupport_fastrtps_c.cpython-38-x86_64-linux-gnu.so
[0.734s] -- Up-to-date: /root/marvin/software/library_ws/install/robot_localization/lib/python3.8/site-packages/robot_localization/robot_localization_s__rosidl_typesupport_introspection_c.cpython-38-x86_64-linux-gnu.so
[0.734s] -- Up-to-date: /root/marvin/software/library_ws/install/robot_localization/lib/python3.8/site-packages/robot_localization/robot_localization_s__rosidl_typesupport_c.cpython-38-x86_64-linux-gnu.so
[0.735s] -- Up-to-date: /root/marvin/software/library_ws/install/robot_localization/lib/librobot_localization__python.so
[0.735s] -- Up-to-date: /root/marvin/software/library_ws/install/robot_localization/share/robot_localization/srv/FromLL.idl
[0.736s] -- Up-to-date: /root/marvin/software/library_ws/install/robot_localization/share/robot_localization/srv/GetState.idl
[0.736s] -- Up-to-date: /root/marvin/software/library_ws/install/robot_localization/share/robot_localization/srv/SetDatum.idl
[0.736s] -- Up-to-date: /root/marvin/software/library_ws/install/robot_localization/share/robot_localization/srv/SetPose.idl
[0.736s] -- Up-to-date: /root/marvin/software/library_ws/install/robot_localization/share/robot_localization/srv/ToggleFilterProcessing.idl
[0.736s] -- Up-to-date: /root/marvin/software/library_ws/install/robot_localization/share/robot_localization/srv/ToLL.idl
[0.736s] -- Up-to-date: /root/marvin/software/library_ws/install/robot_localization/share/robot_localization/srv/FromLL.srv
[0.737s] -- Up-to-date: /root/marvin/software/library_ws/install/robot_localization/share/robot_localization/srv/FromLL_Request.msg
[0.737s] -- Up-to-date: /root/marvin/software/library_ws/install/robot_localization/share/robot_localization/srv/FromLL_Response.msg
[0.737s] -- Up-to-date: /root/marvin/software/library_ws/install/robot_localization/share/robot_localization/srv/GetState.srv
[0.737s] -- Up-to-date: /root/marvin/software/library_ws/install/robot_localization/share/robot_localization/srv/GetState_Request.msg
[0.737s] -- Up-to-date: /root/marvin/software/library_ws/install/robot_localization/share/robot_localization/srv/GetState_Response.msg
[0.737s] -- Up-to-date: /root/marvin/software/library_ws/install/robot_localization/share/robot_localization/srv/SetDatum.srv
[0.738s] -- Up-to-date: /root/marvin/software/library_ws/install/robot_localization/share/robot_localization/srv/SetDatum_Request.msg
[0.738s] -- Up-to-date: /root/marvin/software/library_ws/install/robot_localization/share/robot_localization/srv/SetDatum_Response.msg
[0.738s] -- Up-to-date: /root/marvin/software/library_ws/install/robot_localization/share/robot_localization/srv/SetPose.srv
[0.738s] -- Up-to-date: /root/marvin/software/library_ws/install/robot_localization/share/robot_localization/srv/SetPose_Request.msg
[0.738s] -- Up-to-date: /root/marvin/software/library_ws/install/robot_localization/share/robot_localization/srv/SetPose_Response.msg
[0.738s] -- Up-to-date: /root/marvin/software/library_ws/install/robot_localization/share/robot_localization/srv/ToggleFilterProcessing.srv
[0.738s] -- Up-to-date: /root/marvin/software/library_ws/install/robot_localization/share/robot_localization/srv/ToggleFilterProcessing_Request.msg
[0.738s] -- Up-to-date: /root/marvin/software/library_ws/install/robot_localization/share/robot_localization/srv/ToggleFilterProcessing_Response.msg
[0.738s] -- Up-to-date: /root/marvin/software/library_ws/install/robot_localization/share/robot_localization/srv/ToLL.srv
[0.739s] -- Up-to-date: /root/marvin/software/library_ws/install/robot_localization/share/robot_localization/srv/ToLL_Request.msg
[0.739s] -- Up-to-date: /root/marvin/software/library_ws/install/robot_localization/share/robot_localization/srv/ToLL_Response.msg
[0.739s] -- Up-to-date: /root/marvin/software/library_ws/install/robot_localization/lib/robot_localization/filter_base-test
[0.739s] -- Up-to-date: /root/marvin/software/library_ws/install/robot_localization/lib/robot_localization/test_filter_base_diagnostics_timestamps
[0.739s] -- Up-to-date: /root/marvin/software/library_ws/install/robot_localization/lib/robot_localization/test_ekf
[0.739s] -- Up-to-date: /root/marvin/software/library_ws/install/robot_localization/lib/robot_localization/test_ekf_localization_node_interfaces
[0.740s] -- Up-to-date: /root/marvin/software/library_ws/install/robot_localization/lib/robot_localization/test_ukf
[0.740s] -- Up-to-date: /root/marvin/software/library_ws/install/robot_localization/lib/robot_localization/test_ukf_localization_node_interfaces
[0.741s] -- Up-to-date: /root/marvin/software/library_ws/install/robot_localization/lib/robot_localization/test_robot_localization_estimator
[0.742s] -- Up-to-date: /root/marvin/software/library_ws/install/robot_localization/lib/robot_localization/test_navsat_conversions
[0.742s] -- Up-to-date: /root/marvin/software/library_ws/install/robot_localization/lib/robot_localization/test_navsat_transform
[0.743s] -- Up-to-date: /root/marvin/software/library_ws/install/robot_localization/lib/robot_localization/test_ros_robot_localization_listener
[0.744s] -- Up-to-date: /root/marvin/software/library_ws/install/robot_localization/lib/robot_localization/test_ros_robot_localization_listener_publisher
[0.744s] -- Up-to-date: /root/marvin/software/library_ws/install/robot_localization/share/robot_localization/test
[0.744s] -- Up-to-date: /root/marvin/software/library_ws/install/robot_localization/share/robot_localization/test/test_ekf_localization_node_bag2.sh
[0.745s] -- Up-to-date: /root/marvin/software/library_ws/install/robot_localization/share/robot_localization/test/test_navsat_conversions.cpp
[0.745s] -- Up-to-date: /root/marvin/software/library_ws/install/robot_localization/share/robot_localization/test/test_navsat_transform.launch.py
[0.745s] -- Up-to-date: /root/marvin/software/library_ws/install/robot_localization/share/robot_localization/test/test_ekf_localization_node_interfaces.launch.py
[0.745s] -- Up-to-date: /root/marvin/software/library_ws/install/robot_localization/share/robot_localization/test/test_ukf_localization_node_bag3.sh
[0.745s] -- Up-to-date: /root/marvin/software/library_ws/install/robot_localization/share/robot_localization/test/test_ekf_localization_node_bag2.launch.py
[0.745s] -- Up-to-date: /root/marvin/software/library_ws/install/robot_localization/share/robot_localization/test/test_robot_localization_estimator.launch.py
[0.746s] -- Up-to-date: /root/marvin/software/library_ws/install/robot_localization/share/robot_localization/test/test_localization_node_bag_pose_tester.cpp
[0.746s] -- Up-to-date: /root/marvin/software/library_ws/install/robot_localization/share/robot_localization/test/test_ros_robot_localization_listener.yaml
[0.746s] -- Up-to-date: /root/marvin/software/library_ws/install/robot_localization/share/robot_localization/test/test_ekf_localization_node_bag1.launch.py
[0.746s] -- Up-to-date: /root/marvin/software/library_ws/install/robot_localization/share/robot_localization/test/test_ekf_localization_node_bag2.yaml
[0.746s] -- Up-to-date: /root/marvin/software/library_ws/install/robot_localization/share/robot_localization/test/test_filter_base_diagnostics_timestamps.cpp
[0.746s] -- Up-to-date: /root/marvin/software/library_ws/install/robot_localization/share/robot_localization/test/test_ukf_localization_node_bag2.sh
[0.746s] -- Up-to-date: /root/marvin/software/library_ws/install/robot_localization/share/robot_localization/test/test_ekf_localization_node_bag3.yaml
[0.746s] -- Up-to-date: /root/marvin/software/library_ws/install/robot_localization/share/robot_localization/test/test_ukf_localization_node_interfaces.cpp
[0.747s] -- Up-to-date: /root/marvin/software/library_ws/install/robot_localization/share/robot_localization/test/test_ekf.cpp
[0.747s] -- Up-to-date: /root/marvin/software/library_ws/install/robot_localization/share/robot_localization/test/test_navsat_transform.cpp
[0.747s] -- Up-to-date: /root/marvin/software/library_ws/install/robot_localization/share/robot_localization/test/test_ukf_localization_node_bag1.yaml
[0.747s] -- Up-to-date: /root/marvin/software/library_ws/install/robot_localization/share/robot_localization/test/test_ekf_localization_node_bag1.sh
[0.747s] -- Up-to-date: /root/marvin/software/library_ws/install/robot_localization/share/robot_localization/test/test_ukf_localization_node_bag2.launch.py
[0.747s] -- Up-to-date: /root/marvin/software/library_ws/install/robot_localization/share/robot_localization/test/test_ekf_localization_node_interfaces.yaml
[0.747s] -- Up-to-date: /root/marvin/software/library_ws/install/robot_localization/share/robot_localization/test/test_ukf_localization_node_interfaces.yaml
[0.747s] -- Up-to-date: /root/marvin/software/library_ws/install/robot_localization/share/robot_localization/test/test_ukf.cpp
[0.747s] -- Up-to-date: /root/marvin/software/library_ws/install/robot_localization/share/robot_localization/test/test_ros_robot_localization_listener.cpp
[0.747s] -- Up-to-date: /root/marvin/software/library_ws/install/robot_localization/share/robot_localization/test/test_ukf_localization_node_bag3.yaml
[0.747s] -- Up-to-date: /root/marvin/software/library_ws/install/robot_localization/share/robot_localization/test/test_ukf_localization_node_bag1.sh
[0.747s] -- Up-to-date: /root/marvin/software/library_ws/install/robot_localization/share/robot_localization/test/test_ros_robot_localization_listener_publisher.cpp
[0.747s] -- Up-to-date: /root/marvin/software/library_ws/install/robot_localization/share/robot_localization/test/test_filter_base_diagnostics_timestamps.launch.py
[0.747s] -- Up-to-date: /root/marvin/software/library_ws/install/robot_localization/share/robot_localization/test/test_ekf_localization_node_bag1.yaml
[0.748s] -- Up-to-date: /root/marvin/software/library_ws/install/robot_localization/share/robot_localization/test/test1.bag
[0.748s] -- Up-to-date: /root/marvin/software/library_ws/install/robot_localization/share/robot_localization/test/test_ekf_localization_node_interfaces.cpp
[0.748s] -- Up-to-date: /root/marvin/software/library_ws/install/robot_localization/share/robot_localization/test/test_ukf_localization_node_interfaces.launch.py
[0.748s] -- Up-to-date: /root/marvin/software/library_ws/install/robot_localization/share/robot_localization/test/test_ukf_localization_node_bag2.yaml
[0.748s] -- Up-to-date: /root/marvin/software/library_ws/install/robot_localization/share/robot_localization/test/test_ros_robot_localization_listener.launch.py
[0.748s] -- Up-to-date: /root/marvin/software/library_ws/install/robot_localization/share/robot_localization/test/test_ekf_localization_node_bag3.sh
[0.748s] -- Up-to-date: /root/marvin/software/library_ws/install/robot_localization/share/robot_localization/test/test2.bag
[0.748s] -- Up-to-date: /root/marvin/software/library_ws/install/robot_localization/share/robot_localization/test/test_filter_base_diagnostics_timestamps.yaml
[0.748s] -- Up-to-date: /root/marvin/software/library_ws/install/robot_localization/share/robot_localization/test/test3.bag
[0.748s] -- Up-to-date: /root/marvin/software/library_ws/install/robot_localization/share/robot_localization/test/test_ukf_localization_node_bag1.launch.py
[0.748s] -- Up-to-date: /root/marvin/software/library_ws/install/robot_localization/share/robot_localization/test/test_filter_base.cpp
[0.748s] -- Up-to-date: /root/marvin/software/library_ws/install/robot_localization/share/robot_localization/test/test_ekf_localization_node_bag3.launch.py
[0.749s] -- Up-to-date: /root/marvin/software/library_ws/install/robot_localization/share/robot_localization/test/test_robot_localization_estimator.cpp
[0.749s] -- Up-to-date: /root/marvin/software/library_ws/install/robot_localization/share/robot_localization/test/test_ukf_localization_node_bag3.launch.py
[0.749s] -- Up-to-date: /root/marvin/software/library_ws/install/robot_localization/lib/robot_localization/navsat_transform_node
[0.749s] -- Up-to-date: /root/marvin/software/library_ws/install/robot_localization/lib/robot_localization/ekf_node
[0.749s] -- Up-to-date: /root/marvin/software/library_ws/install/robot_localization/lib/robot_localization/ukf_node
[0.749s] -- Up-to-date: /root/marvin/software/library_ws/install/robot_localization/lib/robot_localization/robot_localization_listener_node
[0.749s] -- Up-to-date: /root/marvin/software/library_ws/install/robot_localization/lib/librl_lib.so
[0.750s] -- Up-to-date: /root/marvin/software/library_ws/install/robot_localization/include
[0.750s] -- Up-to-date: /root/marvin/software/library_ws/install/robot_localization/include/robot_localization
[0.750s] -- Up-to-date: /root/marvin/software/library_ws/install/robot_localization/include/robot_localization/filter_state.hpp
[0.750s] -- Up-to-date: /root/marvin/software/library_ws/install/robot_localization/include/robot_localization/ros_robot_localization_listener.hpp
[0.751s] -- Up-to-date: /root/marvin/software/library_ws/install/robot_localization/include/robot_localization/navsat_conversions.hpp
[0.751s] -- Up-to-date: /root/marvin/software/library_ws/install/robot_localization/include/robot_localization/ukf.hpp
[0.751s] -- Up-to-date: /root/marvin/software/library_ws/install/robot_localization/include/robot_localization/ros_filter_types.hpp
[0.751s] -- Up-to-date: /root/marvin/software/library_ws/install/robot_localization/include/robot_localization/robot_localization_estimator.hpp
[0.751s] -- Up-to-date: /root/marvin/software/library_ws/install/robot_localization/include/robot_localization/ros_filter_utilities.hpp
[0.751s] -- Up-to-date: /root/marvin/software/library_ws/install/robot_localization/include/robot_localization/navsat_transform.hpp
[0.751s] -- Up-to-date: /root/marvin/software/library_ws/install/robot_localization/include/robot_localization/ekf.hpp
[0.752s] -- Up-to-date: /root/marvin/software/library_ws/install/robot_localization/include/robot_localization/filter_common.hpp
[0.752s] -- Up-to-date: /root/marvin/software/library_ws/install/robot_localization/include/robot_localization/filter_utilities.hpp
[0.752s] -- Up-to-date: /root/marvin/software/library_ws/install/robot_localization/include/robot_localization/measurement.hpp
[0.752s] -- Up-to-date: /root/marvin/software/library_ws/install/robot_localization/include/robot_localization/ros_filter.hpp
[0.752s] -- Up-to-date: /root/marvin/software/library_ws/install/robot_localization/include/robot_localization/filter_base.hpp
[0.752s] -- Up-to-date: /root/marvin/software/library_ws/install/robot_localization/share/robot_localization/params
[0.753s] -- Up-to-date: /root/marvin/software/library_ws/install/robot_localization/share/robot_localization/params/dual_ekf_navsat_example.yaml
[0.753s] -- Up-to-date: /root/marvin/software/library_ws/install/robot_localization/share/robot_localization/params/ekf.yaml
[0.753s] -- Up-to-date: /root/marvin/software/library_ws/install/robot_localization/share/robot_localization/params/navsat_transform.yaml
[0.753s] -- Up-to-date: /root/marvin/software/library_ws/install/robot_localization/share/robot_localization/params/ekf_x1_x3.yaml
[0.753s] -- Up-to-date: /root/marvin/software/library_ws/install/robot_localization/share/robot_localization/params/ukf.yaml
[0.753s] -- Up-to-date: /root/marvin/software/library_ws/install/robot_localization/share/robot_localization/params/ekf_BK.yaml
[0.753s] -- Up-to-date: /root/marvin/software/library_ws/install/robot_localization/share/robot_localization/launch
[0.753s] -- Up-to-date: /root/marvin/software/library_ws/install/robot_localization/share/robot_localization/launch/ukf.launch.py
[0.754s] -- Up-to-date: /root/marvin/software/library_ws/install/robot_localization/share/robot_localization/launch/ekf.launch.py
[0.754s] -- Up-to-date: /root/marvin/software/library_ws/install/robot_localization/share/robot_localization/launch/navsat_transform.launch.py
[0.754s] -- Up-to-date: /root/marvin/software/library_ws/install/robot_localization/share/robot_localization/launch/ekf_x1_x3_launch.py
[0.754s] -- Up-to-date: /root/marvin/software/library_ws/install/robot_localization/share/robot_localization/launch/dual_ekf_navsat_example.launch.py
[0.754s] -- Up-to-date: /root/marvin/software/library_ws/install/robot_localization/share/ament_index/resource_index/package_run_dependencies/robot_localization
[0.754s] -- Up-to-date: /root/marvin/software/library_ws/install/robot_localization/share/ament_index/resource_index/parent_prefix_path/robot_localization
[0.755s] -- Up-to-date: /root/marvin/software/library_ws/install/robot_localization/share/robot_localization/environment/ament_prefix_path.sh
[0.755s] -- Up-to-date: /root/marvin/software/library_ws/install/robot_localization/share/robot_localization/environment/ament_prefix_path.dsv
[0.755s] -- Up-to-date: /root/marvin/software/library_ws/install/robot_localization/share/robot_localization/environment/path.sh
[0.755s] -- Up-to-date: /root/marvin/software/library_ws/install/robot_localization/share/robot_localization/environment/path.dsv
[0.755s] -- Up-to-date: /root/marvin/software/library_ws/install/robot_localization/share/robot_localization/local_setup.bash
[0.755s] -- Up-to-date: /root/marvin/software/library_ws/install/robot_localization/share/robot_localization/local_setup.sh
[0.755s] -- Up-to-date: /root/marvin/software/library_ws/install/robot_localization/share/robot_localization/local_setup.zsh
[0.756s] -- Up-to-date: /root/marvin/software/library_ws/install/robot_localization/share/robot_localization/local_setup.dsv
[0.756s] -- Installing: /root/marvin/software/library_ws/install/robot_localization/share/robot_localization/package.dsv
[0.756s] -- Up-to-date: /root/marvin/software/library_ws/install/robot_localization/share/ament_index/resource_index/packages/robot_localization
[0.756s] -- Up-to-date: /root/marvin/software/library_ws/install/robot_localization/share/robot_localization/cmake/robot_localization__rosidl_generator_cExport.cmake
[0.756s] -- Up-to-date: /root/marvin/software/library_ws/install/robot_localization/share/robot_localization/cmake/robot_localization__rosidl_generator_cExport-relwithdebinfo.cmake
[0.756s] -- Up-to-date: /root/marvin/software/library_ws/install/robot_localization/share/robot_localization/cmake/robot_localization__rosidl_typesupport_introspection_cExport.cmake
[0.756s] -- Up-to-date: /root/marvin/software/library_ws/install/robot_localization/share/robot_localization/cmake/robot_localization__rosidl_typesupport_introspection_cExport-relwithdebinfo.cmake
[0.756s] -- Up-to-date: /root/marvin/software/library_ws/install/robot_localization/share/robot_localization/cmake/robot_localization__rosidl_typesupport_cExport.cmake
[0.756s] -- Up-to-date: /root/marvin/software/library_ws/install/robot_localization/share/robot_localization/cmake/robot_localization__rosidl_typesupport_cExport-relwithdebinfo.cmake
[0.757s] -- Up-to-date: /root/marvin/software/library_ws/install/robot_localization/share/robot_localization/cmake/robot_localization__rosidl_generator_cppExport.cmake
[0.757s] -- Up-to-date: /root/marvin/software/library_ws/install/robot_localization/share/robot_localization/cmake/robot_localization__rosidl_typesupport_introspection_cppExport.cmake
[0.757s] -- Up-to-date: /root/marvin/software/library_ws/install/robot_localization/share/robot_localization/cmake/robot_localization__rosidl_typesupport_introspection_cppExport-relwithdebinfo.cmake
[0.757s] -- Up-to-date: /root/marvin/software/library_ws/install/robot_localization/share/robot_localization/cmake/robot_localization__rosidl_typesupport_cppExport.cmake
[0.757s] -- Up-to-date: /root/marvin/software/library_ws/install/robot_localization/share/robot_localization/cmake/robot_localization__rosidl_typesupport_cppExport-relwithdebinfo.cmake
[0.757s] -- Up-to-date: /root/marvin/software/library_ws/install/robot_localization/share/robot_localization/cmake/rosidl_cmake-extras.cmake
[0.757s] -- Up-to-date: /root/marvin/software/library_ws/install/robot_localization/share/robot_localization/cmake/ament_cmake_export_dependencies-extras.cmake
[0.757s] -- Up-to-date: /root/marvin/software/library_ws/install/robot_localization/share/robot_localization/cmake/ament_cmake_export_libraries-extras.cmake
[0.757s] -- Up-to-date: /root/marvin/software/library_ws/install/robot_localization/share/robot_localization/cmake/ament_cmake_export_targets-extras.cmake
[0.757s] -- Up-to-date: /root/marvin/software/library_ws/install/robot_localization/share/robot_localization/cmake/ament_cmake_export_include_directories-extras.cmake
[0.757s] -- Up-to-date: /root/marvin/software/library_ws/install/robot_localization/share/robot_localization/cmake/rosidl_cmake_export_typesupport_libraries-extras.cmake
[0.757s] -- Up-to-date: /root/marvin/software/library_ws/install/robot_localization/share/robot_localization/cmake/rosidl_cmake_export_typesupport_targets-extras.cmake
[0.757s] -- Up-to-date: /root/marvin/software/library_ws/install/robot_localization/share/robot_localization/cmake/robot_localizationConfig.cmake
[0.757s] -- Up-to-date: /root/marvin/software/library_ws/install/robot_localization/share/robot_localization/cmake/robot_localizationConfig-version.cmake
[0.757s] -- Up-to-date: /root/marvin/software/library_ws/install/robot_localization/share/robot_localization/package.xml
[0.760s] Invoked command in '/root/marvin/software/library_ws/build/robot_localization' returned '0': CMAKE_PREFIX_PATH=${CMAKE_PREFIX_PATH}:/root/marvin/marvin_ws/install/marvincar_nav:/root/marvin/marvin_ws/install/marvincar_laser:/root/marvin/marvin_ws/install/marvincar_description:/root/marvin/marvin_ws/install/marvincar_ctrl:/root/marvin/marvin_ws/install/marvincar_bringup:/opt/ros/foxy /usr/bin/cmake --install /root/marvin/software/library_ws/build/robot_localization
