[0.034s] Invoking command in '/home/marvin/marvin/build/realsense2_camera_msgs': CMAKE_PREFIX_PATH=/opt/ros/foxy /usr/bin/cmake --build /home/marvin/marvin/build/realsense2_camera_msgs -- -j2 -l2
[0.174s] [ 10%] Built target realsense2_camera_msgs__rosidl_generator_c
[0.205s] [ 12%] Built target realsense2_camera_msgs__cpp
[0.232s] [ 23%] Built target realsense2_camera_msgs__rosidl_typesupport_introspection_c
[0.276s] [ 33%] Built target realsense2_camera_msgs__rosidl_typesupport_c
[0.296s] [ 43%] Built target realsense2_camera_msgs__rosidl_typesupport_introspection_cpp
[0.339s] [ 53%] Built target realsense2_camera_msgs__rosidl_typesupport_cpp
[0.355s] [ 64%] Built target realsense2_camera_msgs__rosidl_typesupport_fastrtps_cpp
[0.403s] [ 74%] Built target realsense2_camera_msgs__rosidl_typesupport_fastrtps_c
[0.446s] [ 74%] Built target realsense2_camera_msgs
[0.491s] [ 76%] Built target realsense2_camera_msgs__py
[0.587s] [ 84%] Built target realsense2_camera_msgs__python
[0.686s] [ 89%] Built target realsense2_camera_msgs__rosidl_typesupport_c__pyext
[0.712s] [ 94%] Built target realsense2_camera_msgs__rosidl_typesupport_introspection_c__pyext
[0.777s] [100%] Built target realsense2_camera_msgs__rosidl_typesupport_fastrtps_c__pyext
[0.802s] Invoked command in '/home/marvin/marvin/build/realsense2_camera_msgs' returned '0': CMAKE_PREFIX_PATH=/opt/ros/foxy /usr/bin/cmake --build /home/marvin/marvin/build/realsense2_camera_msgs -- -j2 -l2
[0.901s] Invoking command in '/home/marvin/marvin/build/realsense2_camera_msgs': CMAKE_PREFIX_PATH=/opt/ros/foxy /usr/bin/cmake --install /home/marvin/marvin/build/realsense2_camera_msgs
[0.916s] -- Install configuration: ""
[0.916s] -- Up-to-date: /home/marvin/marvin/install/realsense2_camera_msgs/share/ament_index/resource_index/rosidl_interfaces/realsense2_camera_msgs
[0.916s] -- Up-to-date: /home/marvin/marvin/install/realsense2_camera_msgs/include/realsense2_camera_msgs
[0.916s] -- Up-to-date: /home/marvin/marvin/install/realsense2_camera_msgs/include/realsense2_camera_msgs/msg
[0.917s] -- Up-to-date: /home/marvin/marvin/install/realsense2_camera_msgs/include/realsense2_camera_msgs/msg/rosidl_generator_c__visibility_control.h
[0.917s] -- Up-to-date: /home/marvin/marvin/install/realsense2_camera_msgs/include/realsense2_camera_msgs/msg/imu_info.h
[0.917s] -- Up-to-date: /home/marvin/marvin/install/realsense2_camera_msgs/include/realsense2_camera_msgs/msg/extrinsics.h
[0.917s] -- Up-to-date: /home/marvin/marvin/install/realsense2_camera_msgs/include/realsense2_camera_msgs/msg/detail
[0.917s] -- Up-to-date: /home/marvin/marvin/install/realsense2_camera_msgs/include/realsense2_camera_msgs/msg/detail/extrinsics__type_support.h
[0.917s] -- Up-to-date: /home/marvin/marvin/install/realsense2_camera_msgs/include/realsense2_camera_msgs/msg/detail/imu_info__struct.h
[0.917s] -- Up-to-date: /home/marvin/marvin/install/realsense2_camera_msgs/include/realsense2_camera_msgs/msg/detail/extrinsics__functions.h
[0.917s] -- Up-to-date: /home/marvin/marvin/install/realsense2_camera_msgs/include/realsense2_camera_msgs/msg/detail/extrinsics__struct.h
[0.917s] -- Up-to-date: /home/marvin/marvin/install/realsense2_camera_msgs/include/realsense2_camera_msgs/msg/detail/imu_info__type_support.h
[0.917s] -- Up-to-date: /home/marvin/marvin/install/realsense2_camera_msgs/include/realsense2_camera_msgs/msg/detail/imu_info__functions.h
[0.917s] -- Up-to-date: /home/marvin/marvin/install/realsense2_camera_msgs/include/realsense2_camera_msgs/msg/detail/imu_info__functions.c
[0.917s] -- Up-to-date: /home/marvin/marvin/install/realsense2_camera_msgs/include/realsense2_camera_msgs/msg/detail/extrinsics__functions.c
[0.917s] -- Up-to-date: /home/marvin/marvin/install/realsense2_camera_msgs/share/realsense2_camera_msgs/environment/library_path.sh
[0.918s] -- Up-to-date: /home/marvin/marvin/install/realsense2_camera_msgs/share/realsense2_camera_msgs/environment/library_path.dsv
[0.924s] -- Up-to-date: /home/marvin/marvin/install/realsense2_camera_msgs/lib/librealsense2_camera_msgs__rosidl_generator_c.so
[0.924s] -- Up-to-date: /home/marvin/marvin/install/realsense2_camera_msgs/include/realsense2_camera_msgs
[0.924s] -- Up-to-date: /home/marvin/marvin/install/realsense2_camera_msgs/include/realsense2_camera_msgs/msg
[0.924s] -- Up-to-date: /home/marvin/marvin/install/realsense2_camera_msgs/include/realsense2_camera_msgs/msg/rosidl_typesupport_fastrtps_c__visibility_control.h
[0.925s] -- Up-to-date: /home/marvin/marvin/install/realsense2_camera_msgs/include/realsense2_camera_msgs/msg/detail
[0.925s] -- Up-to-date: /home/marvin/marvin/install/realsense2_camera_msgs/include/realsense2_camera_msgs/msg/detail/imu_info__rosidl_typesupport_fastrtps_c.h
[0.925s] -- Up-to-date: /home/marvin/marvin/install/realsense2_camera_msgs/include/realsense2_camera_msgs/msg/detail/extrinsics__rosidl_typesupport_fastrtps_c.h
[0.928s] -- Up-to-date: /home/marvin/marvin/install/realsense2_camera_msgs/lib/librealsense2_camera_msgs__rosidl_typesupport_fastrtps_c.so
[0.928s] -- Up-to-date: /home/marvin/marvin/install/realsense2_camera_msgs/include/realsense2_camera_msgs
[0.928s] -- Up-to-date: /home/marvin/marvin/install/realsense2_camera_msgs/include/realsense2_camera_msgs/msg
[0.928s] -- Up-to-date: /home/marvin/marvin/install/realsense2_camera_msgs/include/realsense2_camera_msgs/msg/rosidl_typesupport_fastrtps_cpp__visibility_control.h
[0.928s] -- Up-to-date: /home/marvin/marvin/install/realsense2_camera_msgs/include/realsense2_camera_msgs/msg/detail
[0.928s] -- Up-to-date: /home/marvin/marvin/install/realsense2_camera_msgs/include/realsense2_camera_msgs/msg/detail/imu_info__rosidl_typesupport_fastrtps_cpp.hpp
[0.929s] -- Up-to-date: /home/marvin/marvin/install/realsense2_camera_msgs/include/realsense2_camera_msgs/msg/detail/extrinsics__rosidl_typesupport_fastrtps_cpp.hpp
[0.929s] -- Up-to-date: /home/marvin/marvin/install/realsense2_camera_msgs/include/realsense2_camera_msgs/msg/detail/dds_fastrtps
[0.937s] -- Up-to-date: /home/marvin/marvin/install/realsense2_camera_msgs/lib/librealsense2_camera_msgs__rosidl_typesupport_fastrtps_cpp.so
[0.937s] -- Up-to-date: /home/marvin/marvin/install/realsense2_camera_msgs/include/realsense2_camera_msgs
[0.937s] -- Up-to-date: /home/marvin/marvin/install/realsense2_camera_msgs/include/realsense2_camera_msgs/msg
[0.937s] -- Up-to-date: /home/marvin/marvin/install/realsense2_camera_msgs/include/realsense2_camera_msgs/msg/rosidl_typesupport_introspection_c__visibility_control.h
[0.937s] -- Up-to-date: /home/marvin/marvin/install/realsense2_camera_msgs/include/realsense2_camera_msgs/msg/detail
[0.937s] -- Up-to-date: /home/marvin/marvin/install/realsense2_camera_msgs/include/realsense2_camera_msgs/msg/detail/imu_info__rosidl_typesupport_introspection_c.h
[0.937s] -- Up-to-date: /home/marvin/marvin/install/realsense2_camera_msgs/include/realsense2_camera_msgs/msg/detail/imu_info__type_support.c
[0.937s] -- Up-to-date: /home/marvin/marvin/install/realsense2_camera_msgs/include/realsense2_camera_msgs/msg/detail/extrinsics__rosidl_typesupport_introspection_c.h
[0.937s] -- Up-to-date: /home/marvin/marvin/install/realsense2_camera_msgs/include/realsense2_camera_msgs/msg/detail/extrinsics__type_support.c
[0.937s] -- Up-to-date: /home/marvin/marvin/install/realsense2_camera_msgs/lib/librealsense2_camera_msgs__rosidl_typesupport_introspection_c.so
[0.937s] -- Up-to-date: /home/marvin/marvin/install/realsense2_camera_msgs/lib/librealsense2_camera_msgs__rosidl_typesupport_c.so
[0.937s] -- Up-to-date: /home/marvin/marvin/install/realsense2_camera_msgs/include/realsense2_camera_msgs
[0.937s] -- Up-to-date: /home/marvin/marvin/install/realsense2_camera_msgs/include/realsense2_camera_msgs/msg
[0.937s] -- Up-to-date: /home/marvin/marvin/install/realsense2_camera_msgs/include/realsense2_camera_msgs/msg/extrinsics.hpp
[0.938s] -- Up-to-date: /home/marvin/marvin/install/realsense2_camera_msgs/include/realsense2_camera_msgs/msg/rosidl_generator_cpp__visibility_control.hpp
[0.938s] -- Up-to-date: /home/marvin/marvin/install/realsense2_camera_msgs/include/realsense2_camera_msgs/msg/imu_info.hpp
[0.938s] -- Up-to-date: /home/marvin/marvin/install/realsense2_camera_msgs/include/realsense2_camera_msgs/msg/detail
[0.938s] -- Up-to-date: /home/marvin/marvin/install/realsense2_camera_msgs/include/realsense2_camera_msgs/msg/detail/imu_info__traits.hpp
[0.938s] -- Up-to-date: /home/marvin/marvin/install/realsense2_camera_msgs/include/realsense2_camera_msgs/msg/detail/extrinsics__struct.hpp
[0.938s] -- Up-to-date: /home/marvin/marvin/install/realsense2_camera_msgs/include/realsense2_camera_msgs/msg/detail/imu_info__struct.hpp
[0.938s] -- Up-to-date: /home/marvin/marvin/install/realsense2_camera_msgs/include/realsense2_camera_msgs/msg/detail/imu_info__builder.hpp
[0.938s] -- Up-to-date: /home/marvin/marvin/install/realsense2_camera_msgs/include/realsense2_camera_msgs/msg/detail/extrinsics__builder.hpp
[0.938s] -- Up-to-date: /home/marvin/marvin/install/realsense2_camera_msgs/include/realsense2_camera_msgs/msg/detail/imu_info__type_support.hpp
[0.938s] -- Up-to-date: /home/marvin/marvin/install/realsense2_camera_msgs/include/realsense2_camera_msgs/msg/detail/extrinsics__type_support.hpp
[0.938s] -- Up-to-date: /home/marvin/marvin/install/realsense2_camera_msgs/include/realsense2_camera_msgs/msg/detail/extrinsics__traits.hpp
[0.938s] -- Up-to-date: /home/marvin/marvin/install/realsense2_camera_msgs/include/realsense2_camera_msgs
[0.938s] -- Up-to-date: /home/marvin/marvin/install/realsense2_camera_msgs/include/realsense2_camera_msgs/msg
[0.939s] -- Up-to-date: /home/marvin/marvin/install/realsense2_camera_msgs/include/realsense2_camera_msgs/msg/detail
[0.939s] -- Up-to-date: /home/marvin/marvin/install/realsense2_camera_msgs/include/realsense2_camera_msgs/msg/detail/imu_info__rosidl_typesupport_introspection_cpp.hpp
[0.939s] -- Up-to-date: /home/marvin/marvin/install/realsense2_camera_msgs/include/realsense2_camera_msgs/msg/detail/imu_info__type_support.cpp
[0.939s] -- Up-to-date: /home/marvin/marvin/install/realsense2_camera_msgs/include/realsense2_camera_msgs/msg/detail/extrinsics__rosidl_typesupport_introspection_cpp.hpp
[0.939s] -- Up-to-date: /home/marvin/marvin/install/realsense2_camera_msgs/include/realsense2_camera_msgs/msg/detail/extrinsics__type_support.cpp
[0.939s] -- Up-to-date: /home/marvin/marvin/install/realsense2_camera_msgs/lib/librealsense2_camera_msgs__rosidl_typesupport_introspection_cpp.so
[0.939s] -- Up-to-date: /home/marvin/marvin/install/realsense2_camera_msgs/lib/librealsense2_camera_msgs__rosidl_typesupport_cpp.so
[0.939s] -- Up-to-date: /home/marvin/marvin/install/realsense2_camera_msgs/share/realsense2_camera_msgs/environment/pythonpath.sh
[0.939s] -- Up-to-date: /home/marvin/marvin/install/realsense2_camera_msgs/share/realsense2_camera_msgs/environment/pythonpath.dsv
[0.939s] -- Up-to-date: /home/marvin/marvin/install/realsense2_camera_msgs/lib/python3.8/site-packages/realsense2_camera_msgs/__init__.py
[1.026s] -- Up-to-date: /home/marvin/marvin/install/realsense2_camera_msgs/lib/python3.8/site-packages/realsense2_camera_msgs/msg
[1.026s] -- Up-to-date: /home/marvin/marvin/install/realsense2_camera_msgs/lib/python3.8/site-packages/realsense2_camera_msgs/msg/_imu_info_s.c
[1.026s] -- Up-to-date: /home/marvin/marvin/install/realsense2_camera_msgs/lib/python3.8/site-packages/realsense2_camera_msgs/msg/_imu_info.py
[1.026s] -- Up-to-date: /home/marvin/marvin/install/realsense2_camera_msgs/lib/python3.8/site-packages/realsense2_camera_msgs/msg/__init__.py
[1.026s] -- Up-to-date: /home/marvin/marvin/install/realsense2_camera_msgs/lib/python3.8/site-packages/realsense2_camera_msgs/msg/_extrinsics_s.c
[1.026s] -- Up-to-date: /home/marvin/marvin/install/realsense2_camera_msgs/lib/python3.8/site-packages/realsense2_camera_msgs/msg/_extrinsics.py
[1.027s] -- Up-to-date: /home/marvin/marvin/install/realsense2_camera_msgs/lib/python3.8/site-packages/realsense2_camera_msgs/realsense2_camera_msgs_s__rosidl_typesupport_fastrtps_c.cpython-38-x86_64-linux-gnu.so
[1.027s] -- Up-to-date: /home/marvin/marvin/install/realsense2_camera_msgs/lib/python3.8/site-packages/realsense2_camera_msgs/realsense2_camera_msgs_s__rosidl_typesupport_introspection_c.cpython-38-x86_64-linux-gnu.so
[1.027s] -- Up-to-date: /home/marvin/marvin/install/realsense2_camera_msgs/lib/python3.8/site-packages/realsense2_camera_msgs/realsense2_camera_msgs_s__rosidl_typesupport_c.cpython-38-x86_64-linux-gnu.so
[1.027s] -- Up-to-date: /home/marvin/marvin/install/realsense2_camera_msgs/lib/librealsense2_camera_msgs__python.so
[1.027s] -- Up-to-date: /home/marvin/marvin/install/realsense2_camera_msgs/share/realsense2_camera_msgs/msg/IMUInfo.idl
[1.027s] -- Up-to-date: /home/marvin/marvin/install/realsense2_camera_msgs/share/realsense2_camera_msgs/msg/Extrinsics.idl
[1.027s] -- Up-to-date: /home/marvin/marvin/install/realsense2_camera_msgs/share/realsense2_camera_msgs/msg/IMUInfo.msg
[1.027s] -- Up-to-date: /home/marvin/marvin/install/realsense2_camera_msgs/share/realsense2_camera_msgs/msg/Extrinsics.msg
[1.028s] -- Up-to-date: /home/marvin/marvin/install/realsense2_camera_msgs/share/ament_index/resource_index/package_run_dependencies/realsense2_camera_msgs
[1.028s] -- Up-to-date: /home/marvin/marvin/install/realsense2_camera_msgs/share/ament_index/resource_index/parent_prefix_path/realsense2_camera_msgs
[1.032s] -- Up-to-date: /home/marvin/marvin/install/realsense2_camera_msgs/share/realsense2_camera_msgs/environment/ament_prefix_path.sh
[1.033s] -- Up-to-date: /home/marvin/marvin/install/realsense2_camera_msgs/share/realsense2_camera_msgs/environment/ament_prefix_path.dsv
[1.036s] -- Up-to-date: /home/marvin/marvin/install/realsense2_camera_msgs/share/realsense2_camera_msgs/environment/path.sh
[1.037s] -- Up-to-date: /home/marvin/marvin/install/realsense2_camera_msgs/share/realsense2_camera_msgs/environment/path.dsv
[1.037s] -- Up-to-date: /home/marvin/marvin/install/realsense2_camera_msgs/share/realsense2_camera_msgs/local_setup.bash
[1.037s] -- Up-to-date: /home/marvin/marvin/install/realsense2_camera_msgs/share/realsense2_camera_msgs/local_setup.sh
[1.037s] -- Up-to-date: /home/marvin/marvin/install/realsense2_camera_msgs/share/realsense2_camera_msgs/local_setup.zsh
[1.037s] -- Up-to-date: /home/marvin/marvin/install/realsense2_camera_msgs/share/realsense2_camera_msgs/local_setup.dsv
[1.037s] -- Installing: /home/marvin/marvin/install/realsense2_camera_msgs/share/realsense2_camera_msgs/package.dsv
[1.038s] -- Up-to-date: /home/marvin/marvin/install/realsense2_camera_msgs/share/ament_index/resource_index/packages/realsense2_camera_msgs
[1.038s] -- Up-to-date: /home/marvin/marvin/install/realsense2_camera_msgs/share/realsense2_camera_msgs/cmake/realsense2_camera_msgs__rosidl_generator_cExport.cmake
[1.038s] -- Up-to-date: /home/marvin/marvin/install/realsense2_camera_msgs/share/realsense2_camera_msgs/cmake/realsense2_camera_msgs__rosidl_generator_cExport-noconfig.cmake
[1.038s] -- Up-to-date: /home/marvin/marvin/install/realsense2_camera_msgs/share/realsense2_camera_msgs/cmake/realsense2_camera_msgs__rosidl_typesupport_introspection_cExport.cmake
[1.038s] -- Up-to-date: /home/marvin/marvin/install/realsense2_camera_msgs/share/realsense2_camera_msgs/cmake/realsense2_camera_msgs__rosidl_typesupport_introspection_cExport-noconfig.cmake
[1.038s] -- Up-to-date: /home/marvin/marvin/install/realsense2_camera_msgs/share/realsense2_camera_msgs/cmake/realsense2_camera_msgs__rosidl_typesupport_cExport.cmake
[1.038s] -- Up-to-date: /home/marvin/marvin/install/realsense2_camera_msgs/share/realsense2_camera_msgs/cmake/realsense2_camera_msgs__rosidl_typesupport_cExport-noconfig.cmake
[1.040s] -- Up-to-date: /home/marvin/marvin/install/realsense2_camera_msgs/share/realsense2_camera_msgs/cmake/realsense2_camera_msgs__rosidl_generator_cppExport.cmake
[1.042s] -- Up-to-date: /home/marvin/marvin/install/realsense2_camera_msgs/share/realsense2_camera_msgs/cmake/realsense2_camera_msgs__rosidl_typesupport_introspection_cppExport.cmake
[1.042s] -- Up-to-date: /home/marvin/marvin/install/realsense2_camera_msgs/share/realsense2_camera_msgs/cmake/realsense2_camera_msgs__rosidl_typesupport_introspection_cppExport-noconfig.cmake
[1.043s] -- Up-to-date: /home/marvin/marvin/install/realsense2_camera_msgs/share/realsense2_camera_msgs/cmake/realsense2_camera_msgs__rosidl_typesupport_cppExport.cmake
[1.043s] -- Up-to-date: /home/marvin/marvin/install/realsense2_camera_msgs/share/realsense2_camera_msgs/cmake/realsense2_camera_msgs__rosidl_typesupport_cppExport-noconfig.cmake
[1.043s] -- Up-to-date: /home/marvin/marvin/install/realsense2_camera_msgs/share/realsense2_camera_msgs/cmake/rosidl_cmake-extras.cmake
[1.043s] -- Up-to-date: /home/marvin/marvin/install/realsense2_camera_msgs/share/realsense2_camera_msgs/cmake/ament_cmake_export_dependencies-extras.cmake
[1.043s] -- Up-to-date: /home/marvin/marvin/install/realsense2_camera_msgs/share/realsense2_camera_msgs/cmake/ament_cmake_export_libraries-extras.cmake
[1.043s] -- Up-to-date: /home/marvin/marvin/install/realsense2_camera_msgs/share/realsense2_camera_msgs/cmake/ament_cmake_export_targets-extras.cmake
[1.043s] -- Up-to-date: /home/marvin/marvin/install/realsense2_camera_msgs/share/realsense2_camera_msgs/cmake/ament_cmake_export_include_directories-extras.cmake
[1.043s] -- Up-to-date: /home/marvin/marvin/install/realsense2_camera_msgs/share/realsense2_camera_msgs/cmake/rosidl_cmake_export_typesupport_libraries-extras.cmake
[1.043s] -- Up-to-date: /home/marvin/marvin/install/realsense2_camera_msgs/share/realsense2_camera_msgs/cmake/rosidl_cmake_export_typesupport_targets-extras.cmake
[1.043s] -- Up-to-date: /home/marvin/marvin/install/realsense2_camera_msgs/share/realsense2_camera_msgs/cmake/realsense2_camera_msgsConfig.cmake
[1.043s] -- Up-to-date: /home/marvin/marvin/install/realsense2_camera_msgs/share/realsense2_camera_msgs/cmake/realsense2_camera_msgsConfig-version.cmake
[1.043s] -- Up-to-date: /home/marvin/marvin/install/realsense2_camera_msgs/share/realsense2_camera_msgs/package.xml
[1.062s] Invoked command in '/home/marvin/marvin/build/realsense2_camera_msgs' returned '0': CMAKE_PREFIX_PATH=/opt/ros/foxy /usr/bin/cmake --install /home/marvin/marvin/build/realsense2_camera_msgs
