[0.017s] Invoking command in '/home/marvin/marvin/marvin_ws/build/marvin_car_lidar': CMAKE_PREFIX_PATH=/opt/ros/foxy /usr/bin/cmake /home/marvin/marvin/marvin_ws/src/marvin_car_lidar -DCMAKE_INSTALL_PREFIX=/home/marvin/marvin/marvin_ws/install/marvin_car_lidar
[0.081s] -- The C compiler identification is GNU 9.4.0
[0.145s] -- The CXX compiler identification is GNU 9.4.0
[0.149s] -- Check for working C compiler: /usr/bin/cc
[0.231s] -- Check for working C compiler: /usr/bin/cc -- works
[0.232s] -- Detecting C compiler ABI info
[0.311s] -- Detecting C compiler ABI info - done
[0.323s] -- Detecting C compile features
[0.324s] -- Detecting C compile features - done
[0.327s] -- Check for working CXX compiler: /usr/bin/c++
[0.417s] -- Check for working CXX compiler: /usr/bin/c++ -- works
[0.419s] -- Detecting CXX compiler ABI info
[0.517s] -- Detecting CXX compiler ABI info - done
[0.532s] -- Detecting CXX compile features
[0.533s] -- Detecting CXX compile features - done
[0.536s] -- Found ament_cmake: 0.9.12 (/opt/ros/foxy/share/ament_cmake/cmake)
[0.568s] -- Found PythonInterp: /usr/bin/python3 (found suitable version "3.8.10", minimum required is "3") 
[0.568s] -- Using PYTHON_EXECUTABLE: /usr/bin/python3
[0.800s] -- Found rclcpp: 2.4.3 (/opt/ros/foxy/share/rclcpp/cmake)
[0.851s] -- Using all available rosidl_typesupport_c: rosidl_typesupport_fastrtps_c;rosidl_typesupport_introspection_c
[0.859s] -- Found rosidl_adapter: 1.3.1 (/opt/ros/foxy/share/rosidl_adapter/cmake)
[0.958s] -- Found OpenSSL: /usr/lib/x86_64-linux-gnu/libcrypto.so (found version "1.1.1f")  
[0.990s] -- Found FastRTPS: /opt/ros/foxy/include  
[1.077s] -- Using all available rosidl_typesupport_cpp: rosidl_typesupport_fastrtps_cpp;rosidl_typesupport_introspection_cpp
[1.142s] -- Found rmw_implementation_cmake: 1.0.4 (/opt/ros/foxy/share/rmw_implementation_cmake/cmake)
[1.144s] -- Using RMW implementation 'rmw_fastrtps_cpp' as default
[1.145s] -- Looking for pthread.h
[1.234s] -- Looking for pthread.h - found
[1.234s] -- Performing Test CMAKE_HAVE_LIBC_PTHREAD
[1.321s] -- Performing Test CMAKE_HAVE_LIBC_PTHREAD - Failed
[1.322s] -- Looking for pthread_create in pthreads
[1.392s] -- Looking for pthread_create in pthreads - not found
[1.392s] -- Looking for pthread_create in pthread
[1.501s] -- Looking for pthread_create in pthread - found
[1.502s] -- Found Threads: TRUE  
[1.738s] -- Found sensor_msgs: 2.0.5 (/opt/ros/foxy/share/sensor_msgs/cmake)
[1.886s] -- Found ament_lint_auto: 0.9.8 (/opt/ros/foxy/share/ament_lint_auto/cmake)
[1.969s] -- Added test 'copyright' to check source files copyright and LICENSE
[1.972s] -- Added test 'cppcheck' to perform static code analysis on C / C++ code
[1.973s] -- Configured cppcheck include dirs: 
[1.973s] -- Configured cppcheck exclude dirs and/or files: 
[1.975s] -- Added test 'cpplint' to check C / C++ code against the Google style
[1.975s] -- Configured cpplint exclude dirs and/or files: 
[1.976s] -- Added test 'flake8' to check Python code syntax and style conventions
[1.977s] -- Added test 'lint_cmake' to check CMake code style
[1.977s] -- Added test 'pep257' to check Python code against some of the style conventions in PEP 257
[1.979s] -- Added test 'uncrustify' to check C / C++ code style
[1.979s] -- Configured uncrustify additional arguments: 
[1.980s] -- Added test 'xmllint' to check XML markup files
[1.984s] -- Configuring done
[1.998s] -- Generating done
[2.000s] -- Build files have been written to: /home/marvin/marvin/marvin_ws/build/marvin_car_lidar
[2.014s] Invoked command in '/home/marvin/marvin/marvin_ws/build/marvin_car_lidar' returned '0': CMAKE_PREFIX_PATH=/opt/ros/foxy /usr/bin/cmake /home/marvin/marvin/marvin_ws/src/marvin_car_lidar -DCMAKE_INSTALL_PREFIX=/home/marvin/marvin/marvin_ws/install/marvin_car_lidar
[2.015s] Invoking command in '/home/marvin/marvin/marvin_ws/build/marvin_car_lidar': CMAKE_PREFIX_PATH=/opt/ros/foxy /usr/bin/cmake --build /home/marvin/marvin/marvin_ws/build/marvin_car_lidar -- -j2 -l2
[2.085s] [35m[1mScanning dependencies of target marvin_car_lidar_node[0m
[2.151s] [ 20%] [32mBuilding CXX object CMakeFiles/marvin_car_lidar_node.dir/src/cmd_interface_linux.cpp.o[0m
[2.176s] [ 40%] [32mBuilding CXX object CMakeFiles/marvin_car_lidar_node.dir/src/lipkg.cpp.o[0m
[2.937s] [ 60%] [32mBuilding CXX object CMakeFiles/marvin_car_lidar_node.dir/src/main.cpp.o[0m
[5.356s] [ 80%] [32mBuilding CXX object CMakeFiles/marvin_car_lidar_node.dir/src/tofbf.cpp.o[0m
[8.138s] [100%] [32m[1mLinking CXX executable marvin_car_lidar_node[0m
[8.386s] [100%] Built target marvin_car_lidar_node
[8.403s] Invoked command in '/home/marvin/marvin/marvin_ws/build/marvin_car_lidar' returned '0': CMAKE_PREFIX_PATH=/opt/ros/foxy /usr/bin/cmake --build /home/marvin/marvin/marvin_ws/build/marvin_car_lidar -- -j2 -l2
[8.466s] Invoking command in '/home/marvin/marvin/marvin_ws/build/marvin_car_lidar': CMAKE_PREFIX_PATH=/opt/ros/foxy /usr/bin/cmake --install /home/marvin/marvin/marvin_ws/build/marvin_car_lidar
[8.472s] -- Install configuration: ""
[8.473s] -- Installing: /home/marvin/marvin/marvin_ws/install/marvin_car_lidar/lib/marvin_car_lidar/marvin_car_lidar_node
[8.474s] -- Set runtime path of "/home/marvin/marvin/marvin_ws/install/marvin_car_lidar/lib/marvin_car_lidar/marvin_car_lidar_node" to ""
[8.474s] -- Installing: /home/marvin/marvin/marvin_ws/install/marvin_car_lidar/share/marvin_car_lidar//launch
[8.474s] -- Installing: /home/marvin/marvin/marvin_ws/install/marvin_car_lidar/share/marvin_car_lidar//launch/gmapping.launch.py
[8.475s] -- Installing: /home/marvin/marvin/marvin_ws/install/marvin_car_lidar/share/marvin_car_lidar//launch/ld19_lidar.launch.py
[8.476s] -- Installing: /home/marvin/marvin/marvin_ws/install/marvin_car_lidar/share/marvin_car_lidar//rviz2
[8.476s] -- Installing: /home/marvin/marvin/marvin_ws/install/marvin_car_lidar/share/marvin_car_lidar//rviz2/ldlidar.rviz
[8.477s] -- Installing: /home/marvin/marvin/marvin_ws/install/marvin_car_lidar/share/ament_index/resource_index/package_run_dependencies/marvin_car_lidar
[8.477s] -- Installing: /home/marvin/marvin/marvin_ws/install/marvin_car_lidar/share/ament_index/resource_index/parent_prefix_path/marvin_car_lidar
[8.477s] -- Installing: /home/marvin/marvin/marvin_ws/install/marvin_car_lidar/share/marvin_car_lidar/environment/ament_prefix_path.sh
[8.478s] -- Installing: /home/marvin/marvin/marvin_ws/install/marvin_car_lidar/share/marvin_car_lidar/environment/ament_prefix_path.dsv
[8.478s] -- Installing: /home/marvin/marvin/marvin_ws/install/marvin_car_lidar/share/marvin_car_lidar/environment/path.sh
[8.478s] -- Installing: /home/marvin/marvin/marvin_ws/install/marvin_car_lidar/share/marvin_car_lidar/environment/path.dsv
[8.478s] -- Installing: /home/marvin/marvin/marvin_ws/install/marvin_car_lidar/share/marvin_car_lidar/local_setup.bash
[8.478s] -- Installing: /home/marvin/marvin/marvin_ws/install/marvin_car_lidar/share/marvin_car_lidar/local_setup.sh
[8.478s] -- Installing: /home/marvin/marvin/marvin_ws/install/marvin_car_lidar/share/marvin_car_lidar/local_setup.zsh
[8.479s] -- Installing: /home/marvin/marvin/marvin_ws/install/marvin_car_lidar/share/marvin_car_lidar/local_setup.dsv
[8.479s] -- Installing: /home/marvin/marvin/marvin_ws/install/marvin_car_lidar/share/marvin_car_lidar/package.dsv
[8.479s] -- Installing: /home/marvin/marvin/marvin_ws/install/marvin_car_lidar/share/ament_index/resource_index/packages/marvin_car_lidar
[8.479s] -- Installing: /home/marvin/marvin/marvin_ws/install/marvin_car_lidar/share/marvin_car_lidar/cmake/marvin_car_lidarConfig.cmake
[8.479s] -- Installing: /home/marvin/marvin/marvin_ws/install/marvin_car_lidar/share/marvin_car_lidar/cmake/marvin_car_lidarConfig-version.cmake
[8.479s] -- Installing: /home/marvin/marvin/marvin_ws/install/marvin_car_lidar/share/marvin_car_lidar/package.xml
[8.484s] Invoked command in '/home/marvin/marvin/marvin_ws/build/marvin_car_lidar' returned '0': CMAKE_PREFIX_PATH=/opt/ros/foxy /usr/bin/cmake --install /home/marvin/marvin/marvin_ws/build/marvin_car_lidar
