-- Install configuration: ""
-- Up-to-date: /home/marvin/marvin/install/marvin_gazebo/share/marvin_gazebo/launch
-- Up-to-date: /home/marvin/marvin/install/marvin_gazebo/share/marvin_gazebo/launch/gazebo.launch.py
-- Up-to-date: /home/marvin/marvin/install/marvin_gazebo/share/marvin_gazebo/rviz
-- Up-to-date: /home/marvin/marvin/install/marvin_gazebo/share/marvin_gazebo/rviz/description.rviz
-- Up-to-date: /home/marvin/marvin/install/marvin_gazebo/share/marvin_gazebo/worlds
-- Up-to-date: /home/marvin/marvin/install/marvin_gazebo/share/marvin_gazebo/worlds/gas_station.world
-- Up-to-date: /home/marvin/marvin/install/marvin_gazebo/share/marvin_gazebo/worlds/playground.world
-- Up-to-date: /home/marvin/marvin/install/marvin_gazebo/share/marvin_gazebo/worlds/simple.world
-- Up-to-date: /home/marvin/marvin/install/marvin_gazebo/share/marvin_gazebo/environment/pythonpath.sh
-- Up-to-date: /home/marvin/marvin/install/marvin_gazebo/share/marvin_gazebo/environment/pythonpath.dsv
-- Up-to-date: /home/marvin/marvin/install/marvin_gazebo/lib/python3.8/site-packages/marvin_gazebo
-- Up-to-date: /home/marvin/marvin/install/marvin_gazebo/lib/python3.8/site-packages/marvin_gazebo/__init__.py
Listing '/home/marvin/marvin/install/marvin_gazebo/lib/python3.8/site-packages/marvin_gazebo'...
-- Up-to-date: /home/marvin/marvin/install/marvin_gazebo/lib/marvin_gazebo/command_timeout.py
-- Up-to-date: /home/marvin/marvin/install/marvin_gazebo/share/ament_index/resource_index/package_run_dependencies/marvin_gazebo
-- Up-to-date: /home/marvin/marvin/install/marvin_gazebo/share/ament_index/resource_index/parent_prefix_path/marvin_gazebo
-- Up-to-date: /home/marvin/marvin/install/marvin_gazebo/share/marvin_gazebo/environment/ament_prefix_path.sh
-- Up-to-date: /home/marvin/marvin/install/marvin_gazebo/share/marvin_gazebo/environment/ament_prefix_path.dsv
-- Up-to-date: /home/marvin/marvin/install/marvin_gazebo/share/marvin_gazebo/environment/path.sh
-- Up-to-date: /home/marvin/marvin/install/marvin_gazebo/share/marvin_gazebo/environment/path.dsv
-- Up-to-date: /home/marvin/marvin/install/marvin_gazebo/share/marvin_gazebo/local_setup.bash
-- Up-to-date: /home/marvin/marvin/install/marvin_gazebo/share/marvin_gazebo/local_setup.sh
-- Up-to-date: /home/marvin/marvin/install/marvin_gazebo/share/marvin_gazebo/local_setup.zsh
-- Up-to-date: /home/marvin/marvin/install/marvin_gazebo/share/marvin_gazebo/local_setup.dsv
-- Installing: /home/marvin/marvin/install/marvin_gazebo/share/marvin_gazebo/package.dsv
-- Up-to-date: /home/marvin/marvin/install/marvin_gazebo/share/ament_index/resource_index/packages/marvin_gazebo
-- Up-to-date: /home/marvin/marvin/install/marvin_gazebo/share/marvin_gazebo/cmake/marvin_gazeboConfig.cmake
-- Up-to-date: /home/marvin/marvin/install/marvin_gazebo/share/marvin_gazebo/cmake/marvin_gazeboConfig-version.cmake
-- Up-to-date: /home/marvin/marvin/install/marvin_gazebo/share/marvin_gazebo/package.xml
