[0.028s] Invoking command in '/home/marvin/marvin/build/marvin_gazebo': CMAKE_PREFIX_PATH=/opt/ros/foxy /usr/bin/cmake --build /home/marvin/marvin/build/marvin_gazebo -- -j2 -l2
[0.141s] Invoked command in '/home/marvin/marvin/build/marvin_gazebo' returned '0': CMAKE_PREFIX_PATH=/opt/ros/foxy /usr/bin/cmake --build /home/marvin/marvin/build/marvin_gazebo -- -j2 -l2
[0.218s] Invoking command in '/home/marvin/marvin/build/marvin_gazebo': CMAKE_PREFIX_PATH=/opt/ros/foxy /usr/bin/cmake --install /home/marvin/marvin/build/marvin_gazebo
[0.271s] -- Install configuration: ""
[0.271s] -- Up-to-date: /home/marvin/marvin/install/marvin_gazebo/share/marvin_gazebo/launch
[0.271s] -- Up-to-date: /home/marvin/marvin/install/marvin_gazebo/share/marvin_gazebo/launch/gazebo.launch.py
[0.271s] -- Up-to-date: /home/marvin/marvin/install/marvin_gazebo/share/marvin_gazebo/rviz
[0.271s] -- Up-to-date: /home/marvin/marvin/install/marvin_gazebo/share/marvin_gazebo/rviz/description.rviz
[0.271s] -- Up-to-date: /home/marvin/marvin/install/marvin_gazebo/share/marvin_gazebo/worlds
[0.272s] -- Up-to-date: /home/marvin/marvin/install/marvin_gazebo/share/marvin_gazebo/worlds/gas_station.world
[0.272s] -- Up-to-date: /home/marvin/marvin/install/marvin_gazebo/share/marvin_gazebo/worlds/playground.world
[0.272s] -- Up-to-date: /home/marvin/marvin/install/marvin_gazebo/share/marvin_gazebo/worlds/simple.world
[0.272s] -- Up-to-date: /home/marvin/marvin/install/marvin_gazebo/share/marvin_gazebo/environment/pythonpath.sh
[0.272s] -- Up-to-date: /home/marvin/marvin/install/marvin_gazebo/share/marvin_gazebo/environment/pythonpath.dsv
[0.272s] -- Up-to-date: /home/marvin/marvin/install/marvin_gazebo/lib/python3.8/site-packages/marvin_gazebo
[0.272s] -- Up-to-date: /home/marvin/marvin/install/marvin_gazebo/lib/python3.8/site-packages/marvin_gazebo/__init__.py
[0.338s] Listing '/home/marvin/marvin/install/marvin_gazebo/lib/python3.8/site-packages/marvin_gazebo'...
[0.339s] -- Up-to-date: /home/marvin/marvin/install/marvin_gazebo/lib/marvin_gazebo/command_timeout.py
[0.341s] -- Up-to-date: /home/marvin/marvin/install/marvin_gazebo/share/ament_index/resource_index/package_run_dependencies/marvin_gazebo
[0.342s] -- Up-to-date: /home/marvin/marvin/install/marvin_gazebo/share/ament_index/resource_index/parent_prefix_path/marvin_gazebo
[0.342s] -- Up-to-date: /home/marvin/marvin/install/marvin_gazebo/share/marvin_gazebo/environment/ament_prefix_path.sh
[0.342s] -- Up-to-date: /home/marvin/marvin/install/marvin_gazebo/share/marvin_gazebo/environment/ament_prefix_path.dsv
[0.342s] -- Up-to-date: /home/marvin/marvin/install/marvin_gazebo/share/marvin_gazebo/environment/path.sh
[0.342s] -- Up-to-date: /home/marvin/marvin/install/marvin_gazebo/share/marvin_gazebo/environment/path.dsv
[0.342s] -- Up-to-date: /home/marvin/marvin/install/marvin_gazebo/share/marvin_gazebo/local_setup.bash
[0.342s] -- Up-to-date: /home/marvin/marvin/install/marvin_gazebo/share/marvin_gazebo/local_setup.sh
[0.342s] -- Up-to-date: /home/marvin/marvin/install/marvin_gazebo/share/marvin_gazebo/local_setup.zsh
[0.342s] -- Up-to-date: /home/marvin/marvin/install/marvin_gazebo/share/marvin_gazebo/local_setup.dsv
[0.342s] -- Installing: /home/marvin/marvin/install/marvin_gazebo/share/marvin_gazebo/package.dsv
[0.342s] -- Up-to-date: /home/marvin/marvin/install/marvin_gazebo/share/ament_index/resource_index/packages/marvin_gazebo
[0.342s] -- Up-to-date: /home/marvin/marvin/install/marvin_gazebo/share/marvin_gazebo/cmake/marvin_gazeboConfig.cmake
[0.342s] -- Up-to-date: /home/marvin/marvin/install/marvin_gazebo/share/marvin_gazebo/cmake/marvin_gazeboConfig-version.cmake
[0.342s] -- Up-to-date: /home/marvin/marvin/install/marvin_gazebo/share/marvin_gazebo/package.xml
[0.349s] Invoked command in '/home/marvin/marvin/build/marvin_gazebo' returned '0': CMAKE_PREFIX_PATH=/opt/ros/foxy /usr/bin/cmake --install /home/marvin/marvin/build/marvin_gazebo
